#
# There is insufficient memory for the Java Runtime Environment to continue.
# Native memory allocation (malloc) failed to allocate 779856 bytes for Chunk::new
# Possible reasons:
#   The system is out of physical RAM or swap space
#   The process is running with CompressedOops enabled, and the Java Heap may be blocking the growth of the native heap
# Possible solutions:
#   Reduce memory load on the system
#   Increase physical memory or swap space
#   Check if swap backing store is full
#   Decrease Java heap size (-Xmx/-Xms)
#   Decrease number of Java threads
#   Decrease Java thread stack sizes (-Xss)
#   Set larger code cache with -XX:ReservedCodeCacheSize=
#   JVM is running with Unscaled Compressed Oops mode in which the Java heap is
#     placed in the first 4GB address space. The Java Heap base address is the
#     maximum limit for the native heap growth. Please use -XX:HeapBaseMinAddress
#     to set the Java Heap base and to place the Java Heap above 4GB virtual address.
# This output file may be truncated or incomplete.
#
#  Out of Memory Error (./src/hotspot/share/memory/arena.cpp:197), pid=10984, tid=15696
#
# JRE version: OpenJDK Runtime Environment (11.0.13) (build 11.0.13+0-b1751.21-8125866)
# Java VM: OpenJDK 64-Bit Server VM (11.0.13+0-b1751.21-8125866, mixed mode, tiered, compressed oops, g1 gc, windows-amd64)
# No core dump will be written. Minidumps are not enabled by default on client versions of Windows
#

---------------  S U M M A R Y ------------

Command Line: --add-opens=java.base/java.util=ALL-UNNAMED --add-opens=java.base/java.lang=ALL-UNNAMED --add-opens=java.base/java.lang.invoke=ALL-UNNAMED --add-opens=java.base/java.util=ALL-UNNAMED --add-opens=java.prefs/java.util.prefs=ALL-UNNAMED --add-opens=java.prefs/java.util.prefs=ALL-UNNAMED --add-opens=java.base/java.nio.charset=ALL-UNNAMED --add-opens=java.base/java.net=ALL-UNNAMED --add-opens=java.base/java.util.concurrent.atomic=ALL-UNNAMED -Xmx2048m -Dfile.encoding=UTF-8 -Duser.country=US -Duser.language=en -Duser.variant org.gradle.launcher.daemon.bootstrap.GradleDaemon 7.3.3

Host: Intel(R) Core(TM) i5-10210U CPU @ 1.60GHz, 8 cores, 7G,  Windows 10 , 64 bit Build 19041 (10.0.19041.2251)
Time: Sun Dec  4 19:55:41 2022 SE Asia Standard Time elapsed time: 12.198092 seconds (0d 0h 0m 12s)

---------------  T H R E A D  ---------------

Current thread (0x000001e85b6d9800):  JavaThread "C2 CompilerThread2" daemon [_thread_in_native, id=15696, stack(0x00000088cea00000,0x00000088ceb00000)]


Current CompileTask:
C2:  12198 9497       4       org.gradle.cache.internal.btree.FreeListBlockStore::read (12 bytes)

Stack: [0x00000088cea00000,0x00000088ceb00000]
Native frames: (J=compiled Java code, j=interpreted, Vv=VM code, C=native code)
V  [jvm.dll+0x6100fa]
V  [jvm.dll+0x747090]
V  [jvm.dll+0x7486ad]
V  [jvm.dll+0x748d83]
V  [jvm.dll+0x24ab48]
V  [jvm.dll+0xc04dc]
V  [jvm.dll+0xc0a0c]
V  [jvm.dll+0x35eb9d]
V  [jvm.dll+0x19d7bc]
V  [jvm.dll+0x2033be]
V  [jvm.dll+0x202437]
V  [jvm.dll+0x188e01]
V  [jvm.dll+0x21106b]
V  [jvm.dll+0x20f8c1]
V  [jvm.dll+0x70de0f]
V  [jvm.dll+0x706a75]
V  [jvm.dll+0x60ed66]
C  [ucrtbase.dll+0x21bb2]
C  [KERNEL32.DLL+0x174b4]
C  [ntdll.dll+0x526a1]


---------------  P R O C E S S  ---------------

Threads class SMR info:
_java_thread_list=0x000001e85b3c9950, length=134, elements={
0x000001e83bdbf800, 0x000001e858213000, 0x000001e85821e800, 0x000001e858232800,
0x000001e858233800, 0x000001e858235000, 0x000001e85823c000, 0x000001e85823e000,
0x000001e85823f000, 0x000001e858d23800, 0x000001e85aeec800, 0x000001e85c037800,
0x000001e85ad78000, 0x000001e85a3b8000, 0x000001e859f18000, 0x000001e85a706800,
0x000001e85a025000, 0x000001e85a3d9800, 0x000001e85a3da800, 0x000001e85a55a800,
0x000001e85a130800, 0x000001e85a5db800, 0x000001e85b069000, 0x000001e85bee4000,
0x000001e85b065800, 0x000001e85b6d9800, 0x000001e85b069800, 0x000001e85b06b800,
0x000001e85b067800, 0x000001e85b068000, 0x000001e85b06c000, 0x000001e85b06a800,
0x000001e85f253800, 0x000001e85f254800, 0x000001e85f256000, 0x000001e85f252000,
0x000001e85f250800, 0x000001e85f257000, 0x000001e85f251000, 0x000001e85f25d800,
0x000001e85f25b000, 0x000001e85f257800, 0x000001e85f25c800, 0x000001e85f25e000,
0x000001e85f258800, 0x000001e85f25b800, 0x000001e85f25f000, 0x000001e85f259800,
0x000001e85f25a000, 0x000001e85f548000, 0x000001e85f548800, 0x000001e85f544000,
0x000001e85f547000, 0x000001e85f549800, 0x000001e85f544800, 0x000001e85f54a800,
0x000001e85f54b000, 0x000001e85f546800, 0x000001e85f545800, 0x000001e85f54d800,
0x000001e85f550000, 0x000001e85f551800, 0x000001e85f54d000, 0x000001e85f551000,
0x000001e85f54c000, 0x000001e85f552800, 0x000001e85f54e800, 0x000001e85f54f800,
0x000001e85aa1d000, 0x000001e85aa1c000, 0x000001e85aa1f800, 0x000001e85aa20000,
0x000001e85aa1d800, 0x000001e85aa1e800, 0x000001e85aa24000, 0x000001e85aa25000,
0x000001e85aa21000, 0x000001e85aa23800, 0x000001e85aa22000, 0x000001e85aa26000,
0x000001e85aa26800, 0x000001e85aa27800, 0x000001e85aa28800, 0x000001e85aa22800,
0x000001e85aa2a000, 0x000001e85aa29000, 0x000001e85aa2a800, 0x000001e85be1e800,
0x000001e85be1f800, 0x000001e85be22000, 0x000001e85be23000, 0x000001e85be23800,
0x000001e85be24800, 0x000001e85be21000, 0x000001e85be25000, 0x000001e85be26000,
0x000001e85be20800, 0x000001e85be2b000, 0x000001e85be29800, 0x000001e85be28800,
0x000001e85be2a000, 0x000001e85be2c800, 0x000001e85be2b800, 0x000001e85be27000,
0x000001e85be2d800, 0x000001e85be27800, 0x000001e85e6c1000, 0x000001e85e6bc000,
0x000001e85e6bd800, 0x000001e85e6bb000, 0x000001e85e6c1800, 0x000001e85e6be800,
0x000001e85e6bc800, 0x000001e85e6c3800, 0x000001e85e6c2800, 0x000001e85e6c4000,
0x000001e85e6bf000, 0x000001e85e6c5000, 0x000001e85e6c0000, 0x000001e85e6c9000,
0x000001e85e6c6800, 0x000001e85e6ca000, 0x000001e85e6c5800, 0x000001e85e6c7800,
0x000001e85e6c8000, 0x000001e85fd06000, 0x000001e85fd07000, 0x000001e85fd01800,
0x000001e85fd08000, 0x000001e85fd03000, 0x000001e85fd02000, 0x000001e85fd05800,
0x000001e85fd03800, 0x000001e85fd08800
}

Java Threads: ( => current thread )
  0x000001e83bdbf800 JavaThread "main" [_thread_blocked, id=1340, stack(0x00000088cc200000,0x00000088cc300000)]
  0x000001e858213000 JavaThread "Reference Handler" daemon [_thread_blocked, id=16072, stack(0x00000088cc900000,0x00000088cca00000)]
  0x000001e85821e800 JavaThread "Finalizer" daemon [_thread_blocked, id=15356, stack(0x00000088cca00000,0x00000088ccb00000)]
  0x000001e858232800 JavaThread "Signal Dispatcher" daemon [_thread_blocked, id=900, stack(0x00000088ccb00000,0x00000088ccc00000)]
  0x000001e858233800 JavaThread "Attach Listener" daemon [_thread_blocked, id=9616, stack(0x00000088ccc00000,0x00000088ccd00000)]
  0x000001e858235000 JavaThread "Service Thread" daemon [_thread_blocked, id=10892, stack(0x00000088ccd00000,0x00000088cce00000)]
  0x000001e85823c000 JavaThread "C2 CompilerThread0" daemon [_thread_in_native, id=9836, stack(0x00000088cce00000,0x00000088ccf00000)]
  0x000001e85823e000 JavaThread "C1 CompilerThread0" daemon [_thread_blocked, id=16356, stack(0x00000088ccf00000,0x00000088cd000000)]
  0x000001e85823f000 JavaThread "Sweeper thread" daemon [_thread_blocked, id=14396, stack(0x00000088cd000000,0x00000088cd100000)]
  0x000001e858d23800 JavaThread "Common-Cleaner" daemon [_thread_blocked, id=7820, stack(0x00000088cd100000,0x00000088cd200000)]
  0x000001e85aeec800 JavaThread "Daemon health stats" [_thread_blocked, id=15596, stack(0x00000088cd700000,0x00000088cd800000)]
  0x000001e85c037800 JavaThread "Incoming local TCP Connector on port 60831" [_thread_in_native, id=12252, stack(0x00000088cd300000,0x00000088cd400000)]
  0x000001e85ad78000 JavaThread "Daemon periodic checks" [_thread_blocked, id=7908, stack(0x00000088cd400000,0x00000088cd500000)]
  0x000001e85a3b8000 JavaThread "Daemon" [_thread_blocked, id=9584, stack(0x00000088cd800000,0x00000088cd900000)]
  0x000001e859f18000 JavaThread "Handler for socket connection from /127.0.0.1:60831 to /127.0.0.1:60832" [_thread_in_native, id=5004, stack(0x00000088cd900000,0x00000088cda00000)]
  0x000001e85a706800 JavaThread "Cancel handler" [_thread_blocked, id=11064, stack(0x00000088cda00000,0x00000088cdb00000)]
  0x000001e85a025000 JavaThread "Daemon worker" [_thread_blocked, id=5748, stack(0x00000088cdb00000,0x00000088cdc00000)]
  0x000001e85a3d9800 JavaThread "Asynchronous log dispatcher for DefaultDaemonConnection: socket connection from /127.0.0.1:60831 to /127.0.0.1:60832" [_thread_blocked, id=14448, stack(0x00000088cdc00000,0x00000088cdd00000)]
  0x000001e85a3da800 JavaThread "Stdin handler" [_thread_blocked, id=10988, stack(0x00000088cdd00000,0x00000088cde00000)]
  0x000001e85a55a800 JavaThread "Daemon client event forwarder" [_thread_blocked, id=2952, stack(0x00000088cde00000,0x00000088cdf00000)]
  0x000001e85a130800 JavaThread "Cache worker for journal cache (C:\Users\Asus\.gradle\caches\journal-1)" [_thread_blocked, id=11056, stack(0x00000088ce400000,0x00000088ce500000)]
  0x000001e85a5db800 JavaThread "File lock request listener" [_thread_in_native, id=14624, stack(0x00000088ce500000,0x00000088ce600000)]
  0x000001e85b069000 JavaThread "Cache worker for file hash cache (C:\Users\Asus\.gradle\caches\7.3.3\fileHashes)" [_thread_blocked, id=3084, stack(0x00000088ce600000,0x00000088ce700000)]
  0x000001e85bee4000 JavaThread "C2 CompilerThread1" daemon [_thread_in_native, id=8492, stack(0x00000088ce800000,0x00000088ce900000)]
  0x000001e85b065800 JavaThread "Cache worker for file hash cache (D:\Nerd\.gradle\7.3.3\fileHashes)" [_thread_blocked, id=15672, stack(0x00000088ce900000,0x00000088cea00000)]
=>0x000001e85b6d9800 JavaThread "C2 CompilerThread2" daemon [_thread_in_native, id=15696, stack(0x00000088cea00000,0x00000088ceb00000)]
  0x000001e85b069800 JavaThread "File watcher server" daemon [_thread_in_native, id=13512, stack(0x00000088ceb00000,0x00000088cec00000)]
  0x000001e85b06b800 JavaThread "File watcher consumer" daemon [_thread_blocked, id=10824, stack(0x00000088cec00000,0x00000088ced00000)]
  0x000001e85b067800 JavaThread "Cache worker for checksums cache (D:\Nerd\.gradle\7.3.3\checksums)" [_thread_blocked, id=15884, stack(0x00000088ced00000,0x00000088cee00000)]
  0x000001e85b068000 JavaThread "Cache worker for cache directory md-supplier (C:\Users\Asus\.gradle\caches\7.3.3\md-supplier)" [_thread_blocked, id=13832, stack(0x00000088cee00000,0x00000088cef00000)]
  0x000001e85b06c000 JavaThread "Cache worker for cache directory md-rule (C:\Users\Asus\.gradle\caches\7.3.3\md-rule)" [_thread_blocked, id=14408, stack(0x00000088cef00000,0x00000088cf000000)]
  0x000001e85b06a800 JavaThread "Cache worker for execution history cache (C:\Users\Asus\.gradle\caches\7.3.3\executionHistory)" [_thread_blocked, id=9900, stack(0x00000088cf000000,0x00000088cf100000)]
  0x000001e85f253800 JavaThread "jar transforms" [_thread_blocked, id=8376, stack(0x00000088cf100000,0x00000088cf200000)]
  0x000001e85f254800 JavaThread "Cache worker for file content cache (C:\Users\Asus\.gradle\caches\7.3.3\fileContent)" [_thread_blocked, id=11952, stack(0x00000088cf200000,0x00000088cf300000)]
  0x000001e85f256000 JavaThread "jar transforms Thread 2" [_thread_blocked, id=14576, stack(0x00000088cf300000,0x00000088cf400000)]
  0x000001e85f252000 JavaThread "Cache worker for dependencies-accessors (D:\Nerd\.gradle\7.3.3\dependencies-accessors)" [_thread_blocked, id=3776, stack(0x00000088cf400000,0x00000088cf500000)]
  0x000001e85f250800 JavaThread "jar transforms Thread 3" [_thread_blocked, id=4448, stack(0x00000088cf500000,0x00000088cf600000)]
  0x000001e85f257000 JavaThread "Cache worker for Build Output Cleanup Cache (D:\Nerd\.gradle\buildOutputCleanup)" [_thread_blocked, id=9840, stack(0x00000088cf600000,0x00000088cf700000)]
  0x000001e85f251000 JavaThread "Unconstrained build operations" [_thread_blocked, id=15084, stack(0x00000088cf700000,0x00000088cf800000)]
  0x000001e85f25d800 JavaThread "Unconstrained build operations Thread 2" [_thread_blocked, id=8624, stack(0x00000088cf800000,0x00000088cf900000)]
  0x000001e85f25b000 JavaThread "Unconstrained build operations Thread 3" [_thread_blocked, id=9972, stack(0x00000088cf900000,0x00000088cfa00000)]
  0x000001e85f257800 JavaThread "Unconstrained build operations Thread 4" [_thread_blocked, id=7240, stack(0x00000088cfa00000,0x00000088cfb00000)]
  0x000001e85f25c800 JavaThread "Unconstrained build operations Thread 5" [_thread_blocked, id=2016, stack(0x00000088cfb00000,0x00000088cfc00000)]
  0x000001e85f25e000 JavaThread "Unconstrained build operations Thread 6" [_thread_blocked, id=4584, stack(0x00000088cfc00000,0x00000088cfd00000)]
  0x000001e85f258800 JavaThread "Unconstrained build operations Thread 7" [_thread_blocked, id=15340, stack(0x00000088cfd00000,0x00000088cfe00000)]
  0x000001e85f25b800 JavaThread "Unconstrained build operations Thread 8" [_thread_blocked, id=8352, stack(0x00000088cfe00000,0x00000088cff00000)]
  0x000001e85f25f000 JavaThread "Unconstrained build operations Thread 9" [_thread_blocked, id=8308, stack(0x00000088cff00000,0x00000088d0000000)]
  0x000001e85f259800 JavaThread "Unconstrained build operations Thread 10" [_thread_blocked, id=14816, stack(0x00000088d0000000,0x00000088d0100000)]
  0x000001e85f25a000 JavaThread "Unconstrained build operations Thread 11" [_thread_blocked, id=11756, stack(0x00000088d0100000,0x00000088d0200000)]
  0x000001e85f548000 JavaThread "Unconstrained build operations Thread 12" [_thread_blocked, id=3560, stack(0x00000088d0200000,0x00000088d0300000)]
  0x000001e85f548800 JavaThread "Unconstrained build operations Thread 13" [_thread_blocked, id=16296, stack(0x00000088d0300000,0x00000088d0400000)]
  0x000001e85f544000 JavaThread "Unconstrained build operations Thread 14" [_thread_blocked, id=12812, stack(0x00000088d0400000,0x00000088d0500000)]
  0x000001e85f547000 JavaThread "Unconstrained build operations Thread 15" [_thread_blocked, id=15972, stack(0x00000088d0500000,0x00000088d0600000)]
  0x000001e85f549800 JavaThread "Unconstrained build operations Thread 16" [_thread_blocked, id=10964, stack(0x00000088d0600000,0x00000088d0700000)]
  0x000001e85f544800 JavaThread "Unconstrained build operations Thread 17" [_thread_blocked, id=13596, stack(0x00000088d0700000,0x00000088d0800000)]
  0x000001e85f54a800 JavaThread "Unconstrained build operations Thread 18" [_thread_blocked, id=11768, stack(0x00000088d0800000,0x00000088d0900000)]
  0x000001e85f54b000 JavaThread "Unconstrained build operations Thread 19" [_thread_blocked, id=14112, stack(0x00000088d0900000,0x00000088d0a00000)]
  0x000001e85f546800 JavaThread "Unconstrained build operations Thread 20" [_thread_blocked, id=8960, stack(0x00000088d0a00000,0x00000088d0b00000)]
  0x000001e85f545800 JavaThread "Unconstrained build operations Thread 21" [_thread_blocked, id=7712, stack(0x00000088d0b00000,0x00000088d0c00000)]
  0x000001e85f54d800 JavaThread "Unconstrained build operations Thread 22" [_thread_blocked, id=16168, stack(0x00000088d0c00000,0x00000088d0d00000)]
  0x000001e85f550000 JavaThread "Unconstrained build operations Thread 23" [_thread_blocked, id=10828, stack(0x00000088d0d00000,0x00000088d0e00000)]
  0x000001e85f551800 JavaThread "Unconstrained build operations Thread 24" [_thread_blocked, id=4960, stack(0x00000088d0e00000,0x00000088d0f00000)]
  0x000001e85f54d000 JavaThread "Unconstrained build operations Thread 25" [_thread_blocked, id=10048, stack(0x00000088d0f00000,0x00000088d1000000)]
  0x000001e85f551000 JavaThread "Unconstrained build operations Thread 26" [_thread_blocked, id=7652, stack(0x00000088d1000000,0x00000088d1100000)]
  0x000001e85f54c000 JavaThread "Unconstrained build operations Thread 27" [_thread_blocked, id=10368, stack(0x00000088d1100000,0x00000088d1200000)]
  0x000001e85f552800 JavaThread "Unconstrained build operations Thread 28" [_thread_blocked, id=9412, stack(0x00000088d1200000,0x00000088d1300000)]
  0x000001e85f54e800 JavaThread "Unconstrained build operations Thread 29" [_thread_blocked, id=14832, stack(0x00000088d1300000,0x00000088d1400000)]
  0x000001e85f54f800 JavaThread "Unconstrained build operations Thread 30" [_thread_blocked, id=7568, stack(0x00000088d1400000,0x00000088d1500000)]
  0x000001e85aa1d000 JavaThread "Unconstrained build operations Thread 31" [_thread_blocked, id=4840, stack(0x00000088d1500000,0x00000088d1600000)]
  0x000001e85aa1c000 JavaThread "Unconstrained build operations Thread 32" [_thread_blocked, id=12808, stack(0x00000088d1600000,0x00000088d1700000)]
  0x000001e85aa1f800 JavaThread "Unconstrained build operations Thread 33" [_thread_blocked, id=11320, stack(0x00000088d1700000,0x00000088d1800000)]
  0x000001e85aa20000 JavaThread "Unconstrained build operations Thread 34" [_thread_blocked, id=1500, stack(0x00000088d1800000,0x00000088d1900000)]
  0x000001e85aa1d800 JavaThread "Unconstrained build operations Thread 35" [_thread_blocked, id=12112, stack(0x00000088d1900000,0x00000088d1a00000)]
  0x000001e85aa1e800 JavaThread "Unconstrained build operations Thread 36" [_thread_blocked, id=6128, stack(0x00000088d1a00000,0x00000088d1b00000)]
  0x000001e85aa24000 JavaThread "Unconstrained build operations Thread 37" [_thread_blocked, id=2268, stack(0x00000088d1b00000,0x00000088d1c00000)]
  0x000001e85aa25000 JavaThread "Unconstrained build operations Thread 38" [_thread_blocked, id=12592, stack(0x00000088d1c00000,0x00000088d1d00000)]
  0x000001e85aa21000 JavaThread "Unconstrained build operations Thread 39" [_thread_blocked, id=10236, stack(0x00000088d1d00000,0x00000088d1e00000)]
  0x000001e85aa23800 JavaThread "Unconstrained build operations Thread 40" [_thread_blocked, id=14464, stack(0x00000088d1e00000,0x00000088d1f00000)]
  0x000001e85aa22000 JavaThread "Unconstrained build operations Thread 41" [_thread_blocked, id=15320, stack(0x00000088d1f00000,0x00000088d2000000)]
  0x000001e85aa26000 JavaThread "Unconstrained build operations Thread 42" [_thread_blocked, id=8780, stack(0x00000088d2000000,0x00000088d2100000)]
  0x000001e85aa26800 JavaThread "Unconstrained build operations Thread 43" [_thread_blocked, id=11196, stack(0x00000088d2100000,0x00000088d2200000)]
  0x000001e85aa27800 JavaThread "Unconstrained build operations Thread 44" [_thread_blocked, id=3020, stack(0x00000088d2200000,0x00000088d2300000)]
  0x000001e85aa28800 JavaThread "Unconstrained build operations Thread 45" [_thread_blocked, id=12480, stack(0x00000088d2300000,0x00000088d2400000)]
  0x000001e85aa22800 JavaThread "Unconstrained build operations Thread 46" [_thread_blocked, id=5996, stack(0x00000088d2400000,0x00000088d2500000)]
  0x000001e85aa2a000 JavaThread "Unconstrained build operations Thread 47" [_thread_blocked, id=628, stack(0x00000088d2500000,0x00000088d2600000)]
  0x000001e85aa29000 JavaThread "Unconstrained build operations Thread 48" [_thread_blocked, id=11144, stack(0x00000088d2600000,0x00000088d2700000)]
  0x000001e85aa2a800 JavaThread "Unconstrained build operations Thread 49" [_thread_blocked, id=3168, stack(0x00000088d2700000,0x00000088d2800000)]
  0x000001e85be1e800 JavaThread "Unconstrained build operations Thread 50" [_thread_blocked, id=15400, stack(0x00000088d2800000,0x00000088d2900000)]
  0x000001e85be1f800 JavaThread "Unconstrained build operations Thread 51" [_thread_blocked, id=10956, stack(0x00000088d2900000,0x00000088d2a00000)]
  0x000001e85be22000 JavaThread "Unconstrained build operations Thread 52" [_thread_blocked, id=9372, stack(0x00000088d2a00000,0x00000088d2b00000)]
  0x000001e85be23000 JavaThread "Unconstrained build operations Thread 53" [_thread_blocked, id=13576, stack(0x00000088d2b00000,0x00000088d2c00000)]
  0x000001e85be23800 JavaThread "Unconstrained build operations Thread 54" [_thread_blocked, id=3704, stack(0x00000088d2c00000,0x00000088d2d00000)]
  0x000001e85be24800 JavaThread "Unconstrained build operations Thread 55" [_thread_blocked, id=11512, stack(0x00000088d2d00000,0x00000088d2e00000)]
  0x000001e85be21000 JavaThread "Unconstrained build operations Thread 56" [_thread_blocked, id=6672, stack(0x00000088d2e00000,0x00000088d2f00000)]
  0x000001e85be25000 JavaThread "Unconstrained build operations Thread 57" [_thread_blocked, id=13332, stack(0x00000088d2f00000,0x00000088d3000000)]
  0x000001e85be26000 JavaThread "Unconstrained build operations Thread 58" [_thread_blocked, id=16172, stack(0x00000088d3000000,0x00000088d3100000)]
  0x000001e85be20800 JavaThread "Unconstrained build operations Thread 59" [_thread_blocked, id=11748, stack(0x00000088d3100000,0x00000088d3200000)]
  0x000001e85be2b000 JavaThread "Unconstrained build operations Thread 60" [_thread_blocked, id=10276, stack(0x00000088d3200000,0x00000088d3300000)]
  0x000001e85be29800 JavaThread "Unconstrained build operations Thread 61" [_thread_blocked, id=16036, stack(0x00000088d3300000,0x00000088d3400000)]
  0x000001e85be28800 JavaThread "Unconstrained build operations Thread 62" [_thread_blocked, id=14880, stack(0x00000088d3400000,0x00000088d3500000)]
  0x000001e85be2a000 JavaThread "Unconstrained build operations Thread 63" [_thread_blocked, id=10812, stack(0x00000088d3500000,0x00000088d3600000)]
  0x000001e85be2c800 JavaThread "Unconstrained build operations Thread 64" [_thread_blocked, id=2508, stack(0x00000088d3600000,0x00000088d3700000)]
  0x000001e85be2b800 JavaThread "Unconstrained build operations Thread 65" [_thread_blocked, id=1000, stack(0x00000088d3700000,0x00000088d3800000)]
  0x000001e85be27000 JavaThread "Unconstrained build operations Thread 66" [_thread_blocked, id=7572, stack(0x00000088d3800000,0x00000088d3900000)]
  0x000001e85be2d800 JavaThread "Unconstrained build operations Thread 67" [_thread_blocked, id=15492, stack(0x00000088d3900000,0x00000088d3a00000)]
  0x000001e85be27800 JavaThread "Unconstrained build operations Thread 68" [_thread_blocked, id=14760, stack(0x00000088d3a00000,0x00000088d3b00000)]
  0x000001e85e6c1000 JavaThread "Unconstrained build operations Thread 69" [_thread_blocked, id=15140, stack(0x00000088d3b00000,0x00000088d3c00000)]
  0x000001e85e6bc000 JavaThread "Unconstrained build operations Thread 70" [_thread_blocked, id=8792, stack(0x00000088d3c00000,0x00000088d3d00000)]
  0x000001e85e6bd800 JavaThread "Unconstrained build operations Thread 71" [_thread_blocked, id=14388, stack(0x00000088d3d00000,0x00000088d3e00000)]
  0x000001e85e6bb000 JavaThread "Unconstrained build operations Thread 72" [_thread_blocked, id=12508, stack(0x00000088d3e00000,0x00000088d3f00000)]
  0x000001e85e6c1800 JavaThread "Unconstrained build operations Thread 73" [_thread_blocked, id=1968, stack(0x00000088d3f00000,0x00000088d4000000)]
  0x000001e85e6be800 JavaThread "Unconstrained build operations Thread 74" [_thread_blocked, id=15388, stack(0x00000088d4000000,0x00000088d4100000)]
  0x000001e85e6bc800 JavaThread "Unconstrained build operations Thread 75" [_thread_blocked, id=2104, stack(0x00000088d4100000,0x00000088d4200000)]
  0x000001e85e6c3800 JavaThread "Unconstrained build operations Thread 76" [_thread_blocked, id=11324, stack(0x00000088d4200000,0x00000088d4300000)]
  0x000001e85e6c2800 JavaThread "Unconstrained build operations Thread 77" [_thread_blocked, id=9444, stack(0x00000088d4300000,0x00000088d4400000)]
  0x000001e85e6c4000 JavaThread "Unconstrained build operations Thread 78" [_thread_blocked, id=3092, stack(0x00000088d4400000,0x00000088d4500000)]
  0x000001e85e6bf000 JavaThread "Unconstrained build operations Thread 79" [_thread_blocked, id=15324, stack(0x00000088d4500000,0x00000088d4600000)]
  0x000001e85e6c5000 JavaThread "Unconstrained build operations Thread 80" [_thread_blocked, id=15156, stack(0x00000088d4600000,0x00000088d4700000)]
  0x000001e85e6c0000 JavaThread "jar transforms Thread 4" [_thread_blocked, id=14704, stack(0x00000088d4700000,0x00000088d4800000)]
  0x000001e85e6c9000 JavaThread "jar transforms Thread 5" [_thread_blocked, id=11100, stack(0x00000088d4800000,0x00000088d4900000)]
  0x000001e85e6c6800 JavaThread "jar transforms Thread 6" [_thread_blocked, id=7708, stack(0x00000088d4900000,0x00000088d4a00000)]
  0x000001e85e6ca000 JavaThread "jar transforms Thread 7" [_thread_blocked, id=7104, stack(0x00000088d4a00000,0x00000088d4b00000)]
  0x000001e85e6c5800 JavaThread "jar transforms Thread 8" [_thread_blocked, id=15848, stack(0x00000088d4b00000,0x00000088d4c00000)]
  0x000001e85e6c7800 JavaThread "Memory manager" [_thread_blocked, id=4904, stack(0x00000088d4c00000,0x00000088d4d00000)]
  0x000001e85e6c8000 JavaThread "build event listener" [_thread_blocked, id=11676, stack(0x00000088d4d00000,0x00000088d4e00000)]
  0x000001e85fd06000 JavaThread "Execution worker for ':'" [_thread_blocked, id=16144, stack(0x00000088d4e00000,0x00000088d4f00000)]
  0x000001e85fd07000 JavaThread "Execution worker for ':' Thread 2" [_thread_blocked, id=12504, stack(0x00000088d4f00000,0x00000088d5000000)]
  0x000001e85fd01800 JavaThread "Execution worker for ':' Thread 3" [_thread_in_vm, id=10520, stack(0x00000088d5000000,0x00000088d5100000)]
  0x000001e85fd08000 JavaThread "Execution worker for ':' Thread 4" [_thread_blocked, id=9356, stack(0x00000088d5100000,0x00000088d5200000)]
  0x000001e85fd03000 JavaThread "Execution worker for ':' Thread 5" [_thread_blocked, id=9688, stack(0x00000088d5200000,0x00000088d5300000)]
  0x000001e85fd02000 JavaThread "Execution worker for ':' Thread 6" [_thread_blocked, id=15904, stack(0x00000088d5300000,0x00000088d5400000)]
  0x000001e85fd05800 JavaThread "Execution worker for ':' Thread 7" [_thread_blocked, id=10504, stack(0x00000088d5400000,0x00000088d5500000)]
  0x000001e85fd03800 JavaThread "Cache worker for execution history cache (D:\Nerd\.gradle\7.3.3\executionHistory)" [_thread_blocked, id=5328, stack(0x00000088d5500000,0x00000088d5600000)]
  0x000001e85fd08800 JavaThread "Cache worker for Java compile cache (C:\Users\Asus\.gradle\caches\7.3.3\javaCompile)" [_thread_blocked, id=2304, stack(0x00000088d5600000,0x00000088d5700000)]

Other Threads:
  0x000001e858211800 VMThread "VM Thread" [stack: 0x00000088cc800000,0x00000088cc900000] [id=9572]
  0x000001e858d30800 WatcherThread [stack: 0x00000088cd200000,0x00000088cd300000] [id=11204]
  0x000001e83bdd8800 GCTaskThread "GC Thread#0" [stack: 0x00000088cc300000,0x00000088cc400000] [id=6460]
  0x000001e859bd4000 GCTaskThread "GC Thread#1" [stack: 0x00000088cd500000,0x00000088cd600000] [id=8244]
  0x000001e859a6e000 GCTaskThread "GC Thread#2" [stack: 0x00000088cd600000,0x00000088cd700000] [id=13796]
  0x000001e85b7ee800 GCTaskThread "GC Thread#3" [stack: 0x00000088cdf00000,0x00000088ce000000] [id=1136]
  0x000001e85ae14800 GCTaskThread "GC Thread#4" [stack: 0x00000088ce000000,0x00000088ce100000] [id=15368]
  0x000001e85b7eb800 GCTaskThread "GC Thread#5" [stack: 0x00000088ce100000,0x00000088ce200000] [id=3728]
  0x000001e85a55b800 GCTaskThread "GC Thread#6" [stack: 0x00000088ce200000,0x00000088ce300000] [id=16236]
  0x000001e85a53c800 GCTaskThread "GC Thread#7" [stack: 0x00000088ce300000,0x00000088ce400000] [id=14340]
  0x000001e83be08800 ConcurrentGCThread "G1 Main Marker" [stack: 0x00000088cc400000,0x00000088cc500000] [id=11712]
  0x000001e83be0a000 ConcurrentGCThread "G1 Conc#0" [stack: 0x00000088cc500000,0x00000088cc600000] [id=4728]
  0x000001e85b169000 ConcurrentGCThread "G1 Conc#1" [stack: 0x00000088ce700000,0x00000088ce800000] [id=8856]
  0x000001e83be97000 ConcurrentGCThread "G1 Refine#0" [stack: 0x00000088cc600000,0x00000088cc700000] [id=15688]
  0x000001e858060800 ConcurrentGCThread "G1 Young RemSet Sampling" [stack: 0x00000088cc700000,0x00000088cc800000] [id=7100]

Threads with active compile tasks:
C2 CompilerThread0  12230 9543       4       org.gradle.cache.internal.btree.BTreePersistentIndexedCache::load (40 bytes)
C2 CompilerThread1  12230 9498       4       org.gradle.cache.internal.btree.CachingBlockStore::read (56 bytes)
C2 CompilerThread2  12231 9497       4       org.gradle.cache.internal.btree.FreeListBlockStore::read (12 bytes)

VM state:not at safepoint (normal execution)

VM Mutex/Monitor currently owned by a thread: None

Heap address: 0x0000000080000000, size: 2048 MB, Compressed Oops mode: 32-bit
Narrow klass base: 0x0000000000000000, Narrow klass shift: 3
Compressed class space size: 1073741824 Address: 0x0000000100000000

Heap:
 garbage-first heap   total 225280K, used 126205K [0x0000000080000000, 0x0000000100000000)
  region size 1024K, 70 young (71680K), 12 survivors (12288K)
 Metaspace       used 83516K, capacity 86015K, committed 86268K, reserved 1126400K
  class space    used 10884K, capacity 11803K, committed 11852K, reserved 1048576K
Heap Regions: E=young(eden), S=young(survivor), O=old, HS=humongous(starts), HC=humongous(continues), CS=collection set, F=free, A=archive, TAMS=top-at-mark-start (previous, next)
|   0|0x0000000080000000, 0x0000000080100000, 0x0000000080100000|100%| O|  |TAMS 0x0000000080100000, 0x0000000080000000| Untracked 
|   1|0x0000000080100000, 0x0000000080200000, 0x0000000080200000|100%| O|  |TAMS 0x0000000080200000, 0x0000000080100000| Untracked 
|   2|0x0000000080200000, 0x0000000080300000, 0x0000000080300000|100%| O|  |TAMS 0x0000000080300000, 0x0000000080200000| Untracked 
|   3|0x0000000080300000, 0x0000000080400000, 0x0000000080400000|100%|HS|  |TAMS 0x0000000080400000, 0x0000000080300000| Complete 
|   4|0x0000000080400000, 0x0000000080500000, 0x0000000080500000|100%|HC|  |TAMS 0x0000000080500000, 0x0000000080400000| Complete 
|   5|0x0000000080500000, 0x0000000080600000, 0x0000000080600000|100%|HC|  |TAMS 0x0000000080600000, 0x0000000080500000| Complete 
|   6|0x0000000080600000, 0x0000000080700000, 0x0000000080700000|100%| O|  |TAMS 0x0000000080700000, 0x0000000080600000| Untracked 
|   7|0x0000000080700000, 0x0000000080800000, 0x0000000080800000|100%| O|  |TAMS 0x0000000080800000, 0x0000000080700000| Untracked 
|   8|0x0000000080800000, 0x0000000080900000, 0x0000000080900000|100%| O|  |TAMS 0x0000000080900000, 0x0000000080800000| Untracked 
|   9|0x0000000080900000, 0x0000000080a00000, 0x0000000080a00000|100%| O|  |TAMS 0x0000000080a00000, 0x0000000080900000| Untracked 
|  10|0x0000000080a00000, 0x0000000080b00000, 0x0000000080b00000|100%| O|  |TAMS 0x0000000080b00000, 0x0000000080a00000| Untracked 
|  11|0x0000000080b00000, 0x0000000080c00000, 0x0000000080c00000|100%| O|  |TAMS 0x0000000080c00000, 0x0000000080b00000| Untracked 
|  12|0x0000000080c00000, 0x0000000080d00000, 0x0000000080d00000|100%| O|  |TAMS 0x0000000080d00000, 0x0000000080c00000| Untracked 
|  13|0x0000000080d00000, 0x0000000080e00000, 0x0000000080e00000|100%| O|  |TAMS 0x0000000080e00000, 0x0000000080d00000| Untracked 
|  14|0x0000000080e00000, 0x0000000080f00000, 0x0000000080f00000|100%| O|  |TAMS 0x0000000080f00000, 0x0000000080e00000| Untracked 
|  15|0x0000000080f00000, 0x0000000081000000, 0x0000000081000000|100%| O|  |TAMS 0x0000000081000000, 0x0000000080f00000| Untracked 
|  16|0x0000000081000000, 0x0000000081100000, 0x0000000081100000|100%| O|  |TAMS 0x0000000081100000, 0x0000000081000000| Untracked 
|  17|0x0000000081100000, 0x0000000081200000, 0x0000000081200000|100%| O|  |TAMS 0x0000000081200000, 0x0000000081100000| Untracked 
|  18|0x0000000081200000, 0x0000000081300000, 0x0000000081300000|100%| O|  |TAMS 0x0000000081300000, 0x0000000081200000| Untracked 
|  19|0x0000000081300000, 0x0000000081400000, 0x0000000081400000|100%|HS|  |TAMS 0x0000000081400000, 0x0000000081300000| Complete 
|  20|0x0000000081400000, 0x0000000081500000, 0x0000000081500000|100%| O|  |TAMS 0x0000000081500000, 0x0000000081400000| Untracked 
|  21|0x0000000081500000, 0x0000000081600000, 0x0000000081600000|100%| O|  |TAMS 0x0000000081600000, 0x0000000081500000| Untracked 
|  22|0x0000000081600000, 0x0000000081700000, 0x0000000081700000|100%| O|  |TAMS 0x0000000081700000, 0x0000000081600000| Untracked 
|  23|0x0000000081700000, 0x0000000081800000, 0x0000000081800000|100%|HS|  |TAMS 0x0000000081800000, 0x0000000081700000| Complete 
|  24|0x0000000081800000, 0x0000000081900000, 0x0000000081900000|100%| O|  |TAMS 0x0000000081900000, 0x0000000081800000| Untracked 
|  25|0x0000000081900000, 0x0000000081a00000, 0x0000000081a00000|100%| O|  |TAMS 0x0000000081a00000, 0x0000000081900000| Untracked 
|  26|0x0000000081a00000, 0x0000000081b00000, 0x0000000081b00000|100%| O|  |TAMS 0x0000000081b00000, 0x0000000081a00000| Untracked 
|  27|0x0000000081b00000, 0x0000000081c00000, 0x0000000081c00000|100%| O|  |TAMS 0x0000000081c00000, 0x0000000081b00000| Untracked 
|  28|0x0000000081c00000, 0x0000000081d00000, 0x0000000081d00000|100%| O|  |TAMS 0x0000000081d00000, 0x0000000081c00000| Untracked 
|  29|0x0000000081d00000, 0x0000000081e00000, 0x0000000081e00000|100%|HS|  |TAMS 0x0000000081e00000, 0x0000000081d00000| Complete 
|  30|0x0000000081e00000, 0x0000000081f00000, 0x0000000081f00000|100%|HC|  |TAMS 0x0000000081f00000, 0x0000000081e00000| Complete 
|  31|0x0000000081f00000, 0x0000000082000000, 0x0000000082000000|100%| O|  |TAMS 0x0000000082000000, 0x0000000081f00000| Untracked 
|  32|0x0000000082000000, 0x0000000082100000, 0x0000000082100000|100%| O|  |TAMS 0x0000000082100000, 0x0000000082000000| Untracked 
|  33|0x0000000082100000, 0x0000000082200000, 0x0000000082200000|100%| O|  |TAMS 0x0000000082200000, 0x0000000082100000| Untracked 
|  34|0x0000000082200000, 0x0000000082300000, 0x0000000082300000|100%| O|  |TAMS 0x0000000082300000, 0x0000000082200000| Untracked 
|  35|0x0000000082300000, 0x0000000082400000, 0x0000000082400000|100%| O|  |TAMS 0x0000000082400000, 0x0000000082300000| Untracked 
|  36|0x0000000082400000, 0x0000000082500000, 0x0000000082500000|100%| O|  |TAMS 0x0000000082500000, 0x0000000082400000| Untracked 
|  37|0x0000000082500000, 0x0000000082600000, 0x0000000082600000|100%| O|  |TAMS 0x0000000082600000, 0x0000000082500000| Untracked 
|  38|0x0000000082600000, 0x0000000082700000, 0x0000000082700000|100%| O|  |TAMS 0x0000000082700000, 0x0000000082600000| Untracked 
|  39|0x0000000082700000, 0x0000000082800000, 0x0000000082800000|100%| O|  |TAMS 0x00000000827e8c00, 0x0000000082700000| Untracked 
|  40|0x0000000082800000, 0x0000000082900000, 0x0000000082900000|100%| O|  |TAMS 0x0000000082800000, 0x0000000082800000| Untracked 
|  41|0x0000000082900000, 0x0000000082a00000, 0x0000000082a00000|100%| O|  |TAMS 0x0000000082900000, 0x0000000082900000| Untracked 
|  42|0x0000000082a00000, 0x0000000082b00000, 0x0000000082b00000|100%| O|  |TAMS 0x0000000082a00000, 0x0000000082a00000| Untracked 
|  43|0x0000000082b00000, 0x0000000082c00000, 0x0000000082c00000|100%| O|  |TAMS 0x0000000082b00000, 0x0000000082b00000| Untracked 
|  44|0x0000000082c00000, 0x0000000082d00000, 0x0000000082d00000|100%| O|  |TAMS 0x0000000082c00000, 0x0000000082c00000| Untracked 
|  45|0x0000000082d00000, 0x0000000082e00000, 0x0000000082e00000|100%| O|  |TAMS 0x0000000082d00000, 0x0000000082d00000| Untracked 
|  46|0x0000000082e00000, 0x0000000082f00000, 0x0000000082f00000|100%| O|  |TAMS 0x0000000082e00000, 0x0000000082e00000| Untracked 
|  47|0x0000000082f00000, 0x0000000083000000, 0x0000000083000000|100%| O|  |TAMS 0x0000000082f00000, 0x0000000082f00000| Untracked 
|  48|0x0000000083000000, 0x0000000083100000, 0x0000000083100000|100%| O|  |TAMS 0x0000000083000000, 0x0000000083000000| Untracked 
|  49|0x0000000083100000, 0x0000000083200000, 0x0000000083200000|100%| O|  |TAMS 0x0000000083100000, 0x0000000083100000| Untracked 
|  50|0x0000000083200000, 0x0000000083300000, 0x0000000083300000|100%| O|  |TAMS 0x0000000083200000, 0x0000000083200000| Untracked 
|  51|0x0000000083300000, 0x0000000083400000, 0x0000000083400000|100%| O|  |TAMS 0x0000000083300000, 0x0000000083300000| Untracked 
|  52|0x0000000083400000, 0x0000000083500000, 0x0000000083500000|100%| O|  |TAMS 0x0000000083400000, 0x0000000083400000| Untracked 
|  53|0x0000000083500000, 0x0000000083600000, 0x0000000083600000|100%| O|  |TAMS 0x0000000083500000, 0x0000000083500000| Untracked 
|  54|0x0000000083600000, 0x0000000083700000, 0x0000000083700000|100%| O|  |TAMS 0x0000000083600000, 0x0000000083600000| Untracked 
|  55|0x0000000083700000, 0x00000000837fe400, 0x0000000083800000| 99%| O|  |TAMS 0x0000000083700000, 0x0000000083700000| Untracked 
|  56|0x0000000083800000, 0x0000000083800000, 0x0000000083900000|  0%| F|  |TAMS 0x0000000083800000, 0x0000000083800000| Untracked 
|  57|0x0000000083900000, 0x0000000083900000, 0x0000000083a00000|  0%| F|  |TAMS 0x0000000083900000, 0x0000000083900000| Untracked 
|  58|0x0000000083a00000, 0x0000000083a00000, 0x0000000083b00000|  0%| F|  |TAMS 0x0000000083a00000, 0x0000000083a00000| Untracked 
|  59|0x0000000083b00000, 0x0000000083b00000, 0x0000000083c00000|  0%| F|  |TAMS 0x0000000083b00000, 0x0000000083b00000| Untracked 
|  60|0x0000000083c00000, 0x0000000083c00000, 0x0000000083d00000|  0%| F|  |TAMS 0x0000000083c00000, 0x0000000083c00000| Untracked 
|  61|0x0000000083d00000, 0x0000000083d00000, 0x0000000083e00000|  0%| F|  |TAMS 0x0000000083d00000, 0x0000000083d00000| Untracked 
|  62|0x0000000083e00000, 0x0000000083e00000, 0x0000000083f00000|  0%| F|  |TAMS 0x0000000083e00000, 0x0000000083e00000| Untracked 
|  63|0x0000000083f00000, 0x0000000083f00000, 0x0000000084000000|  0%| F|  |TAMS 0x0000000083f00000, 0x0000000083f00000| Untracked 
|  64|0x0000000084000000, 0x0000000084000000, 0x0000000084100000|  0%| F|  |TAMS 0x0000000084000000, 0x0000000084000000| Untracked 
|  65|0x0000000084100000, 0x0000000084100000, 0x0000000084200000|  0%| F|  |TAMS 0x0000000084100000, 0x0000000084100000| Untracked 
|  66|0x0000000084200000, 0x0000000084200000, 0x0000000084300000|  0%| F|  |TAMS 0x0000000084200000, 0x0000000084200000| Untracked 
|  67|0x0000000084300000, 0x0000000084300000, 0x0000000084400000|  0%| F|  |TAMS 0x0000000084300000, 0x0000000084300000| Untracked 
|  68|0x0000000084400000, 0x0000000084400000, 0x0000000084500000|  0%| F|  |TAMS 0x0000000084400000, 0x0000000084400000| Untracked 
|  69|0x0000000084500000, 0x0000000084500000, 0x0000000084600000|  0%| F|  |TAMS 0x0000000084500000, 0x0000000084500000| Untracked 
|  70|0x0000000084600000, 0x0000000084600000, 0x0000000084700000|  0%| F|  |TAMS 0x0000000084600000, 0x0000000084600000| Untracked 
|  71|0x0000000084700000, 0x0000000084700000, 0x0000000084800000|  0%| F|  |TAMS 0x0000000084700000, 0x0000000084700000| Untracked 
|  72|0x0000000084800000, 0x0000000084800000, 0x0000000084900000|  0%| F|  |TAMS 0x0000000084800000, 0x0000000084800000| Untracked 
|  73|0x0000000084900000, 0x0000000084900000, 0x0000000084a00000|  0%| F|  |TAMS 0x0000000084900000, 0x0000000084900000| Untracked 
|  74|0x0000000084a00000, 0x0000000084a00000, 0x0000000084b00000|  0%| F|  |TAMS 0x0000000084a00000, 0x0000000084a00000| Untracked 
|  75|0x0000000084b00000, 0x0000000084b00000, 0x0000000084c00000|  0%| F|  |TAMS 0x0000000084b00000, 0x0000000084b00000| Untracked 
|  76|0x0000000084c00000, 0x0000000084c00000, 0x0000000084d00000|  0%| F|  |TAMS 0x0000000084c00000, 0x0000000084c00000| Untracked 
|  77|0x0000000084d00000, 0x0000000084d00000, 0x0000000084e00000|  0%| F|  |TAMS 0x0000000084d00000, 0x0000000084d00000| Untracked 
|  78|0x0000000084e00000, 0x0000000084e00000, 0x0000000084f00000|  0%| F|  |TAMS 0x0000000084e00000, 0x0000000084e00000| Untracked 
|  79|0x0000000084f00000, 0x0000000084f00000, 0x0000000085000000|  0%| F|  |TAMS 0x0000000084f00000, 0x0000000084f00000| Untracked 
|  80|0x0000000085000000, 0x0000000085000000, 0x0000000085100000|  0%| F|  |TAMS 0x0000000085000000, 0x0000000085000000| Untracked 
|  81|0x0000000085100000, 0x00000000851411c8, 0x0000000085200000| 25%| S|CS|TAMS 0x0000000085100000, 0x0000000085100000| Complete 
|  82|0x0000000085200000, 0x0000000085300000, 0x0000000085300000|100%| S|CS|TAMS 0x0000000085200000, 0x0000000085200000| Complete 
|  83|0x0000000085300000, 0x0000000085400000, 0x0000000085400000|100%| S|CS|TAMS 0x0000000085300000, 0x0000000085300000| Complete 
|  84|0x0000000085400000, 0x0000000085500000, 0x0000000085500000|100%| S|CS|TAMS 0x0000000085400000, 0x0000000085400000| Complete 
|  85|0x0000000085500000, 0x0000000085600000, 0x0000000085600000|100%| S|CS|TAMS 0x0000000085500000, 0x0000000085500000| Complete 
|  86|0x0000000085600000, 0x0000000085700000, 0x0000000085700000|100%| S|CS|TAMS 0x0000000085600000, 0x0000000085600000| Complete 
|  87|0x0000000085700000, 0x0000000085800000, 0x0000000085800000|100%| S|CS|TAMS 0x0000000085700000, 0x0000000085700000| Complete 
|  88|0x0000000085800000, 0x0000000085800000, 0x0000000085900000|  0%| F|  |TAMS 0x0000000085800000, 0x0000000085800000| Untracked 
|  89|0x0000000085900000, 0x0000000085900000, 0x0000000085a00000|  0%| F|  |TAMS 0x0000000085900000, 0x0000000085900000| Untracked 
|  90|0x0000000085a00000, 0x0000000085a00000, 0x0000000085b00000|  0%| F|  |TAMS 0x0000000085a00000, 0x0000000085a00000| Untracked 
|  91|0x0000000085b00000, 0x0000000085b00000, 0x0000000085c00000|  0%| F|  |TAMS 0x0000000085b00000, 0x0000000085b00000| Untracked 
|  92|0x0000000085c00000, 0x0000000085c00000, 0x0000000085d00000|  0%| F|  |TAMS 0x0000000085c00000, 0x0000000085c00000| Untracked 
|  93|0x0000000085d00000, 0x0000000085d00000, 0x0000000085e00000|  0%| F|  |TAMS 0x0000000085d00000, 0x0000000085d00000| Untracked 
|  94|0x0000000085e00000, 0x0000000085e00000, 0x0000000085f00000|  0%| F|  |TAMS 0x0000000085e00000, 0x0000000085e00000| Untracked 
|  95|0x0000000085f00000, 0x0000000085f00000, 0x0000000086000000|  0%| F|  |TAMS 0x0000000085f00000, 0x0000000085f00000| Untracked 
|  96|0x0000000086000000, 0x0000000086000000, 0x0000000086100000|  0%| F|  |TAMS 0x0000000086000000, 0x0000000086000000| Untracked 
|  97|0x0000000086100000, 0x0000000086100000, 0x0000000086200000|  0%| F|  |TAMS 0x0000000086100000, 0x0000000086100000| Untracked 
|  98|0x0000000086200000, 0x0000000086200000, 0x0000000086300000|  0%| F|  |TAMS 0x0000000086200000, 0x0000000086200000| Untracked 
|  99|0x0000000086300000, 0x0000000086400000, 0x0000000086400000|100%| S|CS|TAMS 0x0000000086300000, 0x0000000086300000| Complete 
| 100|0x0000000086400000, 0x0000000086500000, 0x0000000086500000|100%| S|CS|TAMS 0x0000000086400000, 0x0000000086400000| Complete 
| 101|0x0000000086500000, 0x0000000086600000, 0x0000000086600000|100%| S|CS|TAMS 0x0000000086500000, 0x0000000086500000| Complete 
| 102|0x0000000086600000, 0x0000000086700000, 0x0000000086700000|100%| S|CS|TAMS 0x0000000086600000, 0x0000000086600000| Complete 
| 103|0x0000000086700000, 0x0000000086700000, 0x0000000086800000|  0%| F|  |TAMS 0x0000000086700000, 0x0000000086700000| Untracked 
| 104|0x0000000086800000, 0x0000000086900000, 0x0000000086900000|100%| S|CS|TAMS 0x0000000086800000, 0x0000000086800000| Complete 
| 105|0x0000000086900000, 0x0000000086900000, 0x0000000086a00000|  0%| F|  |TAMS 0x0000000086900000, 0x0000000086900000| Untracked 
| 106|0x0000000086a00000, 0x0000000086a00000, 0x0000000086b00000|  0%| F|  |TAMS 0x0000000086a00000, 0x0000000086a00000| Untracked 
| 107|0x0000000086b00000, 0x0000000086b00000, 0x0000000086c00000|  0%| F|  |TAMS 0x0000000086b00000, 0x0000000086b00000| Untracked 
| 108|0x0000000086c00000, 0x0000000086c00000, 0x0000000086d00000|  0%| F|  |TAMS 0x0000000086c00000, 0x0000000086c00000| Untracked 
| 109|0x0000000086d00000, 0x0000000086d00000, 0x0000000086e00000|  0%| F|  |TAMS 0x0000000086d00000, 0x0000000086d00000| Untracked 
| 110|0x0000000086e00000, 0x0000000086e00000, 0x0000000086f00000|  0%| F|  |TAMS 0x0000000086e00000, 0x0000000086e00000| Untracked 
| 111|0x0000000086f00000, 0x0000000086f00000, 0x0000000087000000|  0%| F|  |TAMS 0x0000000086f00000, 0x0000000086f00000| Untracked 
| 112|0x0000000087000000, 0x0000000087000000, 0x0000000087100000|  0%| F|  |TAMS 0x0000000087000000, 0x0000000087000000| Untracked 
| 113|0x0000000087100000, 0x0000000087100000, 0x0000000087200000|  0%| F|  |TAMS 0x0000000087100000, 0x0000000087100000| Untracked 
| 114|0x0000000087200000, 0x0000000087200000, 0x0000000087300000|  0%| F|  |TAMS 0x0000000087200000, 0x0000000087200000| Untracked 
| 115|0x0000000087300000, 0x0000000087300000, 0x0000000087400000|  0%| F|  |TAMS 0x0000000087300000, 0x0000000087300000| Untracked 
| 116|0x0000000087400000, 0x0000000087400000, 0x0000000087500000|  0%| F|  |TAMS 0x0000000087400000, 0x0000000087400000| Untracked 
| 117|0x0000000087500000, 0x0000000087500000, 0x0000000087600000|  0%| F|  |TAMS 0x0000000087500000, 0x0000000087500000| Untracked 
| 118|0x0000000087600000, 0x0000000087600000, 0x0000000087700000|  0%| F|  |TAMS 0x0000000087600000, 0x0000000087600000| Untracked 
| 119|0x0000000087700000, 0x0000000087700000, 0x0000000087800000|  0%| F|  |TAMS 0x0000000087700000, 0x0000000087700000| Untracked 
| 120|0x0000000087800000, 0x0000000087800000, 0x0000000087900000|  0%| F|  |TAMS 0x0000000087800000, 0x0000000087800000| Untracked 
| 121|0x0000000087900000, 0x0000000087900000, 0x0000000087a00000|  0%| F|  |TAMS 0x0000000087900000, 0x0000000087900000| Untracked 
| 122|0x0000000087a00000, 0x0000000087a00000, 0x0000000087b00000|  0%| F|  |TAMS 0x0000000087a00000, 0x0000000087a00000| Untracked 
| 123|0x0000000087b00000, 0x0000000087b00000, 0x0000000087c00000|  0%| F|  |TAMS 0x0000000087b00000, 0x0000000087b00000| Untracked 
| 124|0x0000000087c00000, 0x0000000087c00000, 0x0000000087d00000|  0%| F|  |TAMS 0x0000000087c00000, 0x0000000087c00000| Untracked 
| 125|0x0000000087d00000, 0x0000000087d00000, 0x0000000087e00000|  0%| F|  |TAMS 0x0000000087d00000, 0x0000000087d00000| Untracked 
| 126|0x0000000087e00000, 0x0000000087e00000, 0x0000000087f00000|  0%| F|  |TAMS 0x0000000087e00000, 0x0000000087e00000| Untracked 
| 127|0x0000000087f00000, 0x0000000087f00000, 0x0000000088000000|  0%| F|  |TAMS 0x0000000087f00000, 0x0000000087f00000| Untracked 
| 128|0x0000000088000000, 0x0000000088000000, 0x0000000088100000|  0%| F|  |TAMS 0x0000000088000000, 0x0000000088000000| Untracked 
| 129|0x0000000088100000, 0x0000000088100000, 0x0000000088200000|  0%| F|  |TAMS 0x0000000088100000, 0x0000000088100000| Untracked 
| 130|0x0000000088200000, 0x0000000088200000, 0x0000000088300000|  0%| F|  |TAMS 0x0000000088200000, 0x0000000088200000| Untracked 
| 131|0x0000000088300000, 0x0000000088300000, 0x0000000088400000|  0%| F|  |TAMS 0x0000000088300000, 0x0000000088300000| Untracked 
| 132|0x0000000088400000, 0x0000000088400000, 0x0000000088500000|  0%| F|  |TAMS 0x0000000088400000, 0x0000000088400000| Untracked 
| 133|0x0000000088500000, 0x0000000088500000, 0x0000000088600000|  0%| F|  |TAMS 0x0000000088500000, 0x0000000088500000| Untracked 
| 134|0x0000000088600000, 0x0000000088600000, 0x0000000088700000|  0%| F|  |TAMS 0x0000000088600000, 0x0000000088600000| Untracked 
| 135|0x0000000088700000, 0x0000000088700000, 0x0000000088800000|  0%| F|  |TAMS 0x0000000088700000, 0x0000000088700000| Untracked 
| 136|0x0000000088800000, 0x0000000088800000, 0x0000000088900000|  0%| F|  |TAMS 0x0000000088800000, 0x0000000088800000| Untracked 
| 137|0x0000000088900000, 0x0000000088900000, 0x0000000088a00000|  0%| F|  |TAMS 0x0000000088900000, 0x0000000088900000| Untracked 
| 138|0x0000000088a00000, 0x0000000088a00000, 0x0000000088b00000|  0%| F|  |TAMS 0x0000000088a00000, 0x0000000088a00000| Untracked 
| 139|0x0000000088b00000, 0x0000000088b00000, 0x0000000088c00000|  0%| F|  |TAMS 0x0000000088b00000, 0x0000000088b00000| Untracked 
| 140|0x0000000088c00000, 0x0000000088c00000, 0x0000000088d00000|  0%| F|  |TAMS 0x0000000088c00000, 0x0000000088c00000| Untracked 
| 141|0x0000000088d00000, 0x0000000088d00000, 0x0000000088e00000|  0%| F|  |TAMS 0x0000000088d00000, 0x0000000088d00000| Untracked 
| 142|0x0000000088e00000, 0x0000000088e00000, 0x0000000088f00000|  0%| F|  |TAMS 0x0000000088e00000, 0x0000000088e00000| Untracked 
| 143|0x0000000088f00000, 0x0000000088f00000, 0x0000000089000000|  0%| F|  |TAMS 0x0000000088f00000, 0x0000000088f00000| Untracked 
| 144|0x0000000089000000, 0x0000000089000000, 0x0000000089100000|  0%| F|  |TAMS 0x0000000089000000, 0x0000000089000000| Untracked 
| 145|0x0000000089100000, 0x0000000089100000, 0x0000000089200000|  0%| F|  |TAMS 0x0000000089100000, 0x0000000089100000| Untracked 
| 146|0x0000000089200000, 0x0000000089200000, 0x0000000089300000|  0%| F|  |TAMS 0x0000000089200000, 0x0000000089200000| Untracked 
| 147|0x0000000089300000, 0x0000000089300000, 0x0000000089400000|  0%| F|  |TAMS 0x0000000089300000, 0x0000000089300000| Untracked 
| 148|0x0000000089400000, 0x0000000089400000, 0x0000000089500000|  0%| F|  |TAMS 0x0000000089400000, 0x0000000089400000| Untracked 
| 149|0x0000000089500000, 0x0000000089500000, 0x0000000089600000|  0%| F|  |TAMS 0x0000000089500000, 0x0000000089500000| Untracked 
| 150|0x0000000089600000, 0x0000000089600000, 0x0000000089700000|  0%| F|  |TAMS 0x0000000089600000, 0x0000000089600000| Untracked 
| 151|0x0000000089700000, 0x0000000089700000, 0x0000000089800000|  0%| F|  |TAMS 0x0000000089700000, 0x0000000089700000| Untracked 
| 152|0x0000000089800000, 0x0000000089800000, 0x0000000089900000|  0%| F|  |TAMS 0x0000000089800000, 0x0000000089800000| Untracked 
| 153|0x0000000089900000, 0x0000000089900000, 0x0000000089a00000|  0%| F|  |TAMS 0x0000000089900000, 0x0000000089900000| Untracked 
| 154|0x0000000089a00000, 0x0000000089a00000, 0x0000000089b00000|  0%| F|  |TAMS 0x0000000089a00000, 0x0000000089a00000| Untracked 
| 155|0x0000000089b00000, 0x0000000089b00000, 0x0000000089c00000|  0%| F|  |TAMS 0x0000000089b00000, 0x0000000089b00000| Untracked 
| 156|0x0000000089c00000, 0x0000000089c00000, 0x0000000089d00000|  0%| F|  |TAMS 0x0000000089c00000, 0x0000000089c00000| Untracked 
| 157|0x0000000089d00000, 0x0000000089d00000, 0x0000000089e00000|  0%| F|  |TAMS 0x0000000089d00000, 0x0000000089d00000| Untracked 
| 158|0x0000000089e00000, 0x0000000089e00000, 0x0000000089f00000|  0%| F|  |TAMS 0x0000000089e00000, 0x0000000089e00000| Untracked 
| 159|0x0000000089f00000, 0x0000000089f00000, 0x000000008a000000|  0%| F|  |TAMS 0x0000000089f00000, 0x0000000089f00000| Untracked 
| 160|0x000000008a000000, 0x000000008a000000, 0x000000008a100000|  0%| F|  |TAMS 0x000000008a000000, 0x000000008a000000| Untracked 
| 161|0x000000008a100000, 0x000000008a100000, 0x000000008a200000|  0%| F|  |TAMS 0x000000008a100000, 0x000000008a100000| Untracked 
| 162|0x000000008a200000, 0x000000008a300000, 0x000000008a300000|100%| E|  |TAMS 0x000000008a200000, 0x000000008a200000| Complete 
| 163|0x000000008a300000, 0x000000008a400000, 0x000000008a400000|100%| E|CS|TAMS 0x000000008a300000, 0x000000008a300000| Complete 
| 164|0x000000008a400000, 0x000000008a500000, 0x000000008a500000|100%| E|CS|TAMS 0x000000008a400000, 0x000000008a400000| Complete 
| 165|0x000000008a500000, 0x000000008a600000, 0x000000008a600000|100%| E|  |TAMS 0x000000008a500000, 0x000000008a500000| Complete 
| 166|0x000000008a600000, 0x000000008a700000, 0x000000008a700000|100%| E|CS|TAMS 0x000000008a600000, 0x000000008a600000| Complete 
| 167|0x000000008a700000, 0x000000008a800000, 0x000000008a800000|100%| E|CS|TAMS 0x000000008a700000, 0x000000008a700000| Complete 
| 168|0x000000008a800000, 0x000000008a900000, 0x000000008a900000|100%| E|CS|TAMS 0x000000008a800000, 0x000000008a800000| Complete 
| 169|0x000000008a900000, 0x000000008aa00000, 0x000000008aa00000|100%| E|CS|TAMS 0x000000008a900000, 0x000000008a900000| Complete 
| 170|0x000000008aa00000, 0x000000008ab00000, 0x000000008ab00000|100%| E|CS|TAMS 0x000000008aa00000, 0x000000008aa00000| Complete 
| 171|0x000000008ab00000, 0x000000008ac00000, 0x000000008ac00000|100%| E|CS|TAMS 0x000000008ab00000, 0x000000008ab00000| Complete 
| 172|0x000000008ac00000, 0x000000008ad00000, 0x000000008ad00000|100%| E|CS|TAMS 0x000000008ac00000, 0x000000008ac00000| Complete 
| 173|0x000000008ad00000, 0x000000008ae00000, 0x000000008ae00000|100%| E|CS|TAMS 0x000000008ad00000, 0x000000008ad00000| Complete 
| 174|0x000000008ae00000, 0x000000008af00000, 0x000000008af00000|100%| E|CS|TAMS 0x000000008ae00000, 0x000000008ae00000| Complete 
| 175|0x000000008af00000, 0x000000008b000000, 0x000000008b000000|100%| E|CS|TAMS 0x000000008af00000, 0x000000008af00000| Complete 
| 176|0x000000008b000000, 0x000000008b100000, 0x000000008b100000|100%| E|CS|TAMS 0x000000008b000000, 0x000000008b000000| Complete 
| 177|0x000000008b100000, 0x000000008b200000, 0x000000008b200000|100%| E|CS|TAMS 0x000000008b100000, 0x000000008b100000| Complete 
| 178|0x000000008b200000, 0x000000008b300000, 0x000000008b300000|100%| E|CS|TAMS 0x000000008b200000, 0x000000008b200000| Complete 
| 179|0x000000008b300000, 0x000000008b400000, 0x000000008b400000|100%| E|CS|TAMS 0x000000008b300000, 0x000000008b300000| Complete 
| 180|0x000000008b400000, 0x000000008b500000, 0x000000008b500000|100%| E|CS|TAMS 0x000000008b400000, 0x000000008b400000| Complete 
| 181|0x000000008b500000, 0x000000008b600000, 0x000000008b600000|100%| E|CS|TAMS 0x000000008b500000, 0x000000008b500000| Complete 
| 182|0x000000008b600000, 0x000000008b700000, 0x000000008b700000|100%| E|CS|TAMS 0x000000008b600000, 0x000000008b600000| Complete 
| 183|0x000000008b700000, 0x000000008b800000, 0x000000008b800000|100%| E|CS|TAMS 0x000000008b700000, 0x000000008b700000| Complete 
| 184|0x000000008b800000, 0x000000008b900000, 0x000000008b900000|100%| E|CS|TAMS 0x000000008b800000, 0x000000008b800000| Complete 
| 185|0x000000008b900000, 0x000000008ba00000, 0x000000008ba00000|100%| E|CS|TAMS 0x000000008b900000, 0x000000008b900000| Complete 
| 186|0x000000008ba00000, 0x000000008bb00000, 0x000000008bb00000|100%| E|CS|TAMS 0x000000008ba00000, 0x000000008ba00000| Complete 
| 187|0x000000008bb00000, 0x000000008bc00000, 0x000000008bc00000|100%| E|CS|TAMS 0x000000008bb00000, 0x000000008bb00000| Complete 
| 188|0x000000008bc00000, 0x000000008bd00000, 0x000000008bd00000|100%| E|CS|TAMS 0x000000008bc00000, 0x000000008bc00000| Complete 
| 189|0x000000008bd00000, 0x000000008be00000, 0x000000008be00000|100%| E|CS|TAMS 0x000000008bd00000, 0x000000008bd00000| Complete 
| 190|0x000000008be00000, 0x000000008bf00000, 0x000000008bf00000|100%| E|CS|TAMS 0x000000008be00000, 0x000000008be00000| Complete 
| 191|0x000000008bf00000, 0x000000008c000000, 0x000000008c000000|100%| E|CS|TAMS 0x000000008bf00000, 0x000000008bf00000| Complete 
| 192|0x000000008c000000, 0x000000008c100000, 0x000000008c100000|100%| E|CS|TAMS 0x000000008c000000, 0x000000008c000000| Complete 
| 193|0x000000008c100000, 0x000000008c200000, 0x000000008c200000|100%| E|CS|TAMS 0x000000008c100000, 0x000000008c100000| Complete 
| 194|0x000000008c200000, 0x000000008c300000, 0x000000008c300000|100%| E|CS|TAMS 0x000000008c200000, 0x000000008c200000| Complete 
| 195|0x000000008c300000, 0x000000008c400000, 0x000000008c400000|100%| E|CS|TAMS 0x000000008c300000, 0x000000008c300000| Complete 
| 196|0x000000008c400000, 0x000000008c500000, 0x000000008c500000|100%| E|CS|TAMS 0x000000008c400000, 0x000000008c400000| Complete 
| 197|0x000000008c500000, 0x000000008c600000, 0x000000008c600000|100%| E|CS|TAMS 0x000000008c500000, 0x000000008c500000| Complete 
| 198|0x000000008c600000, 0x000000008c700000, 0x000000008c700000|100%| E|CS|TAMS 0x000000008c600000, 0x000000008c600000| Complete 
| 199|0x000000008c700000, 0x000000008c800000, 0x000000008c800000|100%| E|CS|TAMS 0x000000008c700000, 0x000000008c700000| Complete 
| 200|0x000000008c800000, 0x000000008c900000, 0x000000008c900000|100%| E|CS|TAMS 0x000000008c800000, 0x000000008c800000| Complete 
| 201|0x000000008c900000, 0x000000008ca00000, 0x000000008ca00000|100%| E|CS|TAMS 0x000000008c900000, 0x000000008c900000| Complete 
| 202|0x000000008ca00000, 0x000000008cb00000, 0x000000008cb00000|100%| E|CS|TAMS 0x000000008ca00000, 0x000000008ca00000| Complete 
| 203|0x000000008cb00000, 0x000000008cc00000, 0x000000008cc00000|100%| E|CS|TAMS 0x000000008cb00000, 0x000000008cb00000| Complete 
| 204|0x000000008cc00000, 0x000000008cd00000, 0x000000008cd00000|100%| E|CS|TAMS 0x000000008cc00000, 0x000000008cc00000| Complete 
| 205|0x000000008cd00000, 0x000000008ce00000, 0x000000008ce00000|100%| E|CS|TAMS 0x000000008cd00000, 0x000000008cd00000| Complete 
| 206|0x000000008ce00000, 0x000000008cf00000, 0x000000008cf00000|100%| E|CS|TAMS 0x000000008ce00000, 0x000000008ce00000| Complete 
| 207|0x000000008cf00000, 0x000000008d000000, 0x000000008d000000|100%| E|CS|TAMS 0x000000008cf00000, 0x000000008cf00000| Complete 
| 208|0x000000008d000000, 0x000000008d100000, 0x000000008d100000|100%| E|CS|TAMS 0x000000008d000000, 0x000000008d000000| Complete 
| 209|0x000000008d100000, 0x000000008d200000, 0x000000008d200000|100%| E|CS|TAMS 0x000000008d100000, 0x000000008d100000| Complete 
| 210|0x000000008d200000, 0x000000008d300000, 0x000000008d300000|100%| E|CS|TAMS 0x000000008d200000, 0x000000008d200000| Complete 
| 211|0x000000008d300000, 0x000000008d400000, 0x000000008d400000|100%| E|CS|TAMS 0x000000008d300000, 0x000000008d300000| Complete 
| 212|0x000000008d400000, 0x000000008d500000, 0x000000008d500000|100%| E|CS|TAMS 0x000000008d400000, 0x000000008d400000| Complete 
| 213|0x000000008d500000, 0x000000008d600000, 0x000000008d600000|100%| E|CS|TAMS 0x000000008d500000, 0x000000008d500000| Complete 
| 214|0x000000008d600000, 0x000000008d700000, 0x000000008d700000|100%| E|CS|TAMS 0x000000008d600000, 0x000000008d600000| Complete 
| 215|0x000000008d700000, 0x000000008d800000, 0x000000008d800000|100%| E|CS|TAMS 0x000000008d700000, 0x000000008d700000| Complete 
| 216|0x000000008d800000, 0x000000008d900000, 0x000000008d900000|100%| E|CS|TAMS 0x000000008d800000, 0x000000008d800000| Complete 
| 217|0x000000008d900000, 0x000000008da00000, 0x000000008da00000|100%| E|CS|TAMS 0x000000008d900000, 0x000000008d900000| Complete 
| 218|0x000000008da00000, 0x000000008db00000, 0x000000008db00000|100%| E|CS|TAMS 0x000000008da00000, 0x000000008da00000| Complete 
| 219|0x000000008db00000, 0x000000008dc00000, 0x000000008dc00000|100%| E|CS|TAMS 0x000000008db00000, 0x000000008db00000| Complete 

Card table byte_map: [0x000001e850f30000,0x000001e851330000] _byte_map_base: 0x000001e850b30000

Marking Bits (Prev, Next): (CMBitMap*) 0x000001e83bdffe48, (CMBitMap*) 0x000001e83bdffe80
 Prev Bits: [0x000001e851730000, 0x000001e853730000)
 Next Bits: [0x000001e853730000, 0x000001e855730000)

Polling page: 0x000001e83bea0000

Metaspace:

Usage:
  Non-class:     72.47 MB capacity,    70.96 MB ( 98%) used,     1.24 MB (  2%) free+waste,   275.69 KB ( <1%) overhead. 
      Class:     11.53 MB capacity,    10.63 MB ( 92%) used,   787.27 KB (  7%) free+waste,   127.50 KB (  1%) overhead. 
       Both:     84.00 MB capacity,    81.59 MB ( 97%) used,     2.01 MB (  2%) free+waste,   403.19 KB ( <1%) overhead. 

Virtual space:
  Non-class space:       76.00 MB reserved,      72.67 MB ( 96%) committed 
      Class space:        1.00 GB reserved,      11.57 MB (  1%) committed 
             Both:        1.07 GB reserved,      84.25 MB (  8%) committed 

Chunk freelists:
   Non-Class:  12.00 KB
       Class:  5.00 KB
        Both:  17.00 KB

MaxMetaspaceSize: 17179869184.00 GB
CompressedClassSpaceSize: 1.00 GB
Initial GC threshold: 20.80 MB
Current GC threshold: 108.95 MB
CDS: off

CodeHeap 'non-profiled nmethods': size=120000Kb used=5803Kb max_used=5803Kb free=114197Kb
 bounds [0x000001e848b80000, 0x000001e849130000, 0x000001e8500b0000]
CodeHeap 'profiled nmethods': size=120000Kb used=20730Kb max_used=20730Kb free=99269Kb
 bounds [0x000001e841650000, 0x000001e842a90000, 0x000001e848b80000]
CodeHeap 'non-nmethods': size=5760Kb used=2360Kb max_used=2403Kb free=3399Kb
 bounds [0x000001e8410b0000, 0x000001e841320000, 0x000001e841650000]
 total_blobs=10518 nmethods=9638 adapters=792
 compilation: enabled
              stopped_count=0, restarted_count=0
 full_count=0

Compilation events (20 events):
Event: 12.145 Thread 0x000001e85823e000 9655       3       org.gradle.execution.plan.ValuedVfsHierarchy$2::createChild (25 bytes)
Event: 12.146 Thread 0x000001e85823e000 nmethod 9655 0x000001e842a7f610 code [0x000001e842a7f840, 0x000001e842a7ffb8]
Event: 12.146 Thread 0x000001e85823e000 9656       3       org.gradle.internal.snapshot.PathUtil$$Lambda$345/0x00000001004ebc40::compare (12 bytes)
Event: 12.146 Thread 0x000001e85823e000 nmethod 9656 0x000001e842a80290 code [0x000001e842a80460, 0x000001e842a807c8]
Event: 12.146 Thread 0x000001e85823e000 9657       3       org.gradle.internal.snapshot.PathUtil::lambda$static$1 (9 bytes)
Event: 12.146 Thread 0x000001e85823e000 nmethod 9657 0x000001e842a80910 code [0x000001e842a80ac0, 0x000001e842a80bc8]
Event: 12.154 Thread 0x000001e85823e000 9661       1       org.gradle.internal.logging.events.ProgressCompleteEvent::getTimestamp (5 bytes)
Event: 12.154 Thread 0x000001e85823e000 nmethod 9661 0x000001e84912a610 code [0x000001e84912a7c0, 0x000001e84912a878]
Event: 12.154 Thread 0x000001e85823e000 9662       1       org.gradle.internal.logging.events.ProgressCompleteEvent::getStatus (5 bytes)
Event: 12.154 Thread 0x000001e85823e000 nmethod 9662 0x000001e84912a910 code [0x000001e84912aac0, 0x000001e84912ab78]
Event: 12.160 Thread 0x000001e85823e000 9663       3       org.gradle.internal.file.FileHierarchySet$Node::plus (337 bytes)
Event: 12.165 Thread 0x000001e85823e000 nmethod 9663 0x000001e842a80c90 code [0x000001e842a812c0, 0x000001e842a84e48]
Event: 12.165 Thread 0x000001e85823e000 9664       3       org.gradle.internal.snapshot.SnapshotUtil$2::handleAsAncestorOfChild (10 bytes)
Event: 12.165 Thread 0x000001e85823e000 nmethod 9664 0x000001e842a86310 code [0x000001e842a864e0, 0x000001e842a86758]
Event: 12.165 Thread 0x000001e85823e000 9665       3       org.gradle.internal.snapshot.SnapshotUtil$2::handleAsAncestorOfChild (2 bytes)
Event: 12.165 Thread 0x000001e85823e000 nmethod 9665 0x000001e842a86810 code [0x000001e842a869c0, 0x000001e842a86ab8]
Event: 12.175 Thread 0x000001e85823e000 9666       3       com.google.gson.internal.bind.TypeAdapters$32::create (20 bytes)
Event: 12.175 Thread 0x000001e85823e000 nmethod 9666 0x000001e842a86b90 code [0x000001e842a86d40, 0x000001e842a86ed8]
Event: 12.175 Thread 0x000001e85823e000 9667       3       org.gradle.api.internal.provider.ValidatingValueCollector::<init> (20 bytes)
Event: 12.176 Thread 0x000001e85823e000 nmethod 9667 0x000001e842a86f90 code [0x000001e842a87140, 0x000001e842a873b8]

GC Heap History (20 events):
Event: 3.702 GC heap before
{Heap before GC invocations=7 (full 0):
 garbage-first heap   total 129024K, used 24007K [0x0000000080000000, 0x0000000100000000)
  region size 1024K, 9 young (9216K), 6 survivors (6144K)
 Metaspace       used 35156K, capacity 35917K, committed 35964K, reserved 1081344K
  class space    used 4498K, capacity 4795K, committed 4812K, reserved 1048576K
}
Event: 3.714 GC heap after
{Heap after GC invocations=8 (full 0):
 garbage-first heap   total 155648K, used 22827K [0x0000000080000000, 0x0000000100000000)
  region size 1024K, 4 young (4096K), 4 survivors (4096K)
 Metaspace       used 35156K, capacity 35917K, committed 35964K, reserved 1081344K
  class space    used 4498K, capacity 4795K, committed 4812K, reserved 1048576K
}
Event: 4.424 GC heap before
{Heap before GC invocations=9 (full 0):
 garbage-first heap   total 155648K, used 84267K [0x0000000080000000, 0x0000000100000000)
  region size 1024K, 62 young (63488K), 4 survivors (4096K)
 Metaspace       used 39657K, capacity 40592K, committed 40700K, reserved 1085440K
  class space    used 5011K, capacity 5367K, committed 5452K, reserved 1048576K
}
Event: 4.432 GC heap after
{Heap after GC invocations=10 (full 0):
 garbage-first heap   total 155648K, used 27007K [0x0000000080000000, 0x0000000100000000)
  region size 1024K, 8 young (8192K), 8 survivors (8192K)
 Metaspace       used 39657K, capacity 40592K, committed 40700K, reserved 1085440K
  class space    used 5011K, capacity 5367K, committed 5452K, reserved 1048576K
}
Event: 5.060 GC heap before
{Heap before GC invocations=10 (full 0):
 garbage-first heap   total 155648K, used 91519K [0x0000000080000000, 0x0000000100000000)
  region size 1024K, 70 young (71680K), 8 survivors (8192K)
 Metaspace       used 45375K, capacity 46385K, committed 46588K, reserved 1089536K
  class space    used 5762K, capacity 6181K, committed 6220K, reserved 1048576K
}
Event: 5.069 GC heap after
{Heap after GC invocations=11 (full 0):
 garbage-first heap   total 155648K, used 29273K [0x0000000080000000, 0x0000000100000000)
  region size 1024K, 7 young (7168K), 7 survivors (7168K)
 Metaspace       used 45375K, capacity 46385K, committed 46588K, reserved 1089536K
  class space    used 5762K, capacity 6181K, committed 6220K, reserved 1048576K
}
Event: 5.952 GC heap before
{Heap before GC invocations=11 (full 0):
 garbage-first heap   total 155648K, used 98905K [0x0000000080000000, 0x0000000100000000)
  region size 1024K, 73 young (74752K), 7 survivors (7168K)
 Metaspace       used 48278K, capacity 49457K, committed 49532K, reserved 1091584K
  class space    used 6110K, capacity 6561K, committed 6604K, reserved 1048576K
}
Event: 5.974 GC heap after
{Heap after GC invocations=12 (full 0):
 garbage-first heap   total 155648K, used 38976K [0x0000000080000000, 0x0000000100000000)
  region size 1024K, 10 young (10240K), 10 survivors (10240K)
 Metaspace       used 48278K, capacity 49457K, committed 49532K, reserved 1091584K
  class space    used 6110K, capacity 6561K, committed 6604K, reserved 1048576K
}
Event: 6.909 GC heap before
{Heap before GC invocations=12 (full 0):
 garbage-first heap   total 155648K, used 107584K [0x0000000080000000, 0x0000000100000000)
  region size 1024K, 75 young (76800K), 10 survivors (10240K)
 Metaspace       used 56925K, capacity 58327K, committed 58620K, reserved 1099776K
  class space    used 7161K, capacity 7712K, committed 7756K, reserved 1048576K
}
Event: 6.921 GC heap after
{Heap after GC invocations=13 (full 0):
 garbage-first heap   total 187392K, used 45477K [0x0000000080000000, 0x0000000100000000)
  region size 1024K, 5 young (5120K), 5 survivors (5120K)
 Metaspace       used 56925K, capacity 58327K, committed 58620K, reserved 1099776K
  class space    used 7161K, capacity 7712K, committed 7756K, reserved 1048576K
}
Event: 7.167 GC heap before
{Heap before GC invocations=13 (full 0):
 garbage-first heap   total 187392K, used 58789K [0x0000000080000000, 0x0000000100000000)
  region size 1024K, 19 young (19456K), 5 survivors (5120K)
 Metaspace       used 58956K, capacity 60501K, committed 60580K, reserved 1101824K
  class space    used 7442K, capacity 7988K, committed 8012K, reserved 1048576K
}
Event: 7.175 GC heap after
{Heap after GC invocations=14 (full 0):
 garbage-first heap   total 187392K, used 45739K [0x0000000080000000, 0x0000000100000000)
  region size 1024K, 5 young (5120K), 5 survivors (5120K)
 Metaspace       used 58956K, capacity 60501K, committed 60580K, reserved 1101824K
  class space    used 7442K, capacity 7988K, committed 8012K, reserved 1048576K
}
Event: 8.339 GC heap before
{Heap before GC invocations=15 (full 0):
 garbage-first heap   total 187392K, used 126635K [0x0000000080000000, 0x0000000100000000)
  region size 1024K, 84 young (86016K), 5 survivors (5120K)
 Metaspace       used 65060K, capacity 66589K, committed 66940K, reserved 1107968K
  class space    used 8207K, capacity 8766K, committed 8908K, reserved 1048576K
}
Event: 8.358 GC heap after
{Heap after GC invocations=16 (full 0):
 garbage-first heap   total 187392K, used 51821K [0x0000000080000000, 0x0000000100000000)
  region size 1024K, 11 young (11264K), 11 survivors (11264K)
 Metaspace       used 65060K, capacity 66589K, committed 66940K, reserved 1107968K
  class space    used 8207K, capacity 8766K, committed 8908K, reserved 1048576K
}
Event: 9.531 GC heap before
{Heap before GC invocations=17 (full 0):
 garbage-first heap   total 187392K, used 133741K [0x0000000080000000, 0x0000000100000000)
  region size 1024K, 91 young (93184K), 11 survivors (11264K)
 Metaspace       used 71740K, capacity 73317K, committed 73596K, reserved 1114112K
  class space    used 9265K, capacity 9886K, committed 9932K, reserved 1048576K
}
Event: 9.547 GC heap after
{Heap after GC invocations=18 (full 0):
 garbage-first heap   total 187392K, used 57604K [0x0000000080000000, 0x0000000100000000)
  region size 1024K, 12 young (12288K), 12 survivors (12288K)
 Metaspace       used 71740K, capacity 73317K, committed 73596K, reserved 1114112K
  class space    used 9265K, capacity 9886K, committed 9932K, reserved 1048576K
}
Event: 10.761 GC heap before
{Heap before GC invocations=18 (full 0):
 garbage-first heap   total 187392K, used 138500K [0x0000000080000000, 0x0000000100000000)
  region size 1024K, 91 young (93184K), 12 survivors (12288K)
 Metaspace       used 79832K, capacity 81784K, committed 82044K, reserved 1120256K
  class space    used 10424K, capacity 11152K, committed 11212K, reserved 1048576K
}
Event: 10.777 GC heap after
{Heap after GC invocations=19 (full 0):
 garbage-first heap   total 187392K, used 63007K [0x0000000080000000, 0x0000000100000000)
  region size 1024K, 12 young (12288K), 12 survivors (12288K)
 Metaspace       used 79832K, capacity 81784K, committed 82044K, reserved 1120256K
  class space    used 10424K, capacity 11152K, committed 11212K, reserved 1048576K
}
Event: 11.699 GC heap before
{Heap before GC invocations=19 (full 0):
 garbage-first heap   total 187392K, used 141855K [0x0000000080000000, 0x0000000100000000)
  region size 1024K, 90 young (92160K), 12 survivors (12288K)
 Metaspace       used 82027K, capacity 84389K, committed 84604K, reserved 1122304K
  class space    used 10753K, capacity 11642K, committed 11724K, reserved 1048576K
}
Event: 11.722 GC heap after
{Heap after GC invocations=20 (full 0):
 garbage-first heap   total 225280K, used 68861K [0x0000000080000000, 0x0000000100000000)
  region size 1024K, 12 young (12288K), 12 survivors (12288K)
 Metaspace       used 82027K, capacity 84389K, committed 84604K, reserved 1122304K
  class space    used 10753K, capacity 11642K, committed 11724K, reserved 1048576K
}

Deoptimization events (20 events):
Event: 12.057 Thread 0x000001e85fd01800 DEOPT PACKING pc=0x000001e84292a4d5 sp=0x00000088d50fb250
Event: 12.057 Thread 0x000001e85fd01800 DEOPT UNPACKING pc=0x000001e8410fa95e sp=0x00000088d50fa770 mode 0
Event: 12.067 Thread 0x000001e85fd01800 Uncommon trap: trap_request=0xffffff7e fr.pc=0x000001e849120378 relative=0x00000000000006b8
Event: 12.067 Thread 0x000001e85fd01800 Uncommon trap: reason=predicate action=maybe_recompile pc=0x000001e849120378 method=java.util.TimSort.binarySort([Ljava/lang/Object;IIILjava/util/Comparator;)V @ 34 c2
Event: 12.067 Thread 0x000001e85fd01800 DEOPT PACKING pc=0x000001e849120378 sp=0x00000088d50faa70
Event: 12.067 Thread 0x000001e85fd01800 DEOPT UNPACKING pc=0x000001e8410fa1af sp=0x00000088d50faa20 mode 2
Event: 12.096 Thread 0x000001e85e6bc000 Uncommon trap: trap_request=0xffffffde fr.pc=0x000001e8490e0e9c relative=0x000000000000025c
Event: 12.096 Thread 0x000001e85e6bc000 Uncommon trap: reason=class_check action=maybe_recompile pc=0x000001e8490e0e9c method=java.util.concurrent.ConcurrentHashMap.get(Ljava/lang/Object;)Ljava/lang/Object; @ 93 c2
Event: 12.096 Thread 0x000001e85be1e800 DEOPT PACKING pc=0x000001e84292a4f6 sp=0x00000088d28fd8f0
Event: 12.096 Thread 0x000001e85be1e800 DEOPT UNPACKING pc=0x000001e8410fa95e sp=0x00000088d28fce10 mode 0
Event: 12.096 Thread 0x000001e85e6bc000 DEOPT PACKING pc=0x000001e8490e0e9c sp=0x00000088d3cfdf20
Event: 12.096 Thread 0x000001e85e6bc000 DEOPT UNPACKING pc=0x000001e8410fa1af sp=0x00000088d3cfde78 mode 2
Event: 12.130 Thread 0x000001e85fd01800 Uncommon trap: trap_request=0xffffff4d fr.pc=0x000001e8490e27e0 relative=0x00000000000001a0
Event: 12.130 Thread 0x000001e85fd01800 Uncommon trap: reason=unstable_if action=reinterpret pc=0x000001e8490e27e0 method=org.gradle.internal.hash.HashCode.equals(Ljava/lang/Object;)Z @ 66 c2
Event: 12.130 Thread 0x000001e85fd01800 DEOPT PACKING pc=0x000001e8490e27e0 sp=0x00000088d50fcb70
Event: 12.130 Thread 0x000001e85fd01800 DEOPT UNPACKING pc=0x000001e8410fa1af sp=0x00000088d50fcae8 mode 2
Event: 12.140 Thread 0x000001e85fd01800 Uncommon trap: trap_request=0xffffff7e fr.pc=0x000001e84911d9c0 relative=0x0000000000000b20
Event: 12.140 Thread 0x000001e85fd01800 Uncommon trap: reason=predicate action=maybe_recompile pc=0x000001e84911d9c0 method=com.google.common.collect.RegularImmutableMap.fromEntryArray(I[Ljava/util/Map$Entry;)Lcom/google/common/collect/ImmutableMap; @ 59 c2
Event: 12.140 Thread 0x000001e85fd01800 DEOPT PACKING pc=0x000001e84911d9c0 sp=0x00000088d50fca80
Event: 12.140 Thread 0x000001e85fd01800 DEOPT UNPACKING pc=0x000001e8410fa1af sp=0x00000088d50fca28 mode 2

Classes redefined (0 events):
No events

Internal exceptions (20 events):
Event: 11.042 Thread 0x000001e85f258800 Exception <a 'java/lang/NoSuchMethodError'{0x000000008a793dc0}: 'java.lang.Object java.lang.invoke.DirectMethodHandle$Holder.invokeSpecialIFC(java.lang.Object, java.lang.Object, java.lang.Object)'> (0x000000008a793dc0) thrown at [./src/hotspot/share/interpreter/linkResolver.cpp, line 773]
Event: 11.042 Thread 0x000001e85f546800 Exception <a 'java/lang/NoSuchMethodError'{0x000000008a604358}: 'java.lang.Object java.lang.invoke.DirectMethodHandle$Holder.invokeSpecialIFC(java.lang.Object, java.lang.Object, java.lang.Object)'> (0x000000008a604358) thrown at [./src/hotspot/share/interpreter/linkResolver.cpp, line 773]
Event: 11.042 Thread 0x000001e85be2b000 Exception <a 'java/lang/NoSuchMethodError'{0x000000008a61f210}: 'java.lang.Object java.lang.invoke.DirectMethodHandle$Holder.invokeSpecialIFC(java.lang.Object, java.lang.Object, java.lang.Object)'> (0x000000008a61f210) thrown at [./src/hotspot/share/interpreter/linkResolver.cpp, line 773]
Event: 11.042 Thread 0x000001e85be2a000 Exception <a 'java/lang/NoSuchMethodError'{0x000000008a63b2f8}: 'java.lang.Object java.lang.invoke.DirectMethodHandle$Holder.invokeSpecialIFC(java.lang.Object, java.lang.Object, java.lang.Object)'> (0x000000008a63b2f8) thrown at [./src/hotspot/share/interpreter/linkResolver.cpp, line 773]
Event: 11.042 Thread 0x000001e85be20800 Exception <a 'java/lang/NoSuchMethodError'{0x000000008a7eaf58}: 'java.lang.Object java.lang.invoke.DirectMethodHandle$Holder.invokeSpecialIFC(java.lang.Object, java.lang.Object, java.lang.Object)'> (0x000000008a7eaf58) thrown at [./src/hotspot/share/interpreter/linkResolver.cpp, line 773]
Event: 11.042 Thread 0x000001e85aa2a000 Exception <a 'java/lang/NoSuchMethodError'{0x000000008a6592c0}: 'java.lang.Object java.lang.invoke.DirectMethodHandle$Holder.invokeSpecialIFC(java.lang.Object, java.lang.Object, java.lang.Object)'> (0x000000008a6592c0) thrown at [./src/hotspot/share/interpreter/linkResolver.cpp, line 773]
Event: 11.042 Thread 0x000001e85be21000 Exception <a 'java/lang/NoSuchMethodError'{0x000000008a7fe8a0}: 'java.lang.Object java.lang.invoke.DirectMethodHandle$Holder.invokeSpecialIFC(java.lang.Object, java.lang.Object, java.lang.Object)'> (0x000000008a7fe8a0) thrown at [./src/hotspot/share/interpreter/linkResolver.cpp, line 773]
Event: 11.042 Thread 0x000001e85be27800 Exception <a 'java/lang/NoSuchMethodError'{0x000000008a763108}: 'java.lang.Object java.lang.invoke.DirectMethodHandle$Holder.invokeSpecialIFC(java.lang.Object, java.lang.Object, java.lang.Object)'> (0x000000008a763108) thrown at [./src/hotspot/share/interpreter/linkResolver.cpp, line 773]
Event: 11.092 Thread 0x000001e85be2a000 Exception <a 'java/lang/NoSuchMethodError'{0x000000008a2ba9d8}: 'int java.lang.invoke.DirectMethodHandle$Holder.invokeStaticInit(java.lang.Object, java.lang.Object, java.lang.Object, java.lang.Object, java.lang.Object)'> (0x000000008a2ba9d8) thrown at [./src/hotspot/share/interpreter/linkResolver.cpp, line 773]
Event: 11.366 Thread 0x000001e85aa26800 Exception <a 'java/lang/NoSuchMethodError'{0x000000008acd7d08}: 'void java.lang.invoke.DirectMethodHandle$Holder.invokeVirtual(java.lang.Object, java.lang.Object)'> (0x000000008acd7d08) thrown at [./src/hotspot/share/interpreter/linkResolver.cpp, line 773]
Event: 11.366 Thread 0x000001e85aa21000 Exception <a 'java/lang/NoSuchMethodError'{0x00000000887f0350}: 'void java.lang.invoke.DirectMethodHandle$Holder.invokeVirtual(java.lang.Object, java.lang.Object)'> (0x00000000887f0350) thrown at [./src/hotspot/share/interpreter/linkResolver.cpp, line 773]
Event: 11.366 Thread 0x000001e85f54d800 Exception <a 'java/lang/NoSuchMethodError'{0x000000008ab01870}: 'void java.lang.invoke.DirectMethodHandle$Holder.invokeVirtual(java.lang.Object, java.lang.Object)'> (0x000000008ab01870) thrown at [./src/hotspot/share/interpreter/linkResolver.cpp, line 773]
Event: 11.746 Thread 0x000001e85be2d800 Implicit null exception at 0x000001e8490f9adb to 0x000001e8490f9b6c
Event: 11.808 Thread 0x000001e85f552800 Implicit null exception at 0x000001e8491028d6 to 0x000001e84910310c
Event: 11.921 Thread 0x000001e85fd01800 Exception <a 'java/lang/NoSuchMethodError'{0x000000008c2ef318}: <clinit>> (0x000000008c2ef318) thrown at [./src/hotspot/share/prims/jni.cpp, line 1366]
Event: 11.921 Thread 0x000001e85fd01800 Exception <a 'java/lang/NoSuchMethodError'{0x000000008c2f0920}: <clinit>> (0x000000008c2f0920) thrown at [./src/hotspot/share/prims/jni.cpp, line 1366]
Event: 11.921 Thread 0x000001e85fd01800 Exception <a 'java/lang/NoSuchMethodError'{0x000000008c2f3520}: <clinit>> (0x000000008c2f3520) thrown at [./src/hotspot/share/prims/jni.cpp, line 1366]
Event: 11.923 Thread 0x000001e85fd01800 Exception <a 'java/lang/NoSuchMethodError'{0x000000008c10b8b0}: <clinit>> (0x000000008c10b8b0) thrown at [./src/hotspot/share/prims/jni.cpp, line 1366]
Event: 11.923 Thread 0x000001e85fd01800 Exception <a 'java/lang/NoSuchMethodError'{0x000000008c10cae8}: <clinit>> (0x000000008c10cae8) thrown at [./src/hotspot/share/prims/jni.cpp, line 1366]
Event: 12.124 Thread 0x000001e85fd01800 Exception <a 'java/lang/NoSuchMethodError'{0x000000008a9dad48}: 'int java.lang.invoke.DirectMethodHandle$Holder.invokeSpecial(java.lang.Object, java.lang.Object, java.lang.Object, java.lang.Object, java.lang.Object)'> (0x000000008a9dad48) thrown at [./src/hotspot/share/interpreter/linkResolver.cpp, line 773]

Events (20 events):
Event: 12.173 loading class com/google/gson/internal/$Gson$Types$WildcardTypeImpl
Event: 12.173 loading class com/google/gson/internal/$Gson$Types$WildcardTypeImpl done
Event: 12.173 Executing VM operation: RevokeBias
Event: 12.174 Executing VM operation: RevokeBias done
Event: 12.174 Executing VM operation: RevokeBias
Event: 12.174 Executing VM operation: RevokeBias done
Event: 12.177 loading class com/google/wireless/android/sdk/stats/GradleTransformExecution
Event: 12.177 loading class com/google/wireless/android/sdk/stats/GradleTransformExecution done
Event: 12.178 Executing VM operation: RevokeBias
Event: 12.178 Executing VM operation: RevokeBias done
Event: 12.178 Executing VM operation: RevokeBias
Event: 12.178 Executing VM operation: RevokeBias done
Event: 12.180 loading class com/google/wireless/android/sdk/stats/GradleTransformExecutionOrBuilder
Event: 12.180 loading class com/google/wireless/android/sdk/stats/GradleTransformExecutionOrBuilder done
Event: 12.180 loading class com/google/wireless/android/sdk/stats/GradleBuildProfileSpan$Builder
Event: 12.180 loading class com/google/wireless/android/sdk/stats/GradleBuildProfileSpan$Builder done
Event: 12.182 loading class com/google/wireless/android/sdk/stats/AndroidStudioEvent$Builder
Event: 12.182 loading class com/google/wireless/android/sdk/stats/AndroidStudioEvent$Builder done
Event: 12.193 loading class com/google/wireless/android/sdk/stats/AndroidStudioEventOrBuilder
Event: 12.193 loading class com/google/wireless/android/sdk/stats/AndroidStudioEventOrBuilder done


Dynamic libraries:
0x00007ff798210000 - 0x00007ff79821a000 	C:\Program Files\Android\Android Studio\jre\bin\java.exe
0x00007fffcb890000 - 0x00007fffcba88000 	C:\WINDOWS\SYSTEM32\ntdll.dll
0x00007fffc9a70000 - 0x00007fffc9b2f000 	C:\WINDOWS\System32\KERNEL32.DLL
0x00007fffc9590000 - 0x00007fffc9862000 	C:\WINDOWS\System32\KERNELBASE.dll
0x00007fffc9200000 - 0x00007fffc9300000 	C:\WINDOWS\System32\ucrtbase.dll
0x00007fff90db0000 - 0x00007fff90dc9000 	C:\Program Files\Android\Android Studio\jre\bin\jli.dll
0x00007fff82a10000 - 0x00007fff82a27000 	C:\Program Files\Android\Android Studio\jre\bin\VCRUNTIME140.dll
0x00007fffcb4d0000 - 0x00007fffcb66d000 	C:\WINDOWS\System32\USER32.dll
0x00007fffb8660000 - 0x00007fffb88fa000 	C:\WINDOWS\WinSxS\amd64_microsoft.windows.common-controls_6595b64144ccf1df_6.0.19041.1110_none_60b5254171f9507e\COMCTL32.dll
0x00007fffc8f90000 - 0x00007fffc8fb2000 	C:\WINDOWS\System32\win32u.dll
0x00007fffc99d0000 - 0x00007fffc9a6e000 	C:\WINDOWS\System32\msvcrt.dll
0x00007fffc98e0000 - 0x00007fffc990b000 	C:\WINDOWS\System32\GDI32.dll
0x00007fffc9480000 - 0x00007fffc958f000 	C:\WINDOWS\System32\gdi32full.dll
0x00007fffc93e0000 - 0x00007fffc947d000 	C:\WINDOWS\System32\msvcp_win.dll
0x00007fffcb3e0000 - 0x00007fffcb412000 	C:\WINDOWS\System32\IMM32.DLL
0x00007fff82970000 - 0x00007fff82a0d000 	C:\Program Files\Android\Android Studio\jre\bin\msvcp140.dll
0x00007fff4e2d0000 - 0x00007fff4edd2000 	C:\Program Files\Android\Android Studio\jre\bin\server\jvm.dll
0x00007fffca7f0000 - 0x00007fffca89e000 	C:\WINDOWS\System32\ADVAPI32.dll
0x00007fffcb060000 - 0x00007fffcb0fc000 	C:\WINDOWS\System32\sechost.dll
0x00007fffcb2b0000 - 0x00007fffcb3d5000 	C:\WINDOWS\System32\RPCRT4.dll
0x00007fffcade0000 - 0x00007fffcade8000 	C:\WINDOWS\System32\PSAPI.DLL
0x00007fffa9fa0000 - 0x00007fffa9fc7000 	C:\WINDOWS\SYSTEM32\WINMM.dll
0x00007fffc2cf0000 - 0x00007fffc2cfa000 	C:\WINDOWS\SYSTEM32\VERSION.dll
0x00007fffc3790000 - 0x00007fffc3799000 	C:\WINDOWS\SYSTEM32\WSOCK32.dll
0x00007fffca8a0000 - 0x00007fffca90b000 	C:\WINDOWS\System32\WS2_32.dll
0x00007fffc77e0000 - 0x00007fffc77f2000 	C:\WINDOWS\SYSTEM32\kernel.appcore.dll
0x00007fff52690000 - 0x00007fff526a1000 	C:\Program Files\Android\Android Studio\jre\bin\verify.dll
0x00007fffc74f0000 - 0x00007fffc76d4000 	C:\WINDOWS\SYSTEM32\DBGHELP.DLL
0x00007fffb75b0000 - 0x00007fffb75dc000 	C:\WINDOWS\SYSTEM32\dbgcore.DLL
0x00007fffc9010000 - 0x00007fffc9092000 	C:\WINDOWS\System32\bcryptPrimitives.dll
0x00007fff52660000 - 0x00007fff52689000 	C:\Program Files\Android\Android Studio\jre\bin\java.dll
0x00007fffc2800000 - 0x00007fffc280b000 	C:\Program Files\Android\Android Studio\jre\bin\jimage.dll
0x00007fff52010000 - 0x00007fff52028000 	C:\Program Files\Android\Android Studio\jre\bin\zip.dll
0x00007fffc9c20000 - 0x00007fffca363000 	C:\WINDOWS\System32\SHELL32.dll
0x00007fffc6d50000 - 0x00007fffc74e2000 	C:\WINDOWS\SYSTEM32\windows.storage.dll
0x00007fffca370000 - 0x00007fffca6c4000 	C:\WINDOWS\System32\combase.dll
0x00007fffc8980000 - 0x00007fffc89b0000 	C:\WINDOWS\SYSTEM32\Wldp.dll
0x00007fffcb420000 - 0x00007fffcb4cd000 	C:\WINDOWS\System32\SHCORE.dll
0x00007fffcae80000 - 0x00007fffcaed5000 	C:\WINDOWS\System32\shlwapi.dll
0x00007fffc8ed0000 - 0x00007fffc8eef000 	C:\WINDOWS\SYSTEM32\profapi.dll
0x00007fff51ff0000 - 0x00007fff5200a000 	C:\Program Files\Android\Android Studio\jre\bin\net.dll
0x00007fffbf550000 - 0x00007fffbf65c000 	C:\WINDOWS\SYSTEM32\WINHTTP.dll
0x00007fffc8670000 - 0x00007fffc86da000 	C:\WINDOWS\system32\mswsock.dll
0x00007fff4e2b0000 - 0x00007fff4e2c4000 	C:\Program Files\Android\Android Studio\jre\bin\nio.dll
0x00007fffc4810000 - 0x00007fffc4837000 	C:\Users\Asus\.gradle\native\e1d6ef7f7dcc3fd88c89a11ec53ec762bb8ba0a96d01ffa2cd45eb1d1d8dd5c5\windows-amd64\native-platform.dll
0x00007fff7ddf0000 - 0x00007fff7df34000 	C:\Users\Asus\.gradle\native\5664cfc778a61ccfe75a443a1ab52a65af34e5dc3c78e0209fed803814484fcb\windows-amd64\native-platform-file-events.dll
0x00007fffbdcd0000 - 0x00007fffbdcda000 	C:\Program Files\Android\Android Studio\jre\bin\management.dll
0x00007fffb9700000 - 0x00007fffb970d000 	C:\Program Files\Android\Android Studio\jre\bin\management_ext.dll
0x00007fffc88d0000 - 0x00007fffc88e8000 	C:\WINDOWS\SYSTEM32\CRYPTSP.dll
0x00007fffc7f90000 - 0x00007fffc7fc4000 	C:\WINDOWS\system32\rsaenh.dll
0x00007fffc93b0000 - 0x00007fffc93d7000 	C:\WINDOWS\System32\bcrypt.dll
0x00007fffc8e50000 - 0x00007fffc8e7e000 	C:\WINDOWS\SYSTEM32\USERENV.dll
0x00007fffc88f0000 - 0x00007fffc88fc000 	C:\WINDOWS\SYSTEM32\CRYPTBASE.dll
0x00007fffc8360000 - 0x00007fffc839b000 	C:\WINDOWS\SYSTEM32\IPHLPAPI.DLL
0x00007fffc9b30000 - 0x00007fffc9b38000 	C:\WINDOWS\System32\NSI.dll
0x00007fffc1700000 - 0x00007fffc1717000 	C:\WINDOWS\SYSTEM32\dhcpcsvc6.DLL
0x00007fffc16e0000 - 0x00007fffc16fd000 	C:\WINDOWS\SYSTEM32\dhcpcsvc.DLL
0x00007fffc83a0000 - 0x00007fffc846a000 	C:\WINDOWS\SYSTEM32\DNSAPI.dll

dbghelp: loaded successfully - version: 4.0.5 - missing functions: none
symbol engine: initialized successfully - sym options: 0x614 - pdb path: .;C:\Program Files\Android\Android Studio\jre\bin;C:\WINDOWS\SYSTEM32;C:\WINDOWS\WinSxS\amd64_microsoft.windows.common-controls_6595b64144ccf1df_6.0.19041.1110_none_60b5254171f9507e;C:\Program Files\Android\Android Studio\jre\bin\server;C:\Users\Asus\.gradle\native\e1d6ef7f7dcc3fd88c89a11ec53ec762bb8ba0a96d01ffa2cd45eb1d1d8dd5c5\windows-amd64;C:\Users\Asus\.gradle\native\5664cfc778a61ccfe75a443a1ab52a65af34e5dc3c78e0209fed803814484fcb\windows-amd64

VM Arguments:
jvm_args: --add-opens=java.base/java.util=ALL-UNNAMED --add-opens=java.base/java.lang=ALL-UNNAMED --add-opens=java.base/java.lang.invoke=ALL-UNNAMED --add-opens=java.base/java.util=ALL-UNNAMED --add-opens=java.prefs/java.util.prefs=ALL-UNNAMED --add-opens=java.prefs/java.util.prefs=ALL-UNNAMED --add-opens=java.base/java.nio.charset=ALL-UNNAMED --add-opens=java.base/java.net=ALL-UNNAMED --add-opens=java.base/java.util.concurrent.atomic=ALL-UNNAMED -Xmx2048m -Dfile.encoding=UTF-8 -Duser.country=US -Duser.language=en -Duser.variant 
java_command: org.gradle.launcher.daemon.bootstrap.GradleDaemon 7.3.3
java_class_path (initial): C:\Users\Asus\.gradle\wrapper\dists\gradle-7.3.3-bin\6a41zxkdtcxs8rphpq6y0069z\gradle-7.3.3\lib\gradle-launcher-7.3.3.jar
Launcher Type: SUN_STANDARD

[Global flags]
     intx CICompilerCount                          = 4                                         {product} {ergonomic}
     uint ConcGCThreads                            = 2                                         {product} {ergonomic}
     uint G1ConcRefinementThreads                  = 8                                         {product} {ergonomic}
   size_t G1HeapRegionSize                         = 1048576                                   {product} {ergonomic}
    uintx GCDrainStackTargetSize                   = 64                                        {product} {ergonomic}
   size_t InitialHeapSize                          = 132120576                                 {product} {ergonomic}
   size_t MarkStackSize                            = 4194304                                   {product} {ergonomic}
   size_t MaxHeapSize                              = 2147483648                                {product} {command line}
   size_t MaxNewSize                               = 1287651328                                {product} {ergonomic}
   size_t MinHeapDeltaBytes                        = 1048576                                   {product} {ergonomic}
    uintx NonNMethodCodeHeapSize                   = 5836300                                {pd product} {ergonomic}
    uintx NonProfiledCodeHeapSize                  = 122910970                              {pd product} {ergonomic}
    uintx ProfiledCodeHeapSize                     = 122910970                              {pd product} {ergonomic}
    uintx ReservedCodeCacheSize                    = 251658240                              {pd product} {ergonomic}
     bool SegmentedCodeCache                       = true                                      {product} {ergonomic}
     bool UseCompressedClassPointers               = true                                 {lp64_product} {ergonomic}
     bool UseCompressedOops                        = true                                 {lp64_product} {ergonomic}
     bool UseG1GC                                  = true                                      {product} {ergonomic}
     bool UseLargePagesIndividualAllocation        = false                                  {pd product} {ergonomic}

Logging:
Log output configuration:
 #0: stdout all=warning uptime,level,tags
 #1: stderr all=off uptime,level,tags

Environment Variables:
PATH=C:\Program Files (x86)\Common Files\Intel\Shared Libraries\redist\intel64\compiler;C:\Program Files\Microsoft MPI\Bin\;C:\WINDOWS\system32;C:\WINDOWS;C:\WINDOWS\System32\Wbem;C:\WINDOWS\System32\WindowsPowerShell\v1.0\;C:\WINDOWS\System32\OpenSSH\;C:\Program Files\dotnet\;C:\Program Files\Microsoft SQL Server\130\Tools\Binn\;C:\Program Files (x86)\dotnet\;C:\Program Files\Microsoft SQL Server\Client SDK\ODBC\170\Tools\Binn\;C:\Program Files\Azure Data Studio\bin;C:\Program Files (x86)\Microsoft SQL Server\150\Tools\Binn\;C:\Program Files\Microsoft SQL Server\150\Tools\Binn\;C:\Program Files (x86)\Microsoft SQL Server\150\DTS\Binn\;C:\Program Files\Microsoft SQL Server\150\DTS\Binn\;C:\Program Files\Git\cmd;C:\Users\Asus\AppData\Local\Microsoft\WindowsApps;C:\Users\Asus\.dotnet\tools;C:\Program Files\Azure Data Studio\bin;C:\Users\Asus\AppData\Local\Programs\Microsoft VS Code\bin;C:\Users\Asus\AppData\Local\GitHubDesktop\bin
USERNAME=Asus
OS=Windows_NT
PROCESSOR_IDENTIFIER=Intel64 Family 6 Model 142 Stepping 12, GenuineIntel



---------------  S Y S T E M  ---------------

OS: Windows 10 , 64 bit Build 19041 (10.0.19041.2251)
OS uptime: 0 days 0:38 hours

CPU:total 8 (initial active 8) (4 cores per cpu, 2 threads per core) family 6 model 142 stepping 12 microcode 0xca, cmov, cx8, fxsr, mmx, sse, sse2, sse3, ssse3, sse4.1, sse4.2, popcnt, avx, avx2, aes, clmul, erms, 3dnowpref, lzcnt, ht, tsc, tscinvbit, bmi1, bmi2, adx, fma

Memory: 4k page, system-wide physical 8028M (402M free)
TotalPageFile size 12028M (AvailPageFile size 4M)
current process WorkingSet (physical memory assigned to process): 488M, peak: 488M
current process commit charge ("private bytes"): 535M, peak: 536M

vm_info: OpenJDK 64-Bit Server VM (11.0.13+0-b1751.21-8125866) for windows-amd64 JRE (11.0.13+0-b1751.21-8125866), built on Feb  2 2022 03:00:22 by "builder" with MS VC++ 14.0 (VS2015)

END.
