#
# There is insufficient memory for the Java Runtime Environment to continue.
# Native memory allocation (malloc) failed to allocate 1252496 bytes for Chunk::new
# Possible reasons:
#   The system is out of physical RAM or swap space
#   The process is running with CompressedOops enabled, and the Java Heap may be blocking the growth of the native heap
# Possible solutions:
#   Reduce memory load on the system
#   Increase physical memory or swap space
#   Check if swap backing store is full
#   Decrease Java heap size (-Xmx/-Xms)
#   Decrease number of Java threads
#   Decrease Java thread stack sizes (-Xss)
#   Set larger code cache with -XX:ReservedCodeCacheSize=
#   JVM is running with Unscaled Compressed Oops mode in which the Java heap is
#     placed in the first 4GB address space. The Java Heap base address is the
#     maximum limit for the native heap growth. Please use -XX:HeapBaseMinAddress
#     to set the Java Heap base and to place the Java Heap above 4GB virtual address.
# This output file may be truncated or incomplete.
#
#  Out of Memory Error (./src/hotspot/share/memory/arena.cpp:197), pid=19176, tid=19364
#
# JRE version: OpenJDK Runtime Environment (11.0.13) (build 11.0.13+0-b1751.21-8125866)
# Java VM: OpenJDK 64-Bit Server VM (11.0.13+0-b1751.21-8125866, mixed mode, tiered, compressed oops, g1 gc, windows-amd64)
# No core dump will be written. Minidumps are not enabled by default on client versions of Windows
#

---------------  S U M M A R Y ------------

Command Line: --add-opens=java.base/java.util=ALL-UNNAMED --add-opens=java.base/java.lang=ALL-UNNAMED --add-opens=java.base/java.lang.invoke=ALL-UNNAMED --add-opens=java.base/java.util=ALL-UNNAMED --add-opens=java.prefs/java.util.prefs=ALL-UNNAMED --add-opens=java.prefs/java.util.prefs=ALL-UNNAMED --add-opens=java.base/java.nio.charset=ALL-UNNAMED --add-opens=java.base/java.net=ALL-UNNAMED --add-opens=java.base/java.util.concurrent.atomic=ALL-UNNAMED -Xmx2048m -Dfile.encoding=UTF-8 -Duser.country=US -Duser.language=en -Duser.variant org.gradle.launcher.daemon.bootstrap.GradleDaemon 7.3.3

Host: Intel(R) Core(TM) i5-10210U CPU @ 1.60GHz, 8 cores, 7G,  Windows 10 , 64 bit Build 19041 (10.0.19041.2251)
Time: Tue Nov 29 19:43:31 2022 SE Asia Standard Time elapsed time: 14.859989 seconds (0d 0h 0m 14s)

---------------  T H R E A D  ---------------

Current thread (0x000001774f1a4800):  JavaThread "C2 CompilerThread0" daemon [_thread_in_native, id=19364, stack(0x0000003f64200000,0x0000003f64300000)]


Current CompileTask:
C2:  14860 3494       4       groovy.lang.MetaClassImpl$1MOPIter::methodNameAction (325 bytes)

Stack: [0x0000003f64200000,0x0000003f64300000]
Native frames: (J=compiled Java code, j=interpreted, Vv=VM code, C=native code)
V  [jvm.dll+0x6100fa]
V  [jvm.dll+0x747090]
V  [jvm.dll+0x7486ad]
V  [jvm.dll+0x748d83]
V  [jvm.dll+0x24ab48]
V  [jvm.dll+0xc04dc]
V  [jvm.dll+0xc0a0c]
V  [jvm.dll+0x35eb9d]
V  [jvm.dll+0x19d7bc]
V  [jvm.dll+0x2033be]
V  [jvm.dll+0x202437]
V  [jvm.dll+0x188e01]
V  [jvm.dll+0x21106b]
V  [jvm.dll+0x20f8c1]
V  [jvm.dll+0x70de0f]
V  [jvm.dll+0x706a75]
V  [jvm.dll+0x60ed66]
C  [ucrtbase.dll+0x21bb2]
C  [KERNEL32.DLL+0x174b4]
C  [ntdll.dll+0x526a1]


---------------  P R O C E S S  ---------------

Threads class SMR info:
_java_thread_list=0x0000017750d06990, length=35, elements={
0x0000017732d44000, 0x000001774f174000, 0x000001774f17f800, 0x000001774f193800,
0x000001774f194800, 0x000001774f195800, 0x000001774f1a4800, 0x000001774f1aa000,
0x000001774f1ad000, 0x000001774fc83800, 0x000001775087c000, 0x0000017752b4a800,
0x000001774ff68000, 0x0000017752377800, 0x00000177514fd800, 0x00000177530a0800,
0x0000017751cb6000, 0x0000017752cf9000, 0x000001775329d800, 0x0000017750829800,
0x000001775053a000, 0x0000017750536800, 0x0000017750535000, 0x0000017750537800,
0x0000017753230800, 0x0000017750534800, 0x0000017750536000, 0x0000017750538800,
0x0000017750539000, 0x000001775053b000, 0x00000177534ec000, 0x00000177534eb800,
0x00000177534e6800, 0x00000177534e8000, 0x00000177534e9000
}

Java Threads: ( => current thread )
  0x0000017732d44000 JavaThread "main" [_thread_blocked, id=19268, stack(0x0000003f63600000,0x0000003f63700000)]
  0x000001774f174000 JavaThread "Reference Handler" daemon [_thread_blocked, id=19332, stack(0x0000003f63d00000,0x0000003f63e00000)]
  0x000001774f17f800 JavaThread "Finalizer" daemon [_thread_blocked, id=19336, stack(0x0000003f63e00000,0x0000003f63f00000)]
  0x000001774f193800 JavaThread "Signal Dispatcher" daemon [_thread_blocked, id=19352, stack(0x0000003f63f00000,0x0000003f64000000)]
  0x000001774f194800 JavaThread "Attach Listener" daemon [_thread_blocked, id=19356, stack(0x0000003f64000000,0x0000003f64100000)]
  0x000001774f195800 JavaThread "Service Thread" daemon [_thread_blocked, id=19360, stack(0x0000003f64100000,0x0000003f64200000)]
=>0x000001774f1a4800 JavaThread "C2 CompilerThread0" daemon [_thread_in_native, id=19364, stack(0x0000003f64200000,0x0000003f64300000)]
  0x000001774f1aa000 JavaThread "C1 CompilerThread0" daemon [_thread_blocked, id=19368, stack(0x0000003f64300000,0x0000003f64400000)]
  0x000001774f1ad000 JavaThread "Sweeper thread" daemon [_thread_blocked, id=19372, stack(0x0000003f64400000,0x0000003f64500000)]
  0x000001774fc83800 JavaThread "Common-Cleaner" daemon [_thread_blocked, id=19388, stack(0x0000003f64500000,0x0000003f64600000)]
  0x000001775087c000 JavaThread "Daemon health stats" [_thread_blocked, id=18512, stack(0x0000003f64b00000,0x0000003f64c00000)]
  0x0000017752b4a800 JavaThread "Incoming local TCP Connector on port 56064" [_thread_in_native, id=19048, stack(0x0000003f64700000,0x0000003f64800000)]
  0x000001774ff68000 JavaThread "Daemon periodic checks" [_thread_blocked, id=19044, stack(0x0000003f64a00000,0x0000003f64b00000)]
  0x0000017752377800 JavaThread "Daemon" [_thread_blocked, id=2336, stack(0x0000003f64c00000,0x0000003f64d00000)]
  0x00000177514fd800 JavaThread "Handler for socket connection from /127.0.0.1:56064 to /127.0.0.1:56065" [_thread_in_native, id=13336, stack(0x0000003f64d00000,0x0000003f64e00000)]
  0x00000177530a0800 JavaThread "Cancel handler" [_thread_blocked, id=19108, stack(0x0000003f64e00000,0x0000003f64f00000)]
  0x0000017751cb6000 JavaThread "Daemon worker" [_thread_in_Java, id=19120, stack(0x0000003f64f00000,0x0000003f65000000)]
  0x0000017752cf9000 JavaThread "Asynchronous log dispatcher for DefaultDaemonConnection: socket connection from /127.0.0.1:56064 to /127.0.0.1:56065" [_thread_blocked, id=19128, stack(0x0000003f65000000,0x0000003f65100000)]
  0x000001775329d800 JavaThread "Stdin handler" [_thread_blocked, id=5728, stack(0x0000003f65100000,0x0000003f65200000)]
  0x0000017750829800 JavaThread "Daemon client event forwarder" [_thread_blocked, id=19204, stack(0x0000003f65200000,0x0000003f65300000)]
  0x000001775053a000 JavaThread "Cache worker for journal cache (C:\Users\Asus\.gradle\caches\journal-1)" [_thread_blocked, id=19272, stack(0x0000003f65800000,0x0000003f65900000)]
  0x0000017750536800 JavaThread "File lock request listener" [_thread_in_native, id=19304, stack(0x0000003f65900000,0x0000003f65a00000)]
  0x0000017750535000 JavaThread "Cache worker for file hash cache (C:\Users\Asus\.gradle\caches\7.3.3\fileHashes)" [_thread_blocked, id=15608, stack(0x0000003f65a00000,0x0000003f65b00000)]
  0x0000017750537800 JavaThread "Cache worker for file hash cache (D:\Nerd\.gradle\7.3.3\fileHashes)" [_thread_blocked, id=18592, stack(0x0000003f65c00000,0x0000003f65d00000)]
  0x0000017753230800 JavaThread "C2 CompilerThread1" daemon [_thread_in_native, id=18640, stack(0x0000003f65d00000,0x0000003f65e00000)]
  0x0000017750534800 JavaThread "File watcher server" daemon [_thread_in_native, id=18656, stack(0x0000003f65e00000,0x0000003f65f00000)]
  0x0000017750536000 JavaThread "File watcher consumer" daemon [_thread_blocked, id=18660, stack(0x0000003f65f00000,0x0000003f66000000)]
  0x0000017750538800 JavaThread "Cache worker for checksums cache (D:\Nerd\.gradle\7.3.3\checksums)" [_thread_blocked, id=18604, stack(0x0000003f66000000,0x0000003f66100000)]
  0x0000017750539000 JavaThread "Cache worker for cache directory md-supplier (C:\Users\Asus\.gradle\caches\7.3.3\md-supplier)" [_thread_blocked, id=18612, stack(0x0000003f66100000,0x0000003f66200000)]
  0x000001775053b000 JavaThread "Cache worker for cache directory md-rule (C:\Users\Asus\.gradle\caches\7.3.3\md-rule)" [_thread_blocked, id=19220, stack(0x0000003f66200000,0x0000003f66300000)]
  0x00000177534ec000 JavaThread "Cache worker for execution history cache (C:\Users\Asus\.gradle\caches\7.3.3\executionHistory)" [_thread_blocked, id=8544, stack(0x0000003f66300000,0x0000003f66400000)]
  0x00000177534eb800 JavaThread "jar transforms" [_thread_blocked, id=16052, stack(0x0000003f66400000,0x0000003f66500000)]
  0x00000177534e6800 JavaThread "Cache worker for file content cache (C:\Users\Asus\.gradle\caches\7.3.3\fileContent)" [_thread_blocked, id=12100, stack(0x0000003f66500000,0x0000003f66600000)]
  0x00000177534e8000 JavaThread "jar transforms Thread 2" [_thread_blocked, id=14356, stack(0x0000003f66600000,0x0000003f66700000)]
  0x00000177534e9000 JavaThread "Cache worker for dependencies-accessors (D:\Nerd\.gradle\7.3.3\dependencies-accessors)" [_thread_blocked, id=13244, stack(0x0000003f66700000,0x0000003f66800000)]

Other Threads:
  0x000001774f170000 VMThread "VM Thread" [stack: 0x0000003f63c00000,0x0000003f63d00000] [id=19316]
  0x000001774fc95000 WatcherThread [stack: 0x0000003f64600000,0x0000003f64700000] [id=19392]
  0x0000017732d58800 GCTaskThread "GC Thread#0" [stack: 0x0000003f63700000,0x0000003f63800000] [id=19284]
  0x000001774fd45000 GCTaskThread "GC Thread#1" [stack: 0x0000003f64800000,0x0000003f64900000] [id=18528]
  0x0000017750649800 GCTaskThread "GC Thread#2" [stack: 0x0000003f64900000,0x0000003f64a00000] [id=18532]
  0x000001774ffb6000 GCTaskThread "GC Thread#3" [stack: 0x0000003f65300000,0x0000003f65400000] [id=19212]
  0x000001775082a000 GCTaskThread "GC Thread#4" [stack: 0x0000003f65400000,0x0000003f65500000] [id=19208]
  0x00000177519c8800 GCTaskThread "GC Thread#5" [stack: 0x0000003f65500000,0x0000003f65600000] [id=19196]
  0x00000177525ec800 GCTaskThread "GC Thread#6" [stack: 0x0000003f65600000,0x0000003f65700000] [id=19256]
  0x00000177530df800 GCTaskThread "GC Thread#7" [stack: 0x0000003f65700000,0x0000003f65800000] [id=19264]
  0x0000017732d88800 ConcurrentGCThread "G1 Main Marker" [stack: 0x0000003f63800000,0x0000003f63900000] [id=19288]
  0x0000017732d8a000 ConcurrentGCThread "G1 Conc#0" [stack: 0x0000003f63900000,0x0000003f63a00000] [id=19292]
  0x0000017750930000 ConcurrentGCThread "G1 Conc#1" [stack: 0x0000003f65b00000,0x0000003f65c00000] [id=4880]
  0x000001774efc0800 ConcurrentGCThread "G1 Refine#0" [stack: 0x0000003f63a00000,0x0000003f63b00000] [id=19296]
  0x000001774efc1800 ConcurrentGCThread "G1 Young RemSet Sampling" [stack: 0x0000003f63b00000,0x0000003f63c00000] [id=19300]

Threads with active compile tasks:
C2 CompilerThread0  14888 3494       4       groovy.lang.MetaClassImpl$1MOPIter::methodNameAction (325 bytes)
C2 CompilerThread1  14888 3491       4       org.codehaus.groovy.runtime.metaclass.MetaMethodIndex::addMethodToList (131 bytes)

VM state:not at safepoint (normal execution)

VM Mutex/Monitor currently owned by a thread: None

Heap address: 0x0000000080000000, size: 2048 MB, Compressed Oops mode: 32-bit
Narrow klass base: 0x0000000000000000, Narrow klass shift: 3
Compressed class space size: 1073741824 Address: 0x0000000100000000

Heap:
 garbage-first heap   total 129024K, used 47171K [0x0000000080000000, 0x0000000100000000)
  region size 1024K, 29 young (29696K), 9 survivors (9216K)
 Metaspace       used 41739K, capacity 42734K, committed 43004K, reserved 1087488K
  class space    used 5296K, capacity 5689K, committed 5708K, reserved 1048576K
Heap Regions: E=young(eden), S=young(survivor), O=old, HS=humongous(starts), HC=humongous(continues), CS=collection set, F=free, A=archive, TAMS=top-at-mark-start (previous, next)
|   0|0x0000000080000000, 0x0000000080100000, 0x0000000080100000|100%| O|  |TAMS 0x0000000080100000, 0x0000000080000000| Untracked 
|   1|0x0000000080100000, 0x0000000080200000, 0x0000000080200000|100%| O|  |TAMS 0x0000000080200000, 0x0000000080100000| Untracked 
|   2|0x0000000080200000, 0x0000000080300000, 0x0000000080300000|100%| O|  |TAMS 0x0000000080300000, 0x0000000080200000| Untracked 
|   3|0x0000000080300000, 0x0000000080400000, 0x0000000080400000|100%|HS|  |TAMS 0x0000000080400000, 0x0000000080300000| Complete 
|   4|0x0000000080400000, 0x0000000080500000, 0x0000000080500000|100%|HC|  |TAMS 0x0000000080500000, 0x0000000080400000| Complete 
|   5|0x0000000080500000, 0x0000000080600000, 0x0000000080600000|100%|HC|  |TAMS 0x0000000080600000, 0x0000000080500000| Complete 
|   6|0x0000000080600000, 0x0000000080700000, 0x0000000080700000|100%| O|  |TAMS 0x0000000080700000, 0x0000000080600000| Untracked 
|   7|0x0000000080700000, 0x0000000080800000, 0x0000000080800000|100%| O|  |TAMS 0x0000000080800000, 0x0000000080700000| Untracked 
|   8|0x0000000080800000, 0x0000000080900000, 0x0000000080900000|100%| O|  |TAMS 0x0000000080900000, 0x0000000080800000| Untracked 
|   9|0x0000000080900000, 0x0000000080a00000, 0x0000000080a00000|100%| O|  |TAMS 0x0000000080a00000, 0x0000000080900000| Untracked 
|  10|0x0000000080a00000, 0x0000000080b00000, 0x0000000080b00000|100%| O|  |TAMS 0x0000000080b00000, 0x0000000080a00000| Untracked 
|  11|0x0000000080b00000, 0x0000000080c00000, 0x0000000080c00000|100%| O|  |TAMS 0x0000000080c00000, 0x0000000080b00000| Untracked 
|  12|0x0000000080c00000, 0x0000000080d00000, 0x0000000080d00000|100%| O|  |TAMS 0x0000000080d00000, 0x0000000080c00000| Untracked 
|  13|0x0000000080d00000, 0x0000000080e00000, 0x0000000080e00000|100%| O|  |TAMS 0x0000000080e00000, 0x0000000080d00000| Untracked 
|  14|0x0000000080e00000, 0x0000000080f00000, 0x0000000080f00000|100%| O|  |TAMS 0x0000000080f00000, 0x0000000080e00000| Untracked 
|  15|0x0000000080f00000, 0x0000000081000000, 0x0000000081000000|100%| O|  |TAMS 0x0000000080fb7000, 0x0000000080f00000| Untracked 
|  16|0x0000000081000000, 0x0000000081000000, 0x0000000081100000|  0%| F|  |TAMS 0x0000000081000000, 0x0000000081000000| Untracked 
|  17|0x0000000081100000, 0x0000000081100000, 0x0000000081200000|  0%| F|  |TAMS 0x0000000081100000, 0x0000000081100000| Untracked 
|  18|0x0000000081200000, 0x0000000081200000, 0x0000000081300000|  0%| F|  |TAMS 0x0000000081200000, 0x0000000081200000| Untracked 
|  19|0x0000000081300000, 0x0000000081400000, 0x0000000081400000|100%| O|  |TAMS 0x0000000081300000, 0x0000000081300000| Untracked 
|  20|0x0000000081400000, 0x0000000081500000, 0x0000000081500000|100%| O|  |TAMS 0x0000000081400000, 0x0000000081400000| Untracked 
|  21|0x0000000081500000, 0x000000008159b200, 0x0000000081600000| 60%| O|  |TAMS 0x0000000081500000, 0x0000000081500000| Untracked 
|  22|0x0000000081600000, 0x0000000081600000, 0x0000000081700000|  0%| F|  |TAMS 0x0000000081600000, 0x0000000081600000| Untracked 
|  23|0x0000000081700000, 0x0000000081700000, 0x0000000081800000|  0%| F|  |TAMS 0x0000000081700000, 0x0000000081700000| Untracked 
|  24|0x0000000081800000, 0x0000000081800000, 0x0000000081900000|  0%| F|  |TAMS 0x0000000081800000, 0x0000000081800000| Untracked 
|  25|0x0000000081900000, 0x0000000081900000, 0x0000000081a00000|  0%| F|  |TAMS 0x0000000081900000, 0x0000000081900000| Untracked 
|  26|0x0000000081a00000, 0x0000000081a00000, 0x0000000081b00000|  0%| F|  |TAMS 0x0000000081a00000, 0x0000000081a00000| Untracked 
|  27|0x0000000081b00000, 0x0000000081b00000, 0x0000000081c00000|  0%| F|  |TAMS 0x0000000081b00000, 0x0000000081b00000| Untracked 
|  28|0x0000000081c00000, 0x0000000081c00000, 0x0000000081d00000|  0%| F|  |TAMS 0x0000000081c00000, 0x0000000081c00000| Untracked 
|  29|0x0000000081d00000, 0x0000000081d00000, 0x0000000081e00000|  0%| F|  |TAMS 0x0000000081d00000, 0x0000000081d00000| Untracked 
|  30|0x0000000081e00000, 0x0000000081e00000, 0x0000000081f00000|  0%| F|  |TAMS 0x0000000081e00000, 0x0000000081e00000| Untracked 
|  31|0x0000000081f00000, 0x0000000081f00000, 0x0000000082000000|  0%| F|  |TAMS 0x0000000081f00000, 0x0000000081f00000| Untracked 
|  32|0x0000000082000000, 0x0000000082000000, 0x0000000082100000|  0%| F|  |TAMS 0x0000000082000000, 0x0000000082000000| Untracked 
|  33|0x0000000082100000, 0x0000000082100000, 0x0000000082200000|  0%| F|  |TAMS 0x0000000082100000, 0x0000000082100000| Untracked 
|  34|0x0000000082200000, 0x0000000082200000, 0x0000000082300000|  0%| F|  |TAMS 0x0000000082200000, 0x0000000082200000| Untracked 
|  35|0x0000000082300000, 0x0000000082300000, 0x0000000082400000|  0%| F|  |TAMS 0x0000000082300000, 0x0000000082300000| Untracked 
|  36|0x0000000082400000, 0x0000000082400000, 0x0000000082500000|  0%| F|  |TAMS 0x0000000082400000, 0x0000000082400000| Untracked 
|  37|0x0000000082500000, 0x0000000082500000, 0x0000000082600000|  0%| F|  |TAMS 0x0000000082500000, 0x0000000082500000| Untracked 
|  38|0x0000000082600000, 0x0000000082600000, 0x0000000082700000|  0%| F|  |TAMS 0x0000000082600000, 0x0000000082600000| Untracked 
|  39|0x0000000082700000, 0x0000000082700000, 0x0000000082800000|  0%| F|  |TAMS 0x0000000082700000, 0x0000000082700000| Untracked 
|  40|0x0000000082800000, 0x0000000082800000, 0x0000000082900000|  0%| F|  |TAMS 0x0000000082800000, 0x0000000082800000| Untracked 
|  41|0x0000000082900000, 0x0000000082900000, 0x0000000082a00000|  0%| F|  |TAMS 0x0000000082900000, 0x0000000082900000| Untracked 
|  42|0x0000000082a00000, 0x0000000082a00000, 0x0000000082b00000|  0%| F|  |TAMS 0x0000000082a00000, 0x0000000082a00000| Untracked 
|  43|0x0000000082b00000, 0x0000000082b00000, 0x0000000082c00000|  0%| F|  |TAMS 0x0000000082b00000, 0x0000000082b00000| Untracked 
|  44|0x0000000082c00000, 0x0000000082c00000, 0x0000000082d00000|  0%| F|  |TAMS 0x0000000082c00000, 0x0000000082c00000| Untracked 
|  45|0x0000000082d00000, 0x0000000082d00000, 0x0000000082e00000|  0%| F|  |TAMS 0x0000000082d00000, 0x0000000082d00000| Untracked 
|  46|0x0000000082e00000, 0x0000000082e00000, 0x0000000082f00000|  0%| F|  |TAMS 0x0000000082e00000, 0x0000000082e00000| Untracked 
|  47|0x0000000082f00000, 0x0000000082f00000, 0x0000000083000000|  0%| F|  |TAMS 0x0000000082f00000, 0x0000000082f00000| Untracked 
|  48|0x0000000083000000, 0x0000000083000000, 0x0000000083100000|  0%| F|  |TAMS 0x0000000083000000, 0x0000000083000000| Untracked 
|  49|0x0000000083100000, 0x0000000083175d58, 0x0000000083200000| 46%| S|CS|TAMS 0x0000000083100000, 0x0000000083100000| Complete 
|  50|0x0000000083200000, 0x0000000083300000, 0x0000000083300000|100%| S|CS|TAMS 0x0000000083200000, 0x0000000083200000| Complete 
|  51|0x0000000083300000, 0x0000000083400000, 0x0000000083400000|100%| S|CS|TAMS 0x0000000083300000, 0x0000000083300000| Complete 
|  52|0x0000000083400000, 0x0000000083500000, 0x0000000083500000|100%| S|CS|TAMS 0x0000000083400000, 0x0000000083400000| Complete 
|  53|0x0000000083500000, 0x0000000083600000, 0x0000000083600000|100%| S|CS|TAMS 0x0000000083500000, 0x0000000083500000| Complete 
|  54|0x0000000083600000, 0x0000000083700000, 0x0000000083700000|100%| S|CS|TAMS 0x0000000083600000, 0x0000000083600000| Complete 
|  55|0x0000000083700000, 0x0000000083800000, 0x0000000083800000|100%| S|CS|TAMS 0x0000000083700000, 0x0000000083700000| Complete 
|  56|0x0000000083800000, 0x0000000083900000, 0x0000000083900000|100%| S|CS|TAMS 0x0000000083800000, 0x0000000083800000| Complete 
|  57|0x0000000083900000, 0x0000000083900000, 0x0000000083a00000|  0%| F|  |TAMS 0x0000000083900000, 0x0000000083900000| Untracked 
|  58|0x0000000083a00000, 0x0000000083a00000, 0x0000000083b00000|  0%| F|  |TAMS 0x0000000083a00000, 0x0000000083a00000| Untracked 
|  59|0x0000000083b00000, 0x0000000083b00000, 0x0000000083c00000|  0%| F|  |TAMS 0x0000000083b00000, 0x0000000083b00000| Untracked 
|  60|0x0000000083c00000, 0x0000000083c00000, 0x0000000083d00000|  0%| F|  |TAMS 0x0000000083c00000, 0x0000000083c00000| Untracked 
|  61|0x0000000083d00000, 0x0000000083d00000, 0x0000000083e00000|  0%| F|  |TAMS 0x0000000083d00000, 0x0000000083d00000| Untracked 
|  62|0x0000000083e00000, 0x0000000083e00000, 0x0000000083f00000|  0%| F|  |TAMS 0x0000000083e00000, 0x0000000083e00000| Untracked 
|  63|0x0000000083f00000, 0x0000000083f00000, 0x0000000084000000|  0%| F|  |TAMS 0x0000000083f00000, 0x0000000083f00000| Untracked 
|  64|0x0000000084000000, 0x0000000084100000, 0x0000000084100000|100%| S|CS|TAMS 0x0000000084000000, 0x0000000084000000| Complete 
|  65|0x0000000084100000, 0x0000000084100000, 0x0000000084200000|  0%| F|  |TAMS 0x0000000084100000, 0x0000000084100000| Untracked 
|  66|0x0000000084200000, 0x0000000084200000, 0x0000000084300000|  0%| F|  |TAMS 0x0000000084200000, 0x0000000084200000| Untracked 
|  67|0x0000000084300000, 0x0000000084300000, 0x0000000084400000|  0%| F|  |TAMS 0x0000000084300000, 0x0000000084300000| Untracked 
|  68|0x0000000084400000, 0x0000000084400000, 0x0000000084500000|  0%| F|  |TAMS 0x0000000084400000, 0x0000000084400000| Untracked 
|  69|0x0000000084500000, 0x0000000084500000, 0x0000000084600000|  0%| F|  |TAMS 0x0000000084500000, 0x0000000084500000| Untracked 
|  70|0x0000000084600000, 0x0000000084600000, 0x0000000084700000|  0%| F|  |TAMS 0x0000000084600000, 0x0000000084600000| Untracked 
|  71|0x0000000084700000, 0x0000000084700000, 0x0000000084800000|  0%| F|  |TAMS 0x0000000084700000, 0x0000000084700000| Untracked 
|  72|0x0000000084800000, 0x0000000084800000, 0x0000000084900000|  0%| F|  |TAMS 0x0000000084800000, 0x0000000084800000| Untracked 
|  73|0x0000000084900000, 0x0000000084900000, 0x0000000084a00000|  0%| F|  |TAMS 0x0000000084900000, 0x0000000084900000| Untracked 
|  74|0x0000000084a00000, 0x0000000084a00000, 0x0000000084b00000|  0%| F|  |TAMS 0x0000000084a00000, 0x0000000084a00000| Untracked 
|  75|0x0000000084b00000, 0x0000000084b00000, 0x0000000084c00000|  0%| F|  |TAMS 0x0000000084b00000, 0x0000000084b00000| Untracked 
|  76|0x0000000084c00000, 0x0000000084c00000, 0x0000000084d00000|  0%| F|  |TAMS 0x0000000084c00000, 0x0000000084c00000| Untracked 
|  77|0x0000000084d00000, 0x0000000084d00000, 0x0000000084e00000|  0%| F|  |TAMS 0x0000000084d00000, 0x0000000084d00000| Untracked 
|  78|0x0000000084e00000, 0x0000000084e00000, 0x0000000084f00000|  0%| F|  |TAMS 0x0000000084e00000, 0x0000000084e00000| Untracked 
|  79|0x0000000084f00000, 0x0000000084f00000, 0x0000000085000000|  0%| F|  |TAMS 0x0000000084f00000, 0x0000000084f00000| Untracked 
|  80|0x0000000085000000, 0x0000000085000000, 0x0000000085100000|  0%| F|  |TAMS 0x0000000085000000, 0x0000000085000000| Untracked 
|  81|0x0000000085100000, 0x0000000085100000, 0x0000000085200000|  0%| F|  |TAMS 0x0000000085100000, 0x0000000085100000| Untracked 
|  82|0x0000000085200000, 0x0000000085200000, 0x0000000085300000|  0%| F|  |TAMS 0x0000000085200000, 0x0000000085200000| Untracked 
|  83|0x0000000085300000, 0x0000000085300000, 0x0000000085400000|  0%| F|  |TAMS 0x0000000085300000, 0x0000000085300000| Untracked 
|  84|0x0000000085400000, 0x0000000085400000, 0x0000000085500000|  0%| F|  |TAMS 0x0000000085400000, 0x0000000085400000| Untracked 
|  85|0x0000000085500000, 0x0000000085500000, 0x0000000085600000|  0%| F|  |TAMS 0x0000000085500000, 0x0000000085500000| Untracked 
|  86|0x0000000085600000, 0x0000000085600000, 0x0000000085700000|  0%| F|  |TAMS 0x0000000085600000, 0x0000000085600000| Untracked 
|  87|0x0000000085700000, 0x0000000085700000, 0x0000000085800000|  0%| F|  |TAMS 0x0000000085700000, 0x0000000085700000| Untracked 
|  88|0x0000000085800000, 0x0000000085800000, 0x0000000085900000|  0%| F|  |TAMS 0x0000000085800000, 0x0000000085800000| Untracked 
|  89|0x0000000085900000, 0x0000000085900000, 0x0000000085a00000|  0%| F|  |TAMS 0x0000000085900000, 0x0000000085900000| Untracked 
|  90|0x0000000085a00000, 0x0000000085a00000, 0x0000000085b00000|  0%| F|  |TAMS 0x0000000085a00000, 0x0000000085a00000| Untracked 
|  91|0x0000000085b00000, 0x0000000085b00000, 0x0000000085c00000|  0%| F|  |TAMS 0x0000000085b00000, 0x0000000085b00000| Untracked 
|  92|0x0000000085c00000, 0x0000000085c00000, 0x0000000085d00000|  0%| F|  |TAMS 0x0000000085c00000, 0x0000000085c00000| Untracked 
|  93|0x0000000085d00000, 0x0000000085d00000, 0x0000000085e00000|  0%| F|  |TAMS 0x0000000085d00000, 0x0000000085d00000| Untracked 
|  94|0x0000000085e00000, 0x0000000085e00000, 0x0000000085f00000|  0%| F|  |TAMS 0x0000000085e00000, 0x0000000085e00000| Untracked 
|  95|0x0000000085f00000, 0x0000000085f00000, 0x0000000086000000|  0%| F|  |TAMS 0x0000000085f00000, 0x0000000085f00000| Untracked 
|  96|0x0000000086000000, 0x0000000086000000, 0x0000000086100000|  0%| F|  |TAMS 0x0000000086000000, 0x0000000086000000| Untracked 
|  97|0x0000000086100000, 0x0000000086100000, 0x0000000086200000|  0%| F|  |TAMS 0x0000000086100000, 0x0000000086100000| Untracked 
|  98|0x0000000086200000, 0x0000000086200000, 0x0000000086300000|  0%| F|  |TAMS 0x0000000086200000, 0x0000000086200000| Untracked 
|  99|0x0000000086300000, 0x0000000086300000, 0x0000000086400000|  0%| F|  |TAMS 0x0000000086300000, 0x0000000086300000| Untracked 
| 100|0x0000000086400000, 0x0000000086400000, 0x0000000086500000|  0%| F|  |TAMS 0x0000000086400000, 0x0000000086400000| Untracked 
| 101|0x0000000086500000, 0x0000000086500000, 0x0000000086600000|  0%| F|  |TAMS 0x0000000086500000, 0x0000000086500000| Untracked 
| 102|0x0000000086600000, 0x0000000086600000, 0x0000000086700000|  0%| F|  |TAMS 0x0000000086600000, 0x0000000086600000| Untracked 
| 103|0x0000000086700000, 0x0000000086700000, 0x0000000086800000|  0%| F|  |TAMS 0x0000000086700000, 0x0000000086700000| Untracked 
| 104|0x0000000086800000, 0x0000000086800000, 0x0000000086900000|  0%| F|  |TAMS 0x0000000086800000, 0x0000000086800000| Untracked 
| 105|0x0000000086900000, 0x0000000086900000, 0x0000000086a00000|  0%| F|  |TAMS 0x0000000086900000, 0x0000000086900000| Untracked 
| 106|0x0000000086a00000, 0x0000000086b00000, 0x0000000086b00000|100%| E|  |TAMS 0x0000000086a00000, 0x0000000086a00000| Complete 
| 107|0x0000000086b00000, 0x0000000086c00000, 0x0000000086c00000|100%| E|CS|TAMS 0x0000000086b00000, 0x0000000086b00000| Complete 
| 108|0x0000000086c00000, 0x0000000086d00000, 0x0000000086d00000|100%| E|CS|TAMS 0x0000000086c00000, 0x0000000086c00000| Complete 
| 109|0x0000000086d00000, 0x0000000086e00000, 0x0000000086e00000|100%| E|CS|TAMS 0x0000000086d00000, 0x0000000086d00000| Complete 
| 110|0x0000000086e00000, 0x0000000086f00000, 0x0000000086f00000|100%| E|CS|TAMS 0x0000000086e00000, 0x0000000086e00000| Complete 
| 111|0x0000000086f00000, 0x0000000087000000, 0x0000000087000000|100%| E|CS|TAMS 0x0000000086f00000, 0x0000000086f00000| Complete 
| 112|0x0000000087000000, 0x0000000087100000, 0x0000000087100000|100%| E|CS|TAMS 0x0000000087000000, 0x0000000087000000| Complete 
| 113|0x0000000087100000, 0x0000000087200000, 0x0000000087200000|100%| E|CS|TAMS 0x0000000087100000, 0x0000000087100000| Complete 
| 114|0x0000000087200000, 0x0000000087300000, 0x0000000087300000|100%| E|CS|TAMS 0x0000000087200000, 0x0000000087200000| Complete 
| 115|0x0000000087300000, 0x0000000087400000, 0x0000000087400000|100%| E|CS|TAMS 0x0000000087300000, 0x0000000087300000| Complete 
| 116|0x0000000087400000, 0x0000000087500000, 0x0000000087500000|100%| E|CS|TAMS 0x0000000087400000, 0x0000000087400000| Complete 
| 117|0x0000000087500000, 0x0000000087600000, 0x0000000087600000|100%| E|CS|TAMS 0x0000000087500000, 0x0000000087500000| Complete 
| 118|0x0000000087600000, 0x0000000087700000, 0x0000000087700000|100%| E|CS|TAMS 0x0000000087600000, 0x0000000087600000| Complete 
| 119|0x0000000087700000, 0x0000000087800000, 0x0000000087800000|100%| E|CS|TAMS 0x0000000087700000, 0x0000000087700000| Complete 
| 120|0x0000000087800000, 0x0000000087900000, 0x0000000087900000|100%| E|CS|TAMS 0x0000000087800000, 0x0000000087800000| Complete 
| 121|0x0000000087900000, 0x0000000087a00000, 0x0000000087a00000|100%| E|CS|TAMS 0x0000000087900000, 0x0000000087900000| Complete 
| 122|0x0000000087a00000, 0x0000000087b00000, 0x0000000087b00000|100%| E|CS|TAMS 0x0000000087a00000, 0x0000000087a00000| Complete 
| 123|0x0000000087b00000, 0x0000000087c00000, 0x0000000087c00000|100%| E|CS|TAMS 0x0000000087b00000, 0x0000000087b00000| Complete 
| 124|0x0000000087c00000, 0x0000000087d00000, 0x0000000087d00000|100%| E|CS|TAMS 0x0000000087c00000, 0x0000000087c00000| Complete 
| 125|0x0000000087d00000, 0x0000000087e00000, 0x0000000087e00000|100%| E|CS|TAMS 0x0000000087d00000, 0x0000000087d00000| Complete 

Card table byte_map: [0x0000017747ea0000,0x00000177482a0000] _byte_map_base: 0x0000017747aa0000

Marking Bits (Prev, Next): (CMBitMap*) 0x0000017732d7eea8, (CMBitMap*) 0x0000017732d7eee0
 Prev Bits: [0x00000177486a0000, 0x000001774a6a0000)
 Next Bits: [0x000001774a6a0000, 0x000001774c6a0000)

Polling page: 0x0000017738010000

Metaspace:

Usage:
  Non-class:     36.24 MB capacity,    35.61 MB ( 98%) used,   549.77 KB (  1%) free+waste,    98.00 KB ( <1%) overhead. 
      Class:      5.56 MB capacity,     5.18 MB ( 93%) used,   342.63 KB (  6%) free+waste,    46.81 KB ( <1%) overhead. 
       Both:     41.79 MB capacity,    40.78 MB ( 98%) used,   892.39 KB (  2%) free+waste,   144.81 KB ( <1%) overhead. 

Virtual space:
  Non-class space:       38.00 MB reserved,      36.42 MB ( 96%) committed 
      Class space:        1.00 GB reserved,       5.57 MB ( <1%) committed 
             Both:        1.04 GB reserved,      42.00 MB (  4%) committed 

Chunk freelists:
   Non-Class:  59.00 KB
       Class:  7.00 KB
        Both:  66.00 KB

MaxMetaspaceSize: 17179869184.00 GB
CompressedClassSpaceSize: 1.00 GB
Initial GC threshold: 20.80 MB
Current GC threshold: 58.95 MB
CDS: off

CodeHeap 'non-profiled nmethods': size=120000Kb used=1870Kb max_used=1870Kb free=118129Kb
 bounds [0x000001773fb00000, 0x000001773fd70000, 0x0000017747030000]
CodeHeap 'profiled nmethods': size=120000Kb used=7713Kb max_used=7713Kb free=112286Kb
 bounds [0x00000177385d0000, 0x0000017738d60000, 0x000001773fb00000]
CodeHeap 'non-nmethods': size=5760Kb used=2271Kb max_used=2320Kb free=3488Kb
 bounds [0x0000017738030000, 0x00000177382a0000, 0x00000177385d0000]
 total_blobs=4354 nmethods=3590 adapters=676
 compilation: enabled
              stopped_count=0, restarted_count=0
 full_count=0

Compilation events (20 events):
Event: 14.797 Thread 0x000001774f1aa000 3596       3       jdk.internal.reflect.ClassFileAssembler::emitConstantPoolMethodref (28 bytes)
Event: 14.798 Thread 0x000001774f1aa000 nmethod 3596 0x0000017738d4d590 code [0x0000017738d4d7e0, 0x0000017738d4de68]
Event: 14.798 Thread 0x000001774f1aa000 3595       1       java.lang.reflect.Constructor::getSharedParameterTypes (5 bytes)
Event: 14.798 Thread 0x000001774f1aa000 nmethod 3595 0x000001773fcd3310 code [0x000001773fcd34c0, 0x000001773fcd3578]
Event: 14.798 Thread 0x000001774f1aa000 3597       3       jdk.internal.reflect.ClassFileAssembler::emitConstantPoolNameAndType (28 bytes)
Event: 14.799 Thread 0x000001774f1aa000 nmethod 3597 0x0000017738d4e210 code [0x0000017738d4e460, 0x0000017738d4eae8]
Event: 14.800 Thread 0x000001774f1aa000 3599       3       jdk.internal.reflect.ClassFileAssembler::emitConstantPoolClass (23 bytes)
Event: 14.801 Thread 0x000001774f1aa000 nmethod 3599 0x0000017738d4ee90 code [0x0000017738d4f0a0, 0x0000017738d4f4e8]
Event: 14.826 Thread 0x000001774f1aa000 3601   !   3       java.util.concurrent.LinkedBlockingQueue::poll (128 bytes)
Event: 14.829 Thread 0x000001774f1aa000 nmethod 3601 0x0000017738d4f710 code [0x0000017738d4fac0, 0x0000017738d51328]
Event: 14.836 Thread 0x000001774f1aa000 3602       3       sun.reflect.generics.tree.TypeVariableSignature::make (9 bytes)
Event: 14.836 Thread 0x000001774f1aa000 nmethod 3602 0x0000017738d51f90 code [0x0000017738d52160, 0x0000017738d523b8]
Event: 14.837 Thread 0x000001774f1aa000 3603       3       sun.reflect.generics.tree.TypeVariableSignature::<init> (10 bytes)
Event: 14.837 Thread 0x000001774f1aa000 nmethod 3603 0x0000017738d52490 code [0x0000017738d52640, 0x0000017738d527f8]
Event: 14.842 Thread 0x000001774f1aa000 3605       3       org.gradle.launcher.daemon.server.exec.DaemonConnectionBackedEventConsumer$ForwardEvents::moreMessagesToSend (35 bytes)
Event: 14.843 Thread 0x000001774f1aa000 nmethod 3605 0x0000017738d52890 code [0x0000017738d52a60, 0x0000017738d52d08]
Event: 14.843 Thread 0x000001774f1aa000 3606   !   3       org.gradle.launcher.daemon.server.exec.DaemonConnectionBackedEventConsumer$ForwardEvents::getNextEvent (27 bytes)
Event: 14.843 Thread 0x000001774f1aa000 nmethod 3606 0x0000017738d52e10 code [0x0000017738d52fe0, 0x0000017738d53228]
Event: 14.845 Thread 0x000001774f1aa000 3608       3       java.lang.Long::bitCount (61 bytes)
Event: 14.845 Thread 0x000001774f1aa000 nmethod 3608 0x0000017738d53390 code [0x0000017738d53540, 0x0000017738d53698]

GC Heap History (12 events):
Event: 4.981 GC heap before
{Heap before GC invocations=0 (full 0):
 garbage-first heap   total 129024K, used 29696K [0x0000000080000000, 0x0000000100000000)
  region size 1024K, 24 young (24576K), 0 survivors (0K)
 Metaspace       used 9886K, capacity 10130K, committed 10368K, reserved 1058816K
  class space    used 1013K, capacity 1102K, committed 1152K, reserved 1048576K
}
Event: 4.986 GC heap after
{Heap after GC invocations=1 (full 0):
 garbage-first heap   total 129024K, used 9012K [0x0000000080000000, 0x0000000100000000)
  region size 1024K, 3 young (3072K), 3 survivors (3072K)
 Metaspace       used 9886K, capacity 10130K, committed 10368K, reserved 1058816K
  class space    used 1013K, capacity 1102K, committed 1152K, reserved 1048576K
}
Event: 6.990 GC heap before
{Heap before GC invocations=1 (full 0):
 garbage-first heap   total 129024K, used 82740K [0x0000000080000000, 0x0000000100000000)
  region size 1024K, 75 young (76800K), 3 survivors (3072K)
 Metaspace       used 17586K, capacity 17983K, committed 18176K, reserved 1064960K
  class space    used 2050K, capacity 2209K, committed 2304K, reserved 1048576K
}
Event: 6.997 GC heap after
{Heap after GC invocations=2 (full 0):
 garbage-first heap   total 129024K, used 16065K [0x0000000080000000, 0x0000000100000000)
  region size 1024K, 10 young (10240K), 10 survivors (10240K)
 Metaspace       used 17586K, capacity 17983K, committed 18176K, reserved 1064960K
  class space    used 2050K, capacity 2209K, committed 2304K, reserved 1048576K
}
Event: 7.320 GC heap before
{Heap before GC invocations=2 (full 0):
 garbage-first heap   total 129024K, used 45761K [0x0000000080000000, 0x0000000100000000)
  region size 1024K, 40 young (40960K), 10 survivors (10240K)
 Metaspace       used 20784K, capacity 21197K, committed 21296K, reserved 1069056K
  class space    used 2528K, capacity 2684K, committed 2688K, reserved 1048576K
}
Event: 7.327 GC heap after
{Heap after GC invocations=3 (full 0):
 garbage-first heap   total 129024K, used 17382K [0x0000000080000000, 0x0000000100000000)
  region size 1024K, 2 young (2048K), 2 survivors (2048K)
 Metaspace       used 20784K, capacity 21197K, committed 21296K, reserved 1069056K
  class space    used 2528K, capacity 2684K, committed 2688K, reserved 1048576K
}
Event: 12.668 GC heap before
{Heap before GC invocations=4 (full 0):
 garbage-first heap   total 129024K, used 70630K [0x0000000080000000, 0x0000000100000000)
  region size 1024K, 55 young (56320K), 2 survivors (2048K)
 Metaspace       used 26660K, capacity 27216K, committed 27388K, reserved 1073152K
  class space    used 3433K, capacity 3637K, committed 3660K, reserved 1048576K
}
Event: 12.675 GC heap after
{Heap after GC invocations=5 (full 0):
 garbage-first heap   total 129024K, used 19179K [0x0000000080000000, 0x0000000100000000)
  region size 1024K, 4 young (4096K), 4 survivors (4096K)
 Metaspace       used 26660K, capacity 27216K, committed 27388K, reserved 1073152K
  class space    used 3433K, capacity 3637K, committed 3660K, reserved 1048576K
}
Event: 13.758 GC heap before
{Heap before GC invocations=5 (full 0):
 garbage-first heap   total 129024K, used 77547K [0x0000000080000000, 0x0000000100000000)
  region size 1024K, 62 young (63488K), 4 survivors (4096K)
 Metaspace       used 35115K, capacity 35887K, committed 35964K, reserved 1081344K
  class space    used 4490K, capacity 4784K, committed 4812K, reserved 1048576K
}
Event: 13.771 GC heap after
{Heap after GC invocations=6 (full 0):
 garbage-first heap   total 129024K, used 22632K [0x0000000080000000, 0x0000000100000000)
  region size 1024K, 7 young (7168K), 7 survivors (7168K)
 Metaspace       used 35115K, capacity 35887K, committed 35964K, reserved 1081344K
  class space    used 4490K, capacity 4784K, committed 4812K, reserved 1048576K
}
Event: 14.598 GC heap before
{Heap before GC invocations=7 (full 0):
 garbage-first heap   total 129024K, used 87144K [0x0000000080000000, 0x0000000100000000)
  region size 1024K, 68 young (69632K), 7 survivors (7168K)
 Metaspace       used 39800K, capacity 40730K, committed 40956K, reserved 1085440K
  class space    used 5025K, capacity 5370K, committed 5452K, reserved 1048576K
}
Event: 14.609 GC heap after
{Heap after GC invocations=8 (full 0):
 garbage-first heap   total 129024K, used 27715K [0x0000000080000000, 0x0000000100000000)
  region size 1024K, 9 young (9216K), 9 survivors (9216K)
 Metaspace       used 39800K, capacity 40730K, committed 40956K, reserved 1085440K
  class space    used 5025K, capacity 5370K, committed 5452K, reserved 1048576K
}

Deoptimization events (20 events):
Event: 14.417 Thread 0x0000017751cb6000 Uncommon trap: trap_request=0xffffffbe fr.pc=0x000001773fcb3630 relative=0x0000000000000850
Event: 14.417 Thread 0x0000017751cb6000 Uncommon trap: reason=profile_predicate action=maybe_recompile pc=0x000001773fcb3630 method=java.lang.PublicMethods$MethodList.filter([Ljava/lang/reflect/Method;Ljava/lang/String;[Ljava/lang/Class;Z)Ljava/lang/PublicMethods$MethodList; @ 21 c2
Event: 14.417 Thread 0x0000017751cb6000 DEOPT PACKING pc=0x000001773fcb3630 sp=0x0000003f64ff6220
Event: 14.417 Thread 0x0000017751cb6000 DEOPT UNPACKING pc=0x000001773807a1af sp=0x0000003f64ff61d8 mode 2
Event: 14.417 Thread 0x0000017751cb6000 Uncommon trap: trap_request=0xffffffbe fr.pc=0x000001773fcb3630 relative=0x0000000000000850
Event: 14.417 Thread 0x0000017751cb6000 Uncommon trap: reason=profile_predicate action=maybe_recompile pc=0x000001773fcb3630 method=java.lang.PublicMethods$MethodList.filter([Ljava/lang/reflect/Method;Ljava/lang/String;[Ljava/lang/Class;Z)Ljava/lang/PublicMethods$MethodList; @ 21 c2
Event: 14.417 Thread 0x0000017751cb6000 DEOPT PACKING pc=0x000001773fcb3630 sp=0x0000003f64ff5a60
Event: 14.417 Thread 0x0000017751cb6000 DEOPT UNPACKING pc=0x000001773807a1af sp=0x0000003f64ff5a18 mode 2
Event: 14.425 Thread 0x0000017751cb6000 Uncommon trap: trap_request=0xffffffbe fr.pc=0x000001773fcb3630 relative=0x0000000000000850
Event: 14.425 Thread 0x0000017751cb6000 Uncommon trap: reason=profile_predicate action=maybe_recompile pc=0x000001773fcb3630 method=java.lang.PublicMethods$MethodList.filter([Ljava/lang/reflect/Method;Ljava/lang/String;[Ljava/lang/Class;Z)Ljava/lang/PublicMethods$MethodList; @ 21 c2
Event: 14.425 Thread 0x0000017751cb6000 DEOPT PACKING pc=0x000001773fcb3630 sp=0x0000003f64ff4100
Event: 14.425 Thread 0x0000017751cb6000 DEOPT UNPACKING pc=0x000001773807a1af sp=0x0000003f64ff40b8 mode 2
Event: 14.425 Thread 0x0000017751cb6000 Uncommon trap: trap_request=0xffffffbe fr.pc=0x000001773fcb3630 relative=0x0000000000000850
Event: 14.425 Thread 0x0000017751cb6000 Uncommon trap: reason=profile_predicate action=maybe_recompile pc=0x000001773fcb3630 method=java.lang.PublicMethods$MethodList.filter([Ljava/lang/reflect/Method;Ljava/lang/String;[Ljava/lang/Class;Z)Ljava/lang/PublicMethods$MethodList; @ 21 c2
Event: 14.425 Thread 0x0000017751cb6000 DEOPT PACKING pc=0x000001773fcb3630 sp=0x0000003f64ff3940
Event: 14.425 Thread 0x0000017751cb6000 DEOPT UNPACKING pc=0x000001773807a1af sp=0x0000003f64ff38f8 mode 2
Event: 14.666 Thread 0x0000017751cb6000 Uncommon trap: trap_request=0xffffff4d fr.pc=0x000001773fc75a30 relative=0x0000000000000110
Event: 14.666 Thread 0x0000017751cb6000 Uncommon trap: reason=unstable_if action=reinterpret pc=0x000001773fc75a30 method=java.util.Arrays.hashCode([Ljava/lang/Object;)I @ 34 c2
Event: 14.667 Thread 0x0000017751cb6000 DEOPT PACKING pc=0x000001773fc75a30 sp=0x0000003f64ff90d0
Event: 14.667 Thread 0x0000017751cb6000 DEOPT UNPACKING pc=0x000001773807a1af sp=0x0000003f64ff9048 mode 2

Classes redefined (0 events):
No events

Internal exceptions (20 events):
Event: 14.576 Thread 0x0000017751cb6000 Exception <a 'java/lang/ClassNotFoundException'{0x000000008425a748}: org/gradle/internal/management/DefaultDependencyResolutionManagementCustomizer> (0x000000008425a748) thrown at [./src/hotspot/share/classfile/systemDictionary.cpp, line 231]
Event: 14.578 Thread 0x0000017751cb6000 Exception <a 'java/lang/ClassNotFoundException'{0x00000000842a9dc8}: org/gradle/internal/management/DefaultDependencyResolutionManagement_DecoratedCustomizer> (0x00000000842a9dc8) thrown at [./src/hotspot/share/classfile/systemDictionary.cpp, line 231]
Event: 14.586 Thread 0x0000017751cb6000 Exception <a 'java/lang/ClassNotFoundException'{0x0000000084135b78}: org/gradle/api/initialization/resolve/RepositoriesModeBeanInfo> (0x0000000084135b78) thrown at [./src/hotspot/share/classfile/systemDictionary.cpp, line 231]
Event: 14.586 Thread 0x0000017751cb6000 Exception <a 'java/lang/ClassNotFoundException'{0x000000008413aa40}: java/lang/EnumBeanInfo> (0x000000008413aa40) thrown at [./src/hotspot/share/classfile/systemDictionary.cpp, line 231]
Event: 14.586 Thread 0x0000017751cb6000 Exception <a 'java/lang/ClassNotFoundException'{0x000000008413f928}: java/lang/EnumCustomizer> (0x000000008413f928) thrown at [./src/hotspot/share/classfile/systemDictionary.cpp, line 231]
Event: 14.589 Thread 0x0000017751cb6000 Exception <a 'java/lang/ClassNotFoundException'{0x000000008416e2c8}: org/gradle/api/initialization/resolve/RepositoriesModeCustomizer> (0x000000008416e2c8) thrown at [./src/hotspot/share/classfile/systemDictionary.cpp, line 231]
Event: 14.598 Thread 0x0000017751cb6000 Exception <a 'java/lang/ClassNotFoundException'{0x00000000841f9de8}: org/gradle/api/internal/provider/DefaultPropertyBeanInfo> (0x00000000841f9de8) thrown at [./src/hotspot/share/classfile/systemDictionary.cpp, line 231]
Event: 14.611 Thread 0x0000017751cb6000 Exception <a 'java/lang/ClassNotFoundException'{0x0000000087d20590}: org/gradle/api/internal/provider/AbstractPropertyBeanInfo> (0x0000000087d20590) thrown at [./src/hotspot/share/classfile/systemDictionary.cpp, line 231]
Event: 14.612 Thread 0x0000017751cb6000 Exception <a 'java/lang/ClassNotFoundException'{0x0000000087d48a78}: org/gradle/api/internal/provider/AbstractMinimalProviderBeanInfo> (0x0000000087d48a78) thrown at [./src/hotspot/share/classfile/systemDictionary.cpp, line 231]
Event: 14.613 Thread 0x0000017751cb6000 Exception <a 'java/lang/ClassNotFoundException'{0x0000000087d719e0}: org/gradle/api/internal/provider/AbstractMinimalProviderCustomizer> (0x0000000087d719e0) thrown at [./src/hotspot/share/classfile/systemDictionary.cpp, line 231]
Event: 14.617 Thread 0x0000017751cb6000 Exception <a 'java/lang/ClassNotFoundException'{0x0000000087ddbc70}: org/gradle/api/internal/provider/AbstractPropertyCustomizer> (0x0000000087ddbc70) thrown at [./src/hotspot/share/classfile/systemDictionary.cpp, line 231]
Event: 14.619 Thread 0x0000017751cb6000 Exception <a 'java/lang/ClassNotFoundException'{0x0000000087c0eb10}: org/gradle/api/internal/provider/DefaultPropertyCustomizer> (0x0000000087c0eb10) thrown at [./src/hotspot/share/classfile/systemDictionary.cpp, line 231]
Event: 14.663 Thread 0x0000017751cb6000 Exception <a 'java/lang/ClassNotFoundException'{0x0000000087a02718}: org/gradle/initialization/DefaultProjectDescriptorBeanInfo> (0x0000000087a02718) thrown at [./src/hotspot/share/classfile/systemDictionary.cpp, line 231]
Event: 14.664 Thread 0x0000017751cb6000 Exception <a 'java/lang/ClassNotFoundException'{0x0000000087a287d8}: org/gradle/initialization/DefaultProjectDescriptorCustomizer> (0x0000000087a287d8) thrown at [./src/hotspot/share/classfile/systemDictionary.cpp, line 231]
Event: 14.666 Thread 0x0000017751cb6000 Implicit null exception at 0x000001773fc7596c to 0x000001773fc75a14
Event: 14.795 Thread 0x0000017750829800 Exception <a 'java/lang/NoSuchMethodError'{0x0000000086f04f98}: <clinit>> (0x0000000086f04f98) thrown at [./src/hotspot/share/prims/jni.cpp, line 1366]
Event: 14.795 Thread 0x0000017750829800 Exception <a 'java/lang/NoSuchMethodError'{0x0000000086f06688}: <clinit>> (0x0000000086f06688) thrown at [./src/hotspot/share/prims/jni.cpp, line 1366]
Event: 14.797 Thread 0x0000017750829800 Exception <a 'java/lang/NoSuchMethodError'{0x0000000086f15b60}: <clinit>> (0x0000000086f15b60) thrown at [./src/hotspot/share/prims/jni.cpp, line 1366]
Event: 14.798 Thread 0x0000017750829800 Exception <a 'java/lang/NoSuchMethodError'{0x0000000086f17ee8}: <clinit>> (0x0000000086f17ee8) thrown at [./src/hotspot/share/prims/jni.cpp, line 1366]
Event: 14.800 Thread 0x0000017750829800 Exception <a 'java/lang/NoSuchMethodError'{0x0000000086f27e08}: <clinit>> (0x0000000086f27e08) thrown at [./src/hotspot/share/prims/jni.cpp, line 1366]

Events (20 events):
Event: 14.847 loading class org/gradle/platform/base/BinaryTasks
Event: 14.847 loading class org/gradle/platform/base/BinaryTasks done
Event: 14.848 loading class org/gradle/model/internal/manage/binding/DefaultStructBindingsStore
Event: 14.848 loading class org/gradle/model/internal/manage/binding/DefaultStructBindingsStore done
Event: 14.850 loading class org/gradle/model/internal/manage/binding/DefaultStructBindingsStore$1
Event: 14.850 loading class org/gradle/model/internal/manage/binding/DefaultStructBindingsStore$1 done
Event: 14.851 loading class org/gradle/model/internal/manage/binding/InvalidManagedTypeException
Event: 14.851 loading class org/gradle/model/internal/manage/binding/InvalidManagedTypeException done
Event: 14.851 loading class org/gradle/model/internal/manage/binding/StructBindingValidationProblemCollector
Event: 14.851 loading class org/gradle/model/internal/manage/binding/StructBindingValidationProblemCollector done
Event: 14.852 loading class org/gradle/model/internal/manage/binding/StructBindings
Event: 14.852 loading class org/gradle/model/internal/manage/binding/StructBindings done
Event: 14.853 loading class org/gradle/internal/reflect/Types$TypeVisitor
Event: 14.853 loading class org/gradle/internal/reflect/Types$TypeVisitor done
Event: 14.853 loading class org/gradle/model/internal/manage/binding/StructMethodBinding
Event: 14.853 loading class org/gradle/model/internal/manage/binding/StructMethodBinding done
Event: 14.854 loading class org/gradle/model/internal/manage/instance/ManagedProxyFactory$1
Event: 14.854 loading class org/gradle/model/internal/manage/instance/ManagedProxyFactory$1 done
Event: 14.855 loading class org/gradle/model/internal/manage/schema/extract/ManagedProxyClassGenerator
Event: 14.855 loading class org/gradle/model/internal/manage/schema/extract/ManagedProxyClassGenerator done


Dynamic libraries:
0x00007ff70d370000 - 0x00007ff70d37a000 	C:\Program Files\Android\Android Studio\jre\bin\java.exe
0x00007ffcc9390000 - 0x00007ffcc9588000 	C:\WINDOWS\SYSTEM32\ntdll.dll
0x00007ffcc7890000 - 0x00007ffcc794f000 	C:\WINDOWS\System32\KERNEL32.DLL
0x00007ffcc6e30000 - 0x00007ffcc7102000 	C:\WINDOWS\System32\KERNELBASE.dll
0x00007ffcc6ce0000 - 0x00007ffcc6de0000 	C:\WINDOWS\System32\ucrtbase.dll
0x00007ffca7690000 - 0x00007ffca76a9000 	C:\Program Files\Android\Android Studio\jre\bin\jli.dll
0x00007ffc8d1a0000 - 0x00007ffc8d1b7000 	C:\Program Files\Android\Android Studio\jre\bin\VCRUNTIME140.dll
0x00007ffcc8e70000 - 0x00007ffcc900d000 	C:\WINDOWS\System32\USER32.dll
0x00007ffcc7220000 - 0x00007ffcc7242000 	C:\WINDOWS\System32\win32u.dll
0x00007ffcb3320000 - 0x00007ffcb35ba000 	C:\WINDOWS\WinSxS\amd64_microsoft.windows.common-controls_6595b64144ccf1df_6.0.19041.1110_none_60b5254171f9507e\COMCTL32.dll
0x00007ffcc8e30000 - 0x00007ffcc8e5b000 	C:\WINDOWS\System32\GDI32.dll
0x00007ffcc7a60000 - 0x00007ffcc7afe000 	C:\WINDOWS\System32\msvcrt.dll
0x00007ffcc7110000 - 0x00007ffcc721f000 	C:\WINDOWS\System32\gdi32full.dll
0x00007ffcc6a90000 - 0x00007ffcc6b2d000 	C:\WINDOWS\System32\msvcp_win.dll
0x00007ffcc8980000 - 0x00007ffcc89b2000 	C:\WINDOWS\System32\IMM32.DLL
0x00007ffc7fd90000 - 0x00007ffc7fe2d000 	C:\Program Files\Android\Android Studio\jre\bin\msvcp140.dll
0x00007ffc778e0000 - 0x00007ffc783e2000 	C:\Program Files\Android\Android Studio\jre\bin\server\jvm.dll
0x00007ffcc88d0000 - 0x00007ffcc897e000 	C:\WINDOWS\System32\ADVAPI32.dll
0x00007ffcc8830000 - 0x00007ffcc88cc000 	C:\WINDOWS\System32\sechost.dll
0x00007ffcc91c0000 - 0x00007ffcc92e5000 	C:\WINDOWS\System32\RPCRT4.dll
0x00007ffcc73e0000 - 0x00007ffcc73e8000 	C:\WINDOWS\System32\PSAPI.DLL
0x00007ffca8490000 - 0x00007ffca84b7000 	C:\WINDOWS\SYSTEM32\WINMM.dll
0x00007ffcbf400000 - 0x00007ffcbf409000 	C:\WINDOWS\SYSTEM32\WSOCK32.dll
0x00007ffcbd750000 - 0x00007ffcbd75a000 	C:\WINDOWS\SYSTEM32\VERSION.dll
0x00007ffcc7b00000 - 0x00007ffcc7b6b000 	C:\WINDOWS\System32\WS2_32.dll
0x00007ffcc52e0000 - 0x00007ffcc52f2000 	C:\WINDOWS\SYSTEM32\kernel.appcore.dll
0x00007ffcbe780000 - 0x00007ffcbe791000 	C:\Program Files\Android\Android Studio\jre\bin\verify.dll
0x00007ffcc5000000 - 0x00007ffcc51e4000 	C:\WINDOWS\SYSTEM32\DBGHELP.DLL
0x00007ffcb1d00000 - 0x00007ffcb1d2c000 	C:\WINDOWS\SYSTEM32\dbgcore.DLL
0x00007ffcc6be0000 - 0x00007ffcc6c62000 	C:\WINDOWS\System32\bcryptPrimitives.dll
0x00007ffcbe4a0000 - 0x00007ffcbe4c9000 	C:\Program Files\Android\Android Studio\jre\bin\java.dll
0x00007ffcbf3b0000 - 0x00007ffcbf3bb000 	C:\Program Files\Android\Android Studio\jre\bin\jimage.dll
0x00007ffcbe6c0000 - 0x00007ffcbe6d8000 	C:\Program Files\Android\Android Studio\jre\bin\zip.dll
0x00007ffcc7ca0000 - 0x00007ffcc83e3000 	C:\WINDOWS\System32\SHELL32.dll
0x00007ffcc4790000 - 0x00007ffcc4f22000 	C:\WINDOWS\SYSTEM32\windows.storage.dll
0x00007ffcc7530000 - 0x00007ffcc7884000 	C:\WINDOWS\System32\combase.dll
0x00007ffcc6480000 - 0x00007ffcc64b0000 	C:\WINDOWS\SYSTEM32\Wldp.dll
0x00007ffcc8780000 - 0x00007ffcc882d000 	C:\WINDOWS\System32\SHCORE.dll
0x00007ffcc7450000 - 0x00007ffcc74a5000 	C:\WINDOWS\System32\shlwapi.dll
0x00007ffcc69d0000 - 0x00007ffcc69ef000 	C:\WINDOWS\SYSTEM32\profapi.dll
0x00007ffcbe570000 - 0x00007ffcbe58a000 	C:\Program Files\Android\Android Studio\jre\bin\net.dll
0x00007ffcba0a0000 - 0x00007ffcba1ac000 	C:\WINDOWS\SYSTEM32\WINHTTP.dll
0x00007ffcc61e0000 - 0x00007ffcc624a000 	C:\WINDOWS\system32\mswsock.dll
0x00007ffcbd140000 - 0x00007ffcbd154000 	C:\Program Files\Android\Android Studio\jre\bin\nio.dll
0x00007ffcbc9d0000 - 0x00007ffcbc9f7000 	C:\Users\Asus\.gradle\native\e1d6ef7f7dcc3fd88c89a11ec53ec762bb8ba0a96d01ffa2cd45eb1d1d8dd5c5\windows-amd64\native-platform.dll
0x00007ffc7b430000 - 0x00007ffc7b574000 	C:\Users\Asus\.gradle\native\5664cfc778a61ccfe75a443a1ab52a65af34e5dc3c78e0209fed803814484fcb\windows-amd64\native-platform-file-events.dll
0x00007ffcbf2c0000 - 0x00007ffcbf2ca000 	C:\Program Files\Android\Android Studio\jre\bin\management.dll
0x00007ffcbed40000 - 0x00007ffcbed4d000 	C:\Program Files\Android\Android Studio\jre\bin\management_ext.dll
0x00007ffcc63d0000 - 0x00007ffcc63e8000 	C:\WINDOWS\SYSTEM32\CRYPTSP.dll
0x00007ffcc5a90000 - 0x00007ffcc5ac4000 	C:\WINDOWS\system32\rsaenh.dll
0x00007ffcc7250000 - 0x00007ffcc7277000 	C:\WINDOWS\System32\bcrypt.dll
0x00007ffcc6950000 - 0x00007ffcc697e000 	C:\WINDOWS\SYSTEM32\USERENV.dll
0x00007ffcc63f0000 - 0x00007ffcc63fc000 	C:\WINDOWS\SYSTEM32\CRYPTBASE.dll
0x00007ffcc5ed0000 - 0x00007ffcc5f0b000 	C:\WINDOWS\SYSTEM32\IPHLPAPI.DLL
0x00007ffcc8e60000 - 0x00007ffcc8e68000 	C:\WINDOWS\System32\NSI.dll
0x00007ffcbc010000 - 0x00007ffcbc027000 	C:\WINDOWS\SYSTEM32\dhcpcsvc6.DLL
0x00007ffcbbff0000 - 0x00007ffcbc00d000 	C:\WINDOWS\SYSTEM32\dhcpcsvc.DLL
0x00007ffcc5f10000 - 0x00007ffcc5fda000 	C:\WINDOWS\SYSTEM32\DNSAPI.dll

dbghelp: loaded successfully - version: 4.0.5 - missing functions: none
symbol engine: initialized successfully - sym options: 0x614 - pdb path: .;C:\Program Files\Android\Android Studio\jre\bin;C:\WINDOWS\SYSTEM32;C:\WINDOWS\WinSxS\amd64_microsoft.windows.common-controls_6595b64144ccf1df_6.0.19041.1110_none_60b5254171f9507e;C:\Program Files\Android\Android Studio\jre\bin\server;C:\Users\Asus\.gradle\native\e1d6ef7f7dcc3fd88c89a11ec53ec762bb8ba0a96d01ffa2cd45eb1d1d8dd5c5\windows-amd64;C:\Users\Asus\.gradle\native\5664cfc778a61ccfe75a443a1ab52a65af34e5dc3c78e0209fed803814484fcb\windows-amd64

VM Arguments:
jvm_args: --add-opens=java.base/java.util=ALL-UNNAMED --add-opens=java.base/java.lang=ALL-UNNAMED --add-opens=java.base/java.lang.invoke=ALL-UNNAMED --add-opens=java.base/java.util=ALL-UNNAMED --add-opens=java.prefs/java.util.prefs=ALL-UNNAMED --add-opens=java.prefs/java.util.prefs=ALL-UNNAMED --add-opens=java.base/java.nio.charset=ALL-UNNAMED --add-opens=java.base/java.net=ALL-UNNAMED --add-opens=java.base/java.util.concurrent.atomic=ALL-UNNAMED -Xmx2048m -Dfile.encoding=UTF-8 -Duser.country=US -Duser.language=en -Duser.variant 
java_command: org.gradle.launcher.daemon.bootstrap.GradleDaemon 7.3.3
java_class_path (initial): C:\Users\Asus\.gradle\wrapper\dists\gradle-7.3.3-bin\6a41zxkdtcxs8rphpq6y0069z\gradle-7.3.3\lib\gradle-launcher-7.3.3.jar
Launcher Type: SUN_STANDARD

[Global flags]
     intx CICompilerCount                          = 4                                         {product} {ergonomic}
     uint ConcGCThreads                            = 2                                         {product} {ergonomic}
     uint G1ConcRefinementThreads                  = 8                                         {product} {ergonomic}
   size_t G1HeapRegionSize                         = 1048576                                   {product} {ergonomic}
    uintx GCDrainStackTargetSize                   = 64                                        {product} {ergonomic}
   size_t InitialHeapSize                          = 132120576                                 {product} {ergonomic}
   size_t MarkStackSize                            = 4194304                                   {product} {ergonomic}
   size_t MaxHeapSize                              = 2147483648                                {product} {command line}
   size_t MaxNewSize                               = 1287651328                                {product} {ergonomic}
   size_t MinHeapDeltaBytes                        = 1048576                                   {product} {ergonomic}
    uintx NonNMethodCodeHeapSize                   = 5836300                                {pd product} {ergonomic}
    uintx NonProfiledCodeHeapSize                  = 122910970                              {pd product} {ergonomic}
    uintx ProfiledCodeHeapSize                     = 122910970                              {pd product} {ergonomic}
    uintx ReservedCodeCacheSize                    = 251658240                              {pd product} {ergonomic}
     bool SegmentedCodeCache                       = true                                      {product} {ergonomic}
     bool UseCompressedClassPointers               = true                                 {lp64_product} {ergonomic}
     bool UseCompressedOops                        = true                                 {lp64_product} {ergonomic}
     bool UseG1GC                                  = true                                      {product} {ergonomic}
     bool UseLargePagesIndividualAllocation        = false                                  {pd product} {ergonomic}

Logging:
Log output configuration:
 #0: stdout all=warning uptime,level,tags
 #1: stderr all=off uptime,level,tags

Environment Variables:
PATH=C:\Program Files (x86)\Common Files\Intel\Shared Libraries\redist\intel64\compiler;C:\Program Files\Microsoft MPI\Bin\;C:\WINDOWS\system32;C:\WINDOWS;C:\WINDOWS\System32\Wbem;C:\WINDOWS\System32\WindowsPowerShell\v1.0\;C:\WINDOWS\System32\OpenSSH\;C:\Program Files\dotnet\;C:\Program Files\Microsoft SQL Server\130\Tools\Binn\;C:\Program Files (x86)\dotnet\;C:\Program Files\Microsoft SQL Server\Client SDK\ODBC\170\Tools\Binn\;C:\Program Files\Azure Data Studio\bin;C:\Program Files (x86)\Microsoft SQL Server\150\Tools\Binn\;C:\Program Files\Microsoft SQL Server\150\Tools\Binn\;C:\Program Files (x86)\Microsoft SQL Server\150\DTS\Binn\;C:\Program Files\Microsoft SQL Server\150\DTS\Binn\;C:\Program Files\Git\cmd;C:\Users\Asus\AppData\Local\Microsoft\WindowsApps;C:\Users\Asus\.dotnet\tools;C:\Program Files\Azure Data Studio\bin;C:\Users\Asus\AppData\Local\Programs\Microsoft VS Code\bin;C:\Users\Asus\AppData\Local\GitHubDesktop\bin
USERNAME=Asus
OS=Windows_NT
PROCESSOR_IDENTIFIER=Intel64 Family 6 Model 142 Stepping 12, GenuineIntel



---------------  S Y S T E M  ---------------

OS: Windows 10 , 64 bit Build 19041 (10.0.19041.2251)
OS uptime: 1 days 4:58 hours

CPU:total 8 (initial active 8) (4 cores per cpu, 2 threads per core) family 6 model 142 stepping 12 microcode 0xca, cmov, cx8, fxsr, mmx, sse, sse2, sse3, ssse3, sse4.1, sse4.2, popcnt, avx, avx2, aes, clmul, erms, 3dnowpref, lzcnt, ht, tsc, tscinvbit, bmi1, bmi2, adx, fma

Memory: 4k page, system-wide physical 8028M (411M free)
TotalPageFile size 12028M (AvailPageFile size 2M)
current process WorkingSet (physical memory assigned to process): 269M, peak: 270M
current process commit charge ("private bytes"): 325M, peak: 326M

vm_info: OpenJDK 64-Bit Server VM (11.0.13+0-b1751.21-8125866) for windows-amd64 JRE (11.0.13+0-b1751.21-8125866), built on Feb  2 2022 03:00:22 by "builder" with MS VC++ 14.0 (VS2015)

END.
