#
# There is insufficient memory for the Java Runtime Environment to continue.
# Native memory allocation (malloc) failed to allocate 1735536 bytes for Chunk::new
# Possible reasons:
#   The system is out of physical RAM or swap space
#   The process is running with CompressedOops enabled, and the Java Heap may be blocking the growth of the native heap
# Possible solutions:
#   Reduce memory load on the system
#   Increase physical memory or swap space
#   Check if swap backing store is full
#   Decrease Java heap size (-Xmx/-Xms)
#   Decrease number of Java threads
#   Decrease Java thread stack sizes (-Xss)
#   Set larger code cache with -XX:ReservedCodeCacheSize=
#   JVM is running with Unscaled Compressed Oops mode in which the Java heap is
#     placed in the first 4GB address space. The Java Heap base address is the
#     maximum limit for the native heap growth. Please use -XX:HeapBaseMinAddress
#     to set the Java Heap base and to place the Java Heap above 4GB virtual address.
# This output file may be truncated or incomplete.
#
#  Out of Memory Error (./src/hotspot/share/memory/arena.cpp:197), pid=9660, tid=15192
#
# JRE version: OpenJDK Runtime Environment (11.0.13) (build 11.0.13+0-b1751.21-8125866)
# Java VM: OpenJDK 64-Bit Server VM (11.0.13+0-b1751.21-8125866, mixed mode, tiered, compressed oops, g1 gc, windows-amd64)
# No core dump will be written. Minidumps are not enabled by default on client versions of Windows
#

---------------  S U M M A R Y ------------

Command Line: --add-opens=java.base/java.util=ALL-UNNAMED --add-opens=java.base/java.lang=ALL-UNNAMED --add-opens=java.base/java.lang.invoke=ALL-UNNAMED --add-opens=java.base/java.util=ALL-UNNAMED --add-opens=java.prefs/java.util.prefs=ALL-UNNAMED --add-opens=java.prefs/java.util.prefs=ALL-UNNAMED --add-opens=java.base/java.nio.charset=ALL-UNNAMED --add-opens=java.base/java.net=ALL-UNNAMED --add-opens=java.base/java.util.concurrent.atomic=ALL-UNNAMED -Xmx2048m -Dfile.encoding=UTF-8 -Duser.country=US -Duser.language=en -Duser.variant org.gradle.launcher.daemon.bootstrap.GradleDaemon 7.3.3

Host: Intel(R) Core(TM) i5-10210U CPU @ 1.60GHz, 8 cores, 7G,  Windows 10 , 64 bit Build 19041 (10.0.19041.2251)
Time: Sun Dec  4 19:57:46 2022 SE Asia Standard Time elapsed time: 13.906592 seconds (0d 0h 0m 13s)

---------------  T H R E A D  ---------------

Current thread (0x0000022a65c95000):  JavaThread "C2 CompilerThread0" daemon [_thread_in_native, id=15192, stack(0x000000608a800000,0x000000608a900000)]


Current CompileTask:
C2:  13906 10183 %     4       com.android.tools.r8.dex.j::m @ 64 (2094 bytes)

Stack: [0x000000608a800000,0x000000608a900000]
Native frames: (J=compiled Java code, j=interpreted, Vv=VM code, C=native code)
V  [jvm.dll+0x6100fa]
V  [jvm.dll+0x747090]
V  [jvm.dll+0x7486ad]
V  [jvm.dll+0x748d83]
V  [jvm.dll+0x24ab48]
V  [jvm.dll+0xc04dc]
V  [jvm.dll+0xc0a0c]
V  [jvm.dll+0x35eb9d]
V  [jvm.dll+0x32b833]
V  [jvm.dll+0x32ad2a]
V  [jvm.dll+0x2032b2]
V  [jvm.dll+0x202437]
V  [jvm.dll+0x188e01]
V  [jvm.dll+0x21106b]
V  [jvm.dll+0x20f8c1]
V  [jvm.dll+0x70de0f]
V  [jvm.dll+0x706a75]
V  [jvm.dll+0x60ed66]
C  [ucrtbase.dll+0x21bb2]
C  [KERNEL32.DLL+0x174b4]
C  [ntdll.dll+0x526a1]


---------------  P R O C E S S  ---------------

Threads class SMR info:
_java_thread_list=0x0000022a6c56e2d0, length=140, elements={
0x0000022a4b7be000, 0x0000022a65c63000, 0x0000022a65c66800, 0x0000022a65c83800,
0x0000022a65c84800, 0x0000022a65c86000, 0x0000022a65c95000, 0x0000022a65c99800,
0x0000022a65c9c800, 0x0000022a66779800, 0x0000022a67b75000, 0x0000022a69bb0000,
0x0000022a67baf800, 0x0000022a69ce9000, 0x0000022a67787800, 0x0000022a68995000,
0x0000022a67a2a000, 0x0000022a68547800, 0x0000022a66ee9800, 0x0000022a6877a800,
0x0000022a68c5f800, 0x0000022a68c66000, 0x0000022a68c62000, 0x0000022a697e0000,
0x0000022a68c60800, 0x0000022a68c64800, 0x0000022a68c65800, 0x0000022a68c61800,
0x0000022a68c63000, 0x0000022a68c63800, 0x0000022a6985d000, 0x0000022a69858000,
0x0000022a69859000, 0x0000022a6985f800, 0x0000022a6985b800, 0x0000022a69860800,
0x0000022a6985e000, 0x0000022a6985f000, 0x0000022a6985a800, 0x0000022a69866000,
0x0000022a69865800, 0x0000022a69861000, 0x0000022a69862000, 0x0000022a69863000,
0x0000022a69863800, 0x0000022a69864800, 0x0000022a6c405800, 0x0000022a6c406000,
0x0000022a6c40b000, 0x0000022a6c40c000, 0x0000022a6c40a000, 0x0000022a6c40c800,
0x0000022a6c407000, 0x0000022a6c40d800, 0x0000022a6c408800, 0x0000022a6c407800,
0x0000022a6c40f000, 0x0000022a6c409800, 0x0000022a6c410000, 0x0000022a6c414000,
0x0000022a6c413000, 0x0000022a6c40e800, 0x0000022a6c410800, 0x0000022a6c411800,
0x0000022a6c412800, 0x0000022a69734800, 0x0000022a69733800, 0x0000022a69735000,
0x0000022a69732000, 0x0000022a69736000, 0x0000022a69730800, 0x0000022a69737000,
0x0000022a69731000, 0x0000022a69737800, 0x0000022a69738800, 0x0000022a69733000,
0x0000022a6973b000, 0x0000022a6973f000, 0x0000022a6973a000, 0x0000022a6973b800,
0x0000022a6973e000, 0x0000022a6973c800, 0x0000022a6973d800, 0x0000022a69739800,
0x0000022a6b9f3000, 0x0000022a6b9f4800, 0x0000022a6b9f4000, 0x0000022a6b9f7000,
0x0000022a6b9f8000, 0x0000022a6b9f9800, 0x0000022a6b9f9000, 0x0000022a6b9fb800,
0x0000022a6b9f5800, 0x0000022a6b9fc000, 0x0000022a6b9f6800, 0x0000022a6b9ff800,
0x0000022a6b9fe800, 0x0000022a6b9fd000, 0x0000022a6b9fd800, 0x0000022a6ba00000,
0x0000022a6b9fa800, 0x0000022a6ba02000, 0x0000022a6ba01000, 0x0000022a69d2a000,
0x0000022a69d2f000, 0x0000022a69d2a800, 0x0000022a69d30800, 0x0000022a69d2c800,
0x0000022a69d2d000, 0x0000022a69d31000, 0x0000022a69d2b800, 0x0000022a69d32000,
0x0000022a69d33000, 0x0000022a69d2f800, 0x0000022a69d33800, 0x0000022a69d2e000,
0x0000022a69d34800, 0x0000022a69d35800, 0x0000022a69d36000, 0x0000022a69d37000,
0x0000022a69d38000, 0x0000022a69d38800, 0x0000022a6baff800, 0x0000022a6bb04800,
0x0000022a6bb00000, 0x0000022a6bb05000, 0x0000022a6bb06000, 0x0000022a6bb06800,
0x0000022a6bb03800, 0x0000022a6bb01000, 0x0000022a6bb08800, 0x0000022a6bb02800,
0x0000022a6bb0b000, 0x0000022a6bb0b800, 0x0000022a6bb09000, 0x0000022a6bb0a000,
0x0000022a6bb0c800, 0x0000022a6bb0d800, 0x0000022a6bb07800, 0x0000022a6bb0e000
}

Java Threads: ( => current thread )
  0x0000022a4b7be000 JavaThread "main" [_thread_blocked, id=12468, stack(0x0000006089c00000,0x0000006089d00000)]
  0x0000022a65c63000 JavaThread "Reference Handler" daemon [_thread_blocked, id=5228, stack(0x000000608a300000,0x000000608a400000)]
  0x0000022a65c66800 JavaThread "Finalizer" daemon [_thread_blocked, id=2348, stack(0x000000608a400000,0x000000608a500000)]
  0x0000022a65c83800 JavaThread "Signal Dispatcher" daemon [_thread_blocked, id=12248, stack(0x000000608a500000,0x000000608a600000)]
  0x0000022a65c84800 JavaThread "Attach Listener" daemon [_thread_blocked, id=16336, stack(0x000000608a600000,0x000000608a700000)]
  0x0000022a65c86000 JavaThread "Service Thread" daemon [_thread_blocked, id=9440, stack(0x000000608a700000,0x000000608a800000)]
=>0x0000022a65c95000 JavaThread "C2 CompilerThread0" daemon [_thread_in_native, id=15192, stack(0x000000608a800000,0x000000608a900000)]
  0x0000022a65c99800 JavaThread "C1 CompilerThread0" daemon [_thread_blocked, id=15700, stack(0x000000608a900000,0x000000608aa00000)]
  0x0000022a65c9c800 JavaThread "Sweeper thread" daemon [_thread_blocked, id=12012, stack(0x000000608aa00000,0x000000608ab00000)]
  0x0000022a66779800 JavaThread "Common-Cleaner" daemon [_thread_blocked, id=15176, stack(0x000000608ab00000,0x000000608ac00000)]
  0x0000022a67b75000 JavaThread "Daemon health stats" [_thread_blocked, id=15448, stack(0x000000608b100000,0x000000608b200000)]
  0x0000022a69bb0000 JavaThread "Incoming local TCP Connector on port 63946" [_thread_in_native, id=7228, stack(0x000000608ad00000,0x000000608ae00000)]
  0x0000022a67baf800 JavaThread "Daemon periodic checks" [_thread_blocked, id=1208, stack(0x000000608ae00000,0x000000608af00000)]
  0x0000022a69ce9000 JavaThread "Daemon" [_thread_blocked, id=9072, stack(0x000000608b200000,0x000000608b300000)]
  0x0000022a67787800 JavaThread "Handler for socket connection from /127.0.0.1:63946 to /127.0.0.1:63947" [_thread_in_native, id=16340, stack(0x000000608b300000,0x000000608b400000)]
  0x0000022a68995000 JavaThread "Cancel handler" [_thread_blocked, id=16180, stack(0x000000608b400000,0x000000608b500000)]
  0x0000022a67a2a000 JavaThread "Daemon worker" [_thread_blocked, id=13744, stack(0x000000608b500000,0x000000608b600000)]
  0x0000022a68547800 JavaThread "Asynchronous log dispatcher for DefaultDaemonConnection: socket connection from /127.0.0.1:63946 to /127.0.0.1:63947" [_thread_blocked, id=16328, stack(0x000000608b600000,0x000000608b700000)]
  0x0000022a66ee9800 JavaThread "Stdin handler" [_thread_blocked, id=9020, stack(0x000000608b700000,0x000000608b800000)]
  0x0000022a6877a800 JavaThread "Daemon client event forwarder" [_thread_blocked, id=15364, stack(0x000000608b800000,0x000000608b900000)]
  0x0000022a68c5f800 JavaThread "Cache worker for journal cache (C:\Users\Asus\.gradle\caches\journal-1)" [_thread_blocked, id=10620, stack(0x000000608be00000,0x000000608bf00000)]
  0x0000022a68c66000 JavaThread "File lock request listener" [_thread_in_native, id=1624, stack(0x000000608bf00000,0x000000608c000000)]
  0x0000022a68c62000 JavaThread "Cache worker for file hash cache (C:\Users\Asus\.gradle\caches\7.3.3\fileHashes)" [_thread_blocked, id=5312, stack(0x000000608c000000,0x000000608c100000)]
  0x0000022a697e0000 JavaThread "C2 CompilerThread1" daemon [_thread_in_native, id=15964, stack(0x000000608c200000,0x000000608c300000)]
  0x0000022a68c60800 JavaThread "Cache worker for file hash cache (D:\Nerd\.gradle\7.3.3\fileHashes)" [_thread_blocked, id=4164, stack(0x000000608c300000,0x000000608c400000)]
  0x0000022a68c64800 JavaThread "File watcher server" daemon [_thread_in_native, id=2532, stack(0x000000608c400000,0x000000608c500000)]
  0x0000022a68c65800 JavaThread "File watcher consumer" daemon [_thread_blocked, id=15912, stack(0x000000608c500000,0x000000608c600000)]
  0x0000022a68c61800 JavaThread "Cache worker for checksums cache (D:\Nerd\.gradle\7.3.3\checksums)" [_thread_blocked, id=10608, stack(0x000000608c600000,0x000000608c700000)]
  0x0000022a68c63000 JavaThread "Cache worker for cache directory md-supplier (C:\Users\Asus\.gradle\caches\7.3.3\md-supplier)" [_thread_blocked, id=12260, stack(0x000000608c700000,0x000000608c800000)]
  0x0000022a68c63800 JavaThread "Cache worker for cache directory md-rule (C:\Users\Asus\.gradle\caches\7.3.3\md-rule)" [_thread_blocked, id=10092, stack(0x000000608c800000,0x000000608c900000)]
  0x0000022a6985d000 JavaThread "Cache worker for execution history cache (C:\Users\Asus\.gradle\caches\7.3.3\executionHistory)" [_thread_blocked, id=10312, stack(0x000000608c900000,0x000000608ca00000)]
  0x0000022a69858000 JavaThread "jar transforms" [_thread_blocked, id=9052, stack(0x000000608ca00000,0x000000608cb00000)]
  0x0000022a69859000 JavaThread "Cache worker for file content cache (C:\Users\Asus\.gradle\caches\7.3.3\fileContent)" [_thread_blocked, id=16280, stack(0x000000608cb00000,0x000000608cc00000)]
  0x0000022a6985f800 JavaThread "jar transforms Thread 2" [_thread_blocked, id=14984, stack(0x000000608cc00000,0x000000608cd00000)]
  0x0000022a6985b800 JavaThread "Cache worker for dependencies-accessors (D:\Nerd\.gradle\7.3.3\dependencies-accessors)" [_thread_blocked, id=10880, stack(0x000000608cd00000,0x000000608ce00000)]
  0x0000022a69860800 JavaThread "jar transforms Thread 3" [_thread_blocked, id=14432, stack(0x000000608ce00000,0x000000608cf00000)]
  0x0000022a6985e000 JavaThread "Cache worker for Build Output Cleanup Cache (D:\Nerd\.gradle\buildOutputCleanup)" [_thread_blocked, id=11888, stack(0x000000608cf00000,0x000000608d000000)]
  0x0000022a6985f000 JavaThread "Unconstrained build operations" [_thread_blocked, id=3168, stack(0x000000608d000000,0x000000608d100000)]
  0x0000022a6985a800 JavaThread "Unconstrained build operations Thread 2" [_thread_blocked, id=12080, stack(0x000000608d100000,0x000000608d200000)]
  0x0000022a69866000 JavaThread "Unconstrained build operations Thread 3" [_thread_blocked, id=7396, stack(0x000000608d200000,0x000000608d300000)]
  0x0000022a69865800 JavaThread "Unconstrained build operations Thread 4" [_thread_blocked, id=12048, stack(0x000000608d300000,0x000000608d400000)]
  0x0000022a69861000 JavaThread "Unconstrained build operations Thread 5" [_thread_blocked, id=8304, stack(0x000000608d400000,0x000000608d500000)]
  0x0000022a69862000 JavaThread "Unconstrained build operations Thread 6" [_thread_blocked, id=4380, stack(0x000000608d500000,0x000000608d600000)]
  0x0000022a69863000 JavaThread "Unconstrained build operations Thread 7" [_thread_blocked, id=12196, stack(0x000000608d600000,0x000000608d700000)]
  0x0000022a69863800 JavaThread "Unconstrained build operations Thread 8" [_thread_blocked, id=7028, stack(0x000000608d700000,0x000000608d800000)]
  0x0000022a69864800 JavaThread "Unconstrained build operations Thread 9" [_thread_blocked, id=5072, stack(0x000000608d800000,0x000000608d900000)]
  0x0000022a6c405800 JavaThread "Unconstrained build operations Thread 10" [_thread_blocked, id=9104, stack(0x000000608d900000,0x000000608da00000)]
  0x0000022a6c406000 JavaThread "Unconstrained build operations Thread 11" [_thread_blocked, id=7416, stack(0x000000608da00000,0x000000608db00000)]
  0x0000022a6c40b000 JavaThread "Unconstrained build operations Thread 12" [_thread_blocked, id=15956, stack(0x000000608db00000,0x000000608dc00000)]
  0x0000022a6c40c000 JavaThread "Unconstrained build operations Thread 13" [_thread_blocked, id=9120, stack(0x000000608dc00000,0x000000608dd00000)]
  0x0000022a6c40a000 JavaThread "Unconstrained build operations Thread 14" [_thread_blocked, id=9012, stack(0x000000608dd00000,0x000000608de00000)]
  0x0000022a6c40c800 JavaThread "Unconstrained build operations Thread 15" [_thread_blocked, id=5288, stack(0x000000608de00000,0x000000608df00000)]
  0x0000022a6c407000 JavaThread "Unconstrained build operations Thread 16" [_thread_blocked, id=11628, stack(0x000000608df00000,0x000000608e000000)]
  0x0000022a6c40d800 JavaThread "Unconstrained build operations Thread 17" [_thread_blocked, id=16352, stack(0x000000608e000000,0x000000608e100000)]
  0x0000022a6c408800 JavaThread "Unconstrained build operations Thread 18" [_thread_blocked, id=9940, stack(0x000000608e100000,0x000000608e200000)]
  0x0000022a6c407800 JavaThread "Unconstrained build operations Thread 19" [_thread_blocked, id=15408, stack(0x000000608e200000,0x000000608e300000)]
  0x0000022a6c40f000 JavaThread "Unconstrained build operations Thread 20" [_thread_blocked, id=628, stack(0x000000608e300000,0x000000608e400000)]
  0x0000022a6c409800 JavaThread "Unconstrained build operations Thread 21" [_thread_blocked, id=6320, stack(0x000000608e400000,0x000000608e500000)]
  0x0000022a6c410000 JavaThread "Unconstrained build operations Thread 22" [_thread_blocked, id=11060, stack(0x000000608e500000,0x000000608e600000)]
  0x0000022a6c414000 JavaThread "Unconstrained build operations Thread 23" [_thread_blocked, id=9568, stack(0x000000608e600000,0x000000608e700000)]
  0x0000022a6c413000 JavaThread "Unconstrained build operations Thread 24" [_thread_blocked, id=15560, stack(0x000000608e700000,0x000000608e800000)]
  0x0000022a6c40e800 JavaThread "Unconstrained build operations Thread 25" [_thread_blocked, id=7164, stack(0x000000608e800000,0x000000608e900000)]
  0x0000022a6c410800 JavaThread "Unconstrained build operations Thread 26" [_thread_blocked, id=5004, stack(0x000000608e900000,0x000000608ea00000)]
  0x0000022a6c411800 JavaThread "Unconstrained build operations Thread 27" [_thread_blocked, id=15996, stack(0x000000608ea00000,0x000000608eb00000)]
  0x0000022a6c412800 JavaThread "Unconstrained build operations Thread 28" [_thread_blocked, id=13616, stack(0x000000608eb00000,0x000000608ec00000)]
  0x0000022a69734800 JavaThread "Unconstrained build operations Thread 29" [_thread_blocked, id=7908, stack(0x000000608ec00000,0x000000608ed00000)]
  0x0000022a69733800 JavaThread "Unconstrained build operations Thread 30" [_thread_blocked, id=11064, stack(0x000000608ed00000,0x000000608ee00000)]
  0x0000022a69735000 JavaThread "Unconstrained build operations Thread 31" [_thread_blocked, id=15632, stack(0x000000608ee00000,0x000000608ef00000)]
  0x0000022a69732000 JavaThread "Unconstrained build operations Thread 32" [_thread_blocked, id=14376, stack(0x000000608ef00000,0x000000608f000000)]
  0x0000022a69736000 JavaThread "Unconstrained build operations Thread 33" [_thread_blocked, id=15512, stack(0x000000608f000000,0x000000608f100000)]
  0x0000022a69730800 JavaThread "Unconstrained build operations Thread 34" [_thread_blocked, id=11160, stack(0x000000608f100000,0x000000608f200000)]
  0x0000022a69737000 JavaThread "Unconstrained build operations Thread 35" [_thread_blocked, id=6132, stack(0x000000608f200000,0x000000608f300000)]
  0x0000022a69731000 JavaThread "Unconstrained build operations Thread 36" [_thread_blocked, id=2824, stack(0x000000608f300000,0x000000608f400000)]
  0x0000022a69737800 JavaThread "Unconstrained build operations Thread 37" [_thread_blocked, id=2804, stack(0x000000608f400000,0x000000608f500000)]
  0x0000022a69738800 JavaThread "Unconstrained build operations Thread 38" [_thread_blocked, id=10968, stack(0x000000608f500000,0x000000608f600000)]
  0x0000022a69733000 JavaThread "Unconstrained build operations Thread 39" [_thread_blocked, id=15776, stack(0x000000608f600000,0x000000608f700000)]
  0x0000022a6973b000 JavaThread "Unconstrained build operations Thread 40" [_thread_blocked, id=960, stack(0x000000608f700000,0x000000608f800000)]
  0x0000022a6973f000 JavaThread "Unconstrained build operations Thread 41" [_thread_blocked, id=3124, stack(0x000000608f800000,0x000000608f900000)]
  0x0000022a6973a000 JavaThread "Unconstrained build operations Thread 42" [_thread_blocked, id=15652, stack(0x000000608f900000,0x000000608fa00000)]
  0x0000022a6973b800 JavaThread "Unconstrained build operations Thread 43" [_thread_blocked, id=11404, stack(0x000000608fa00000,0x000000608fb00000)]
  0x0000022a6973e000 JavaThread "Unconstrained build operations Thread 44" [_thread_blocked, id=5748, stack(0x000000608fb00000,0x000000608fc00000)]
  0x0000022a6973c800 JavaThread "Unconstrained build operations Thread 45" [_thread_blocked, id=10572, stack(0x000000608fc00000,0x000000608fd00000)]
  0x0000022a6973d800 JavaThread "Unconstrained build operations Thread 46" [_thread_blocked, id=5580, stack(0x000000608fd00000,0x000000608fe00000)]
  0x0000022a69739800 JavaThread "Unconstrained build operations Thread 47" [_thread_blocked, id=10140, stack(0x000000608fe00000,0x000000608ff00000)]
  0x0000022a6b9f3000 JavaThread "Unconstrained build operations Thread 48" [_thread_blocked, id=5796, stack(0x000000608ff00000,0x0000006090000000)]
  0x0000022a6b9f4800 JavaThread "Unconstrained build operations Thread 49" [_thread_blocked, id=5808, stack(0x0000006090000000,0x0000006090100000)]
  0x0000022a6b9f4000 JavaThread "Unconstrained build operations Thread 50" [_thread_blocked, id=1180, stack(0x0000006090100000,0x0000006090200000)]
  0x0000022a6b9f7000 JavaThread "Unconstrained build operations Thread 51" [_thread_blocked, id=14300, stack(0x0000006090200000,0x0000006090300000)]
  0x0000022a6b9f8000 JavaThread "Unconstrained build operations Thread 52" [_thread_blocked, id=14988, stack(0x0000006090300000,0x0000006090400000)]
  0x0000022a6b9f9800 JavaThread "Unconstrained build operations Thread 53" [_thread_blocked, id=7608, stack(0x0000006090400000,0x0000006090500000)]
  0x0000022a6b9f9000 JavaThread "Unconstrained build operations Thread 54" [_thread_blocked, id=6840, stack(0x0000006090500000,0x0000006090600000)]
  0x0000022a6b9fb800 JavaThread "Unconstrained build operations Thread 55" [_thread_blocked, id=10824, stack(0x0000006090600000,0x0000006090700000)]
  0x0000022a6b9f5800 JavaThread "Unconstrained build operations Thread 56" [_thread_blocked, id=11944, stack(0x0000006090700000,0x0000006090800000)]
  0x0000022a6b9fc000 JavaThread "Unconstrained build operations Thread 57" [_thread_blocked, id=12536, stack(0x0000006090800000,0x0000006090900000)]
  0x0000022a6b9f6800 JavaThread "Unconstrained build operations Thread 58" [_thread_blocked, id=10836, stack(0x0000006090900000,0x0000006090a00000)]
  0x0000022a6b9ff800 JavaThread "Unconstrained build operations Thread 59" [_thread_blocked, id=14836, stack(0x0000006090a00000,0x0000006090b00000)]
  0x0000022a6b9fe800 JavaThread "Unconstrained build operations Thread 60" [_thread_blocked, id=6024, stack(0x0000006090b00000,0x0000006090c00000)]
  0x0000022a6b9fd000 JavaThread "Unconstrained build operations Thread 61" [_thread_blocked, id=14048, stack(0x0000006090c00000,0x0000006090d00000)]
  0x0000022a6b9fd800 JavaThread "Unconstrained build operations Thread 62" [_thread_blocked, id=5000, stack(0x0000006090d00000,0x0000006090e00000)]
  0x0000022a6ba00000 JavaThread "Unconstrained build operations Thread 63" [_thread_blocked, id=1776, stack(0x0000006090e00000,0x0000006090f00000)]
  0x0000022a6b9fa800 JavaThread "Unconstrained build operations Thread 64" [_thread_blocked, id=14456, stack(0x0000006090f00000,0x0000006091000000)]
  0x0000022a6ba02000 JavaThread "Unconstrained build operations Thread 65" [_thread_blocked, id=13612, stack(0x0000006091000000,0x0000006091100000)]
  0x0000022a6ba01000 JavaThread "Unconstrained build operations Thread 66" [_thread_blocked, id=11368, stack(0x0000006091100000,0x0000006091200000)]
  0x0000022a69d2a000 JavaThread "Unconstrained build operations Thread 67" [_thread_blocked, id=16088, stack(0x0000006091200000,0x0000006091300000)]
  0x0000022a69d2f000 JavaThread "Unconstrained build operations Thread 68" [_thread_blocked, id=13020, stack(0x0000006091300000,0x0000006091400000)]
  0x0000022a69d2a800 JavaThread "Unconstrained build operations Thread 69" [_thread_blocked, id=13512, stack(0x0000006091400000,0x0000006091500000)]
  0x0000022a69d30800 JavaThread "Unconstrained build operations Thread 70" [_thread_blocked, id=10320, stack(0x0000006091500000,0x0000006091600000)]
  0x0000022a69d2c800 JavaThread "Unconstrained build operations Thread 71" [_thread_blocked, id=10748, stack(0x0000006091600000,0x0000006091700000)]
  0x0000022a69d2d000 JavaThread "Unconstrained build operations Thread 72" [_thread_blocked, id=15416, stack(0x0000006091700000,0x0000006091800000)]
  0x0000022a69d31000 JavaThread "Unconstrained build operations Thread 73" [_thread_blocked, id=10408, stack(0x0000006091800000,0x0000006091900000)]
  0x0000022a69d2b800 JavaThread "Unconstrained build operations Thread 74" [_thread_blocked, id=14788, stack(0x0000006091900000,0x0000006091a00000)]
  0x0000022a69d32000 JavaThread "Unconstrained build operations Thread 75" [_thread_blocked, id=10716, stack(0x0000006091a00000,0x0000006091b00000)]
  0x0000022a69d33000 JavaThread "Unconstrained build operations Thread 76" [_thread_blocked, id=2536, stack(0x0000006091b00000,0x0000006091c00000)]
  0x0000022a69d2f800 JavaThread "Unconstrained build operations Thread 77" [_thread_blocked, id=13528, stack(0x0000006091c00000,0x0000006091d00000)]
  0x0000022a69d33800 JavaThread "Unconstrained build operations Thread 78" [_thread_blocked, id=10196, stack(0x0000006091d00000,0x0000006091e00000)]
  0x0000022a69d2e000 JavaThread "Unconstrained build operations Thread 79" [_thread_blocked, id=16264, stack(0x0000006091e00000,0x0000006091f00000)]
  0x0000022a69d34800 JavaThread "Unconstrained build operations Thread 80" [_thread_blocked, id=10248, stack(0x0000006091f00000,0x0000006092000000)]
  0x0000022a69d35800 JavaThread "jar transforms Thread 4" [_thread_blocked, id=6864, stack(0x0000006092000000,0x0000006092100000)]
  0x0000022a69d36000 JavaThread "jar transforms Thread 5" [_thread_blocked, id=12020, stack(0x0000006092100000,0x0000006092200000)]
  0x0000022a69d37000 JavaThread "jar transforms Thread 6" [_thread_blocked, id=10128, stack(0x0000006092200000,0x0000006092300000)]
  0x0000022a69d38000 JavaThread "jar transforms Thread 7" [_thread_blocked, id=2656, stack(0x0000006092300000,0x0000006092400000)]
  0x0000022a69d38800 JavaThread "jar transforms Thread 8" [_thread_blocked, id=9992, stack(0x0000006092400000,0x0000006092500000)]
  0x0000022a6baff800 JavaThread "Memory manager" [_thread_blocked, id=15216, stack(0x0000006092500000,0x0000006092600000)]
  0x0000022a6bb04800 JavaThread "build event listener" [_thread_blocked, id=12384, stack(0x0000006092600000,0x0000006092700000)]
  0x0000022a6bb00000 JavaThread "Execution worker for ':'" [_thread_blocked, id=12348, stack(0x0000006092700000,0x0000006092800000)]
  0x0000022a6bb05000 JavaThread "Execution worker for ':' Thread 2" [_thread_blocked, id=16272, stack(0x0000006092800000,0x0000006092900000)]
  0x0000022a6bb06000 JavaThread "Execution worker for ':' Thread 3" [_thread_blocked, id=3100, stack(0x0000006092900000,0x0000006092a00000)]
  0x0000022a6bb06800 JavaThread "Execution worker for ':' Thread 4" [_thread_blocked, id=11280, stack(0x0000006092a00000,0x0000006092b00000)]
  0x0000022a6bb03800 JavaThread "Execution worker for ':' Thread 5" [_thread_blocked, id=2724, stack(0x0000006092b00000,0x0000006092c00000)]
  0x0000022a6bb01000 JavaThread "Execution worker for ':' Thread 6" [_thread_blocked, id=15844, stack(0x0000006092c00000,0x0000006092d00000)]
  0x0000022a6bb08800 JavaThread "Execution worker for ':' Thread 7" [_thread_blocked, id=3444, stack(0x0000006092d00000,0x0000006092e00000)]
  0x0000022a6bb02800 JavaThread "Cache worker for execution history cache (D:\Nerd\.gradle\7.3.3\executionHistory)" [_thread_blocked, id=2364, stack(0x0000006092e00000,0x0000006092f00000)]
  0x0000022a6bb0b000 JavaThread "WorkerExecutor Queue" [_thread_blocked, id=8756, stack(0x0000006092f00000,0x0000006093000000)]
  0x0000022a6bb0b800 JavaThread "WorkerExecutor Queue Thread 2" [_thread_in_vm, id=5204, stack(0x0000006093000000,0x0000006093100000)]
  0x0000022a6bb09000 JavaThread "WorkerExecutor Queue Thread 3" [_thread_in_vm, id=5048, stack(0x0000006093100000,0x0000006093200000)]
  0x0000022a6bb0a000 JavaThread "WorkerExecutor Queue Thread 4" [_thread_blocked, id=16316, stack(0x0000006093200000,0x0000006093300000)]
  0x0000022a6bb0c800 JavaThread "WorkerExecutor Queue Thread 5" [_thread_blocked, id=9268, stack(0x0000006093300000,0x0000006093400000)]
  0x0000022a6bb0d800 JavaThread "WorkerExecutor Queue Thread 6" [_thread_blocked, id=14808, stack(0x0000006093400000,0x0000006093500000)]
  0x0000022a6bb07800 JavaThread "WorkerExecutor Queue Thread 7" [_thread_blocked, id=8280, stack(0x0000006093500000,0x0000006093600000)]
  0x0000022a6bb0e000 JavaThread "WorkerExecutor Queue Thread 8" [_thread_blocked, id=13012, stack(0x0000006093600000,0x0000006093700000)]

Other Threads:
  0x0000022a65c5f800 VMThread "VM Thread" [stack: 0x000000608a200000,0x000000608a300000] [id=5568]
  0x0000022a66783000 WatcherThread [stack: 0x000000608ac00000,0x000000608ad00000] [id=14000]
  0x0000022a4b7d9000 GCTaskThread "GC Thread#0" [stack: 0x0000006089d00000,0x0000006089e00000] [id=6860]
  0x0000022a678d5800 GCTaskThread "GC Thread#1" [stack: 0x000000608af00000,0x000000608b000000] [id=15728]
  0x0000022a6727f000 GCTaskThread "GC Thread#2" [stack: 0x000000608b000000,0x000000608b100000] [id=12852]
  0x0000022a6797c800 GCTaskThread "GC Thread#3" [stack: 0x000000608b900000,0x000000608ba00000] [id=1356]
  0x0000022a6803e800 GCTaskThread "GC Thread#4" [stack: 0x000000608ba00000,0x000000608bb00000] [id=9220]
  0x0000022a67790000 GCTaskThread "GC Thread#5" [stack: 0x000000608bb00000,0x000000608bc00000] [id=14060]
  0x0000022a69724800 GCTaskThread "GC Thread#6" [stack: 0x000000608bc00000,0x000000608bd00000] [id=4976]
  0x0000022a673f8800 GCTaskThread "GC Thread#7" [stack: 0x000000608bd00000,0x000000608be00000] [id=5908]
  0x0000022a4b808800 ConcurrentGCThread "G1 Main Marker" [stack: 0x0000006089e00000,0x0000006089f00000] [id=808]
  0x0000022a4b80a000 ConcurrentGCThread "G1 Conc#0" [stack: 0x0000006089f00000,0x000000608a000000] [id=14708]
  0x0000022a68c57000 ConcurrentGCThread "G1 Conc#1" [stack: 0x000000608c100000,0x000000608c200000] [id=10544]
  0x0000022a65ab0800 ConcurrentGCThread "G1 Refine#0" [stack: 0x000000608a000000,0x000000608a100000] [id=7384]
  0x0000022a65ab1800 ConcurrentGCThread "G1 Young RemSet Sampling" [stack: 0x000000608a100000,0x000000608a200000] [id=4516]

Threads with active compile tasks:
C2 CompilerThread0  13929 10183 %     4       com.android.tools.r8.dex.j::m @ 64 (2094 bytes)
C2 CompilerThread1  13929 10117       4       jdk.internal.loader.Resource::getByteBuffer (24 bytes)

VM state:not at safepoint (normal execution)

VM Mutex/Monitor currently owned by a thread: None

Heap address: 0x0000000080000000, size: 2048 MB, Compressed Oops mode: 32-bit
Narrow klass base: 0x0000000000000000, Narrow klass shift: 3
Compressed class space size: 1073741824 Address: 0x0000000100000000

Heap:
 garbage-first heap   total 187392K, used 98465K [0x0000000080000000, 0x0000000100000000)
  region size 1024K, 27 young (27648K), 8 survivors (8192K)
 Metaspace       used 91149K, capacity 94038K, committed 94288K, reserved 1130496K
  class space    used 12123K, capacity 13227K, committed 13260K, reserved 1048576K
Heap Regions: E=young(eden), S=young(survivor), O=old, HS=humongous(starts), HC=humongous(continues), CS=collection set, F=free, A=archive, TAMS=top-at-mark-start (previous, next)
|   0|0x0000000080000000, 0x0000000080100000, 0x0000000080100000|100%| O|  |TAMS 0x0000000080100000, 0x0000000080000000| Untracked 
|   1|0x0000000080100000, 0x0000000080200000, 0x0000000080200000|100%| O|  |TAMS 0x0000000080200000, 0x0000000080100000| Untracked 
|   2|0x0000000080200000, 0x0000000080300000, 0x0000000080300000|100%| O|  |TAMS 0x0000000080300000, 0x0000000080200000| Untracked 
|   3|0x0000000080300000, 0x0000000080400000, 0x0000000080400000|100%|HS|  |TAMS 0x0000000080400000, 0x0000000080300000| Complete 
|   4|0x0000000080400000, 0x0000000080500000, 0x0000000080500000|100%|HC|  |TAMS 0x0000000080500000, 0x0000000080400000| Complete 
|   5|0x0000000080500000, 0x0000000080600000, 0x0000000080600000|100%|HC|  |TAMS 0x0000000080600000, 0x0000000080500000| Complete 
|   6|0x0000000080600000, 0x0000000080700000, 0x0000000080700000|100%| O|  |TAMS 0x0000000080700000, 0x0000000080600000| Untracked 
|   7|0x0000000080700000, 0x0000000080800000, 0x0000000080800000|100%| O|  |TAMS 0x0000000080800000, 0x0000000080700000| Untracked 
|   8|0x0000000080800000, 0x0000000080900000, 0x0000000080900000|100%| O|  |TAMS 0x0000000080900000, 0x0000000080800000| Untracked 
|   9|0x0000000080900000, 0x0000000080a00000, 0x0000000080a00000|100%| O|  |TAMS 0x0000000080a00000, 0x0000000080900000| Untracked 
|  10|0x0000000080a00000, 0x0000000080b00000, 0x0000000080b00000|100%| O|  |TAMS 0x0000000080b00000, 0x0000000080a00000| Untracked 
|  11|0x0000000080b00000, 0x0000000080c00000, 0x0000000080c00000|100%| O|  |TAMS 0x0000000080c00000, 0x0000000080b00000| Untracked 
|  12|0x0000000080c00000, 0x0000000080d00000, 0x0000000080d00000|100%| O|  |TAMS 0x0000000080d00000, 0x0000000080c00000| Untracked 
|  13|0x0000000080d00000, 0x0000000080e00000, 0x0000000080e00000|100%| O|  |TAMS 0x0000000080e00000, 0x0000000080d00000| Untracked 
|  14|0x0000000080e00000, 0x0000000080f00000, 0x0000000080f00000|100%| O|  |TAMS 0x0000000080f00000, 0x0000000080e00000| Untracked 
|  15|0x0000000080f00000, 0x0000000081000000, 0x0000000081000000|100%| O|  |TAMS 0x0000000081000000, 0x0000000080f00000| Untracked 
|  16|0x0000000081000000, 0x0000000081100000, 0x0000000081100000|100%|HS|  |TAMS 0x0000000081100000, 0x0000000081000000| Complete 
|  17|0x0000000081100000, 0x0000000081200000, 0x0000000081200000|100%| O|  |TAMS 0x0000000081200000, 0x0000000081100000| Untracked 
|  18|0x0000000081200000, 0x0000000081300000, 0x0000000081300000|100%| O|  |TAMS 0x0000000081300000, 0x0000000081200000| Untracked 
|  19|0x0000000081300000, 0x0000000081400000, 0x0000000081400000|100%| O|  |TAMS 0x0000000081400000, 0x0000000081300000| Untracked 
|  20|0x0000000081400000, 0x0000000081500000, 0x0000000081500000|100%| O|  |TAMS 0x0000000081500000, 0x0000000081400000| Untracked 
|  21|0x0000000081500000, 0x0000000081600000, 0x0000000081600000|100%| O|  |TAMS 0x0000000081600000, 0x0000000081500000| Untracked 
|  22|0x0000000081600000, 0x0000000081700000, 0x0000000081700000|100%| O|  |TAMS 0x0000000081700000, 0x0000000081600000| Untracked 
|  23|0x0000000081700000, 0x0000000081800000, 0x0000000081800000|100%| O|  |TAMS 0x0000000081800000, 0x0000000081700000| Untracked 
|  24|0x0000000081800000, 0x0000000081900000, 0x0000000081900000|100%| O|  |TAMS 0x0000000081900000, 0x0000000081800000| Untracked 
|  25|0x0000000081900000, 0x0000000081a00000, 0x0000000081a00000|100%| O|  |TAMS 0x0000000081a00000, 0x0000000081900000| Untracked 
|  26|0x0000000081a00000, 0x0000000081b00000, 0x0000000081b00000|100%| O|  |TAMS 0x0000000081b00000, 0x0000000081a00000| Untracked 
|  27|0x0000000081b00000, 0x0000000081c00000, 0x0000000081c00000|100%| O|  |TAMS 0x0000000081c00000, 0x0000000081b00000| Untracked 
|  28|0x0000000081c00000, 0x0000000081d00000, 0x0000000081d00000|100%|HS|  |TAMS 0x0000000081d00000, 0x0000000081c00000| Complete 
|  29|0x0000000081d00000, 0x0000000081e00000, 0x0000000081e00000|100%|HS|  |TAMS 0x0000000081e00000, 0x0000000081d00000| Complete 
|  30|0x0000000081e00000, 0x0000000081f00000, 0x0000000081f00000|100%|HC|  |TAMS 0x0000000081f00000, 0x0000000081e00000| Complete 
|  31|0x0000000081f00000, 0x0000000082000000, 0x0000000082000000|100%| O|  |TAMS 0x0000000082000000, 0x0000000081f00000| Untracked 
|  32|0x0000000082000000, 0x0000000082100000, 0x0000000082100000|100%| O|  |TAMS 0x0000000082100000, 0x0000000082000000| Untracked 
|  33|0x0000000082100000, 0x0000000082200000, 0x0000000082200000|100%| O|  |TAMS 0x0000000082200000, 0x0000000082100000| Untracked 
|  34|0x0000000082200000, 0x0000000082300000, 0x0000000082300000|100%| O|  |TAMS 0x0000000082300000, 0x0000000082200000| Untracked 
|  35|0x0000000082300000, 0x0000000082400000, 0x0000000082400000|100%| O|  |TAMS 0x0000000082400000, 0x0000000082300000| Untracked 
|  36|0x0000000082400000, 0x0000000082500000, 0x0000000082500000|100%| O|  |TAMS 0x0000000082500000, 0x0000000082400000| Untracked 
|  37|0x0000000082500000, 0x0000000082600000, 0x0000000082600000|100%| O|  |TAMS 0x0000000082600000, 0x0000000082500000| Untracked 
|  38|0x0000000082600000, 0x0000000082700000, 0x0000000082700000|100%| O|  |TAMS 0x0000000082700000, 0x0000000082600000| Untracked 
|  39|0x0000000082700000, 0x0000000082800000, 0x0000000082800000|100%| O|  |TAMS 0x0000000082800000, 0x0000000082700000| Untracked 
|  40|0x0000000082800000, 0x0000000082900000, 0x0000000082900000|100%| O|  |TAMS 0x0000000082900000, 0x0000000082800000| Untracked 
|  41|0x0000000082900000, 0x0000000082a00000, 0x0000000082a00000|100%| O|  |TAMS 0x0000000082a00000, 0x0000000082900000| Untracked 
|  42|0x0000000082a00000, 0x0000000082b00000, 0x0000000082b00000|100%| O|  |TAMS 0x0000000082aa0400, 0x0000000082a00000| Untracked 
|  43|0x0000000082b00000, 0x0000000082c00000, 0x0000000082c00000|100%| O|  |TAMS 0x0000000082b00000, 0x0000000082b00000| Untracked 
|  44|0x0000000082c00000, 0x0000000082d00000, 0x0000000082d00000|100%| O|  |TAMS 0x0000000082c00000, 0x0000000082c00000| Untracked 
|  45|0x0000000082d00000, 0x0000000082e00000, 0x0000000082e00000|100%| O|  |TAMS 0x0000000082d00000, 0x0000000082d00000| Untracked 
|  46|0x0000000082e00000, 0x0000000082f00000, 0x0000000082f00000|100%| O|  |TAMS 0x0000000082e00000, 0x0000000082e00000| Untracked 
|  47|0x0000000082f00000, 0x0000000083000000, 0x0000000083000000|100%| O|  |TAMS 0x0000000082f00000, 0x0000000082f00000| Untracked 
|  48|0x0000000083000000, 0x0000000083100000, 0x0000000083100000|100%| O|  |TAMS 0x0000000083000000, 0x0000000083000000| Untracked 
|  49|0x0000000083100000, 0x0000000083200000, 0x0000000083200000|100%| O|  |TAMS 0x0000000083100000, 0x0000000083100000| Untracked 
|  50|0x0000000083200000, 0x0000000083300000, 0x0000000083300000|100%| O|  |TAMS 0x0000000083200000, 0x0000000083200000| Untracked 
|  51|0x0000000083300000, 0x0000000083400000, 0x0000000083400000|100%| O|  |TAMS 0x0000000083300000, 0x0000000083300000| Untracked 
|  52|0x0000000083400000, 0x0000000083500000, 0x0000000083500000|100%| O|  |TAMS 0x0000000083400000, 0x0000000083400000| Untracked 
|  53|0x0000000083500000, 0x0000000083600000, 0x0000000083600000|100%| O|  |TAMS 0x0000000083500000, 0x0000000083500000| Untracked 
|  54|0x0000000083600000, 0x0000000083700000, 0x0000000083700000|100%| O|  |TAMS 0x0000000083600000, 0x0000000083600000| Untracked 
|  55|0x0000000083700000, 0x0000000083800000, 0x0000000083800000|100%| O|  |TAMS 0x0000000083700000, 0x0000000083700000| Untracked 
|  56|0x0000000083800000, 0x0000000083900000, 0x0000000083900000|100%| O|  |TAMS 0x0000000083800000, 0x0000000083800000| Untracked 
|  57|0x0000000083900000, 0x0000000083a00000, 0x0000000083a00000|100%| O|  |TAMS 0x0000000083900000, 0x0000000083900000| Untracked 
|  58|0x0000000083a00000, 0x0000000083b00000, 0x0000000083b00000|100%| O|  |TAMS 0x0000000083a00000, 0x0000000083a00000| Untracked 
|  59|0x0000000083b00000, 0x0000000083c00000, 0x0000000083c00000|100%| O|  |TAMS 0x0000000083b00000, 0x0000000083b00000| Untracked 
|  60|0x0000000083c00000, 0x0000000083d00000, 0x0000000083d00000|100%| O|  |TAMS 0x0000000083c00000, 0x0000000083c00000| Untracked 
|  61|0x0000000083d00000, 0x0000000083e00000, 0x0000000083e00000|100%| O|  |TAMS 0x0000000083d00000, 0x0000000083d00000| Untracked 
|  62|0x0000000083e00000, 0x0000000083f00000, 0x0000000083f00000|100%| O|  |TAMS 0x0000000083e00000, 0x0000000083e00000| Untracked 
|  63|0x0000000083f00000, 0x0000000084000000, 0x0000000084000000|100%| O|  |TAMS 0x0000000083f00000, 0x0000000083f00000| Untracked 
|  64|0x0000000084000000, 0x0000000084100000, 0x0000000084100000|100%| O|  |TAMS 0x0000000084000000, 0x0000000084000000| Untracked 
|  65|0x0000000084100000, 0x0000000084200000, 0x0000000084200000|100%| O|  |TAMS 0x0000000084100000, 0x0000000084100000| Untracked 
|  66|0x0000000084200000, 0x0000000084300000, 0x0000000084300000|100%| O|  |TAMS 0x0000000084200000, 0x0000000084200000| Untracked 
|  67|0x0000000084300000, 0x0000000084400000, 0x0000000084400000|100%| O|  |TAMS 0x0000000084300000, 0x0000000084300000| Untracked 
|  68|0x0000000084400000, 0x0000000084500000, 0x0000000084500000|100%| O|  |TAMS 0x0000000084400000, 0x0000000084400000| Untracked 
|  69|0x0000000084500000, 0x0000000084600000, 0x0000000084600000|100%| O|  |TAMS 0x0000000084500000, 0x0000000084500000| Untracked 
|  70|0x0000000084600000, 0x0000000084700000, 0x0000000084700000|100%| O|  |TAMS 0x0000000084600000, 0x0000000084600000| Untracked 
|  71|0x0000000084700000, 0x00000000847b5a00, 0x0000000084800000| 70%| O|  |TAMS 0x0000000084700000, 0x0000000084700000| Untracked 
|  72|0x0000000084800000, 0x0000000084800000, 0x0000000084900000|  0%| F|  |TAMS 0x0000000084800000, 0x0000000084800000| Untracked 
|  73|0x0000000084900000, 0x0000000084900000, 0x0000000084a00000|  0%| F|  |TAMS 0x0000000084900000, 0x0000000084900000| Untracked 
|  74|0x0000000084a00000, 0x0000000084a00000, 0x0000000084b00000|  0%| F|  |TAMS 0x0000000084a00000, 0x0000000084a00000| Untracked 
|  75|0x0000000084b00000, 0x0000000084b00000, 0x0000000084c00000|  0%| F|  |TAMS 0x0000000084b00000, 0x0000000084b00000| Untracked 
|  76|0x0000000084c00000, 0x0000000084c00000, 0x0000000084d00000|  0%| F|  |TAMS 0x0000000084c00000, 0x0000000084c00000| Untracked 
|  77|0x0000000084d00000, 0x0000000084d00000, 0x0000000084e00000|  0%| F|  |TAMS 0x0000000084d00000, 0x0000000084d00000| Untracked 
|  78|0x0000000084e00000, 0x0000000084e00000, 0x0000000084f00000|  0%| F|  |TAMS 0x0000000084e00000, 0x0000000084e00000| Untracked 
|  79|0x0000000084f00000, 0x0000000084f00000, 0x0000000085000000|  0%| F|  |TAMS 0x0000000084f00000, 0x0000000084f00000| Untracked 
|  80|0x0000000085000000, 0x0000000085000000, 0x0000000085100000|  0%| F|  |TAMS 0x0000000085000000, 0x0000000085000000| Untracked 
|  81|0x0000000085100000, 0x0000000085100000, 0x0000000085200000|  0%| F|  |TAMS 0x0000000085100000, 0x0000000085100000| Untracked 
|  82|0x0000000085200000, 0x0000000085200000, 0x0000000085300000|  0%| F|  |TAMS 0x0000000085200000, 0x0000000085200000| Untracked 
|  83|0x0000000085300000, 0x0000000085300000, 0x0000000085400000|  0%| F|  |TAMS 0x0000000085300000, 0x0000000085300000| Untracked 
|  84|0x0000000085400000, 0x0000000085400000, 0x0000000085500000|  0%| F|  |TAMS 0x0000000085400000, 0x0000000085400000| Untracked 
|  85|0x0000000085500000, 0x0000000085500000, 0x0000000085600000|  0%| F|  |TAMS 0x0000000085500000, 0x0000000085500000| Untracked 
|  86|0x0000000085600000, 0x0000000085600000, 0x0000000085700000|  0%| F|  |TAMS 0x0000000085600000, 0x0000000085600000| Untracked 
|  87|0x0000000085700000, 0x0000000085700000, 0x0000000085800000|  0%| F|  |TAMS 0x0000000085700000, 0x0000000085700000| Untracked 
|  88|0x0000000085800000, 0x0000000085800000, 0x0000000085900000|  0%| F|  |TAMS 0x0000000085800000, 0x0000000085800000| Untracked 
|  89|0x0000000085900000, 0x0000000085900000, 0x0000000085a00000|  0%| F|  |TAMS 0x0000000085900000, 0x0000000085900000| Untracked 
|  90|0x0000000085a00000, 0x0000000085a00000, 0x0000000085b00000|  0%| F|  |TAMS 0x0000000085a00000, 0x0000000085a00000| Untracked 
|  91|0x0000000085b00000, 0x0000000085b00000, 0x0000000085c00000|  0%| F|  |TAMS 0x0000000085b00000, 0x0000000085b00000| Untracked 
|  92|0x0000000085c00000, 0x0000000085c00000, 0x0000000085d00000|  0%| F|  |TAMS 0x0000000085c00000, 0x0000000085c00000| Untracked 
|  93|0x0000000085d00000, 0x0000000085d00000, 0x0000000085e00000|  0%| F|  |TAMS 0x0000000085d00000, 0x0000000085d00000| Untracked 
|  94|0x0000000085e00000, 0x0000000085e00000, 0x0000000085f00000|  0%| F|  |TAMS 0x0000000085e00000, 0x0000000085e00000| Untracked 
|  95|0x0000000085f00000, 0x0000000085f72a80, 0x0000000086000000| 44%| S|CS|TAMS 0x0000000085f00000, 0x0000000085f00000| Complete 
|  96|0x0000000086000000, 0x0000000086100000, 0x0000000086100000|100%| S|CS|TAMS 0x0000000086000000, 0x0000000086000000| Complete 
|  97|0x0000000086100000, 0x0000000086200000, 0x0000000086200000|100%| S|CS|TAMS 0x0000000086100000, 0x0000000086100000| Complete 
|  98|0x0000000086200000, 0x0000000086300000, 0x0000000086300000|100%| S|CS|TAMS 0x0000000086200000, 0x0000000086200000| Complete 
|  99|0x0000000086300000, 0x0000000086400000, 0x0000000086400000|100%| S|CS|TAMS 0x0000000086300000, 0x0000000086300000| Complete 
| 100|0x0000000086400000, 0x0000000086500000, 0x0000000086500000|100%| S|CS|TAMS 0x0000000086400000, 0x0000000086400000| Complete 
| 101|0x0000000086500000, 0x0000000086500000, 0x0000000086600000|  0%| F|  |TAMS 0x0000000086500000, 0x0000000086500000| Untracked 
| 102|0x0000000086600000, 0x0000000086600000, 0x0000000086700000|  0%| F|  |TAMS 0x0000000086600000, 0x0000000086600000| Untracked 
| 103|0x0000000086700000, 0x0000000086700000, 0x0000000086800000|  0%| F|  |TAMS 0x0000000086700000, 0x0000000086700000| Untracked 
| 104|0x0000000086800000, 0x0000000086800000, 0x0000000086900000|  0%| F|  |TAMS 0x0000000086800000, 0x0000000086800000| Untracked 
| 105|0x0000000086900000, 0x0000000086900000, 0x0000000086a00000|  0%| F|  |TAMS 0x0000000086900000, 0x0000000086900000| Untracked 
| 106|0x0000000086a00000, 0x0000000086a00000, 0x0000000086b00000|  0%| F|  |TAMS 0x0000000086a00000, 0x0000000086a00000| Untracked 
| 107|0x0000000086b00000, 0x0000000086b00000, 0x0000000086c00000|  0%| F|  |TAMS 0x0000000086b00000, 0x0000000086b00000| Untracked 
| 108|0x0000000086c00000, 0x0000000086c00000, 0x0000000086d00000|  0%| F|  |TAMS 0x0000000086c00000, 0x0000000086c00000| Untracked 
| 109|0x0000000086d00000, 0x0000000086d00000, 0x0000000086e00000|  0%| F|  |TAMS 0x0000000086d00000, 0x0000000086d00000| Untracked 
| 110|0x0000000086e00000, 0x0000000086e00000, 0x0000000086f00000|  0%| F|  |TAMS 0x0000000086e00000, 0x0000000086e00000| Untracked 
| 111|0x0000000086f00000, 0x0000000087000000, 0x0000000087000000|100%| S|CS|TAMS 0x0000000086f00000, 0x0000000086f00000| Complete 
| 112|0x0000000087000000, 0x0000000087100000, 0x0000000087100000|100%| S|CS|TAMS 0x0000000087000000, 0x0000000087000000| Complete 
| 113|0x0000000087100000, 0x0000000087100000, 0x0000000087200000|  0%| F|  |TAMS 0x0000000087100000, 0x0000000087100000| Untracked 
| 114|0x0000000087200000, 0x0000000087200000, 0x0000000087300000|  0%| F|  |TAMS 0x0000000087200000, 0x0000000087200000| Untracked 
| 115|0x0000000087300000, 0x0000000087300000, 0x0000000087400000|  0%| F|  |TAMS 0x0000000087300000, 0x0000000087300000| Untracked 
| 116|0x0000000087400000, 0x0000000087400000, 0x0000000087500000|  0%| F|  |TAMS 0x0000000087400000, 0x0000000087400000| Untracked 
| 117|0x0000000087500000, 0x0000000087500000, 0x0000000087600000|  0%| F|  |TAMS 0x0000000087500000, 0x0000000087500000| Untracked 
| 118|0x0000000087600000, 0x0000000087600000, 0x0000000087700000|  0%| F|  |TAMS 0x0000000087600000, 0x0000000087600000| Untracked 
| 119|0x0000000087700000, 0x0000000087700000, 0x0000000087800000|  0%| F|  |TAMS 0x0000000087700000, 0x0000000087700000| Untracked 
| 120|0x0000000087800000, 0x0000000087800000, 0x0000000087900000|  0%| F|  |TAMS 0x0000000087800000, 0x0000000087800000| Untracked 
| 121|0x0000000087900000, 0x0000000087900000, 0x0000000087a00000|  0%| F|  |TAMS 0x0000000087900000, 0x0000000087900000| Untracked 
| 122|0x0000000087a00000, 0x0000000087a00000, 0x0000000087b00000|  0%| F|  |TAMS 0x0000000087a00000, 0x0000000087a00000| Untracked 
| 123|0x0000000087b00000, 0x0000000087b00000, 0x0000000087c00000|  0%| F|  |TAMS 0x0000000087b00000, 0x0000000087b00000| Untracked 
| 124|0x0000000087c00000, 0x0000000087c00000, 0x0000000087d00000|  0%| F|  |TAMS 0x0000000087c00000, 0x0000000087c00000| Untracked 
| 125|0x0000000087d00000, 0x0000000087d00000, 0x0000000087e00000|  0%| F|  |TAMS 0x0000000087d00000, 0x0000000087d00000| Untracked 
| 126|0x0000000087e00000, 0x0000000087e00000, 0x0000000087f00000|  0%| F|  |TAMS 0x0000000087e00000, 0x0000000087e00000| Untracked 
| 127|0x0000000087f00000, 0x0000000087f00000, 0x0000000088000000|  0%| F|  |TAMS 0x0000000087f00000, 0x0000000087f00000| Untracked 
| 128|0x0000000088000000, 0x0000000088000000, 0x0000000088100000|  0%| F|  |TAMS 0x0000000088000000, 0x0000000088000000| Untracked 
| 129|0x0000000088100000, 0x0000000088100000, 0x0000000088200000|  0%| F|  |TAMS 0x0000000088100000, 0x0000000088100000| Untracked 
| 130|0x0000000088200000, 0x0000000088200000, 0x0000000088300000|  0%| F|  |TAMS 0x0000000088200000, 0x0000000088200000| Untracked 
| 131|0x0000000088300000, 0x0000000088300000, 0x0000000088400000|  0%| F|  |TAMS 0x0000000088300000, 0x0000000088300000| Untracked 
| 132|0x0000000088400000, 0x0000000088400000, 0x0000000088500000|  0%| F|  |TAMS 0x0000000088400000, 0x0000000088400000| Untracked 
| 133|0x0000000088500000, 0x0000000088500000, 0x0000000088600000|  0%| F|  |TAMS 0x0000000088500000, 0x0000000088500000| Untracked 
| 134|0x0000000088600000, 0x0000000088600000, 0x0000000088700000|  0%| F|  |TAMS 0x0000000088600000, 0x0000000088600000| Untracked 
| 135|0x0000000088700000, 0x0000000088700000, 0x0000000088800000|  0%| F|  |TAMS 0x0000000088700000, 0x0000000088700000| Untracked 
| 136|0x0000000088800000, 0x0000000088800000, 0x0000000088900000|  0%| F|  |TAMS 0x0000000088800000, 0x0000000088800000| Untracked 
| 137|0x0000000088900000, 0x0000000088900000, 0x0000000088a00000|  0%| F|  |TAMS 0x0000000088900000, 0x0000000088900000| Untracked 
| 138|0x0000000088a00000, 0x0000000088a00000, 0x0000000088b00000|  0%| F|  |TAMS 0x0000000088a00000, 0x0000000088a00000| Untracked 
| 139|0x0000000088b00000, 0x0000000088b00000, 0x0000000088c00000|  0%| F|  |TAMS 0x0000000088b00000, 0x0000000088b00000| Untracked 
| 140|0x0000000088c00000, 0x0000000088c00000, 0x0000000088d00000|  0%| F|  |TAMS 0x0000000088c00000, 0x0000000088c00000| Untracked 
| 141|0x0000000088d00000, 0x0000000088d00000, 0x0000000088e00000|  0%| F|  |TAMS 0x0000000088d00000, 0x0000000088d00000| Untracked 
| 142|0x0000000088e00000, 0x0000000088e00000, 0x0000000088f00000|  0%| F|  |TAMS 0x0000000088e00000, 0x0000000088e00000| Untracked 
| 143|0x0000000088f00000, 0x0000000088f00000, 0x0000000089000000|  0%| F|  |TAMS 0x0000000088f00000, 0x0000000088f00000| Untracked 
| 144|0x0000000089000000, 0x0000000089000000, 0x0000000089100000|  0%| F|  |TAMS 0x0000000089000000, 0x0000000089000000| Untracked 
| 145|0x0000000089100000, 0x0000000089100000, 0x0000000089200000|  0%| F|  |TAMS 0x0000000089100000, 0x0000000089100000| Untracked 
| 146|0x0000000089200000, 0x0000000089200000, 0x0000000089300000|  0%| F|  |TAMS 0x0000000089200000, 0x0000000089200000| Untracked 
| 147|0x0000000089300000, 0x0000000089300000, 0x0000000089400000|  0%| F|  |TAMS 0x0000000089300000, 0x0000000089300000| Untracked 
| 148|0x0000000089400000, 0x0000000089400000, 0x0000000089500000|  0%| F|  |TAMS 0x0000000089400000, 0x0000000089400000| Untracked 
| 149|0x0000000089500000, 0x0000000089500000, 0x0000000089600000|  0%| F|  |TAMS 0x0000000089500000, 0x0000000089500000| Untracked 
| 150|0x0000000089600000, 0x0000000089600000, 0x0000000089700000|  0%| F|  |TAMS 0x0000000089600000, 0x0000000089600000| Untracked 
| 151|0x0000000089700000, 0x0000000089700000, 0x0000000089800000|  0%| F|  |TAMS 0x0000000089700000, 0x0000000089700000| Untracked 
| 152|0x0000000089800000, 0x0000000089800000, 0x0000000089900000|  0%| F|  |TAMS 0x0000000089800000, 0x0000000089800000| Untracked 
| 153|0x0000000089900000, 0x0000000089900000, 0x0000000089a00000|  0%| F|  |TAMS 0x0000000089900000, 0x0000000089900000| Untracked 
| 154|0x0000000089a00000, 0x0000000089a00000, 0x0000000089b00000|  0%| F|  |TAMS 0x0000000089a00000, 0x0000000089a00000| Untracked 
| 155|0x0000000089b00000, 0x0000000089b00000, 0x0000000089c00000|  0%| F|  |TAMS 0x0000000089b00000, 0x0000000089b00000| Untracked 
| 156|0x0000000089c00000, 0x0000000089c00000, 0x0000000089d00000|  0%| F|  |TAMS 0x0000000089c00000, 0x0000000089c00000| Untracked 
| 157|0x0000000089d00000, 0x0000000089d00000, 0x0000000089e00000|  0%| F|  |TAMS 0x0000000089d00000, 0x0000000089d00000| Untracked 
| 158|0x0000000089e00000, 0x0000000089e00000, 0x0000000089f00000|  0%| F|  |TAMS 0x0000000089e00000, 0x0000000089e00000| Untracked 
| 159|0x0000000089f00000, 0x0000000089f00000, 0x000000008a000000|  0%| F|  |TAMS 0x0000000089f00000, 0x0000000089f00000| Untracked 
| 160|0x000000008a000000, 0x000000008a000000, 0x000000008a100000|  0%| F|  |TAMS 0x000000008a000000, 0x000000008a000000| Untracked 
| 161|0x000000008a100000, 0x000000008a100000, 0x000000008a200000|  0%| F|  |TAMS 0x000000008a100000, 0x000000008a100000| Untracked 
| 162|0x000000008a200000, 0x000000008a200000, 0x000000008a300000|  0%| F|  |TAMS 0x000000008a200000, 0x000000008a200000| Untracked 
| 163|0x000000008a300000, 0x000000008a300000, 0x000000008a400000|  0%| F|  |TAMS 0x000000008a300000, 0x000000008a300000| Untracked 
| 164|0x000000008a400000, 0x000000008a4a8d18, 0x000000008a500000| 65%| E|  |TAMS 0x000000008a400000, 0x000000008a400000| Complete 
| 165|0x000000008a500000, 0x000000008a600000, 0x000000008a600000|100%| E|CS|TAMS 0x000000008a500000, 0x000000008a500000| Complete 
| 166|0x000000008a600000, 0x000000008a700000, 0x000000008a700000|100%| E|CS|TAMS 0x000000008a600000, 0x000000008a600000| Complete 
| 167|0x000000008a700000, 0x000000008a800000, 0x000000008a800000|100%| E|CS|TAMS 0x000000008a700000, 0x000000008a700000| Complete 
| 168|0x000000008a800000, 0x000000008a900000, 0x000000008a900000|100%| E|CS|TAMS 0x000000008a800000, 0x000000008a800000| Complete 
| 169|0x000000008a900000, 0x000000008aa00000, 0x000000008aa00000|100%| E|CS|TAMS 0x000000008a900000, 0x000000008a900000| Complete 
| 170|0x000000008aa00000, 0x000000008ab00000, 0x000000008ab00000|100%| E|CS|TAMS 0x000000008aa00000, 0x000000008aa00000| Complete 
| 171|0x000000008ab00000, 0x000000008ac00000, 0x000000008ac00000|100%| E|CS|TAMS 0x000000008ab00000, 0x000000008ab00000| Complete 
| 172|0x000000008ac00000, 0x000000008ad00000, 0x000000008ad00000|100%| E|CS|TAMS 0x000000008ac00000, 0x000000008ac00000| Complete 
| 173|0x000000008ad00000, 0x000000008ae00000, 0x000000008ae00000|100%| E|CS|TAMS 0x000000008ad00000, 0x000000008ad00000| Complete 
| 174|0x000000008ae00000, 0x000000008af00000, 0x000000008af00000|100%| E|CS|TAMS 0x000000008ae00000, 0x000000008ae00000| Complete 
| 175|0x000000008af00000, 0x000000008b000000, 0x000000008b000000|100%| E|CS|TAMS 0x000000008af00000, 0x000000008af00000| Complete 
| 176|0x000000008b000000, 0x000000008b100000, 0x000000008b100000|100%| E|CS|TAMS 0x000000008b000000, 0x000000008b000000| Complete 
| 177|0x000000008b100000, 0x000000008b200000, 0x000000008b200000|100%| E|CS|TAMS 0x000000008b100000, 0x000000008b100000| Complete 
| 178|0x000000008b200000, 0x000000008b300000, 0x000000008b300000|100%| E|CS|TAMS 0x000000008b200000, 0x000000008b200000| Complete 
| 179|0x000000008b300000, 0x000000008b400000, 0x000000008b400000|100%| E|CS|TAMS 0x000000008b300000, 0x000000008b300000| Complete 
| 180|0x000000008b400000, 0x000000008b500000, 0x000000008b500000|100%| E|CS|TAMS 0x000000008b400000, 0x000000008b400000| Complete 
| 181|0x000000008b500000, 0x000000008b600000, 0x000000008b600000|100%| E|CS|TAMS 0x000000008b500000, 0x000000008b500000| Complete 
| 182|0x000000008b600000, 0x000000008b700000, 0x000000008b700000|100%| E|  |TAMS 0x000000008b600000, 0x000000008b600000| Complete 

Card table byte_map: [0x0000022a5ea10000,0x0000022a5ee10000] _byte_map_base: 0x0000022a5e610000

Marking Bits (Prev, Next): (CMBitMap*) 0x0000022a4b7ffbc0, (CMBitMap*) 0x0000022a4b7ffb88
 Prev Bits: [0x0000022a61210000, 0x0000022a63210000)
 Next Bits: [0x0000022a5f210000, 0x0000022a61210000)

Polling page: 0x0000022a49970000

Metaspace:

Usage:
  Non-class:     78.98 MB capacity,    77.25 MB ( 98%) used,     1.41 MB (  2%) free+waste,   328.00 KB ( <1%) overhead. 
      Class:     12.92 MB capacity,    11.84 MB ( 92%) used,   947.38 KB (  7%) free+waste,   152.56 KB (  1%) overhead. 
       Both:     91.90 MB capacity,    89.09 MB ( 97%) used,     2.34 MB (  3%) free+waste,   480.56 KB ( <1%) overhead. 

Virtual space:
  Non-class space:       80.00 MB reserved,      79.13 MB ( 99%) committed 
      Class space:        1.00 GB reserved,      12.95 MB (  1%) committed 
             Both:        1.08 GB reserved,      92.08 MB (  8%) committed 

Chunk freelists:
   Non-Class:  25.00 KB
       Class:  0 bytes
        Both:  25.00 KB

MaxMetaspaceSize: 17179869184.00 GB
CompressedClassSpaceSize: 1.00 GB
Initial GC threshold: 20.80 MB
Current GC threshold: 98.67 MB
CDS: off

CodeHeap 'non-profiled nmethods': size=120000Kb used=5093Kb max_used=5093Kb free=114906Kb
 bounds [0x0000022a56db0000, 0x0000022a572b0000, 0x0000022a5e2e0000]
CodeHeap 'profiled nmethods': size=120000Kb used=20395Kb max_used=20395Kb free=99604Kb
 bounds [0x0000022a4f880000, 0x0000022a50c70000, 0x0000022a56db0000]
CodeHeap 'non-nmethods': size=5760Kb used=2382Kb max_used=2414Kb free=3377Kb
 bounds [0x0000022a4f2e0000, 0x0000022a4f550000, 0x0000022a4f880000]
 total_blobs=11131 nmethods=10230 adapters=813
 compilation: enabled
              stopped_count=0, restarted_count=0
 full_count=0

Compilation events (20 events):
Event: 13.887 Thread 0x0000022a65c99800 10367       2       com.google.common.util.concurrent.AbstractFuture::set (32 bytes)
Event: 13.888 Thread 0x0000022a65c99800 nmethod 10367 0x0000022a50c67710 code [0x0000022a50c678c0, 0x0000022a50c67a88]
Event: 13.888 Thread 0x0000022a65c99800 10368       2       com.google.common.util.concurrent.AbstractFuture$UnsafeAtomicHelper::casValue (13 bytes)
Event: 13.888 Thread 0x0000022a65c99800 nmethod 10368 0x0000022a50c67b10 code [0x0000022a50c67cc0, 0x0000022a50c67e38]
Event: 13.888 Thread 0x0000022a65c99800 10370       2       com.android.tools.r8.graph.q0::C0 (25 bytes)
Event: 13.888 Thread 0x0000022a65c99800 nmethod 10370 0x0000022a50c67f10 code [0x0000022a50c680c0, 0x0000022a50c681b8]
Event: 13.888 Thread 0x0000022a65c99800 10371       2       com.android.tools.r8.D8::a (16 bytes)
Event: 13.888 Thread 0x0000022a65c99800 nmethod 10371 0x0000022a50c68290 code [0x0000022a50c68460, 0x0000022a50c68648]
Event: 13.889 Thread 0x0000022a65c99800 10372       2       com.android.tools.r8.graph.q0::b1 (33 bytes)
Event: 13.890 Thread 0x0000022a65c99800 nmethod 10372 0x0000022a50c68810 code [0x0000022a50c689c0, 0x0000022a50c68b38]
Event: 13.890 Thread 0x0000022a65c99800 10373       2       com.google.common.util.concurrent.AbstractFuture::releaseWaiters (38 bytes)
Event: 13.890 Thread 0x0000022a65c99800 nmethod 10373 0x0000022a50c68c10 code [0x0000022a50c68de0, 0x0000022a50c69108]
Event: 13.890 Thread 0x0000022a65c99800 10374       2       com.google.common.util.concurrent.AbstractFuture$UnsafeAtomicHelper::casWaiters (13 bytes)
Event: 13.891 Thread 0x0000022a65c99800 nmethod 10374 0x0000022a50c69290 code [0x0000022a50c69440, 0x0000022a50c695b8]
Event: 13.891 Thread 0x0000022a65c99800 10375       2       com.google.common.util.concurrent.AbstractFuture::afterDone (1 bytes)
Event: 13.891 Thread 0x0000022a65c99800 nmethod 10375 0x0000022a50c69690 code [0x0000022a50c69840, 0x0000022a50c69938]
Event: 13.891 Thread 0x0000022a65c99800 10376       2       com.google.common.util.concurrent.AbstractFuture::clearListeners (47 bytes)
Event: 13.891 Thread 0x0000022a65c99800 nmethod 10376 0x0000022a50c69a10 code [0x0000022a50c69be0, 0x0000022a50c69eb8]
Event: 13.891 Thread 0x0000022a65c99800 10377       2       com.google.common.util.concurrent.AbstractFuture$UnsafeAtomicHelper::casListeners (13 bytes)
Event: 13.891 Thread 0x0000022a65c99800 nmethod 10377 0x0000022a50c6a010 code [0x0000022a50c6a1c0, 0x0000022a50c6a338]

GC Heap History (20 events):
Event: 5.620 GC heap before
{Heap before GC invocations=8 (full 0):
 garbage-first heap   total 129024K, used 93525K [0x0000000080000000, 0x0000000100000000)
  region size 1024K, 72 young (73728K), 9 survivors (9216K)
 Metaspace       used 46041K, capacity 47131K, committed 47228K, reserved 1089536K
  class space    used 5848K, capacity 6258K, committed 6348K, reserved 1048576K
}
Event: 5.630 GC heap after
{Heap after GC invocations=9 (full 0):
 garbage-first heap   total 155648K, used 30150K [0x0000000080000000, 0x0000000100000000)
  region size 1024K, 3 young (3072K), 3 survivors (3072K)
 Metaspace       used 46041K, capacity 47131K, committed 47228K, reserved 1089536K
  class space    used 5848K, capacity 6258K, committed 6348K, reserved 1048576K
}
Event: 6.743 GC heap before
{Heap before GC invocations=9 (full 0):
 garbage-first heap   total 155648K, used 113094K [0x0000000080000000, 0x0000000100000000)
  region size 1024K, 81 young (82944K), 3 survivors (3072K)
 Metaspace       used 49864K, capacity 51176K, committed 51324K, reserved 1093632K
  class space    used 6320K, capacity 6824K, committed 6860K, reserved 1048576K
}
Event: 6.752 GC heap after
{Heap after GC invocations=10 (full 0):
 garbage-first heap   total 155648K, used 43634K [0x0000000080000000, 0x0000000100000000)
  region size 1024K, 11 young (11264K), 11 survivors (11264K)
 Metaspace       used 49864K, capacity 51176K, committed 51324K, reserved 1093632K
  class space    used 6320K, capacity 6824K, committed 6860K, reserved 1048576K
}
Event: 8.094 GC heap before
{Heap before GC invocations=10 (full 0):
 garbage-first heap   total 155648K, used 103026K [0x0000000080000000, 0x0000000100000000)
  region size 1024K, 70 young (71680K), 11 survivors (11264K)
 Metaspace       used 58812K, capacity 60306K, committed 60368K, reserved 1101824K
  class space    used 7424K, capacity 7987K, committed 8012K, reserved 1048576K
}
Event: 8.119 GC heap after
{Heap after GC invocations=11 (full 0):
 garbage-first heap   total 155648K, used 46476K [0x0000000080000000, 0x0000000100000000)
  region size 1024K, 3 young (3072K), 3 survivors (3072K)
 Metaspace       used 58812K, capacity 60306K, committed 60368K, reserved 1101824K
  class space    used 7424K, capacity 7987K, committed 8012K, reserved 1048576K
}
Event: 9.337 GC heap before
{Heap before GC invocations=12 (full 0):
 garbage-first heap   total 155648K, used 113036K [0x0000000080000000, 0x0000000100000000)
  region size 1024K, 68 young (69632K), 3 survivors (3072K)
 Metaspace       used 64806K, capacity 66333K, committed 66640K, reserved 1107968K
  class space    used 8159K, capacity 8769K, committed 8908K, reserved 1048576K
}
Event: 9.346 GC heap after
{Heap after GC invocations=13 (full 0):
 garbage-first heap   total 155648K, used 51705K [0x0000000080000000, 0x0000000100000000)
  region size 1024K, 8 young (8192K), 8 survivors (8192K)
 Metaspace       used 64806K, capacity 66333K, committed 66640K, reserved 1107968K
  class space    used 8159K, capacity 8769K, committed 8908K, reserved 1048576K
}
Event: 9.970 GC heap before
{Heap before GC invocations=13 (full 0):
 garbage-first heap   total 155648K, used 116217K [0x0000000080000000, 0x0000000100000000)
  region size 1024K, 71 young (72704K), 8 survivors (8192K)
 Metaspace       used 68770K, capacity 70370K, committed 70608K, reserved 1110016K
  class space    used 8853K, capacity 9494K, committed 9548K, reserved 1048576K
}
Event: 9.979 GC heap after
{Heap after GC invocations=14 (full 0):
 garbage-first heap   total 155648K, used 55874K [0x0000000080000000, 0x0000000100000000)
  region size 1024K, 5 young (5120K), 5 survivors (5120K)
 Metaspace       used 68770K, capacity 70370K, committed 70608K, reserved 1110016K
  class space    used 8853K, capacity 9494K, committed 9548K, reserved 1048576K
}
Event: 10.964 GC heap before
{Heap before GC invocations=14 (full 0):
 garbage-first heap   total 155648K, used 119362K [0x0000000080000000, 0x0000000100000000)
  region size 1024K, 67 young (68608K), 5 survivors (5120K)
 Metaspace       used 74784K, capacity 76546K, committed 76624K, reserved 1116160K
  class space    used 9750K, capacity 10414K, committed 10444K, reserved 1048576K
}
Event: 10.973 GC heap after
{Heap after GC invocations=15 (full 0):
 garbage-first heap   total 155648K, used 59366K [0x0000000080000000, 0x0000000100000000)
  region size 1024K, 9 young (9216K), 9 survivors (9216K)
 Metaspace       used 74784K, capacity 76546K, committed 76624K, reserved 1116160K
  class space    used 9750K, capacity 10414K, committed 10444K, reserved 1048576K
}
Event: 11.899 GC heap before
{Heap before GC invocations=15 (full 0):
 garbage-first heap   total 155648K, used 121830K [0x0000000080000000, 0x0000000100000000)
  region size 1024K, 70 young (71680K), 9 survivors (9216K)
 Metaspace       used 80444K, capacity 82453K, committed 82640K, reserved 1120256K
  class space    used 10487K, capacity 11239K, committed 11340K, reserved 1048576K
}
Event: 11.913 GC heap after
{Heap after GC invocations=16 (full 0):
 garbage-first heap   total 155648K, used 64100K [0x0000000080000000, 0x0000000100000000)
  region size 1024K, 9 young (9216K), 9 survivors (9216K)
 Metaspace       used 80444K, capacity 82453K, committed 82640K, reserved 1120256K
  class space    used 10487K, capacity 11239K, committed 11340K, reserved 1048576K
}
Event: 12.351 GC heap before
{Heap before GC invocations=16 (full 0):
 garbage-first heap   total 155648K, used 122468K [0x0000000080000000, 0x0000000100000000)
  region size 1024K, 67 young (68608K), 9 survivors (9216K)
 Metaspace       used 81953K, capacity 84345K, committed 84560K, reserved 1122304K
  class space    used 10767K, capacity 11675K, committed 11724K, reserved 1048576K
}
Event: 12.365 GC heap after
{Heap after GC invocations=17 (full 0):
 garbage-first heap   total 187392K, used 68608K [0x0000000080000000, 0x0000000100000000)
  region size 1024K, 9 young (9216K), 9 survivors (9216K)
 Metaspace       used 81953K, capacity 84345K, committed 84560K, reserved 1122304K
  class space    used 10767K, capacity 11675K, committed 11724K, reserved 1048576K
}
Event: 12.964 GC heap before
{Heap before GC invocations=17 (full 0):
 garbage-first heap   total 187392K, used 141312K [0x0000000080000000, 0x0000000100000000)
  region size 1024K, 81 young (82944K), 9 survivors (9216K)
 Metaspace       used 82854K, capacity 85339K, committed 85456K, reserved 1122304K
  class space    used 10839K, capacity 11745K, committed 11852K, reserved 1048576K
}
Event: 12.981 GC heap after
{Heap after GC invocations=18 (full 0):
 garbage-first heap   total 187392K, used 74236K [0x0000000080000000, 0x0000000100000000)
  region size 1024K, 10 young (10240K), 10 survivors (10240K)
 Metaspace       used 82854K, capacity 85339K, committed 85456K, reserved 1122304K
  class space    used 10839K, capacity 11745K, committed 11852K, reserved 1048576K
}
Event: 13.655 GC heap before
{Heap before GC invocations=18 (full 0):
 garbage-first heap   total 187392K, used 144892K [0x0000000080000000, 0x0000000100000000)
  region size 1024K, 80 young (81920K), 10 survivors (10240K)
 Metaspace       used 87697K, capacity 90340K, committed 90448K, reserved 1128448K
  class space    used 11447K, capacity 12455K, committed 12492K, reserved 1048576K
}
Event: 13.676 GC heap after
{Heap after GC invocations=19 (full 0):
 garbage-first heap   total 187392K, used 81057K [0x0000000080000000, 0x0000000100000000)
  region size 1024K, 8 young (8192K), 8 survivors (8192K)
 Metaspace       used 87697K, capacity 90340K, committed 90448K, reserved 1128448K
  class space    used 11447K, capacity 12455K, committed 12492K, reserved 1048576K
}

Deoptimization events (20 events):
Event: 13.578 Thread 0x0000022a6bb0a000 DEOPT PACKING pc=0x0000022a570d835c sp=0x00000060932fd650
Event: 13.578 Thread 0x0000022a6bb0d800 Uncommon trap: reason=unstable_if action=reinterpret pc=0x0000022a570d835c method=jdk.internal.misc.Unsafe.convEndian(ZS)S @ 4 c2
Event: 13.578 Thread 0x0000022a6bb0d800 DEOPT PACKING pc=0x0000022a570d835c sp=0x00000060934fd4c0
Event: 13.578 Thread 0x0000022a6bb07800 Uncommon trap: trap_request=0xffffff4d fr.pc=0x0000022a570d835c relative=0x00000000000000bc
Event: 13.578 Thread 0x0000022a6bb0d800 DEOPT UNPACKING pc=0x0000022a4f32a1af sp=0x00000060934fd380 mode 2
Event: 13.578 Thread 0x0000022a6bb0a000 DEOPT UNPACKING pc=0x0000022a4f32a1af sp=0x00000060932fd510 mode 2
Event: 13.578 Thread 0x0000022a6bb09000 Uncommon trap: trap_request=0xffffff4d fr.pc=0x0000022a570d835c relative=0x00000000000000bc
Event: 13.578 Thread 0x0000022a6bb09000 Uncommon trap: reason=unstable_if action=reinterpret pc=0x0000022a570d835c method=jdk.internal.misc.Unsafe.convEndian(ZS)S @ 4 c2
Event: 13.578 Thread 0x0000022a6bb09000 DEOPT PACKING pc=0x0000022a570d835c sp=0x00000060931fd830
Event: 13.578 Thread 0x0000022a6bb09000 DEOPT UNPACKING pc=0x0000022a4f32a1af sp=0x00000060931fd6f0 mode 2
Event: 13.578 Thread 0x0000022a6bb07800 Uncommon trap: reason=unstable_if action=reinterpret pc=0x0000022a570d835c method=jdk.internal.misc.Unsafe.convEndian(ZS)S @ 4 c2
Event: 13.578 Thread 0x0000022a6bb07800 DEOPT PACKING pc=0x0000022a570d835c sp=0x00000060935fd920
Event: 13.578 Thread 0x0000022a6bb07800 DEOPT UNPACKING pc=0x0000022a4f32a1af sp=0x00000060935fd7e0 mode 2
Event: 13.578 Thread 0x0000022a6bb0e000 DEOPT UNPACKING pc=0x0000022a4f32a1af sp=0x00000060936fd0a0 mode 2
Event: 13.590 Thread 0x0000022a6bb0a000 DEOPT PACKING pc=0x0000022a50bb43b6 sp=0x00000060932fac30
Event: 13.590 Thread 0x0000022a6bb0a000 DEOPT UNPACKING pc=0x0000022a4f32a95e sp=0x00000060932fa110 mode 0
Event: 13.600 Thread 0x0000022a6bb0a000 Uncommon trap: trap_request=0xffffff4d fr.pc=0x0000022a5728faa4 relative=0x0000000000000084
Event: 13.600 Thread 0x0000022a6bb0a000 Uncommon trap: reason=unstable_if action=reinterpret pc=0x0000022a5728faa4 method=com.android.tools.r8.internal.jm.d(I)Z @ 45 c2
Event: 13.600 Thread 0x0000022a6bb0a000 DEOPT PACKING pc=0x0000022a5728faa4 sp=0x00000060932fd500
Event: 13.600 Thread 0x0000022a6bb0a000 DEOPT UNPACKING pc=0x0000022a4f32a1af sp=0x00000060932fd490 mode 2

Classes redefined (0 events):
No events

Internal exceptions (20 events):
Event: 13.400 Thread 0x0000022a6bb0e000 Exception <a 'sun/nio/fs/WindowsException'{0x000000008827a600}> (0x000000008827a600) thrown at [./src/hotspot/share/prims/jni.cpp, line 616]
Event: 13.400 Thread 0x0000022a6bb0b800 Exception <a 'sun/nio/fs/WindowsException'{0x00000000882ae318}> (0x00000000882ae318) thrown at [./src/hotspot/share/prims/jni.cpp, line 616]
Event: 13.400 Thread 0x0000022a6bb07800 Exception <a 'sun/nio/fs/WindowsException'{0x00000000882bc4b0}> (0x00000000882bc4b0) thrown at [./src/hotspot/share/prims/jni.cpp, line 616]
Event: 13.400 Thread 0x0000022a6bb0d800 Exception <a 'sun/nio/fs/WindowsException'{0x0000000088290f98}> (0x0000000088290f98) thrown at [./src/hotspot/share/prims/jni.cpp, line 616]
Event: 13.400 Thread 0x0000022a6bb0a000 Exception <a 'sun/nio/fs/WindowsException'{0x00000000882a7cd8}> (0x00000000882a7cd8) thrown at [./src/hotspot/share/prims/jni.cpp, line 616]
Event: 13.400 Thread 0x0000022a6bb09000 Exception <a 'sun/nio/fs/WindowsException'{0x00000000882af6b0}> (0x00000000882af6b0) thrown at [./src/hotspot/share/prims/jni.cpp, line 616]
Event: 13.571 Thread 0x0000022a6bb07800 Exception <a 'java/lang/NoSuchMethodError'{0x00000000879cacc8}: 'java.lang.Object java.lang.invoke.DirectMethodHandle$Holder.invokeStaticInit(java.lang.Object, java.lang.Object, java.lang.Object, java.lang.Object, java.lang.Object, java.lang.Object, java.lang.Object, java.lang.Object, java.lang.Object, java.lang.Object, java.lang.Object, java.lang.Object, java.lang.Object, java.lang.Object, java.lang.Object, java.lang.Object, java.lang.Object, java.lang.Object, int, java.lang.Object, java.lang.Object)'> (0
Event: 13.681 Thread 0x0000022a6bb09000 Exception <a 'java/lang/IncompatibleClassChangeError'{0x000000008b660c90}: Found class java.lang.Object, but interface was expected> (0x000000008b660c90) thrown at [./src/hotspot/share/interpreter/linkResolver.cpp, line 839]
Event: 13.683 Thread 0x0000022a6bb07800 Exception <a 'java/lang/NoSuchMethodError'{0x000000008b54e658}: 'java.lang.Object java.lang.invoke.DirectMethodHandle$Holder.newInvokeSpecial(java.lang.Object, int)'> (0x000000008b54e658) thrown at [./src/hotspot/share/interpreter/linkResolver.cpp, line 773]
Event: 13.683 Thread 0x0000022a6bb09000 Exception <a 'java/lang/NoSuchMethodError'{0x000000008b565a48}: 'java.lang.Object java.lang.invoke.DirectMethodHandle$Holder.newInvokeSpecial(java.lang.Object, int)'> (0x000000008b565a48) thrown at [./src/hotspot/share/interpreter/linkResolver.cpp, line 773]
Event: 13.683 Thread 0x0000022a6bb0d800 Exception <a 'java/lang/NoSuchMethodError'{0x000000008b515120}: 'java.lang.Object java.lang.invoke.DirectMethodHandle$Holder.newInvokeSpecial(java.lang.Object, int)'> (0x000000008b515120) thrown at [./src/hotspot/share/interpreter/linkResolver.cpp, line 773]
Event: 13.683 Thread 0x0000022a6bb0e000 Exception <a 'java/lang/NoSuchMethodError'{0x000000008b55b470}: 'java.lang.Object java.lang.invoke.DirectMethodHandle$Holder.newInvokeSpecial(java.lang.Object, int)'> (0x000000008b55b470) thrown at [./src/hotspot/share/interpreter/linkResolver.cpp, line 773]
Event: 13.791 Thread 0x0000022a6bb0a000 Exception <a 'java/lang/IncompatibleClassChangeError'{0x000000008afb7be8}: Found class java.lang.Object, but interface was expected> (0x000000008afb7be8) thrown at [./src/hotspot/share/interpreter/linkResolver.cpp, line 839]
Event: 13.791 Thread 0x0000022a6bb09000 Exception <a 'java/lang/IncompatibleClassChangeError'{0x000000008afc1bb8}: Found class java.lang.Object, but interface was expected> (0x000000008afc1bb8) thrown at [./src/hotspot/share/interpreter/linkResolver.cpp, line 839]
Event: 13.791 Thread 0x0000022a6bb09000 Exception <a 'java/lang/IncompatibleClassChangeError'{0x000000008afc4c88}: Found class java.lang.Object, but interface was expected> (0x000000008afc4c88) thrown at [./src/hotspot/share/interpreter/linkResolver.cpp, line 839]
Event: 13.791 Thread 0x0000022a6bb0a000 Exception <a 'java/lang/IncompatibleClassChangeError'{0x000000008afcb370}: Found class java.lang.Object, but interface was expected> (0x000000008afcb370) thrown at [./src/hotspot/share/interpreter/linkResolver.cpp, line 839]
Event: 13.883 Thread 0x0000022a6bb0d800 Exception <a 'java/lang/IncompatibleClassChangeError'{0x000000008a8df820}: Found class java.lang.Object, but interface was expected> (0x000000008a8df820) thrown at [./src/hotspot/share/interpreter/linkResolver.cpp, line 839]
Event: 13.883 Thread 0x0000022a6bb0e000 Exception <a 'java/lang/IncompatibleClassChangeError'{0x000000008a8e2d68}: Found class java.lang.Object, but interface was expected> (0x000000008a8e2d68) thrown at [./src/hotspot/share/interpreter/linkResolver.cpp, line 839]
Event: 13.883 Thread 0x0000022a6bb0b800 Exception <a 'java/lang/IncompatibleClassChangeError'{0x000000008a9c83b0}: Found class java.lang.Object, but interface was expected> (0x000000008a9c83b0) thrown at [./src/hotspot/share/interpreter/linkResolver.cpp, line 839]
Event: 13.883 Thread 0x0000022a6bb09000 Exception <a 'java/lang/IncompatibleClassChangeError'{0x000000008a8d9ac0}: Found class java.lang.Object, but interface was expected> (0x000000008a8d9ac0) thrown at [./src/hotspot/share/interpreter/linkResolver.cpp, line 839]

Events (20 events):
Event: 13.900 loading class com/android/tools/r8/internal/yH
Event: 13.900 loading class com/android/tools/r8/internal/yH done
Event: 13.901 loading class com/android/tools/r8/internal/BH
Event: 13.901 loading class com/android/tools/r8/internal/BH done
Event: 13.901 loading class com/android/tools/r8/internal/ti
Event: 13.901 loading class com/android/tools/r8/internal/ti done
Event: 13.902 loading class com/android/tools/r8/shaking/j
Event: 13.902 loading class com/android/tools/r8/shaking/j done
Event: 13.902 loading class com/android/tools/r8/internal/qb
Event: 13.902 loading class com/android/tools/r8/internal/qb done
Event: 13.903 loading class com/android/tools/r8/internal/T2
Event: 13.903 loading class com/android/tools/r8/internal/T2 done
Event: 13.904 loading class com/android/tools/r8/internal/zV
Event: 13.904 loading class com/android/tools/r8/internal/zV done
Event: 13.904 loading class com/android/tools/r8/internal/Rr
Event: 13.904 loading class com/android/tools/r8/internal/Rr done
Event: 13.904 loading class com/android/tools/r8/internal/zr
Event: 13.904 loading class com/android/tools/r8/internal/zr done
Event: 13.905 loading class com/android/tools/r8/internal/n3
Event: 13.905 loading class com/android/tools/r8/internal/n3 done


Dynamic libraries:
0x00007ff798210000 - 0x00007ff79821a000 	C:\Program Files\Android\Android Studio\jre\bin\java.exe
0x00007fffcb890000 - 0x00007fffcba88000 	C:\WINDOWS\SYSTEM32\ntdll.dll
0x00007fffc9a70000 - 0x00007fffc9b2f000 	C:\WINDOWS\System32\KERNEL32.DLL
0x00007fffc9590000 - 0x00007fffc9862000 	C:\WINDOWS\System32\KERNELBASE.dll
0x00007fffc9200000 - 0x00007fffc9300000 	C:\WINDOWS\System32\ucrtbase.dll
0x00007fff90db0000 - 0x00007fff90dc9000 	C:\Program Files\Android\Android Studio\jre\bin\jli.dll
0x00007fff82a10000 - 0x00007fff82a27000 	C:\Program Files\Android\Android Studio\jre\bin\VCRUNTIME140.dll
0x00007fffcb4d0000 - 0x00007fffcb66d000 	C:\WINDOWS\System32\USER32.dll
0x00007fffb8660000 - 0x00007fffb88fa000 	C:\WINDOWS\WinSxS\amd64_microsoft.windows.common-controls_6595b64144ccf1df_6.0.19041.1110_none_60b5254171f9507e\COMCTL32.dll
0x00007fffc8f90000 - 0x00007fffc8fb2000 	C:\WINDOWS\System32\win32u.dll
0x00007fffc99d0000 - 0x00007fffc9a6e000 	C:\WINDOWS\System32\msvcrt.dll
0x00007fffc98e0000 - 0x00007fffc990b000 	C:\WINDOWS\System32\GDI32.dll
0x00007fffc9480000 - 0x00007fffc958f000 	C:\WINDOWS\System32\gdi32full.dll
0x00007fffc93e0000 - 0x00007fffc947d000 	C:\WINDOWS\System32\msvcp_win.dll
0x00007fffcb3e0000 - 0x00007fffcb412000 	C:\WINDOWS\System32\IMM32.DLL
0x00007fff82970000 - 0x00007fff82a0d000 	C:\Program Files\Android\Android Studio\jre\bin\msvcp140.dll
0x00007fff4e2d0000 - 0x00007fff4edd2000 	C:\Program Files\Android\Android Studio\jre\bin\server\jvm.dll
0x00007fffca7f0000 - 0x00007fffca89e000 	C:\WINDOWS\System32\ADVAPI32.dll
0x00007fffcb060000 - 0x00007fffcb0fc000 	C:\WINDOWS\System32\sechost.dll
0x00007fffcb2b0000 - 0x00007fffcb3d5000 	C:\WINDOWS\System32\RPCRT4.dll
0x00007fffcade0000 - 0x00007fffcade8000 	C:\WINDOWS\System32\PSAPI.DLL
0x00007fffc2cf0000 - 0x00007fffc2cfa000 	C:\WINDOWS\SYSTEM32\VERSION.dll
0x00007fffc3790000 - 0x00007fffc3799000 	C:\WINDOWS\SYSTEM32\WSOCK32.dll
0x00007fffa9fa0000 - 0x00007fffa9fc7000 	C:\WINDOWS\SYSTEM32\WINMM.dll
0x00007fffca8a0000 - 0x00007fffca90b000 	C:\WINDOWS\System32\WS2_32.dll
0x00007fffc77e0000 - 0x00007fffc77f2000 	C:\WINDOWS\SYSTEM32\kernel.appcore.dll
0x00007fff52690000 - 0x00007fff526a1000 	C:\Program Files\Android\Android Studio\jre\bin\verify.dll
0x00007fffc74f0000 - 0x00007fffc76d4000 	C:\WINDOWS\SYSTEM32\DBGHELP.DLL
0x00007fffb75b0000 - 0x00007fffb75dc000 	C:\WINDOWS\SYSTEM32\dbgcore.DLL
0x00007fffc9010000 - 0x00007fffc9092000 	C:\WINDOWS\System32\bcryptPrimitives.dll
0x00007fff52660000 - 0x00007fff52689000 	C:\Program Files\Android\Android Studio\jre\bin\java.dll
0x00007fffc2800000 - 0x00007fffc280b000 	C:\Program Files\Android\Android Studio\jre\bin\jimage.dll
0x00007fff52010000 - 0x00007fff52028000 	C:\Program Files\Android\Android Studio\jre\bin\zip.dll
0x00007fffc9c20000 - 0x00007fffca363000 	C:\WINDOWS\System32\SHELL32.dll
0x00007fffc6d50000 - 0x00007fffc74e2000 	C:\WINDOWS\SYSTEM32\windows.storage.dll
0x00007fffca370000 - 0x00007fffca6c4000 	C:\WINDOWS\System32\combase.dll
0x00007fffc8980000 - 0x00007fffc89b0000 	C:\WINDOWS\SYSTEM32\Wldp.dll
0x00007fffcb420000 - 0x00007fffcb4cd000 	C:\WINDOWS\System32\SHCORE.dll
0x00007fffcae80000 - 0x00007fffcaed5000 	C:\WINDOWS\System32\shlwapi.dll
0x00007fffc8ed0000 - 0x00007fffc8eef000 	C:\WINDOWS\SYSTEM32\profapi.dll
0x00007fff51ff0000 - 0x00007fff5200a000 	C:\Program Files\Android\Android Studio\jre\bin\net.dll
0x00007fffbf550000 - 0x00007fffbf65c000 	C:\WINDOWS\SYSTEM32\WINHTTP.dll
0x00007fffc8670000 - 0x00007fffc86da000 	C:\WINDOWS\system32\mswsock.dll
0x00007fff4e2b0000 - 0x00007fff4e2c4000 	C:\Program Files\Android\Android Studio\jre\bin\nio.dll
0x00007fffc4810000 - 0x00007fffc4837000 	C:\Users\Asus\.gradle\native\e1d6ef7f7dcc3fd88c89a11ec53ec762bb8ba0a96d01ffa2cd45eb1d1d8dd5c5\windows-amd64\native-platform.dll
0x00007fff88df0000 - 0x00007fff88f34000 	C:\Users\Asus\.gradle\native\5664cfc778a61ccfe75a443a1ab52a65af34e5dc3c78e0209fed803814484fcb\windows-amd64\native-platform-file-events.dll
0x00007fffbdcd0000 - 0x00007fffbdcda000 	C:\Program Files\Android\Android Studio\jre\bin\management.dll
0x00007fffb9700000 - 0x00007fffb970d000 	C:\Program Files\Android\Android Studio\jre\bin\management_ext.dll
0x00007fffc88d0000 - 0x00007fffc88e8000 	C:\WINDOWS\SYSTEM32\CRYPTSP.dll
0x00007fffc7f90000 - 0x00007fffc7fc4000 	C:\WINDOWS\system32\rsaenh.dll
0x00007fffc93b0000 - 0x00007fffc93d7000 	C:\WINDOWS\System32\bcrypt.dll
0x00007fffc8e50000 - 0x00007fffc8e7e000 	C:\WINDOWS\SYSTEM32\USERENV.dll
0x00007fffc88f0000 - 0x00007fffc88fc000 	C:\WINDOWS\SYSTEM32\CRYPTBASE.dll
0x00007fffc8360000 - 0x00007fffc839b000 	C:\WINDOWS\SYSTEM32\IPHLPAPI.DLL
0x00007fffc9b30000 - 0x00007fffc9b38000 	C:\WINDOWS\System32\NSI.dll
0x00007fffc1700000 - 0x00007fffc1717000 	C:\WINDOWS\SYSTEM32\dhcpcsvc6.DLL
0x00007fffc16e0000 - 0x00007fffc16fd000 	C:\WINDOWS\SYSTEM32\dhcpcsvc.DLL
0x00007fffc83a0000 - 0x00007fffc846a000 	C:\WINDOWS\SYSTEM32\DNSAPI.dll

dbghelp: loaded successfully - version: 4.0.5 - missing functions: none
symbol engine: initialized successfully - sym options: 0x614 - pdb path: .;C:\Program Files\Android\Android Studio\jre\bin;C:\WINDOWS\SYSTEM32;C:\WINDOWS\WinSxS\amd64_microsoft.windows.common-controls_6595b64144ccf1df_6.0.19041.1110_none_60b5254171f9507e;C:\Program Files\Android\Android Studio\jre\bin\server;C:\Users\Asus\.gradle\native\e1d6ef7f7dcc3fd88c89a11ec53ec762bb8ba0a96d01ffa2cd45eb1d1d8dd5c5\windows-amd64;C:\Users\Asus\.gradle\native\5664cfc778a61ccfe75a443a1ab52a65af34e5dc3c78e0209fed803814484fcb\windows-amd64

VM Arguments:
jvm_args: --add-opens=java.base/java.util=ALL-UNNAMED --add-opens=java.base/java.lang=ALL-UNNAMED --add-opens=java.base/java.lang.invoke=ALL-UNNAMED --add-opens=java.base/java.util=ALL-UNNAMED --add-opens=java.prefs/java.util.prefs=ALL-UNNAMED --add-opens=java.prefs/java.util.prefs=ALL-UNNAMED --add-opens=java.base/java.nio.charset=ALL-UNNAMED --add-opens=java.base/java.net=ALL-UNNAMED --add-opens=java.base/java.util.concurrent.atomic=ALL-UNNAMED -Xmx2048m -Dfile.encoding=UTF-8 -Duser.country=US -Duser.language=en -Duser.variant 
java_command: org.gradle.launcher.daemon.bootstrap.GradleDaemon 7.3.3
java_class_path (initial): C:\Users\Asus\.gradle\wrapper\dists\gradle-7.3.3-bin\6a41zxkdtcxs8rphpq6y0069z\gradle-7.3.3\lib\gradle-launcher-7.3.3.jar
Launcher Type: SUN_STANDARD

[Global flags]
     intx CICompilerCount                          = 4                                         {product} {ergonomic}
     uint ConcGCThreads                            = 2                                         {product} {ergonomic}
     uint G1ConcRefinementThreads                  = 8                                         {product} {ergonomic}
   size_t G1HeapRegionSize                         = 1048576                                   {product} {ergonomic}
    uintx GCDrainStackTargetSize                   = 64                                        {product} {ergonomic}
   size_t InitialHeapSize                          = 132120576                                 {product} {ergonomic}
   size_t MarkStackSize                            = 4194304                                   {product} {ergonomic}
   size_t MaxHeapSize                              = 2147483648                                {product} {command line}
   size_t MaxNewSize                               = 1287651328                                {product} {ergonomic}
   size_t MinHeapDeltaBytes                        = 1048576                                   {product} {ergonomic}
    uintx NonNMethodCodeHeapSize                   = 5836300                                {pd product} {ergonomic}
    uintx NonProfiledCodeHeapSize                  = 122910970                              {pd product} {ergonomic}
    uintx ProfiledCodeHeapSize                     = 122910970                              {pd product} {ergonomic}
    uintx ReservedCodeCacheSize                    = 251658240                              {pd product} {ergonomic}
     bool SegmentedCodeCache                       = true                                      {product} {ergonomic}
     bool UseCompressedClassPointers               = true                                 {lp64_product} {ergonomic}
     bool UseCompressedOops                        = true                                 {lp64_product} {ergonomic}
     bool UseG1GC                                  = true                                      {product} {ergonomic}
     bool UseLargePagesIndividualAllocation        = false                                  {pd product} {ergonomic}

Logging:
Log output configuration:
 #0: stdout all=warning uptime,level,tags
 #1: stderr all=off uptime,level,tags

Environment Variables:
PATH=C:\Program Files (x86)\Common Files\Intel\Shared Libraries\redist\intel64\compiler;C:\Program Files\Microsoft MPI\Bin\;C:\WINDOWS\system32;C:\WINDOWS;C:\WINDOWS\System32\Wbem;C:\WINDOWS\System32\WindowsPowerShell\v1.0\;C:\WINDOWS\System32\OpenSSH\;C:\Program Files\dotnet\;C:\Program Files\Microsoft SQL Server\130\Tools\Binn\;C:\Program Files (x86)\dotnet\;C:\Program Files\Microsoft SQL Server\Client SDK\ODBC\170\Tools\Binn\;C:\Program Files\Azure Data Studio\bin;C:\Program Files (x86)\Microsoft SQL Server\150\Tools\Binn\;C:\Program Files\Microsoft SQL Server\150\Tools\Binn\;C:\Program Files (x86)\Microsoft SQL Server\150\DTS\Binn\;C:\Program Files\Microsoft SQL Server\150\DTS\Binn\;C:\Program Files\Git\cmd;C:\Users\Asus\AppData\Local\Microsoft\WindowsApps;C:\Users\Asus\.dotnet\tools;C:\Program Files\Azure Data Studio\bin;C:\Users\Asus\AppData\Local\Programs\Microsoft VS Code\bin;C:\Users\Asus\AppData\Local\GitHubDesktop\bin
USERNAME=Asus
OS=Windows_NT
PROCESSOR_IDENTIFIER=Intel64 Family 6 Model 142 Stepping 12, GenuineIntel



---------------  S Y S T E M  ---------------

OS: Windows 10 , 64 bit Build 19041 (10.0.19041.2251)
OS uptime: 0 days 0:40 hours

CPU:total 8 (initial active 8) (4 cores per cpu, 2 threads per core) family 6 model 142 stepping 12 microcode 0xca, cmov, cx8, fxsr, mmx, sse, sse2, sse3, ssse3, sse4.1, sse4.2, popcnt, avx, avx2, aes, clmul, erms, 3dnowpref, lzcnt, ht, tsc, tscinvbit, bmi1, bmi2, adx, fma

Memory: 4k page, system-wide physical 8028M (393M free)
TotalPageFile size 12028M (AvailPageFile size 5M)
current process WorkingSet (physical memory assigned to process): 448M, peak: 448M
current process commit charge ("private bytes"): 487M, peak: 487M

vm_info: OpenJDK 64-Bit Server VM (11.0.13+0-b1751.21-8125866) for windows-amd64 JRE (11.0.13+0-b1751.21-8125866), built on Feb  2 2022 03:00:22 by "builder" with MS VC++ 14.0 (VS2015)

END.
