#
# There is insufficient memory for the Java Runtime Environment to continue.
# Native memory allocation (malloc) failed to allocate 986256 bytes for Chunk::new
# Possible reasons:
#   The system is out of physical RAM or swap space
#   The process is running with CompressedOops enabled, and the Java Heap may be blocking the growth of the native heap
# Possible solutions:
#   Reduce memory load on the system
#   Increase physical memory or swap space
#   Check if swap backing store is full
#   Decrease Java heap size (-Xmx/-Xms)
#   Decrease number of Java threads
#   Decrease Java thread stack sizes (-Xss)
#   Set larger code cache with -XX:ReservedCodeCacheSize=
#   JVM is running with Unscaled Compressed Oops mode in which the Java heap is
#     placed in the first 4GB address space. The Java Heap base address is the
#     maximum limit for the native heap growth. Please use -XX:HeapBaseMinAddress
#     to set the Java Heap base and to place the Java Heap above 4GB virtual address.
# This output file may be truncated or incomplete.
#
#  Out of Memory Error (./src/hotspot/share/memory/arena.cpp:197), pid=5184, tid=16304
#
# JRE version: OpenJDK Runtime Environment (11.0.13) (build 11.0.13+0-b1751.21-8125866)
# Java VM: OpenJDK 64-Bit Server VM (11.0.13+0-b1751.21-8125866, mixed mode, tiered, compressed oops, g1 gc, windows-amd64)
# No core dump will be written. Minidumps are not enabled by default on client versions of Windows
#

---------------  S U M M A R Y ------------

Command Line: --add-opens=java.base/java.util=ALL-UNNAMED --add-opens=java.base/java.lang=ALL-UNNAMED --add-opens=java.base/java.lang.invoke=ALL-UNNAMED --add-opens=java.base/java.util=ALL-UNNAMED --add-opens=java.prefs/java.util.prefs=ALL-UNNAMED --add-opens=java.prefs/java.util.prefs=ALL-UNNAMED --add-opens=java.base/java.nio.charset=ALL-UNNAMED --add-opens=java.base/java.net=ALL-UNNAMED --add-opens=java.base/java.util.concurrent.atomic=ALL-UNNAMED -Xmx2048m -Dfile.encoding=UTF-8 -Duser.country=US -Duser.language=en -Duser.variant org.gradle.launcher.daemon.bootstrap.GradleDaemon 7.3.3

Host: Intel(R) Core(TM) i5-10210U CPU @ 1.60GHz, 8 cores, 7G,  Windows 10 , 64 bit Build 19041 (10.0.19041.2251)
Time: Sun Dec  4 19:56:03 2022 SE Asia Standard Time elapsed time: 13.649069 seconds (0d 0h 0m 13s)

---------------  T H R E A D  ---------------

Current thread (0x00000247a41dd800):  JavaThread "C2 CompilerThread0" daemon [_thread_in_native, id=16304, stack(0x000000ccaf900000,0x000000ccafa00000)]


Current CompileTask:
C2:  13649 11415       4       java.lang.invoke.MethodHandles$Lookup::checkAccess (226 bytes)

Stack: [0x000000ccaf900000,0x000000ccafa00000]
Native frames: (J=compiled Java code, j=interpreted, Vv=VM code, C=native code)
V  [jvm.dll+0x6100fa]
V  [jvm.dll+0x747090]
V  [jvm.dll+0x7486ad]
V  [jvm.dll+0x748d83]
V  [jvm.dll+0x24ab48]
V  [jvm.dll+0xc04dc]
V  [jvm.dll+0xc0a0c]
V  [jvm.dll+0x2bfab4]
V  [jvm.dll+0x524238]
V  [jvm.dll+0x20b193]
V  [jvm.dll+0x204ca0]
V  [jvm.dll+0x2023c2]
V  [jvm.dll+0x188e01]
V  [jvm.dll+0x21106b]
V  [jvm.dll+0x20f8c1]
V  [jvm.dll+0x70de0f]
V  [jvm.dll+0x706a75]
V  [jvm.dll+0x60ed66]
C  [ucrtbase.dll+0x21bb2]
C  [KERNEL32.DLL+0x174b4]
C  [ntdll.dll+0x526a1]


---------------  P R O C E S S  ---------------

Threads class SMR info:
_java_thread_list=0x00000247a9dbc1b0, length=150, elements={
0x0000024789d10000, 0x00000247a41b5000, 0x00000247a41c0800, 0x00000247a41d2000,
0x00000247a41d3800, 0x00000247a41d4800, 0x00000247a41dd800, 0x00000247a41e0000,
0x00000247a41eb000, 0x00000247a4cbe800, 0x00000247a6ac8800, 0x00000247a77b5000,
0x00000247a4dd9800, 0x00000247a5140800, 0x00000247a6674800, 0x00000247a6114800,
0x00000247a663b800, 0x00000247a65dc000, 0x00000247a7d23000, 0x00000247a7626800,
0x00000247a766b000, 0x00000247a7669800, 0x00000247a766d000, 0x00000247a73ff800,
0x00000247a766c000, 0x00000247a7667000, 0x00000247a766a800, 0x00000247a766d800,
0x00000247a7668000, 0x00000247a7669000, 0x00000247ab5d2800, 0x00000247ab5d5800,
0x00000247ab5d5000, 0x00000247ab5d9000, 0x00000247ab5d6800, 0x00000247ab5d8000,
0x00000247ab5d9800, 0x00000247ab5d7000, 0x00000247ab5de800, 0x00000247ab5dd000,
0x00000247ab5de000, 0x00000247ab5da800, 0x00000247ab5df800, 0x00000247ab5e0000,
0x00000247aaa46800, 0x00000247aaa44000, 0x00000247aaa43000, 0x00000247aaa42800,
0x00000247aaa45000, 0x00000247aaa45800, 0x00000247aaa47800, 0x00000247aaa41800,
0x00000247aaa4d000, 0x00000247aaa4e000, 0x00000247aaa48000, 0x00000247aaa49000,
0x00000247aaa4e800, 0x00000247aaa4c000, 0x00000247aaa4f800, 0x00000247aaa4a000,
0x00000247aaa4a800, 0x00000247aaa50800, 0x00000247aaa4b800, 0x00000247a4f8a800,
0x00000247a4f88000, 0x00000247a4f8c000, 0x00000247a4f89000, 0x00000247a4f89800,
0x00000247a4f8d000, 0x00000247a4f8b800, 0x00000247a4f87000, 0x00000247a4f92800,
0x00000247a4f93800, 0x00000247a4f91000, 0x00000247a4f92000, 0x00000247a4f8e000,
0x00000247a4f94800, 0x00000247a4f8e800, 0x00000247a4f95000, 0x00000247a4f8f800,
0x00000247a4f96000, 0x00000247a4f90000, 0x00000247a9fd4800, 0x00000247a9fd4000,
0x00000247a9fd2800, 0x00000247a9fd0800, 0x00000247a9fd5800, 0x00000247a9fd6800,
0x00000247a9fd7000, 0x00000247a9fd1800, 0x00000247a9fd8000, 0x00000247a9fd9000,
0x00000247a9fd3000, 0x00000247a9fdd000, 0x00000247a9fdc000, 0x00000247a9fd9800,
0x00000247a9fdb000, 0x00000247a9fda800, 0x00000247a9fdd800, 0x00000247a9fdf800,
0x00000247a9fde800, 0x00000247aade8000, 0x00000247aade9000, 0x00000247aadea800,
0x00000247aadea000, 0x00000247aade5000, 0x00000247aade6800, 0x00000247aadeb800,
0x00000247aade5800, 0x00000247aadec000, 0x00000247aaded000, 0x00000247aade7800,
0x00000247aadef800, 0x00000247aadf0800, 0x00000247aadee000, 0x00000247aadf3000,
0x00000247aadee800, 0x00000247aadf3800, 0x00000247aadf1000, 0x00000247aadf2000,
0x00000247aaac2800, 0x00000247aaac3000, 0x00000247aaac5800, 0x00000247aaac7800,
0x00000247aaac6800, 0x00000247aaac1800, 0x00000247aaaca800, 0x00000247aaace000,
0x00000247aaac9800, 0x00000247aaac8000, 0x00000247aaace800, 0x00000247aaac9000,
0x00000247aaacc000, 0x00000247aaacf800, 0x00000247aaad0000, 0x00000247aaacb800,
0x00000247aaacd000, 0x00000247a53df800, 0x00000247a53dd000, 0x00000247a53e1800,
0x00000247a53e0000, 0x00000247a53dd800, 0x00000247a53de800, 0x00000247a53e1000,
0x00000247a53dc000, 0x00000247a53e6800, 0x00000247a53e8000, 0x00000247a53e7800,
0x00000247a53e2800, 0x00000247a53e9000
}

Java Threads: ( => current thread )
  0x0000024789d10000 JavaThread "main" [_thread_blocked, id=10412, stack(0x000000ccaed00000,0x000000ccaee00000)]
  0x00000247a41b5000 JavaThread "Reference Handler" daemon [_thread_blocked, id=15628, stack(0x000000ccaf400000,0x000000ccaf500000)]
  0x00000247a41c0800 JavaThread "Finalizer" daemon [_thread_blocked, id=8984, stack(0x000000ccaf500000,0x000000ccaf600000)]
  0x00000247a41d2000 JavaThread "Signal Dispatcher" daemon [_thread_blocked, id=15808, stack(0x000000ccaf600000,0x000000ccaf700000)]
  0x00000247a41d3800 JavaThread "Attach Listener" daemon [_thread_blocked, id=15256, stack(0x000000ccaf700000,0x000000ccaf800000)]
  0x00000247a41d4800 JavaThread "Service Thread" daemon [_thread_blocked, id=11192, stack(0x000000ccaf800000,0x000000ccaf900000)]
=>0x00000247a41dd800 JavaThread "C2 CompilerThread0" daemon [_thread_in_native, id=16304, stack(0x000000ccaf900000,0x000000ccafa00000)]
  0x00000247a41e0000 JavaThread "C1 CompilerThread0" daemon [_thread_blocked, id=820, stack(0x000000ccafa00000,0x000000ccafb00000)]
  0x00000247a41eb000 JavaThread "Sweeper thread" daemon [_thread_blocked, id=15896, stack(0x000000ccafb00000,0x000000ccafc00000)]
  0x00000247a4cbe800 JavaThread "Common-Cleaner" daemon [_thread_blocked, id=6708, stack(0x000000ccafc00000,0x000000ccafd00000)]
  0x00000247a6ac8800 JavaThread "Daemon health stats" [_thread_blocked, id=16280, stack(0x000000ccb0200000,0x000000ccb0300000)]
  0x00000247a77b5000 JavaThread "Incoming local TCP Connector on port 60843" [_thread_in_native, id=14216, stack(0x000000ccafe00000,0x000000ccaff00000)]
  0x00000247a4dd9800 JavaThread "Daemon periodic checks" [_thread_blocked, id=10452, stack(0x000000ccaff00000,0x000000ccb0000000)]
  0x00000247a5140800 JavaThread "Daemon" [_thread_blocked, id=11180, stack(0x000000ccb0300000,0x000000ccb0400000)]
  0x00000247a6674800 JavaThread "Handler for socket connection from /127.0.0.1:60843 to /127.0.0.1:60844" [_thread_in_native, id=8908, stack(0x000000ccb0400000,0x000000ccb0500000)]
  0x00000247a6114800 JavaThread "Cancel handler" [_thread_blocked, id=14004, stack(0x000000ccb0500000,0x000000ccb0600000)]
  0x00000247a663b800 JavaThread "Daemon worker" [_thread_blocked, id=16376, stack(0x000000ccb0600000,0x000000ccb0700000)]
  0x00000247a65dc000 JavaThread "Asynchronous log dispatcher for DefaultDaemonConnection: socket connection from /127.0.0.1:60843 to /127.0.0.1:60844" [_thread_blocked, id=2204, stack(0x000000ccb0700000,0x000000ccb0800000)]
  0x00000247a7d23000 JavaThread "Stdin handler" [_thread_blocked, id=15284, stack(0x000000ccb0800000,0x000000ccb0900000)]
  0x00000247a7626800 JavaThread "Daemon client event forwarder" [_thread_blocked, id=13236, stack(0x000000ccb0900000,0x000000ccb0a00000)]
  0x00000247a766b000 JavaThread "Cache worker for journal cache (C:\Users\Asus\.gradle\caches\journal-1)" [_thread_blocked, id=13972, stack(0x000000ccb0f00000,0x000000ccb1000000)]
  0x00000247a7669800 JavaThread "File lock request listener" [_thread_in_native, id=8728, stack(0x000000ccb1000000,0x000000ccb1100000)]
  0x00000247a766d000 JavaThread "Cache worker for file hash cache (C:\Users\Asus\.gradle\caches\7.3.3\fileHashes)" [_thread_blocked, id=11124, stack(0x000000ccb1100000,0x000000ccb1200000)]
  0x00000247a73ff800 JavaThread "C2 CompilerThread1" daemon [_thread_in_native, id=9800, stack(0x000000ccb1300000,0x000000ccb1400000)]
  0x00000247a766c000 JavaThread "Cache worker for file hash cache (D:\Nerd\.gradle\7.3.3\fileHashes)" [_thread_blocked, id=11104, stack(0x000000ccb1400000,0x000000ccb1500000)]
  0x00000247a7667000 JavaThread "File watcher server" daemon [_thread_in_native, id=7092, stack(0x000000ccb1600000,0x000000ccb1700000)]
  0x00000247a766a800 JavaThread "File watcher consumer" daemon [_thread_blocked, id=8740, stack(0x000000ccb1700000,0x000000ccb1800000)]
  0x00000247a766d800 JavaThread "Cache worker for checksums cache (D:\Nerd\.gradle\7.3.3\checksums)" [_thread_blocked, id=2664, stack(0x000000ccb1800000,0x000000ccb1900000)]
  0x00000247a7668000 JavaThread "Cache worker for cache directory md-supplier (C:\Users\Asus\.gradle\caches\7.3.3\md-supplier)" [_thread_blocked, id=1200, stack(0x000000ccb1900000,0x000000ccb1a00000)]
  0x00000247a7669000 JavaThread "Cache worker for cache directory md-rule (C:\Users\Asus\.gradle\caches\7.3.3\md-rule)" [_thread_blocked, id=12380, stack(0x000000ccb1a00000,0x000000ccb1b00000)]
  0x00000247ab5d2800 JavaThread "Cache worker for execution history cache (C:\Users\Asus\.gradle\caches\7.3.3\executionHistory)" [_thread_blocked, id=15544, stack(0x000000ccb1b00000,0x000000ccb1c00000)]
  0x00000247ab5d5800 JavaThread "jar transforms" [_thread_blocked, id=14772, stack(0x000000ccb1c00000,0x000000ccb1d00000)]
  0x00000247ab5d5000 JavaThread "Cache worker for file content cache (C:\Users\Asus\.gradle\caches\7.3.3\fileContent)" [_thread_blocked, id=15612, stack(0x000000ccb1d00000,0x000000ccb1e00000)]
  0x00000247ab5d9000 JavaThread "jar transforms Thread 2" [_thread_blocked, id=6628, stack(0x000000ccb1e00000,0x000000ccb1f00000)]
  0x00000247ab5d6800 JavaThread "Cache worker for dependencies-accessors (D:\Nerd\.gradle\7.3.3\dependencies-accessors)" [_thread_blocked, id=11052, stack(0x000000ccb1f00000,0x000000ccb2000000)]
  0x00000247ab5d8000 JavaThread "jar transforms Thread 3" [_thread_blocked, id=6464, stack(0x000000ccb2000000,0x000000ccb2100000)]
  0x00000247ab5d9800 JavaThread "Cache worker for Build Output Cleanup Cache (D:\Nerd\.gradle\buildOutputCleanup)" [_thread_blocked, id=4308, stack(0x000000ccb2100000,0x000000ccb2200000)]
  0x00000247ab5d7000 JavaThread "Unconstrained build operations" [_thread_blocked, id=2988, stack(0x000000ccb2200000,0x000000ccb2300000)]
  0x00000247ab5de800 JavaThread "Unconstrained build operations Thread 2" [_thread_blocked, id=2272, stack(0x000000ccb2300000,0x000000ccb2400000)]
  0x00000247ab5dd000 JavaThread "Unconstrained build operations Thread 3" [_thread_blocked, id=13716, stack(0x000000ccb2400000,0x000000ccb2500000)]
  0x00000247ab5de000 JavaThread "Unconstrained build operations Thread 4" [_thread_blocked, id=3712, stack(0x000000ccb2500000,0x000000ccb2600000)]
  0x00000247ab5da800 JavaThread "Unconstrained build operations Thread 5" [_thread_blocked, id=308, stack(0x000000ccb2600000,0x000000ccb2700000)]
  0x00000247ab5df800 JavaThread "Unconstrained build operations Thread 6" [_thread_blocked, id=8884, stack(0x000000ccb2700000,0x000000ccb2800000)]
  0x00000247ab5e0000 JavaThread "Unconstrained build operations Thread 7" [_thread_blocked, id=11188, stack(0x000000ccb2800000,0x000000ccb2900000)]
  0x00000247aaa46800 JavaThread "Unconstrained build operations Thread 8" [_thread_blocked, id=5364, stack(0x000000ccb2900000,0x000000ccb2a00000)]
  0x00000247aaa44000 JavaThread "Unconstrained build operations Thread 9" [_thread_blocked, id=4852, stack(0x000000ccb2a00000,0x000000ccb2b00000)]
  0x00000247aaa43000 JavaThread "Unconstrained build operations Thread 10" [_thread_blocked, id=14380, stack(0x000000ccb2b00000,0x000000ccb2c00000)]
  0x00000247aaa42800 JavaThread "Unconstrained build operations Thread 11" [_thread_blocked, id=13204, stack(0x000000ccb2c00000,0x000000ccb2d00000)]
  0x00000247aaa45000 JavaThread "Unconstrained build operations Thread 12" [_thread_blocked, id=15300, stack(0x000000ccb2d00000,0x000000ccb2e00000)]
  0x00000247aaa45800 JavaThread "Unconstrained build operations Thread 13" [_thread_blocked, id=1276, stack(0x000000ccb2e00000,0x000000ccb2f00000)]
  0x00000247aaa47800 JavaThread "Unconstrained build operations Thread 14" [_thread_blocked, id=14964, stack(0x000000ccb2f00000,0x000000ccb3000000)]
  0x00000247aaa41800 JavaThread "Unconstrained build operations Thread 15" [_thread_blocked, id=14192, stack(0x000000ccb3000000,0x000000ccb3100000)]
  0x00000247aaa4d000 JavaThread "Unconstrained build operations Thread 16" [_thread_blocked, id=15444, stack(0x000000ccb3100000,0x000000ccb3200000)]
  0x00000247aaa4e000 JavaThread "Unconstrained build operations Thread 17" [_thread_blocked, id=8184, stack(0x000000ccb3200000,0x000000ccb3300000)]
  0x00000247aaa48000 JavaThread "Unconstrained build operations Thread 18" [_thread_blocked, id=2136, stack(0x000000ccb3300000,0x000000ccb3400000)]
  0x00000247aaa49000 JavaThread "Unconstrained build operations Thread 19" [_thread_blocked, id=12384, stack(0x000000ccb3400000,0x000000ccb3500000)]
  0x00000247aaa4e800 JavaThread "Unconstrained build operations Thread 20" [_thread_blocked, id=13460, stack(0x000000ccb3500000,0x000000ccb3600000)]
  0x00000247aaa4c000 JavaThread "Unconstrained build operations Thread 21" [_thread_blocked, id=1396, stack(0x000000ccb3600000,0x000000ccb3700000)]
  0x00000247aaa4f800 JavaThread "Unconstrained build operations Thread 22" [_thread_blocked, id=6604, stack(0x000000ccb3700000,0x000000ccb3800000)]
  0x00000247aaa4a000 JavaThread "Unconstrained build operations Thread 23" [_thread_blocked, id=3760, stack(0x000000ccb3800000,0x000000ccb3900000)]
  0x00000247aaa4a800 JavaThread "Unconstrained build operations Thread 24" [_thread_blocked, id=7032, stack(0x000000ccb3900000,0x000000ccb3a00000)]
  0x00000247aaa50800 JavaThread "Unconstrained build operations Thread 25" [_thread_blocked, id=10588, stack(0x000000ccb3a00000,0x000000ccb3b00000)]
  0x00000247aaa4b800 JavaThread "Unconstrained build operations Thread 26" [_thread_blocked, id=11464, stack(0x000000ccb3b00000,0x000000ccb3c00000)]
  0x00000247a4f8a800 JavaThread "Unconstrained build operations Thread 27" [_thread_blocked, id=10556, stack(0x000000ccb3c00000,0x000000ccb3d00000)]
  0x00000247a4f88000 JavaThread "Unconstrained build operations Thread 28" [_thread_blocked, id=9804, stack(0x000000ccb3d00000,0x000000ccb3e00000)]
  0x00000247a4f8c000 JavaThread "Unconstrained build operations Thread 29" [_thread_blocked, id=2660, stack(0x000000ccb3e00000,0x000000ccb3f00000)]
  0x00000247a4f89000 JavaThread "Unconstrained build operations Thread 30" [_thread_blocked, id=14952, stack(0x000000ccb3f00000,0x000000ccb4000000)]
  0x00000247a4f89800 JavaThread "Unconstrained build operations Thread 31" [_thread_blocked, id=10380, stack(0x000000ccb4000000,0x000000ccb4100000)]
  0x00000247a4f8d000 JavaThread "Unconstrained build operations Thread 32" [_thread_blocked, id=11116, stack(0x000000ccb4100000,0x000000ccb4200000)]
  0x00000247a4f8b800 JavaThread "Unconstrained build operations Thread 33" [_thread_blocked, id=1172, stack(0x000000ccb4200000,0x000000ccb4300000)]
  0x00000247a4f87000 JavaThread "Unconstrained build operations Thread 34" [_thread_blocked, id=13748, stack(0x000000ccb4300000,0x000000ccb4400000)]
  0x00000247a4f92800 JavaThread "Unconstrained build operations Thread 35" [_thread_blocked, id=3012, stack(0x000000ccb4400000,0x000000ccb4500000)]
  0x00000247a4f93800 JavaThread "Unconstrained build operations Thread 36" [_thread_blocked, id=2800, stack(0x000000ccb4500000,0x000000ccb4600000)]
  0x00000247a4f91000 JavaThread "Unconstrained build operations Thread 37" [_thread_blocked, id=13756, stack(0x000000ccb4600000,0x000000ccb4700000)]
  0x00000247a4f92000 JavaThread "Unconstrained build operations Thread 38" [_thread_blocked, id=4052, stack(0x000000ccb4700000,0x000000ccb4800000)]
  0x00000247a4f8e000 JavaThread "Unconstrained build operations Thread 39" [_thread_blocked, id=10816, stack(0x000000ccb4800000,0x000000ccb4900000)]
  0x00000247a4f94800 JavaThread "Unconstrained build operations Thread 40" [_thread_blocked, id=4616, stack(0x000000ccb4900000,0x000000ccb4a00000)]
  0x00000247a4f8e800 JavaThread "Unconstrained build operations Thread 41" [_thread_blocked, id=3572, stack(0x000000ccb4a00000,0x000000ccb4b00000)]
  0x00000247a4f95000 JavaThread "Unconstrained build operations Thread 42" [_thread_blocked, id=9864, stack(0x000000ccb4b00000,0x000000ccb4c00000)]
  0x00000247a4f8f800 JavaThread "Unconstrained build operations Thread 43" [_thread_blocked, id=5368, stack(0x000000ccb4c00000,0x000000ccb4d00000)]
  0x00000247a4f96000 JavaThread "Unconstrained build operations Thread 44" [_thread_blocked, id=2540, stack(0x000000ccb4d00000,0x000000ccb4e00000)]
  0x00000247a4f90000 JavaThread "Unconstrained build operations Thread 45" [_thread_blocked, id=6064, stack(0x000000ccb4e00000,0x000000ccb4f00000)]
  0x00000247a9fd4800 JavaThread "Unconstrained build operations Thread 46" [_thread_blocked, id=15832, stack(0x000000ccb4f00000,0x000000ccb5000000)]
  0x00000247a9fd4000 JavaThread "Unconstrained build operations Thread 47" [_thread_blocked, id=10040, stack(0x000000ccb5000000,0x000000ccb5100000)]
  0x00000247a9fd2800 JavaThread "Unconstrained build operations Thread 48" [_thread_blocked, id=7736, stack(0x000000ccb5100000,0x000000ccb5200000)]
  0x00000247a9fd0800 JavaThread "Unconstrained build operations Thread 49" [_thread_blocked, id=14420, stack(0x000000ccb5200000,0x000000ccb5300000)]
  0x00000247a9fd5800 JavaThread "Unconstrained build operations Thread 50" [_thread_blocked, id=6332, stack(0x000000ccb5300000,0x000000ccb5400000)]
  0x00000247a9fd6800 JavaThread "Unconstrained build operations Thread 51" [_thread_blocked, id=13532, stack(0x000000ccb5400000,0x000000ccb5500000)]
  0x00000247a9fd7000 JavaThread "Unconstrained build operations Thread 52" [_thread_blocked, id=2132, stack(0x000000ccb5500000,0x000000ccb5600000)]
  0x00000247a9fd1800 JavaThread "Unconstrained build operations Thread 53" [_thread_blocked, id=11760, stack(0x000000ccb5600000,0x000000ccb5700000)]
  0x00000247a9fd8000 JavaThread "Unconstrained build operations Thread 54" [_thread_blocked, id=14940, stack(0x000000ccb5700000,0x000000ccb5800000)]
  0x00000247a9fd9000 JavaThread "Unconstrained build operations Thread 55" [_thread_blocked, id=10880, stack(0x000000ccb5800000,0x000000ccb5900000)]
  0x00000247a9fd3000 JavaThread "Unconstrained build operations Thread 56" [_thread_blocked, id=14984, stack(0x000000ccb5900000,0x000000ccb5a00000)]
  0x00000247a9fdd000 JavaThread "Unconstrained build operations Thread 57" [_thread_blocked, id=11524, stack(0x000000ccb5a00000,0x000000ccb5b00000)]
  0x00000247a9fdc000 JavaThread "Unconstrained build operations Thread 58" [_thread_blocked, id=9952, stack(0x000000ccb5b00000,0x000000ccb5c00000)]
  0x00000247a9fd9800 JavaThread "Unconstrained build operations Thread 59" [_thread_blocked, id=7288, stack(0x000000ccb5c00000,0x000000ccb5d00000)]
  0x00000247a9fdb000 JavaThread "Unconstrained build operations Thread 60" [_thread_blocked, id=14432, stack(0x000000ccb5d00000,0x000000ccb5e00000)]
  0x00000247a9fda800 JavaThread "Unconstrained build operations Thread 61" [_thread_blocked, id=12912, stack(0x000000ccb5e00000,0x000000ccb5f00000)]
  0x00000247a9fdd800 JavaThread "Unconstrained build operations Thread 62" [_thread_blocked, id=15924, stack(0x000000ccb5f00000,0x000000ccb6000000)]
  0x00000247a9fdf800 JavaThread "Unconstrained build operations Thread 63" [_thread_blocked, id=11888, stack(0x000000ccb6000000,0x000000ccb6100000)]
  0x00000247a9fde800 JavaThread "Unconstrained build operations Thread 64" [_thread_blocked, id=12476, stack(0x000000ccb6100000,0x000000ccb6200000)]
  0x00000247aade8000 JavaThread "Unconstrained build operations Thread 65" [_thread_blocked, id=7584, stack(0x000000ccb6200000,0x000000ccb6300000)]
  0x00000247aade9000 JavaThread "Unconstrained build operations Thread 66" [_thread_blocked, id=11908, stack(0x000000ccb6300000,0x000000ccb6400000)]
  0x00000247aadea800 JavaThread "Unconstrained build operations Thread 67" [_thread_blocked, id=10744, stack(0x000000ccb6400000,0x000000ccb6500000)]
  0x00000247aadea000 JavaThread "Unconstrained build operations Thread 68" [_thread_blocked, id=11580, stack(0x000000ccb6500000,0x000000ccb6600000)]
  0x00000247aade5000 JavaThread "Unconstrained build operations Thread 69" [_thread_blocked, id=10820, stack(0x000000ccb6600000,0x000000ccb6700000)]
  0x00000247aade6800 JavaThread "Unconstrained build operations Thread 70" [_thread_blocked, id=2840, stack(0x000000ccb6700000,0x000000ccb6800000)]
  0x00000247aadeb800 JavaThread "Unconstrained build operations Thread 71" [_thread_blocked, id=1636, stack(0x000000ccb6800000,0x000000ccb6900000)]
  0x00000247aade5800 JavaThread "Unconstrained build operations Thread 72" [_thread_blocked, id=5864, stack(0x000000ccb6900000,0x000000ccb6a00000)]
  0x00000247aadec000 JavaThread "Unconstrained build operations Thread 73" [_thread_blocked, id=3120, stack(0x000000ccb6a00000,0x000000ccb6b00000)]
  0x00000247aaded000 JavaThread "Unconstrained build operations Thread 74" [_thread_blocked, id=3112, stack(0x000000ccb6b00000,0x000000ccb6c00000)]
  0x00000247aade7800 JavaThread "Unconstrained build operations Thread 75" [_thread_blocked, id=11236, stack(0x000000ccb6c00000,0x000000ccb6d00000)]
  0x00000247aadef800 JavaThread "Unconstrained build operations Thread 76" [_thread_blocked, id=5928, stack(0x000000ccb6d00000,0x000000ccb6e00000)]
  0x00000247aadf0800 JavaThread "Unconstrained build operations Thread 77" [_thread_blocked, id=15992, stack(0x000000ccb6e00000,0x000000ccb6f00000)]
  0x00000247aadee000 JavaThread "Unconstrained build operations Thread 78" [_thread_blocked, id=12408, stack(0x000000ccb6f00000,0x000000ccb7000000)]
  0x00000247aadf3000 JavaThread "Unconstrained build operations Thread 79" [_thread_blocked, id=2000, stack(0x000000ccb7000000,0x000000ccb7100000)]
  0x00000247aadee800 JavaThread "Unconstrained build operations Thread 80" [_thread_blocked, id=6912, stack(0x000000ccb7100000,0x000000ccb7200000)]
  0x00000247aadf3800 JavaThread "jar transforms Thread 4" [_thread_blocked, id=13196, stack(0x000000ccb7200000,0x000000ccb7300000)]
  0x00000247aadf1000 JavaThread "jar transforms Thread 5" [_thread_blocked, id=14032, stack(0x000000ccb7300000,0x000000ccb7400000)]
  0x00000247aadf2000 JavaThread "jar transforms Thread 6" [_thread_blocked, id=7432, stack(0x000000ccb7400000,0x000000ccb7500000)]
  0x00000247aaac2800 JavaThread "jar transforms Thread 7" [_thread_blocked, id=11200, stack(0x000000ccb7500000,0x000000ccb7600000)]
  0x00000247aaac3000 JavaThread "jar transforms Thread 8" [_thread_blocked, id=15940, stack(0x000000ccb7600000,0x000000ccb7700000)]
  0x00000247aaac5800 JavaThread "Memory manager" [_thread_blocked, id=9120, stack(0x000000ccb1500000,0x000000ccb1600000)]
  0x00000247aaac7800 JavaThread "build event listener" [_thread_blocked, id=10636, stack(0x000000ccb7700000,0x000000ccb7800000)]
  0x00000247aaac6800 JavaThread "Execution worker for ':'" [_thread_blocked, id=15432, stack(0x000000ccb7800000,0x000000ccb7900000)]
  0x00000247aaac1800 JavaThread "Execution worker for ':' Thread 2" [_thread_blocked, id=1016, stack(0x000000ccb7900000,0x000000ccb7a00000)]
  0x00000247aaaca800 JavaThread "Execution worker for ':' Thread 3" [_thread_blocked, id=3508, stack(0x000000ccb7a00000,0x000000ccb7b00000)]
  0x00000247aaace000 JavaThread "Execution worker for ':' Thread 4" [_thread_blocked, id=1912, stack(0x000000ccb7b00000,0x000000ccb7c00000)]
  0x00000247aaac9800 JavaThread "Execution worker for ':' Thread 5" [_thread_blocked, id=6208, stack(0x000000ccb7c00000,0x000000ccb7d00000)]
  0x00000247aaac8000 JavaThread "Execution worker for ':' Thread 6" [_thread_blocked, id=16252, stack(0x000000ccb7d00000,0x000000ccb7e00000)]
  0x00000247aaace800 JavaThread "Execution worker for ':' Thread 7" [_thread_blocked, id=5384, stack(0x000000ccb7e00000,0x000000ccb7f00000)]
  0x00000247aaac9000 JavaThread "Cache worker for execution history cache (D:\Nerd\.gradle\7.3.3\executionHistory)" [_thread_blocked, id=13100, stack(0x000000ccb7f00000,0x000000ccb8000000)]
  0x00000247aaacc000 JavaThread "Cache worker for Java compile cache (C:\Users\Asus\.gradle\caches\7.3.3\javaCompile)" [_thread_blocked, id=3324, stack(0x000000ccb8000000,0x000000ccb8100000)]
  0x00000247aaacf800 JavaThread "Build operations" [_thread_blocked, id=3256, stack(0x000000ccb8100000,0x000000ccb8200000)]
  0x00000247aaad0000 JavaThread "Build operations Thread 2" [_thread_blocked, id=2100, stack(0x000000ccb8200000,0x000000ccb8300000)]
  0x00000247aaacb800 JavaThread "Build operations Thread 3" [_thread_blocked, id=14988, stack(0x000000ccb8300000,0x000000ccb8400000)]
  0x00000247aaacd000 JavaThread "Build operations Thread 4" [_thread_blocked, id=6928, stack(0x000000ccb8400000,0x000000ccb8500000)]
  0x00000247a53df800 JavaThread "Build operations Thread 5" [_thread_blocked, id=10660, stack(0x000000ccb8500000,0x000000ccb8600000)]
  0x00000247a53dd000 JavaThread "Build operations Thread 6" [_thread_blocked, id=5136, stack(0x000000ccb8600000,0x000000ccb8700000)]
  0x00000247a53e1800 JavaThread "Build operations Thread 7" [_thread_blocked, id=15656, stack(0x000000ccb8700000,0x000000ccb8800000)]
  0x00000247a53e0000 JavaThread "Build operations Thread 8" [_thread_blocked, id=9408, stack(0x000000ccb8800000,0x000000ccb8900000)]
  0x00000247a53dd800 JavaThread "WorkerExecutor Queue" [_thread_in_vm, id=1488, stack(0x000000ccb8900000,0x000000ccb8a00000)]
  0x00000247a53de800 JavaThread "WorkerExecutor Queue Thread 2" [_thread_blocked, id=10836, stack(0x000000ccb8a00000,0x000000ccb8b00000)]
  0x00000247a53e1000 JavaThread "WorkerExecutor Queue Thread 3" [_thread_blocked, id=7608, stack(0x000000ccb8b00000,0x000000ccb8c00000)]
  0x00000247a53dc000 JavaThread "WorkerExecutor Queue Thread 4" [_thread_in_vm, id=6840, stack(0x000000ccb8c00000,0x000000ccb8d00000)]
  0x00000247a53e6800 JavaThread "WorkerExecutor Queue Thread 5" [_thread_blocked, id=14784, stack(0x000000ccb8d00000,0x000000ccb8e00000)]
  0x00000247a53e8000 JavaThread "WorkerExecutor Queue Thread 6" [_thread_blocked, id=14668, stack(0x000000ccb8e00000,0x000000ccb8f00000)]
  0x00000247a53e7800 JavaThread "WorkerExecutor Queue Thread 7" [_thread_blocked, id=12444, stack(0x000000ccb8f00000,0x000000ccb9000000)]
  0x00000247a53e2800 JavaThread "WorkerExecutor Queue Thread 8" [_thread_blocked, id=8096, stack(0x000000ccb9000000,0x000000ccb9100000)]
  0x00000247a53e9000 JavaThread "WorkerExecutor Queue Thread 9" [_thread_blocked, id=6396, stack(0x000000ccb9100000,0x000000ccb9200000)]

Other Threads:
  0x00000247a41b3000 VMThread "VM Thread" [stack: 0x000000ccaf300000,0x000000ccaf400000] [id=4456]
  0x00000247a4cd0000 WatcherThread [stack: 0x000000ccafd00000,0x000000ccafe00000] [id=12892]
  0x0000024789d29000 GCTaskThread "GC Thread#0" [stack: 0x000000ccaee00000,0x000000ccaef00000] [id=3796]
  0x00000247a4fad000 GCTaskThread "GC Thread#1" [stack: 0x000000ccb0000000,0x000000ccb0100000] [id=11176]
  0x00000247a5d2f000 GCTaskThread "GC Thread#2" [stack: 0x000000ccb0100000,0x000000ccb0200000] [id=9052]
  0x00000247a628d000 GCTaskThread "GC Thread#3" [stack: 0x000000ccb0a00000,0x000000ccb0b00000] [id=2620]
  0x00000247a6e70800 GCTaskThread "GC Thread#4" [stack: 0x000000ccb0b00000,0x000000ccb0c00000] [id=12140]
  0x00000247a7d66800 GCTaskThread "GC Thread#5" [stack: 0x000000ccb0c00000,0x000000ccb0d00000] [id=596]
  0x00000247a65ad800 GCTaskThread "GC Thread#6" [stack: 0x000000ccb0d00000,0x000000ccb0e00000] [id=7464]
  0x00000247a6c13000 GCTaskThread "GC Thread#7" [stack: 0x000000ccb0e00000,0x000000ccb0f00000] [id=12724]
  0x0000024789d59000 ConcurrentGCThread "G1 Main Marker" [stack: 0x000000ccaef00000,0x000000ccaf000000] [id=14356]
  0x0000024789d5a000 ConcurrentGCThread "G1 Conc#0" [stack: 0x000000ccaf000000,0x000000ccaf100000] [id=9708]
  0x00000247a60b4800 ConcurrentGCThread "G1 Conc#1" [stack: 0x000000ccb1200000,0x000000ccb1300000] [id=13536]
  0x00000247a4000800 ConcurrentGCThread "G1 Refine#0" [stack: 0x000000ccaf100000,0x000000ccaf200000] [id=10532]
  0x00000247a4001800 ConcurrentGCThread "G1 Young RemSet Sampling" [stack: 0x000000ccaf200000,0x000000ccaf300000] [id=9140]

Threads with active compile tasks:
C2 CompilerThread0  13672 11415       4       java.lang.invoke.MethodHandles$Lookup::checkAccess (226 bytes)
C2 CompilerThread1  13672 11419   !   4       jdk.internal.loader.BuiltinClassLoader::loadClassOrNull (143 bytes)

VM state:not at safepoint (normal execution)

VM Mutex/Monitor currently owned by a thread: None

Heap address: 0x0000000080000000, size: 2048 MB, Compressed Oops mode: 32-bit
Narrow klass base: 0x0000000000000000, Narrow klass shift: 3
Compressed class space size: 1073741824 Address: 0x0000000100000000

Heap:
 garbage-first heap   total 225280K, used 96191K [0x0000000080000000, 0x0000000100000000)
  region size 1024K, 21 young (21504K), 6 survivors (6144K)
 Metaspace       used 100797K, capacity 103884K, committed 104680K, reserved 1138688K
  class space    used 13233K, capacity 14469K, committed 14692K, reserved 1048576K
Heap Regions: E=young(eden), S=young(survivor), O=old, HS=humongous(starts), HC=humongous(continues), CS=collection set, F=free, A=archive, TAMS=top-at-mark-start (previous, next)
|   0|0x0000000080000000, 0x0000000080100000, 0x0000000080100000|100%| O|  |TAMS 0x0000000080100000, 0x0000000080000000| Untracked 
|   1|0x0000000080100000, 0x0000000080200000, 0x0000000080200000|100%| O|  |TAMS 0x0000000080200000, 0x0000000080100000| Untracked 
|   2|0x0000000080200000, 0x0000000080300000, 0x0000000080300000|100%| O|  |TAMS 0x0000000080300000, 0x0000000080200000| Untracked 
|   3|0x0000000080300000, 0x0000000080400000, 0x0000000080400000|100%|HS|  |TAMS 0x0000000080400000, 0x0000000080300000| Complete 
|   4|0x0000000080400000, 0x0000000080500000, 0x0000000080500000|100%|HC|  |TAMS 0x0000000080500000, 0x0000000080400000| Complete 
|   5|0x0000000080500000, 0x0000000080600000, 0x0000000080600000|100%|HC|  |TAMS 0x0000000080600000, 0x0000000080500000| Complete 
|   6|0x0000000080600000, 0x0000000080700000, 0x0000000080700000|100%| O|  |TAMS 0x0000000080700000, 0x0000000080600000| Untracked 
|   7|0x0000000080700000, 0x0000000080800000, 0x0000000080800000|100%| O|  |TAMS 0x0000000080800000, 0x0000000080700000| Untracked 
|   8|0x0000000080800000, 0x0000000080900000, 0x0000000080900000|100%| O|  |TAMS 0x0000000080900000, 0x0000000080800000| Untracked 
|   9|0x0000000080900000, 0x0000000080a00000, 0x0000000080a00000|100%| O|  |TAMS 0x0000000080a00000, 0x0000000080900000| Untracked 
|  10|0x0000000080a00000, 0x0000000080b00000, 0x0000000080b00000|100%| O|  |TAMS 0x0000000080b00000, 0x0000000080a00000| Untracked 
|  11|0x0000000080b00000, 0x0000000080c00000, 0x0000000080c00000|100%| O|  |TAMS 0x0000000080c00000, 0x0000000080b00000| Untracked 
|  12|0x0000000080c00000, 0x0000000080d00000, 0x0000000080d00000|100%| O|  |TAMS 0x0000000080d00000, 0x0000000080c00000| Untracked 
|  13|0x0000000080d00000, 0x0000000080e00000, 0x0000000080e00000|100%| O|  |TAMS 0x0000000080e00000, 0x0000000080d00000| Untracked 
|  14|0x0000000080e00000, 0x0000000080f00000, 0x0000000080f00000|100%| O|  |TAMS 0x0000000080f00000, 0x0000000080e00000| Untracked 
|  15|0x0000000080f00000, 0x0000000081000000, 0x0000000081000000|100%| O|  |TAMS 0x0000000081000000, 0x0000000080f00000| Untracked 
|  16|0x0000000081000000, 0x0000000081100000, 0x0000000081100000|100%|HS|  |TAMS 0x0000000081100000, 0x0000000081000000| Complete 
|  17|0x0000000081100000, 0x0000000081200000, 0x0000000081200000|100%| O|  |TAMS 0x0000000081200000, 0x0000000081100000| Untracked 
|  18|0x0000000081200000, 0x0000000081300000, 0x0000000081300000|100%| O|  |TAMS 0x0000000081300000, 0x0000000081200000| Untracked 
|  19|0x0000000081300000, 0x0000000081400000, 0x0000000081400000|100%| O|  |TAMS 0x0000000081400000, 0x0000000081300000| Untracked 
|  20|0x0000000081400000, 0x0000000081500000, 0x0000000081500000|100%| O|  |TAMS 0x0000000081500000, 0x0000000081400000| Untracked 
|  21|0x0000000081500000, 0x0000000081600000, 0x0000000081600000|100%| O|  |TAMS 0x0000000081600000, 0x0000000081500000| Untracked 
|  22|0x0000000081600000, 0x0000000081700000, 0x0000000081700000|100%| O|  |TAMS 0x0000000081700000, 0x0000000081600000| Untracked 
|  23|0x0000000081700000, 0x0000000081800000, 0x0000000081800000|100%| O|  |TAMS 0x0000000081800000, 0x0000000081700000| Untracked 
|  24|0x0000000081800000, 0x0000000081900000, 0x0000000081900000|100%| O|  |TAMS 0x0000000081900000, 0x0000000081800000| Untracked 
|  25|0x0000000081900000, 0x0000000081a00000, 0x0000000081a00000|100%| O|  |TAMS 0x0000000081a00000, 0x0000000081900000| Untracked 
|  26|0x0000000081a00000, 0x0000000081b00000, 0x0000000081b00000|100%| O|  |TAMS 0x0000000081b00000, 0x0000000081a00000| Untracked 
|  27|0x0000000081b00000, 0x0000000081c00000, 0x0000000081c00000|100%| O|  |TAMS 0x0000000081c00000, 0x0000000081b00000| Untracked 
|  28|0x0000000081c00000, 0x0000000081d00000, 0x0000000081d00000|100%|HS|  |TAMS 0x0000000081d00000, 0x0000000081c00000| Complete 
|  29|0x0000000081d00000, 0x0000000081e00000, 0x0000000081e00000|100%|HS|  |TAMS 0x0000000081e00000, 0x0000000081d00000| Complete 
|  30|0x0000000081e00000, 0x0000000081f00000, 0x0000000081f00000|100%|HC|  |TAMS 0x0000000081f00000, 0x0000000081e00000| Complete 
|  31|0x0000000081f00000, 0x0000000082000000, 0x0000000082000000|100%| O|  |TAMS 0x0000000082000000, 0x0000000081f00000| Untracked 
|  32|0x0000000082000000, 0x0000000082100000, 0x0000000082100000|100%| O|  |TAMS 0x0000000082100000, 0x0000000082000000| Untracked 
|  33|0x0000000082100000, 0x0000000082200000, 0x0000000082200000|100%| O|  |TAMS 0x0000000082200000, 0x0000000082100000| Untracked 
|  34|0x0000000082200000, 0x0000000082300000, 0x0000000082300000|100%| O|  |TAMS 0x0000000082300000, 0x0000000082200000| Untracked 
|  35|0x0000000082300000, 0x0000000082400000, 0x0000000082400000|100%| O|  |TAMS 0x0000000082400000, 0x0000000082300000| Untracked 
|  36|0x0000000082400000, 0x0000000082500000, 0x0000000082500000|100%| O|  |TAMS 0x0000000082500000, 0x0000000082400000| Untracked 
|  37|0x0000000082500000, 0x0000000082600000, 0x0000000082600000|100%| O|  |TAMS 0x0000000082600000, 0x0000000082500000| Untracked 
|  38|0x0000000082600000, 0x0000000082700000, 0x0000000082700000|100%| O|  |TAMS 0x0000000082700000, 0x0000000082600000| Untracked 
|  39|0x0000000082700000, 0x0000000082800000, 0x0000000082800000|100%| O|  |TAMS 0x0000000082800000, 0x0000000082700000| Untracked 
|  40|0x0000000082800000, 0x0000000082900000, 0x0000000082900000|100%| O|  |TAMS 0x0000000082900000, 0x0000000082800000| Untracked 
|  41|0x0000000082900000, 0x0000000082a00000, 0x0000000082a00000|100%| O|  |TAMS 0x0000000082a00000, 0x0000000082900000| Untracked 
|  42|0x0000000082a00000, 0x0000000082b00000, 0x0000000082b00000|100%| O|  |TAMS 0x0000000082b00000, 0x0000000082a00000| Untracked 
|  43|0x0000000082b00000, 0x0000000082c00000, 0x0000000082c00000|100%| O|  |TAMS 0x0000000082c00000, 0x0000000082b00000| Untracked 
|  44|0x0000000082c00000, 0x0000000082d00000, 0x0000000082d00000|100%| O|  |TAMS 0x0000000082d00000, 0x0000000082c00000| Untracked 
|  45|0x0000000082d00000, 0x0000000082e00000, 0x0000000082e00000|100%| O|  |TAMS 0x0000000082e00000, 0x0000000082d00000| Untracked 
|  46|0x0000000082e00000, 0x0000000082f00000, 0x0000000082f00000|100%| O|  |TAMS 0x0000000082f00000, 0x0000000082e00000| Untracked 
|  47|0x0000000082f00000, 0x0000000083000000, 0x0000000083000000|100%| O|  |TAMS 0x0000000083000000, 0x0000000082f00000| Untracked 
|  48|0x0000000083000000, 0x0000000083100000, 0x0000000083100000|100%| O|  |TAMS 0x0000000083100000, 0x0000000083000000| Untracked 
|  49|0x0000000083100000, 0x0000000083200000, 0x0000000083200000|100%| O|  |TAMS 0x0000000083200000, 0x0000000083100000| Untracked 
|  50|0x0000000083200000, 0x0000000083300000, 0x0000000083300000|100%| O|  |TAMS 0x0000000083300000, 0x0000000083200000| Untracked 
|  51|0x0000000083300000, 0x0000000083400000, 0x0000000083400000|100%| O|  |TAMS 0x0000000083400000, 0x0000000083300000| Untracked 
|  52|0x0000000083400000, 0x0000000083500000, 0x0000000083500000|100%| O|  |TAMS 0x0000000083500000, 0x0000000083400000| Untracked 
|  53|0x0000000083500000, 0x0000000083600000, 0x0000000083600000|100%| O|  |TAMS 0x0000000083600000, 0x0000000083500000| Untracked 
|  54|0x0000000083600000, 0x0000000083700000, 0x0000000083700000|100%| O|  |TAMS 0x0000000083700000, 0x0000000083600000| Untracked 
|  55|0x0000000083700000, 0x0000000083800000, 0x0000000083800000|100%| O|  |TAMS 0x0000000083800000, 0x0000000083700000| Untracked 
|  56|0x0000000083800000, 0x0000000083900000, 0x0000000083900000|100%| O|  |TAMS 0x0000000083900000, 0x0000000083800000| Untracked 
|  57|0x0000000083900000, 0x0000000083a00000, 0x0000000083a00000|100%| O|  |TAMS 0x0000000083a00000, 0x0000000083900000| Untracked 
|  58|0x0000000083a00000, 0x0000000083b00000, 0x0000000083b00000|100%| O|  |TAMS 0x0000000083b00000, 0x0000000083a00000| Untracked 
|  59|0x0000000083b00000, 0x0000000083c00000, 0x0000000083c00000|100%| O|  |TAMS 0x0000000083c00000, 0x0000000083b00000| Untracked 
|  60|0x0000000083c00000, 0x0000000083d00000, 0x0000000083d00000|100%| O|  |TAMS 0x0000000083d00000, 0x0000000083c00000| Untracked 
|  61|0x0000000083d00000, 0x0000000083e00000, 0x0000000083e00000|100%| O|  |TAMS 0x0000000083e00000, 0x0000000083d00000| Untracked 
|  62|0x0000000083e00000, 0x0000000083f00000, 0x0000000083f00000|100%| O|  |TAMS 0x0000000083f00000, 0x0000000083e00000| Untracked 
|  63|0x0000000083f00000, 0x0000000083f00000, 0x0000000084000000|  0%| F|  |TAMS 0x0000000083f00000, 0x0000000083f00000| Untracked 
|  64|0x0000000084000000, 0x0000000084000000, 0x0000000084100000|  0%| F|  |TAMS 0x0000000084000000, 0x0000000084000000| Untracked 
|  65|0x0000000084100000, 0x0000000084200000, 0x0000000084200000|100%| O|  |TAMS 0x0000000084200000, 0x0000000084100000| Untracked 
|  66|0x0000000084200000, 0x0000000084300000, 0x0000000084300000|100%| O|  |TAMS 0x0000000084300000, 0x0000000084200000| Untracked 
|  67|0x0000000084300000, 0x0000000084400000, 0x0000000084400000|100%| O|  |TAMS 0x0000000084400000, 0x0000000084300000| Untracked 
|  68|0x0000000084400000, 0x0000000084500000, 0x0000000084500000|100%| O|  |TAMS 0x0000000084500000, 0x0000000084400000| Untracked 
|  69|0x0000000084500000, 0x0000000084600000, 0x0000000084600000|100%| O|  |TAMS 0x0000000084600000, 0x0000000084500000| Untracked 
|  70|0x0000000084600000, 0x0000000084700000, 0x0000000084700000|100%| O|  |TAMS 0x0000000084700000, 0x0000000084600000| Untracked 
|  71|0x0000000084700000, 0x0000000084800000, 0x0000000084800000|100%| O|  |TAMS 0x0000000084800000, 0x0000000084700000| Untracked 
|  72|0x0000000084800000, 0x0000000084900000, 0x0000000084900000|100%| O|  |TAMS 0x0000000084900000, 0x0000000084800000| Untracked 
|  73|0x0000000084900000, 0x0000000084a00000, 0x0000000084a00000|100%| O|  |TAMS 0x0000000084a00000, 0x0000000084900000| Untracked 
|  74|0x0000000084a00000, 0x0000000084b00000, 0x0000000084b00000|100%| O|  |TAMS 0x0000000084b00000, 0x0000000084a00000| Untracked 
|  75|0x0000000084b00000, 0x0000000084befe00, 0x0000000084c00000| 93%| O|  |TAMS 0x0000000084befe00, 0x0000000084b00000| Untracked 
|  76|0x0000000084c00000, 0x0000000084c00000, 0x0000000084d00000|  0%| F|  |TAMS 0x0000000084c00000, 0x0000000084c00000| Untracked 
|  77|0x0000000084d00000, 0x0000000084d00000, 0x0000000084e00000|  0%| F|  |TAMS 0x0000000084d00000, 0x0000000084d00000| Untracked 
|  78|0x0000000084e00000, 0x0000000084e00000, 0x0000000084f00000|  0%| F|  |TAMS 0x0000000084e00000, 0x0000000084e00000| Untracked 
|  79|0x0000000084f00000, 0x0000000084f00000, 0x0000000085000000|  0%| F|  |TAMS 0x0000000084f00000, 0x0000000084f00000| Untracked 
|  80|0x0000000085000000, 0x0000000085000000, 0x0000000085100000|  0%| F|  |TAMS 0x0000000085000000, 0x0000000085000000| Untracked 
|  81|0x0000000085100000, 0x0000000085100000, 0x0000000085200000|  0%| F|  |TAMS 0x0000000085100000, 0x0000000085100000| Untracked 
|  82|0x0000000085200000, 0x0000000085200000, 0x0000000085300000|  0%| F|  |TAMS 0x0000000085200000, 0x0000000085200000| Untracked 
|  83|0x0000000085300000, 0x0000000085300000, 0x0000000085400000|  0%| F|  |TAMS 0x0000000085300000, 0x0000000085300000| Untracked 
|  84|0x0000000085400000, 0x0000000085400000, 0x0000000085500000|  0%| F|  |TAMS 0x0000000085400000, 0x0000000085400000| Untracked 
|  85|0x0000000085500000, 0x0000000085500000, 0x0000000085600000|  0%| F|  |TAMS 0x0000000085500000, 0x0000000085500000| Untracked 
|  86|0x0000000085600000, 0x0000000085600000, 0x0000000085700000|  0%| F|  |TAMS 0x0000000085600000, 0x0000000085600000| Untracked 
|  87|0x0000000085700000, 0x0000000085700000, 0x0000000085800000|  0%| F|  |TAMS 0x0000000085700000, 0x0000000085700000| Untracked 
|  88|0x0000000085800000, 0x0000000085800000, 0x0000000085900000|  0%| F|  |TAMS 0x0000000085800000, 0x0000000085800000| Untracked 
|  89|0x0000000085900000, 0x0000000085900000, 0x0000000085a00000|  0%| F|  |TAMS 0x0000000085900000, 0x0000000085900000| Untracked 
|  90|0x0000000085a00000, 0x0000000085a00000, 0x0000000085b00000|  0%| F|  |TAMS 0x0000000085a00000, 0x0000000085a00000| Untracked 
|  91|0x0000000085b00000, 0x0000000085b00000, 0x0000000085c00000|  0%| F|  |TAMS 0x0000000085b00000, 0x0000000085b00000| Untracked 
|  92|0x0000000085c00000, 0x0000000085c00000, 0x0000000085d00000|  0%| F|  |TAMS 0x0000000085c00000, 0x0000000085c00000| Untracked 
|  93|0x0000000085d00000, 0x0000000085d00000, 0x0000000085e00000|  0%| F|  |TAMS 0x0000000085d00000, 0x0000000085d00000| Untracked 
|  94|0x0000000085e00000, 0x0000000085e00000, 0x0000000085f00000|  0%| F|  |TAMS 0x0000000085e00000, 0x0000000085e00000| Untracked 
|  95|0x0000000085f00000, 0x0000000085f00000, 0x0000000086000000|  0%| F|  |TAMS 0x0000000085f00000, 0x0000000085f00000| Untracked 
|  96|0x0000000086000000, 0x0000000086000000, 0x0000000086100000|  0%| F|  |TAMS 0x0000000086000000, 0x0000000086000000| Untracked 
|  97|0x0000000086100000, 0x0000000086100000, 0x0000000086200000|  0%| F|  |TAMS 0x0000000086100000, 0x0000000086100000| Untracked 
|  98|0x0000000086200000, 0x0000000086200000, 0x0000000086300000|  0%| F|  |TAMS 0x0000000086200000, 0x0000000086200000| Untracked 
|  99|0x0000000086300000, 0x0000000086300000, 0x0000000086400000|  0%| F|  |TAMS 0x0000000086300000, 0x0000000086300000| Untracked 
| 100|0x0000000086400000, 0x0000000086400000, 0x0000000086500000|  0%| F|  |TAMS 0x0000000086400000, 0x0000000086400000| Untracked 
| 101|0x0000000086500000, 0x0000000086500000, 0x0000000086600000|  0%| F|  |TAMS 0x0000000086500000, 0x0000000086500000| Untracked 
| 102|0x0000000086600000, 0x0000000086600000, 0x0000000086700000|  0%| F|  |TAMS 0x0000000086600000, 0x0000000086600000| Untracked 
| 103|0x0000000086700000, 0x0000000086700000, 0x0000000086800000|  0%| F|  |TAMS 0x0000000086700000, 0x0000000086700000| Untracked 
| 104|0x0000000086800000, 0x0000000086800000, 0x0000000086900000|  0%| F|  |TAMS 0x0000000086800000, 0x0000000086800000| Untracked 
| 105|0x0000000086900000, 0x0000000086900000, 0x0000000086a00000|  0%| F|  |TAMS 0x0000000086900000, 0x0000000086900000| Untracked 
| 106|0x0000000086a00000, 0x0000000086a00000, 0x0000000086b00000|  0%| F|  |TAMS 0x0000000086a00000, 0x0000000086a00000| Untracked 
| 107|0x0000000086b00000, 0x0000000086b00000, 0x0000000086c00000|  0%| F|  |TAMS 0x0000000086b00000, 0x0000000086b00000| Untracked 
| 108|0x0000000086c00000, 0x0000000086c00000, 0x0000000086d00000|  0%| F|  |TAMS 0x0000000086c00000, 0x0000000086c00000| Untracked 
| 109|0x0000000086d00000, 0x0000000086d00000, 0x0000000086e00000|  0%| F|  |TAMS 0x0000000086d00000, 0x0000000086d00000| Untracked 
| 110|0x0000000086e00000, 0x0000000086e00000, 0x0000000086f00000|  0%| F|  |TAMS 0x0000000086e00000, 0x0000000086e00000| Untracked 
| 111|0x0000000086f00000, 0x0000000086f00000, 0x0000000087000000|  0%| F|  |TAMS 0x0000000086f00000, 0x0000000086f00000| Untracked 
| 112|0x0000000087000000, 0x0000000087000000, 0x0000000087100000|  0%| F|  |TAMS 0x0000000087000000, 0x0000000087000000| Untracked 
| 113|0x0000000087100000, 0x0000000087100000, 0x0000000087200000|  0%| F|  |TAMS 0x0000000087100000, 0x0000000087100000| Untracked 
| 114|0x0000000087200000, 0x0000000087200000, 0x0000000087300000|  0%| F|  |TAMS 0x0000000087200000, 0x0000000087200000| Untracked 
| 115|0x0000000087300000, 0x0000000087300000, 0x0000000087400000|  0%| F|  |TAMS 0x0000000087300000, 0x0000000087300000| Untracked 
| 116|0x0000000087400000, 0x0000000087400000, 0x0000000087500000|  0%| F|  |TAMS 0x0000000087400000, 0x0000000087400000| Untracked 
| 117|0x0000000087500000, 0x0000000087500000, 0x0000000087600000|  0%| F|  |TAMS 0x0000000087500000, 0x0000000087500000| Untracked 
| 118|0x0000000087600000, 0x0000000087600000, 0x0000000087700000|  0%| F|  |TAMS 0x0000000087600000, 0x0000000087600000| Untracked 
| 119|0x0000000087700000, 0x0000000087700000, 0x0000000087800000|  0%| F|  |TAMS 0x0000000087700000, 0x0000000087700000| Untracked 
| 120|0x0000000087800000, 0x0000000087800000, 0x0000000087900000|  0%| F|  |TAMS 0x0000000087800000, 0x0000000087800000| Untracked 
| 121|0x0000000087900000, 0x0000000087900000, 0x0000000087a00000|  0%| F|  |TAMS 0x0000000087900000, 0x0000000087900000| Untracked 
| 122|0x0000000087a00000, 0x0000000087a00000, 0x0000000087b00000|  0%| F|  |TAMS 0x0000000087a00000, 0x0000000087a00000| Untracked 
| 123|0x0000000087b00000, 0x0000000087b00000, 0x0000000087c00000|  0%| F|  |TAMS 0x0000000087b00000, 0x0000000087b00000| Untracked 
| 124|0x0000000087c00000, 0x0000000087c00000, 0x0000000087d00000|  0%| F|  |TAMS 0x0000000087c00000, 0x0000000087c00000| Untracked 
| 125|0x0000000087d00000, 0x0000000087d00000, 0x0000000087e00000|  0%| F|  |TAMS 0x0000000087d00000, 0x0000000087d00000| Untracked 
| 126|0x0000000087e00000, 0x0000000087e00000, 0x0000000087f00000|  0%| F|  |TAMS 0x0000000087e00000, 0x0000000087e00000| Untracked 
| 127|0x0000000087f00000, 0x0000000087f00000, 0x0000000088000000|  0%| F|  |TAMS 0x0000000087f00000, 0x0000000087f00000| Untracked 
| 128|0x0000000088000000, 0x0000000088000000, 0x0000000088100000|  0%| F|  |TAMS 0x0000000088000000, 0x0000000088000000| Untracked 
| 129|0x0000000088100000, 0x0000000088100000, 0x0000000088200000|  0%| F|  |TAMS 0x0000000088100000, 0x0000000088100000| Untracked 
| 130|0x0000000088200000, 0x0000000088200000, 0x0000000088300000|  0%| F|  |TAMS 0x0000000088200000, 0x0000000088200000| Untracked 
| 131|0x0000000088300000, 0x0000000088300000, 0x0000000088400000|  0%| F|  |TAMS 0x0000000088300000, 0x0000000088300000| Untracked 
| 132|0x0000000088400000, 0x0000000088400000, 0x0000000088500000|  0%| F|  |TAMS 0x0000000088400000, 0x0000000088400000| Untracked 
| 133|0x0000000088500000, 0x0000000088500000, 0x0000000088600000|  0%| F|  |TAMS 0x0000000088500000, 0x0000000088500000| Untracked 
| 134|0x0000000088600000, 0x0000000088600000, 0x0000000088700000|  0%| F|  |TAMS 0x0000000088600000, 0x0000000088600000| Untracked 
| 135|0x0000000088700000, 0x0000000088700000, 0x0000000088800000|  0%| F|  |TAMS 0x0000000088700000, 0x0000000088700000| Untracked 
| 136|0x0000000088800000, 0x0000000088800000, 0x0000000088900000|  0%| F|  |TAMS 0x0000000088800000, 0x0000000088800000| Untracked 
| 137|0x0000000088900000, 0x0000000088900000, 0x0000000088a00000|  0%| F|  |TAMS 0x0000000088900000, 0x0000000088900000| Untracked 
| 138|0x0000000088a00000, 0x0000000088a00000, 0x0000000088b00000|  0%| F|  |TAMS 0x0000000088a00000, 0x0000000088a00000| Untracked 
| 139|0x0000000088b00000, 0x0000000088b00000, 0x0000000088c00000|  0%| F|  |TAMS 0x0000000088b00000, 0x0000000088b00000| Untracked 
| 140|0x0000000088c00000, 0x0000000088c00000, 0x0000000088d00000|  0%| F|  |TAMS 0x0000000088c00000, 0x0000000088c00000| Untracked 
| 141|0x0000000088d00000, 0x0000000088d00000, 0x0000000088e00000|  0%| F|  |TAMS 0x0000000088d00000, 0x0000000088d00000| Untracked 
| 142|0x0000000088e00000, 0x0000000088e00000, 0x0000000088f00000|  0%| F|  |TAMS 0x0000000088e00000, 0x0000000088e00000| Untracked 
| 143|0x0000000088f00000, 0x0000000088f00000, 0x0000000089000000|  0%| F|  |TAMS 0x0000000088f00000, 0x0000000088f00000| Untracked 
| 144|0x0000000089000000, 0x0000000089000000, 0x0000000089100000|  0%| F|  |TAMS 0x0000000089000000, 0x0000000089000000| Untracked 
| 145|0x0000000089100000, 0x0000000089100000, 0x0000000089200000|  0%| F|  |TAMS 0x0000000089100000, 0x0000000089100000| Untracked 
| 146|0x0000000089200000, 0x0000000089200000, 0x0000000089300000|  0%| F|  |TAMS 0x0000000089200000, 0x0000000089200000| Untracked 
| 147|0x0000000089300000, 0x0000000089300000, 0x0000000089400000|  0%| F|  |TAMS 0x0000000089300000, 0x0000000089300000| Untracked 
| 148|0x0000000089400000, 0x0000000089400000, 0x0000000089500000|  0%| F|  |TAMS 0x0000000089400000, 0x0000000089400000| Untracked 
| 149|0x0000000089500000, 0x0000000089500000, 0x0000000089600000|  0%| F|  |TAMS 0x0000000089500000, 0x0000000089500000| Untracked 
| 150|0x0000000089600000, 0x0000000089600000, 0x0000000089700000|  0%| F|  |TAMS 0x0000000089600000, 0x0000000089600000| Untracked 
| 151|0x0000000089700000, 0x0000000089700000, 0x0000000089800000|  0%| F|  |TAMS 0x0000000089700000, 0x0000000089700000| Untracked 
| 152|0x0000000089800000, 0x0000000089800000, 0x0000000089900000|  0%| F|  |TAMS 0x0000000089800000, 0x0000000089800000| Untracked 
| 153|0x0000000089900000, 0x0000000089900000, 0x0000000089a00000|  0%| F|  |TAMS 0x0000000089900000, 0x0000000089900000| Untracked 
| 154|0x0000000089a00000, 0x0000000089a00000, 0x0000000089b00000|  0%| F|  |TAMS 0x0000000089a00000, 0x0000000089a00000| Untracked 
| 155|0x0000000089b00000, 0x0000000089b00000, 0x0000000089c00000|  0%| F|  |TAMS 0x0000000089b00000, 0x0000000089b00000| Untracked 
| 156|0x0000000089c00000, 0x0000000089c00000, 0x0000000089d00000|  0%| F|  |TAMS 0x0000000089c00000, 0x0000000089c00000| Untracked 
| 157|0x0000000089d00000, 0x0000000089d00000, 0x0000000089e00000|  0%| F|  |TAMS 0x0000000089d00000, 0x0000000089d00000| Untracked 
| 158|0x0000000089e00000, 0x0000000089e00000, 0x0000000089f00000|  0%| F|  |TAMS 0x0000000089e00000, 0x0000000089e00000| Untracked 
| 159|0x0000000089f00000, 0x0000000089f00000, 0x000000008a000000|  0%| F|  |TAMS 0x0000000089f00000, 0x0000000089f00000| Untracked 
| 160|0x000000008a000000, 0x000000008a000000, 0x000000008a100000|  0%| F|  |TAMS 0x000000008a000000, 0x000000008a000000| Untracked 
| 161|0x000000008a100000, 0x000000008a100000, 0x000000008a200000|  0%| F|  |TAMS 0x000000008a100000, 0x000000008a100000| Untracked 
| 162|0x000000008a200000, 0x000000008a200000, 0x000000008a300000|  0%| F|  |TAMS 0x000000008a200000, 0x000000008a200000| Untracked 
| 163|0x000000008a300000, 0x000000008a300000, 0x000000008a400000|  0%| F|  |TAMS 0x000000008a300000, 0x000000008a300000| Untracked 
| 164|0x000000008a400000, 0x000000008a400000, 0x000000008a500000|  0%| F|  |TAMS 0x000000008a400000, 0x000000008a400000| Untracked 
| 165|0x000000008a500000, 0x000000008a500000, 0x000000008a600000|  0%| F|  |TAMS 0x000000008a500000, 0x000000008a500000| Untracked 
| 166|0x000000008a600000, 0x000000008a600000, 0x000000008a700000|  0%| F|  |TAMS 0x000000008a600000, 0x000000008a600000| Untracked 
| 167|0x000000008a700000, 0x000000008a700000, 0x000000008a800000|  0%| F|  |TAMS 0x000000008a700000, 0x000000008a700000| Untracked 
| 168|0x000000008a800000, 0x000000008a800000, 0x000000008a900000|  0%| F|  |TAMS 0x000000008a800000, 0x000000008a800000| Untracked 
| 169|0x000000008a900000, 0x000000008a900000, 0x000000008aa00000|  0%| F|  |TAMS 0x000000008a900000, 0x000000008a900000| Untracked 
| 170|0x000000008aa00000, 0x000000008aa00000, 0x000000008ab00000|  0%| F|  |TAMS 0x000000008aa00000, 0x000000008aa00000| Untracked 
| 171|0x000000008ab00000, 0x000000008ab00000, 0x000000008ac00000|  0%| F|  |TAMS 0x000000008ab00000, 0x000000008ab00000| Untracked 
| 172|0x000000008ac00000, 0x000000008ac00000, 0x000000008ad00000|  0%| F|  |TAMS 0x000000008ac00000, 0x000000008ac00000| Untracked 
| 173|0x000000008ad00000, 0x000000008ad00000, 0x000000008ae00000|  0%| F|  |TAMS 0x000000008ad00000, 0x000000008ad00000| Untracked 
| 174|0x000000008ae00000, 0x000000008ae00000, 0x000000008af00000|  0%| F|  |TAMS 0x000000008ae00000, 0x000000008ae00000| Untracked 
| 175|0x000000008af00000, 0x000000008af00000, 0x000000008b000000|  0%| F|  |TAMS 0x000000008af00000, 0x000000008af00000| Untracked 
| 176|0x000000008b000000, 0x000000008b000000, 0x000000008b100000|  0%| F|  |TAMS 0x000000008b000000, 0x000000008b000000| Untracked 
| 177|0x000000008b100000, 0x000000008b100000, 0x000000008b200000|  0%| F|  |TAMS 0x000000008b100000, 0x000000008b100000| Untracked 
| 178|0x000000008b200000, 0x000000008b200000, 0x000000008b300000|  0%| F|  |TAMS 0x000000008b200000, 0x000000008b200000| Untracked 
| 179|0x000000008b300000, 0x000000008b300000, 0x000000008b400000|  0%| F|  |TAMS 0x000000008b300000, 0x000000008b300000| Untracked 
| 180|0x000000008b400000, 0x000000008b400000, 0x000000008b500000|  0%| F|  |TAMS 0x000000008b400000, 0x000000008b400000| Untracked 
| 181|0x000000008b500000, 0x000000008b500000, 0x000000008b600000|  0%| F|  |TAMS 0x000000008b500000, 0x000000008b500000| Untracked 
| 182|0x000000008b600000, 0x000000008b600000, 0x000000008b700000|  0%| F|  |TAMS 0x000000008b600000, 0x000000008b600000| Untracked 
| 183|0x000000008b700000, 0x000000008b700000, 0x000000008b800000|  0%| F|  |TAMS 0x000000008b700000, 0x000000008b700000| Untracked 
| 184|0x000000008b800000, 0x000000008b800000, 0x000000008b900000|  0%| F|  |TAMS 0x000000008b800000, 0x000000008b800000| Untracked 
| 185|0x000000008b900000, 0x000000008b900000, 0x000000008ba00000|  0%| F|  |TAMS 0x000000008b900000, 0x000000008b900000| Untracked 
| 186|0x000000008ba00000, 0x000000008ba00000, 0x000000008bb00000|  0%| F|  |TAMS 0x000000008ba00000, 0x000000008ba00000| Untracked 
| 187|0x000000008bb00000, 0x000000008bb00000, 0x000000008bc00000|  0%| F|  |TAMS 0x000000008bb00000, 0x000000008bb00000| Untracked 
| 188|0x000000008bc00000, 0x000000008bc00000, 0x000000008bd00000|  0%| F|  |TAMS 0x000000008bc00000, 0x000000008bc00000| Untracked 
| 189|0x000000008bd00000, 0x000000008bd00000, 0x000000008be00000|  0%| F|  |TAMS 0x000000008bd00000, 0x000000008bd00000| Untracked 
| 190|0x000000008be00000, 0x000000008be00000, 0x000000008bf00000|  0%| F|  |TAMS 0x000000008be00000, 0x000000008be00000| Untracked 
| 191|0x000000008bf00000, 0x000000008bf00000, 0x000000008c000000|  0%| F|  |TAMS 0x000000008bf00000, 0x000000008bf00000| Untracked 
| 192|0x000000008c000000, 0x000000008c000000, 0x000000008c100000|  0%| F|  |TAMS 0x000000008c000000, 0x000000008c000000| Untracked 
| 193|0x000000008c100000, 0x000000008c100000, 0x000000008c200000|  0%| F|  |TAMS 0x000000008c100000, 0x000000008c100000| Untracked 
| 194|0x000000008c200000, 0x000000008c200000, 0x000000008c300000|  0%| F|  |TAMS 0x000000008c200000, 0x000000008c200000| Untracked 
| 195|0x000000008c300000, 0x000000008c300000, 0x000000008c400000|  0%| F|  |TAMS 0x000000008c300000, 0x000000008c300000| Untracked 
| 196|0x000000008c400000, 0x000000008c400000, 0x000000008c500000|  0%| F|  |TAMS 0x000000008c400000, 0x000000008c400000| Untracked 
| 197|0x000000008c500000, 0x000000008c500000, 0x000000008c600000|  0%| F|  |TAMS 0x000000008c500000, 0x000000008c500000| Untracked 
| 198|0x000000008c600000, 0x000000008c600000, 0x000000008c700000|  0%| F|  |TAMS 0x000000008c600000, 0x000000008c600000| Untracked 
| 199|0x000000008c700000, 0x000000008c7805f0, 0x000000008c800000| 50%| E|  |TAMS 0x000000008c700000, 0x000000008c700000| Complete 
| 200|0x000000008c800000, 0x000000008c900000, 0x000000008c900000|100%| E|CS|TAMS 0x000000008c800000, 0x000000008c800000| Complete 
| 201|0x000000008c900000, 0x000000008ca00000, 0x000000008ca00000|100%| E|CS|TAMS 0x000000008c900000, 0x000000008c900000| Complete 
| 202|0x000000008ca00000, 0x000000008cb00000, 0x000000008cb00000|100%| E|CS|TAMS 0x000000008ca00000, 0x000000008ca00000| Complete 
| 203|0x000000008cb00000, 0x000000008cc00000, 0x000000008cc00000|100%| E|CS|TAMS 0x000000008cb00000, 0x000000008cb00000| Complete 
| 204|0x000000008cc00000, 0x000000008cd00000, 0x000000008cd00000|100%| E|CS|TAMS 0x000000008cc00000, 0x000000008cc00000| Complete 
| 205|0x000000008cd00000, 0x000000008ce00000, 0x000000008ce00000|100%| E|CS|TAMS 0x000000008cd00000, 0x000000008cd00000| Complete 
| 206|0x000000008ce00000, 0x000000008cf00000, 0x000000008cf00000|100%| S|CS|TAMS 0x000000008ce00000, 0x000000008ce00000| Complete 
| 207|0x000000008cf00000, 0x000000008d000000, 0x000000008d000000|100%| S|CS|TAMS 0x000000008cf00000, 0x000000008cf00000| Complete 
| 208|0x000000008d000000, 0x000000008d100000, 0x000000008d100000|100%| S|CS|TAMS 0x000000008d000000, 0x000000008d000000| Complete 
| 209|0x000000008d100000, 0x000000008d200000, 0x000000008d200000|100%| S|CS|TAMS 0x000000008d100000, 0x000000008d100000| Complete 
| 210|0x000000008d200000, 0x000000008d300000, 0x000000008d300000|100%| S|CS|TAMS 0x000000008d200000, 0x000000008d200000| Complete 
| 211|0x000000008d300000, 0x000000008d400000, 0x000000008d400000|100%| S|CS|TAMS 0x000000008d300000, 0x000000008d300000| Complete 
| 212|0x000000008d400000, 0x000000008d500000, 0x000000008d500000|100%| E|CS|TAMS 0x000000008d400000, 0x000000008d400000| Complete 
| 213|0x000000008d500000, 0x000000008d600000, 0x000000008d600000|100%| E|CS|TAMS 0x000000008d500000, 0x000000008d500000| Complete 
| 214|0x000000008d600000, 0x000000008d700000, 0x000000008d700000|100%| E|CS|TAMS 0x000000008d600000, 0x000000008d600000| Complete 
| 215|0x000000008d700000, 0x000000008d800000, 0x000000008d800000|100%| E|CS|TAMS 0x000000008d700000, 0x000000008d700000| Complete 
| 216|0x000000008d800000, 0x000000008d900000, 0x000000008d900000|100%| E|CS|TAMS 0x000000008d800000, 0x000000008d800000| Complete 
| 217|0x000000008d900000, 0x000000008da00000, 0x000000008da00000|100%| E|CS|TAMS 0x000000008d900000, 0x000000008d900000| Complete 
| 218|0x000000008da00000, 0x000000008db00000, 0x000000008db00000|100%| E|CS|TAMS 0x000000008da00000, 0x000000008da00000| Complete 
| 219|0x000000008db00000, 0x000000008dc00000, 0x000000008dc00000|100%| E|CS|TAMS 0x000000008db00000, 0x000000008db00000| Complete 

Card table byte_map: [0x000002479cf60000,0x000002479d360000] _byte_map_base: 0x000002479cb60000

Marking Bits (Prev, Next): (CMBitMap*) 0x0000024789d4ffd8, (CMBitMap*) 0x0000024789d50010
 Prev Bits: [0x000002479d760000, 0x000002479f760000)
 Next Bits: [0x000002479f760000, 0x00000247a1760000)

Polling page: 0x00000247894f0000

Metaspace:

Usage:
  Non-class:     87.39 MB capacity,    85.63 MB ( 98%) used,     1.41 MB (  2%) free+waste,   359.81 KB ( <1%) overhead. 
      Class:     14.17 MB capacity,    12.94 MB ( 91%) used,     1.05 MB (  7%) free+waste,   175.81 KB (  1%) overhead. 
       Both:    101.55 MB capacity,    98.58 MB ( 97%) used,     2.46 MB (  2%) free+waste,   535.63 KB ( <1%) overhead. 

Virtual space:
  Non-class space:       88.00 MB reserved,      87.88 MB (>99%) committed 
      Class space:        1.00 GB reserved,      14.35 MB (  1%) committed 
             Both:        1.09 GB reserved,     102.23 MB (  9%) committed 

Chunk freelists:
   Non-Class:  373.00 KB
       Class:  183.00 KB
        Both:  556.00 KB

MaxMetaspaceSize: 17179869184.00 GB
CompressedClassSpaceSize: 1.00 GB
Initial GC threshold: 20.80 MB
Current GC threshold: 167.91 MB
CDS: off

CodeHeap 'non-profiled nmethods': size=120000Kb used=5993Kb max_used=5993Kb free=114006Kb
 bounds [0x0000024795300000, 0x00000247958e0000, 0x000002479c830000]
CodeHeap 'profiled nmethods': size=120000Kb used=22912Kb max_used=22912Kb free=97088Kb
 bounds [0x000002478ddd0000, 0x000002478f430000, 0x0000024795300000]
CodeHeap 'non-nmethods': size=5760Kb used=2395Kb max_used=2414Kb free=3364Kb
 bounds [0x000002478d830000, 0x000002478daa0000, 0x000002478ddd0000]
 total_blobs=12234 nmethods=11313 adapters=833
 compilation: enabled
              stopped_count=0, restarted_count=0
 full_count=0

Compilation events (20 events):
Event: 13.575 Thread 0x00000247a41e0000 11431       3       com.android.tools.r8.internal.qE::a (75 bytes)
Event: 13.575 Thread 0x00000247a41e0000 nmethod 11431 0x000002478f42be10 code [0x000002478f42c060, 0x000002478f42c928]
Event: 13.584 Thread 0x00000247a41e0000 11434       3       com.android.tools.r8.internal.jF$$Lambda$2151/0x0000000100b0d840::apply (16 bytes)
Event: 13.584 Thread 0x00000247a41e0000 nmethod 11434 0x000002478f42cb90 code [0x000002478f42cd60, 0x000002478f42d088]
Event: 13.585 Thread 0x00000247a41e0000 11435       3       com.android.tools.r8.internal.jF::a (9 bytes)
Event: 13.585 Thread 0x00000247a41e0000 nmethod 11435 0x000002478f42d190 code [0x000002478f42d340, 0x000002478f42d4e8]
Event: 13.585 Thread 0x00000247a41e0000 11437       1       com.android.tools.r8.internal.e7::y (2 bytes)
Event: 13.585 Thread 0x00000247a41e0000 nmethod 11437 0x00000247958d9490 code [0x00000247958d9640, 0x00000247958d96f8]
Event: 13.585 Thread 0x00000247a41e0000 11436       1       com.android.tools.r8.internal.e7::z (2 bytes)
Event: 13.585 Thread 0x00000247a41e0000 nmethod 11436 0x00000247958d9790 code [0x00000247958d9940, 0x00000247958d99f8]
Event: 13.622 Thread 0x00000247a41e0000 11438       2       java.util.zip.ZipFile$InflaterCleanupAction::run (12 bytes)
Event: 13.622 Thread 0x00000247a41e0000 nmethod 11438 0x000002478f42d590 code [0x000002478f42d740, 0x000002478f42d868]
Event: 13.623 Thread 0x00000247a41e0000 11439       3       java.util.ArrayDeque::<init> (14 bytes)
Event: 13.623 Thread 0x00000247a41e0000 nmethod 11439 0x000002478f42d910 code [0x000002478f42dae0, 0x000002478f42dd98]
Event: 13.625 Thread 0x00000247a41e0000 11440       3       com.android.tools.r8.graph.i::a (8 bytes)
Event: 13.625 Thread 0x00000247a41e0000 nmethod 11440 0x000002478f42de90 code [0x000002478f42e040, 0x000002478f42e238]
Event: 13.625 Thread 0x00000247a41e0000 11441       1       com.android.tools.r8.internal.S6::H (5 bytes)
Event: 13.625 Thread 0x00000247a41e0000 nmethod 11441 0x00000247958d9a90 code [0x00000247958d9c40, 0x00000247958d9cf8]
Event: 13.641 Thread 0x00000247a41e0000 11443       3       com.android.tools.r8.graph.l::q0 (8 bytes)
Event: 13.641 Thread 0x00000247a41e0000 nmethod 11443 0x000002478f42e310 code [0x000002478f42e560, 0x000002478f42eef8]

GC Heap History (20 events):
Event: 6.907 GC heap before
{Heap before GC invocations=10 (full 0):
 garbage-first heap   total 155648K, used 101376K [0x0000000080000000, 0x0000000100000000)
  region size 1024K, 68 young (69632K), 11 survivors (11264K)
 Metaspace       used 58823K, capacity 60321K, committed 60368K, reserved 1101824K
  class space    used 7422K, capacity 7992K, committed 8012K, reserved 1048576K
}
Event: 6.921 GC heap after
{Heap after GC invocations=11 (full 0):
 garbage-first heap   total 155648K, used 46524K [0x0000000080000000, 0x0000000100000000)
  region size 1024K, 3 young (3072K), 3 survivors (3072K)
 Metaspace       used 58823K, capacity 60321K, committed 60368K, reserved 1101824K
  class space    used 7422K, capacity 7992K, committed 8012K, reserved 1048576K
}
Event: 7.659 GC heap before
{Heap before GC invocations=12 (full 0):
 garbage-first heap   total 155648K, used 112060K [0x0000000080000000, 0x0000000100000000)
  region size 1024K, 67 young (68608K), 3 survivors (3072K)
 Metaspace       used 64700K, capacity 66252K, committed 66588K, reserved 1107968K
  class space    used 8137K, capacity 8742K, committed 8856K, reserved 1048576K
}
Event: 7.666 GC heap after
{Heap after GC invocations=13 (full 0):
 garbage-first heap   total 155648K, used 51717K [0x0000000080000000, 0x0000000100000000)
  region size 1024K, 8 young (8192K), 8 survivors (8192K)
 Metaspace       used 64700K, capacity 66252K, committed 66588K, reserved 1107968K
  class space    used 8137K, capacity 8742K, committed 8856K, reserved 1048576K
}
Event: 8.239 GC heap before
{Heap before GC invocations=13 (full 0):
 garbage-first heap   total 155648K, used 115205K [0x0000000080000000, 0x0000000100000000)
  region size 1024K, 70 young (71680K), 8 survivors (8192K)
 Metaspace       used 68281K, capacity 69903K, committed 70172K, reserved 1110016K
  class space    used 8730K, capacity 9339K, committed 9368K, reserved 1048576K
}
Event: 8.248 GC heap after
{Heap after GC invocations=14 (full 0):
 garbage-first heap   total 155648K, used 55813K [0x0000000080000000, 0x0000000100000000)
  region size 1024K, 5 young (5120K), 5 survivors (5120K)
 Metaspace       used 68281K, capacity 69903K, committed 70172K, reserved 1110016K
  class space    used 8730K, capacity 9339K, committed 9368K, reserved 1048576K
}
Event: 9.013 GC heap before
{Heap before GC invocations=14 (full 0):
 garbage-first heap   total 155648K, used 118277K [0x0000000080000000, 0x0000000100000000)
  region size 1024K, 66 young (67584K), 5 survivors (5120K)
 Metaspace       used 73902K, capacity 75693K, committed 75932K, reserved 1116160K
  class space    used 9554K, capacity 10238K, committed 10264K, reserved 1048576K
}
Event: 9.023 GC heap after
{Heap after GC invocations=15 (full 0):
 garbage-first heap   total 187392K, used 59925K [0x0000000080000000, 0x0000000100000000)
  region size 1024K, 9 young (9216K), 9 survivors (9216K)
 Metaspace       used 73902K, capacity 75693K, committed 75932K, reserved 1116160K
  class space    used 9554K, capacity 10238K, committed 10264K, reserved 1048576K
}
Event: 9.980 GC heap before
{Heap before GC invocations=15 (full 0):
 garbage-first heap   total 187392K, used 133653K [0x0000000080000000, 0x0000000100000000)
  region size 1024K, 81 young (82944K), 9 survivors (9216K)
 Metaspace       used 81012K, capacity 83296K, committed 83356K, reserved 1122304K
  class space    used 10638K, capacity 11522K, committed 11544K, reserved 1048576K
}
Event: 9.994 GC heap after
{Heap after GC invocations=16 (full 0):
 garbage-first heap   total 187392K, used 64337K [0x0000000080000000, 0x0000000100000000)
  region size 1024K, 9 young (9216K), 9 survivors (9216K)
 Metaspace       used 81012K, capacity 83296K, committed 83356K, reserved 1122304K
  class space    used 10638K, capacity 11522K, committed 11544K, reserved 1048576K
}
Event: 10.502 GC heap before
{Heap before GC invocations=16 (full 0):
 garbage-first heap   total 187392K, used 138065K [0x0000000080000000, 0x0000000100000000)
  region size 1024K, 82 young (83968K), 9 survivors (9216K)
 Metaspace       used 82209K, capacity 84663K, committed 84892K, reserved 1122304K
  class space    used 10779K, capacity 11688K, committed 11800K, reserved 1048576K
}
Event: 10.516 GC heap after
{Heap after GC invocations=17 (full 0):
 garbage-first heap   total 187392K, used 69721K [0x0000000080000000, 0x0000000100000000)
  region size 1024K, 10 young (10240K), 10 survivors (10240K)
 Metaspace       used 82209K, capacity 84663K, committed 84892K, reserved 1122304K
  class space    used 10779K, capacity 11688K, committed 11800K, reserved 1048576K
}
Event: 11.205 GC heap before
{Heap before GC invocations=17 (full 0):
 garbage-first heap   total 187392K, used 141401K [0x0000000080000000, 0x0000000100000000)
  region size 1024K, 81 young (82944K), 10 survivors (10240K)
 Metaspace       used 85561K, capacity 88072K, committed 88348K, reserved 1126400K
  class space    used 11155K, capacity 12149K, committed 12184K, reserved 1048576K
}
Event: 11.218 GC heap after
{Heap after GC invocations=18 (full 0):
 garbage-first heap   total 187392K, used 75451K [0x0000000080000000, 0x0000000100000000)
  region size 1024K, 11 young (11264K), 11 survivors (11264K)
 Metaspace       used 85561K, capacity 88072K, committed 88348K, reserved 1126400K
  class space    used 11155K, capacity 12149K, committed 12184K, reserved 1048576K
}
Event: 12.609 GC heap before
{Heap before GC invocations=18 (full 0):
 garbage-first heap   total 187392K, used 147131K [0x0000000080000000, 0x0000000100000000)
  region size 1024K, 80 young (81920K), 11 survivors (11264K)
 Metaspace       used 92492K, capacity 95192K, committed 95388K, reserved 1132544K
  class space    used 11963K, capacity 13007K, committed 13080K, reserved 1048576K
}
Event: 12.622 GC heap after
{Heap after GC invocations=19 (full 0):
 garbage-first heap   total 187392K, used 81461K [0x0000000080000000, 0x0000000100000000)
  region size 1024K, 4 young (4096K), 4 survivors (4096K)
 Metaspace       used 92492K, capacity 95192K, committed 95388K, reserved 1132544K
  class space    used 11963K, capacity 13007K, committed 13080K, reserved 1048576K
}
Event: 13.282 GC heap before
{Heap before GC invocations=19 (full 0):
 garbage-first heap   total 187392K, used 149045K [0x0000000080000000, 0x0000000100000000)
  region size 1024K, 71 young (72704K), 4 survivors (4096K)
 Metaspace       used 96121K, capacity 99085K, committed 99228K, reserved 1134592K
  class space    used 12464K, capacity 13577K, committed 13592K, reserved 1048576K
}
Event: 13.292 GC heap after
{Heap after GC invocations=20 (full 0):
 garbage-first heap   total 225280K, used 81418K [0x0000000080000000, 0x0000000100000000)
  region size 1024K, 6 young (6144K), 6 survivors (6144K)
 Metaspace       used 96121K, capacity 99085K, committed 99228K, reserved 1134592K
  class space    used 12464K, capacity 13577K, committed 13592K, reserved 1048576K
}
Event: 13.411 GC heap before
{Heap before GC invocations=20 (full 0):
 garbage-first heap   total 225280K, used 88586K [0x0000000080000000, 0x0000000100000000)
  region size 1024K, 14 young (14336K), 6 survivors (6144K)
 Metaspace       used 97996K, capacity 101025K, committed 101148K, reserved 1136640K
  class space    used 12749K, capacity 13907K, committed 13976K, reserved 1048576K
}
Event: 13.418 GC heap after
{Heap after GC invocations=21 (full 0):
 garbage-first heap   total 225280K, used 81855K [0x0000000080000000, 0x0000000100000000)
  region size 1024K, 6 young (6144K), 6 survivors (6144K)
 Metaspace       used 97996K, capacity 101025K, committed 101148K, reserved 1136640K
  class space    used 12749K, capacity 13907K, committed 13976K, reserved 1048576K
}

Deoptimization events (20 events):
Event: 13.162 Thread 0x00000247a53de800 DEOPT PACKING pc=0x00000247958283f8 sp=0x000000ccb8afcd90
Event: 13.162 Thread 0x00000247a53e1000 DEOPT UNPACKING pc=0x000002478d87a1af sp=0x000000ccb8bfced8 mode 2
Event: 13.162 Thread 0x00000247a53dd800 DEOPT PACKING pc=0x00000247958283f8 sp=0x000000ccb89fcb30
Event: 13.162 Thread 0x00000247a53dc000 DEOPT UNPACKING pc=0x000002478d87a1af sp=0x000000ccb8cfd238 mode 2
Event: 13.162 Thread 0x00000247a53de800 DEOPT UNPACKING pc=0x000002478d87a1af sp=0x000000ccb8afccd8 mode 2
Event: 13.162 Thread 0x00000247a53dd800 DEOPT UNPACKING pc=0x000002478d87a1af sp=0x000000ccb89fca78 mode 2
Event: 13.163 Thread 0x00000247a53dd800 Uncommon trap: trap_request=0xffffff4d fr.pc=0x00000247958254d0 relative=0x00000000000001b0
Event: 13.163 Thread 0x00000247a53dd800 Uncommon trap: reason=unstable_if action=reinterpret pc=0x00000247958254d0 method=jdk.internal.util.ArraysSupport.mismatch([B[BI)I @ 60 c2
Event: 13.163 Thread 0x00000247a53dd800 DEOPT PACKING pc=0x00000247958254d0 sp=0x000000ccb89fcaa0
Event: 13.163 Thread 0x00000247a53dd800 DEOPT UNPACKING pc=0x000002478d87a1af sp=0x000000ccb89fca60 mode 2
Event: 13.171 Thread 0x00000247a53dd800 DEOPT PACKING pc=0x000002478f0987d5 sp=0x000000ccb89fc960
Event: 13.171 Thread 0x00000247a53de800 DEOPT PACKING pc=0x000002478f0987d5 sp=0x000000ccb8afcbc0
Event: 13.171 Thread 0x00000247a53dd800 DEOPT UNPACKING pc=0x000002478d87a95e sp=0x000000ccb89fbe80 mode 0
Event: 13.171 Thread 0x00000247a53de800 DEOPT UNPACKING pc=0x000002478d87a95e sp=0x000000ccb8afc0e0 mode 0
Event: 13.190 Thread 0x00000247a53de800 DEOPT PACKING pc=0x000002478f0987f6 sp=0x000000ccb8afd030
Event: 13.190 Thread 0x00000247a53de800 DEOPT UNPACKING pc=0x000002478d87a95e sp=0x000000ccb8afc550 mode 0
Event: 13.207 Thread 0x00000247a53dd800 DEOPT PACKING pc=0x000002478f0987d5 sp=0x000000ccb89fae40
Event: 13.207 Thread 0x00000247a53dd800 DEOPT UNPACKING pc=0x000002478d87a95e sp=0x000000ccb89fa360 mode 0
Event: 13.375 Thread 0x00000247a53dd800 DEOPT PACKING pc=0x000002478f16dbc4 sp=0x000000ccb89fc6b0
Event: 13.375 Thread 0x00000247a53dd800 DEOPT UNPACKING pc=0x000002478d87a95e sp=0x000000ccb89fbc50 mode 0

Classes redefined (0 events):
No events

Internal exceptions (20 events):
Event: 13.335 Thread 0x00000247a53dc000 Exception <a 'java/lang/NoSuchMethodError'{0x000000008d9373b0}: 'java.lang.Object java.lang.invoke.DirectMethodHandle$Holder.invokeStatic(java.lang.Object, long)'> (0x000000008d9373b0) thrown at [./src/hotspot/share/interpreter/linkResolver.cpp, line 773]
Event: 13.335 Thread 0x00000247a53dd800 Exception <a 'java/lang/NoSuchMethodError'{0x000000008d925298}: 'java.lang.Object java.lang.invoke.DirectMethodHandle$Holder.invokeStatic(java.lang.Object, long)'> (0x000000008d925298) thrown at [./src/hotspot/share/interpreter/linkResolver.cpp, line 773]
Event: 13.336 Thread 0x00000247a53dd800 Exception <a 'java/lang/NoSuchMethodError'{0x000000008d94d4c8}: 'java.lang.Object java.lang.invoke.Invokers$Holder.linkToTargetMethod(long, java.lang.Object)'> (0x000000008d94d4c8) thrown at [./src/hotspot/share/interpreter/linkResolver.cpp, line 773]
Event: 13.336 Thread 0x00000247a53dc000 Exception <a 'java/lang/NoSuchMethodError'{0x000000008d93d6e0}: 'java.lang.Object java.lang.invoke.Invokers$Holder.linkToTargetMethod(long, java.lang.Object)'> (0x000000008d93d6e0) thrown at [./src/hotspot/share/interpreter/linkResolver.cpp, line 773]
Event: 13.387 Thread 0x00000247a53e1000 Exception <a 'java/lang/IncompatibleClassChangeError'{0x000000008d500848}: Found class java.lang.Object, but interface was expected> (0x000000008d500848) thrown at [./src/hotspot/share/interpreter/linkResolver.cpp, line 839]
Event: 13.387 Thread 0x00000247a53dc000 Exception <a 'java/lang/IncompatibleClassChangeError'{0x000000008d6c9f68}: Found class java.lang.Object, but interface was expected> (0x000000008d6c9f68) thrown at [./src/hotspot/share/interpreter/linkResolver.cpp, line 839]
Event: 13.387 Thread 0x00000247a53de800 Exception <a 'java/lang/IncompatibleClassChangeError'{0x000000008d6a9720}: Found class java.lang.Object, but interface was expected> (0x000000008d6a9720) thrown at [./src/hotspot/share/interpreter/linkResolver.cpp, line 839]
Event: 13.387 Thread 0x00000247a53dd800 Exception <a 'java/lang/IncompatibleClassChangeError'{0x000000008d6ff538}: Found class java.lang.Object, but interface was expected> (0x000000008d6ff538) thrown at [./src/hotspot/share/interpreter/linkResolver.cpp, line 839]
Event: 13.488 Thread 0x00000247a53de800 Exception <a 'java/lang/NoSuchMethodError'{0x000000008d88ca08}: 'java.lang.Object java.lang.invoke.DirectMethodHandle$Holder.invokeStatic(java.lang.Object, int, java.lang.Object, java.lang.Object)'> (0x000000008d88ca08) thrown at [./src/hotspot/share/interpreter/linkResolver.cpp, line 773]
Event: 13.488 Thread 0x00000247a53e1000 Exception <a 'java/lang/NoSuchMethodError'{0x000000008d850020}: 'java.lang.Object java.lang.invoke.DirectMethodHandle$Holder.invokeStatic(java.lang.Object, int, java.lang.Object, java.lang.Object)'> (0x000000008d850020) thrown at [./src/hotspot/share/interpreter/linkResolver.cpp, line 773]
Event: 13.488 Thread 0x00000247a53dc000 Exception <a 'java/lang/NoSuchMethodError'{0x000000008d868428}: 'java.lang.Object java.lang.invoke.DirectMethodHandle$Holder.invokeStatic(java.lang.Object, int, java.lang.Object, java.lang.Object)'> (0x000000008d868428) thrown at [./src/hotspot/share/interpreter/linkResolver.cpp, line 773]
Event: 13.488 Thread 0x00000247a53dd800 Exception <a 'java/lang/NoSuchMethodError'{0x000000008d872fd8}: 'java.lang.Object java.lang.invoke.DirectMethodHandle$Holder.invokeStatic(java.lang.Object, int, java.lang.Object, java.lang.Object)'> (0x000000008d872fd8) thrown at [./src/hotspot/share/interpreter/linkResolver.cpp, line 773]
Event: 13.630 Thread 0x00000247a53dd800 Exception <a 'java/lang/IncompatibleClassChangeError'{0x000000008ca1a2e0}: Found class java.lang.Object, but interface was expected> (0x000000008ca1a2e0) thrown at [./src/hotspot/share/interpreter/linkResolver.cpp, line 839]
Event: 13.630 Thread 0x00000247a53de800 Exception <a 'java/lang/IncompatibleClassChangeError'{0x000000008ca14458}: Found class java.lang.Object, but interface was expected> (0x000000008ca14458) thrown at [./src/hotspot/share/interpreter/linkResolver.cpp, line 839]
Event: 13.630 Thread 0x00000247a53e1000 Exception <a 'java/lang/IncompatibleClassChangeError'{0x000000008ca33e00}: Found class java.lang.Object, but interface was expected> (0x000000008ca33e00) thrown at [./src/hotspot/share/interpreter/linkResolver.cpp, line 839]
Event: 13.630 Thread 0x00000247a53dc000 Exception <a 'java/lang/IncompatibleClassChangeError'{0x000000008ca2b500}: Found class java.lang.Object, but interface was expected> (0x000000008ca2b500) thrown at [./src/hotspot/share/interpreter/linkResolver.cpp, line 839]
Event: 13.631 Thread 0x00000247a53dd800 Exception <a 'java/lang/IncompatibleClassChangeError'{0x000000008ca214f8}: Found class java.lang.Object, but interface was expected> (0x000000008ca214f8) thrown at [./src/hotspot/share/interpreter/linkResolver.cpp, line 839]
Event: 13.631 Thread 0x00000247a53de800 Exception <a 'java/lang/IncompatibleClassChangeError'{0x000000008ca3ed18}: Found class java.lang.Object, but interface was expected> (0x000000008ca3ed18) thrown at [./src/hotspot/share/interpreter/linkResolver.cpp, line 839]
Event: 13.631 Thread 0x00000247a53dc000 Exception <a 'java/lang/IncompatibleClassChangeError'{0x000000008ca2e6b8}: Found class java.lang.Object, but interface was expected> (0x000000008ca2e6b8) thrown at [./src/hotspot/share/interpreter/linkResolver.cpp, line 839]
Event: 13.631 Thread 0x00000247a53e1000 Exception <a 'java/lang/IncompatibleClassChangeError'{0x000000008ca36fb8}: Found class java.lang.Object, but interface was expected> (0x000000008ca36fb8) thrown at [./src/hotspot/share/interpreter/linkResolver.cpp, line 839]

Events (20 events):
Event: 13.644 loading class com/android/tools/r8/internal/lO
Event: 13.644 loading class com/android/tools/r8/internal/lO done
Event: 13.645 loading class com/android/tools/r8/internal/iO
Event: 13.645 loading class com/android/tools/r8/internal/iO done
Event: 13.645 loading class com/android/tools/r8/internal/oO
Event: 13.645 loading class com/android/tools/r8/internal/oO done
Event: 13.645 loading class com/android/tools/r8/internal/mO
Event: 13.645 loading class com/android/tools/r8/internal/mO done
Event: 13.645 loading class com/android/tools/r8/internal/X0
Event: 13.645 loading class com/android/tools/r8/internal/X0 done
Event: 13.646 loading class com/android/tools/r8/internal/u1
Event: 13.646 loading class com/android/tools/r8/internal/u1 done
Event: 13.646 loading class com/android/tools/r8/internal/RS
Event: 13.646 loading class com/android/tools/r8/internal/RS done
Event: 13.647 loading class com/android/tools/r8/internal/gd
Event: 13.647 loading class com/android/tools/r8/internal/gd done
Event: 13.647 loading class com/android/tools/r8/internal/NS
Event: 13.647 loading class com/android/tools/r8/internal/NS done
Event: 13.648 loading class com/android/tools/r8/internal/jY
Event: 13.648 loading class com/android/tools/r8/internal/jY done


Dynamic libraries:
0x00007ff798210000 - 0x00007ff79821a000 	C:\Program Files\Android\Android Studio\jre\bin\java.exe
0x00007fffcb890000 - 0x00007fffcba88000 	C:\WINDOWS\SYSTEM32\ntdll.dll
0x00007fffc9a70000 - 0x00007fffc9b2f000 	C:\WINDOWS\System32\KERNEL32.DLL
0x00007fffc9590000 - 0x00007fffc9862000 	C:\WINDOWS\System32\KERNELBASE.dll
0x00007fffc9200000 - 0x00007fffc9300000 	C:\WINDOWS\System32\ucrtbase.dll
0x00007fff90db0000 - 0x00007fff90dc9000 	C:\Program Files\Android\Android Studio\jre\bin\jli.dll
0x00007fff82a10000 - 0x00007fff82a27000 	C:\Program Files\Android\Android Studio\jre\bin\VCRUNTIME140.dll
0x00007fffcb4d0000 - 0x00007fffcb66d000 	C:\WINDOWS\System32\USER32.dll
0x00007fffb8660000 - 0x00007fffb88fa000 	C:\WINDOWS\WinSxS\amd64_microsoft.windows.common-controls_6595b64144ccf1df_6.0.19041.1110_none_60b5254171f9507e\COMCTL32.dll
0x00007fffc8f90000 - 0x00007fffc8fb2000 	C:\WINDOWS\System32\win32u.dll
0x00007fffc99d0000 - 0x00007fffc9a6e000 	C:\WINDOWS\System32\msvcrt.dll
0x00007fffc98e0000 - 0x00007fffc990b000 	C:\WINDOWS\System32\GDI32.dll
0x00007fffc9480000 - 0x00007fffc958f000 	C:\WINDOWS\System32\gdi32full.dll
0x00007fffc93e0000 - 0x00007fffc947d000 	C:\WINDOWS\System32\msvcp_win.dll
0x00007fffcb3e0000 - 0x00007fffcb412000 	C:\WINDOWS\System32\IMM32.DLL
0x00007fff82970000 - 0x00007fff82a0d000 	C:\Program Files\Android\Android Studio\jre\bin\msvcp140.dll
0x00007fff4e2d0000 - 0x00007fff4edd2000 	C:\Program Files\Android\Android Studio\jre\bin\server\jvm.dll
0x00007fffca7f0000 - 0x00007fffca89e000 	C:\WINDOWS\System32\ADVAPI32.dll
0x00007fffcb060000 - 0x00007fffcb0fc000 	C:\WINDOWS\System32\sechost.dll
0x00007fffcb2b0000 - 0x00007fffcb3d5000 	C:\WINDOWS\System32\RPCRT4.dll
0x00007fffcade0000 - 0x00007fffcade8000 	C:\WINDOWS\System32\PSAPI.DLL
0x00007fffc3790000 - 0x00007fffc3799000 	C:\WINDOWS\SYSTEM32\WSOCK32.dll
0x00007fffa9fa0000 - 0x00007fffa9fc7000 	C:\WINDOWS\SYSTEM32\WINMM.dll
0x00007fffc2cf0000 - 0x00007fffc2cfa000 	C:\WINDOWS\SYSTEM32\VERSION.dll
0x00007fffca8a0000 - 0x00007fffca90b000 	C:\WINDOWS\System32\WS2_32.dll
0x00007fffc77e0000 - 0x00007fffc77f2000 	C:\WINDOWS\SYSTEM32\kernel.appcore.dll
0x00007fff52690000 - 0x00007fff526a1000 	C:\Program Files\Android\Android Studio\jre\bin\verify.dll
0x00007fffc74f0000 - 0x00007fffc76d4000 	C:\WINDOWS\SYSTEM32\DBGHELP.DLL
0x00007fffb75b0000 - 0x00007fffb75dc000 	C:\WINDOWS\SYSTEM32\dbgcore.DLL
0x00007fffc9010000 - 0x00007fffc9092000 	C:\WINDOWS\System32\bcryptPrimitives.dll
0x00007fff52660000 - 0x00007fff52689000 	C:\Program Files\Android\Android Studio\jre\bin\java.dll
0x00007fffc2800000 - 0x00007fffc280b000 	C:\Program Files\Android\Android Studio\jre\bin\jimage.dll
0x00007fff52010000 - 0x00007fff52028000 	C:\Program Files\Android\Android Studio\jre\bin\zip.dll
0x00007fffc9c20000 - 0x00007fffca363000 	C:\WINDOWS\System32\SHELL32.dll
0x00007fffc6d50000 - 0x00007fffc74e2000 	C:\WINDOWS\SYSTEM32\windows.storage.dll
0x00007fffca370000 - 0x00007fffca6c4000 	C:\WINDOWS\System32\combase.dll
0x00007fffc8980000 - 0x00007fffc89b0000 	C:\WINDOWS\SYSTEM32\Wldp.dll
0x00007fffcb420000 - 0x00007fffcb4cd000 	C:\WINDOWS\System32\SHCORE.dll
0x00007fffcae80000 - 0x00007fffcaed5000 	C:\WINDOWS\System32\shlwapi.dll
0x00007fffc8ed0000 - 0x00007fffc8eef000 	C:\WINDOWS\SYSTEM32\profapi.dll
0x00007fff51ff0000 - 0x00007fff5200a000 	C:\Program Files\Android\Android Studio\jre\bin\net.dll
0x00007fffbf550000 - 0x00007fffbf65c000 	C:\WINDOWS\SYSTEM32\WINHTTP.dll
0x00007fffc8670000 - 0x00007fffc86da000 	C:\WINDOWS\system32\mswsock.dll
0x00007fff4e2b0000 - 0x00007fff4e2c4000 	C:\Program Files\Android\Android Studio\jre\bin\nio.dll
0x00007fffc4810000 - 0x00007fffc4837000 	C:\Users\Asus\.gradle\native\e1d6ef7f7dcc3fd88c89a11ec53ec762bb8ba0a96d01ffa2cd45eb1d1d8dd5c5\windows-amd64\native-platform.dll
0x00007fff7ee90000 - 0x00007fff7efd4000 	C:\Users\Asus\.gradle\native\5664cfc778a61ccfe75a443a1ab52a65af34e5dc3c78e0209fed803814484fcb\windows-amd64\native-platform-file-events.dll
0x00007fffbdcd0000 - 0x00007fffbdcda000 	C:\Program Files\Android\Android Studio\jre\bin\management.dll
0x00007fffb9700000 - 0x00007fffb970d000 	C:\Program Files\Android\Android Studio\jre\bin\management_ext.dll
0x00007fffc88d0000 - 0x00007fffc88e8000 	C:\WINDOWS\SYSTEM32\CRYPTSP.dll
0x00007fffc7f90000 - 0x00007fffc7fc4000 	C:\WINDOWS\system32\rsaenh.dll
0x00007fffc93b0000 - 0x00007fffc93d7000 	C:\WINDOWS\System32\bcrypt.dll
0x00007fffc8e50000 - 0x00007fffc8e7e000 	C:\WINDOWS\SYSTEM32\USERENV.dll
0x00007fffc88f0000 - 0x00007fffc88fc000 	C:\WINDOWS\SYSTEM32\CRYPTBASE.dll
0x00007fffc8360000 - 0x00007fffc839b000 	C:\WINDOWS\SYSTEM32\IPHLPAPI.DLL
0x00007fffc9b30000 - 0x00007fffc9b38000 	C:\WINDOWS\System32\NSI.dll
0x00007fffc1700000 - 0x00007fffc1717000 	C:\WINDOWS\SYSTEM32\dhcpcsvc6.DLL
0x00007fffc16e0000 - 0x00007fffc16fd000 	C:\WINDOWS\SYSTEM32\dhcpcsvc.DLL
0x00007fffc83a0000 - 0x00007fffc846a000 	C:\WINDOWS\SYSTEM32\DNSAPI.dll

dbghelp: loaded successfully - version: 4.0.5 - missing functions: none
symbol engine: initialized successfully - sym options: 0x614 - pdb path: .;C:\Program Files\Android\Android Studio\jre\bin;C:\WINDOWS\SYSTEM32;C:\WINDOWS\WinSxS\amd64_microsoft.windows.common-controls_6595b64144ccf1df_6.0.19041.1110_none_60b5254171f9507e;C:\Program Files\Android\Android Studio\jre\bin\server;C:\Users\Asus\.gradle\native\e1d6ef7f7dcc3fd88c89a11ec53ec762bb8ba0a96d01ffa2cd45eb1d1d8dd5c5\windows-amd64;C:\Users\Asus\.gradle\native\5664cfc778a61ccfe75a443a1ab52a65af34e5dc3c78e0209fed803814484fcb\windows-amd64

VM Arguments:
jvm_args: --add-opens=java.base/java.util=ALL-UNNAMED --add-opens=java.base/java.lang=ALL-UNNAMED --add-opens=java.base/java.lang.invoke=ALL-UNNAMED --add-opens=java.base/java.util=ALL-UNNAMED --add-opens=java.prefs/java.util.prefs=ALL-UNNAMED --add-opens=java.prefs/java.util.prefs=ALL-UNNAMED --add-opens=java.base/java.nio.charset=ALL-UNNAMED --add-opens=java.base/java.net=ALL-UNNAMED --add-opens=java.base/java.util.concurrent.atomic=ALL-UNNAMED -Xmx2048m -Dfile.encoding=UTF-8 -Duser.country=US -Duser.language=en -Duser.variant 
java_command: org.gradle.launcher.daemon.bootstrap.GradleDaemon 7.3.3
java_class_path (initial): C:\Users\Asus\.gradle\wrapper\dists\gradle-7.3.3-bin\6a41zxkdtcxs8rphpq6y0069z\gradle-7.3.3\lib\gradle-launcher-7.3.3.jar
Launcher Type: SUN_STANDARD

[Global flags]
     intx CICompilerCount                          = 4                                         {product} {ergonomic}
     uint ConcGCThreads                            = 2                                         {product} {ergonomic}
     uint G1ConcRefinementThreads                  = 8                                         {product} {ergonomic}
   size_t G1HeapRegionSize                         = 1048576                                   {product} {ergonomic}
    uintx GCDrainStackTargetSize                   = 64                                        {product} {ergonomic}
   size_t InitialHeapSize                          = 132120576                                 {product} {ergonomic}
   size_t MarkStackSize                            = 4194304                                   {product} {ergonomic}
   size_t MaxHeapSize                              = 2147483648                                {product} {command line}
   size_t MaxNewSize                               = 1287651328                                {product} {ergonomic}
   size_t MinHeapDeltaBytes                        = 1048576                                   {product} {ergonomic}
    uintx NonNMethodCodeHeapSize                   = 5836300                                {pd product} {ergonomic}
    uintx NonProfiledCodeHeapSize                  = 122910970                              {pd product} {ergonomic}
    uintx ProfiledCodeHeapSize                     = 122910970                              {pd product} {ergonomic}
    uintx ReservedCodeCacheSize                    = 251658240                              {pd product} {ergonomic}
     bool SegmentedCodeCache                       = true                                      {product} {ergonomic}
     bool UseCompressedClassPointers               = true                                 {lp64_product} {ergonomic}
     bool UseCompressedOops                        = true                                 {lp64_product} {ergonomic}
     bool UseG1GC                                  = true                                      {product} {ergonomic}
     bool UseLargePagesIndividualAllocation        = false                                  {pd product} {ergonomic}

Logging:
Log output configuration:
 #0: stdout all=warning uptime,level,tags
 #1: stderr all=off uptime,level,tags

Environment Variables:
PATH=C:\Program Files (x86)\Common Files\Intel\Shared Libraries\redist\intel64\compiler;C:\Program Files\Microsoft MPI\Bin\;C:\WINDOWS\system32;C:\WINDOWS;C:\WINDOWS\System32\Wbem;C:\WINDOWS\System32\WindowsPowerShell\v1.0\;C:\WINDOWS\System32\OpenSSH\;C:\Program Files\dotnet\;C:\Program Files\Microsoft SQL Server\130\Tools\Binn\;C:\Program Files (x86)\dotnet\;C:\Program Files\Microsoft SQL Server\Client SDK\ODBC\170\Tools\Binn\;C:\Program Files\Azure Data Studio\bin;C:\Program Files (x86)\Microsoft SQL Server\150\Tools\Binn\;C:\Program Files\Microsoft SQL Server\150\Tools\Binn\;C:\Program Files (x86)\Microsoft SQL Server\150\DTS\Binn\;C:\Program Files\Microsoft SQL Server\150\DTS\Binn\;C:\Program Files\Git\cmd;C:\Users\Asus\AppData\Local\Microsoft\WindowsApps;C:\Users\Asus\.dotnet\tools;C:\Program Files\Azure Data Studio\bin;C:\Users\Asus\AppData\Local\Programs\Microsoft VS Code\bin;C:\Users\Asus\AppData\Local\GitHubDesktop\bin
USERNAME=Asus
OS=Windows_NT
PROCESSOR_IDENTIFIER=Intel64 Family 6 Model 142 Stepping 12, GenuineIntel



---------------  S Y S T E M  ---------------

OS: Windows 10 , 64 bit Build 19041 (10.0.19041.2251)
OS uptime: 0 days 0:38 hours

CPU:total 8 (initial active 8) (4 cores per cpu, 2 threads per core) family 6 model 142 stepping 12 microcode 0xca, cmov, cx8, fxsr, mmx, sse, sse2, sse3, ssse3, sse4.1, sse4.2, popcnt, avx, avx2, aes, clmul, erms, 3dnowpref, lzcnt, ht, tsc, tscinvbit, bmi1, bmi2, adx, fma

Memory: 4k page, system-wide physical 8028M (419M free)
TotalPageFile size 12028M (AvailPageFile size 5M)
current process WorkingSet (physical memory assigned to process): 489M, peak: 489M
current process commit charge ("private bytes"): 542M, peak: 542M

vm_info: OpenJDK 64-Bit Server VM (11.0.13+0-b1751.21-8125866) for windows-amd64 JRE (11.0.13+0-b1751.21-8125866), built on Feb  2 2022 03:00:22 by "builder" with MS VC++ 14.0 (VS2015)

END.
