#
# There is insufficient memory for the Java Runtime Environment to continue.
# Native memory allocation (mmap) failed to map 38797312 bytes for Failed to commit area from 0x000000008b700000 to 0x000000008dc00000 of length 38797312.
# Possible reasons:
#   The system is out of physical RAM or swap space
#   The process is running with CompressedOops enabled, and the Java Heap may be blocking the growth of the native heap
# Possible solutions:
#   Reduce memory load on the system
#   Increase physical memory or swap space
#   Check if swap backing store is full
#   Decrease Java heap size (-Xmx/-Xms)
#   Decrease number of Java threads
#   Decrease Java thread stack sizes (-Xss)
#   Set larger code cache with -XX:ReservedCodeCacheSize=
#   JVM is running with Unscaled Compressed Oops mode in which the Java heap is
#     placed in the first 4GB address space. The Java Heap base address is the
#     maximum limit for the native heap growth. Please use -XX:HeapBaseMinAddress
#     to set the Java Heap base and to place the Java Heap above 4GB virtual address.
# This output file may be truncated or incomplete.
#
#  Out of Memory Error (./src/hotspot/os/windows/os_windows.cpp:3619), pid=3168, tid=12508
#
# JRE version: OpenJDK Runtime Environment (11.0.13) (build 11.0.13+0-b1751.21-8125866)
# Java VM: OpenJDK 64-Bit Server VM (11.0.13+0-b1751.21-8125866, mixed mode, tiered, compressed oops, g1 gc, windows-amd64)
# No core dump will be written. Minidumps are not enabled by default on client versions of Windows
#

---------------  S U M M A R Y ------------

Command Line: --add-opens=java.base/java.util=ALL-UNNAMED --add-opens=java.base/java.lang=ALL-UNNAMED --add-opens=java.base/java.lang.invoke=ALL-UNNAMED --add-opens=java.base/java.util=ALL-UNNAMED --add-opens=java.prefs/java.util.prefs=ALL-UNNAMED --add-opens=java.prefs/java.util.prefs=ALL-UNNAMED --add-opens=java.base/java.nio.charset=ALL-UNNAMED --add-opens=java.base/java.net=ALL-UNNAMED --add-opens=java.base/java.util.concurrent.atomic=ALL-UNNAMED -Xmx2048m -Dfile.encoding=UTF-8 -Duser.country=US -Duser.language=en -Duser.variant org.gradle.launcher.daemon.bootstrap.GradleDaemon 7.3.3

Host: Intel(R) Core(TM) i5-10210U CPU @ 1.60GHz, 8 cores, 7G,  Windows 10 , 64 bit Build 19041 (10.0.19041.2251)
Time: Sun Dec  4 19:56:57 2022 SE Asia Standard Time elapsed time: 13.650152 seconds (0d 0h 0m 13s)

---------------  T H R E A D  ---------------

Current thread (0x000001cb4fb6d800):  VMThread "VM Thread" [stack: 0x000000c313400000,0x000000c313500000] [id=12508]

Stack: [0x000000c313400000,0x000000c313500000]
[error occurred during error reporting (printing stack bounds), id 0xc0000005, EXCEPTION_ACCESS_VIOLATION (0xc0000005) at pc=0x000001cb3920112d]

Native frames: (J=compiled Java code, j=interpreted, Vv=VM code, C=native code)
V  [jvm.dll+0x6100fa]
V  [jvm.dll+0x747090]
V  [jvm.dll+0x7486ad]
V  [jvm.dll+0x748ce5]
V  [jvm.dll+0x748c9b]
V  [jvm.dll+0x60f224]
V  [jvm.dll+0x60f9b8]
C  [ntdll.dll+0xa241f]
C  [ntdll.dll+0x514a4]
C  [ntdll.dll+0xa0f4e]
C  0x000001cb3920112d

VM_Operation (0x000000c31c9f9470): G1CollectForAllocation, mode: safepoint, requested by thread 0x000001cb59923800


---------------  P R O C E S S  ---------------

Threads class SMR info:
_java_thread_list=0x000001cb598fe3f0, length=142, elements={
0x000001cb356df800, 0x000001cb4fb72000, 0x000001cb4fb75000, 0x000001cb4fb93000,
0x000001cb4fb94000, 0x000001cb4fb95000, 0x000001cb4fba2800, 0x000001cb4fba5000,
0x000001cb5051d000, 0x000001cb50680000, 0x000001cb52b9d800, 0x000001cb53cfb000,
0x000001cb508bf800, 0x000001cb50da8000, 0x000001cb51eeb800, 0x000001cb523ee000,
0x000001cb52b06800, 0x000001cb53e04000, 0x000001cb52514000, 0x000001cb5296f000,
0x000001cb5357f000, 0x000001cb53583000, 0x000001cb53582000, 0x000001cb53b64800,
0x000001cb5357d800, 0x000001cb53584000, 0x000001cb5357e000, 0x000001cb53580000,
0x000001cb53580800, 0x000001cb55bdd800, 0x000001cb53581800, 0x000001cb53b3c000,
0x000001cb53b40000, 0x000001cb53b3d000, 0x000001cb53b42800, 0x000001cb53b43800,
0x000001cb53b3d800, 0x000001cb53b3f800, 0x000001cb53b3e800, 0x000001cb53b4a000,
0x000001cb53b48800, 0x000001cb53b45000, 0x000001cb53b44800, 0x000001cb53b46000,
0x000001cb53b46800, 0x000001cb53b49000, 0x000001cb53b47800, 0x000001cb5311b800,
0x000001cb53119000, 0x000001cb5311d800, 0x000001cb53118800, 0x000001cb53120000,
0x000001cb5311f000, 0x000001cb5311a000, 0x000001cb5311c800, 0x000001cb5311e000,
0x000001cb53120800, 0x000001cb5311b000, 0x000001cb53126800, 0x000001cb53127000,
0x000001cb53124000, 0x000001cb53124800, 0x000001cb53125800, 0x000001cb53123000,
0x000001cb53121800, 0x000001cb53122000, 0x000001cb53135800, 0x000001cb53130800,
0x000001cb53133000, 0x000001cb53132000, 0x000001cb53133800, 0x000001cb53134800,
0x000001cb53136000, 0x000001cb53137000, 0x000001cb53131000, 0x000001cb5313b000,
0x000001cb5313c800, 0x000001cb5313c000, 0x000001cb5313d800, 0x000001cb53139800,
0x000001cb53138000, 0x000001cb5313e800, 0x000001cb53138800, 0x000001cb5313f000,
0x000001cb5313a000, 0x000001cb57205000, 0x000001cb57203000, 0x000001cb57205800,
0x000001cb57200800, 0x000001cb57206800, 0x000001cb57204000, 0x000001cb57207800,
0x000001cb57201800, 0x000001cb57202800, 0x000001cb5720d000, 0x000001cb5720b800,
0x000001cb5720c000, 0x000001cb57209800, 0x000001cb5720e000, 0x000001cb5720a800,
0x000001cb57208000, 0x000001cb5720e800, 0x000001cb57209000, 0x000001cb5720f800,
0x000001cb55f85000, 0x000001cb55f88800, 0x000001cb55f86800, 0x000001cb55f87800,
0x000001cb55f8a000, 0x000001cb55f89000, 0x000001cb55f86000, 0x000001cb55f84800,
0x000001cb55f90800, 0x000001cb55f8c800, 0x000001cb55f8e000, 0x000001cb55f8d800,
0x000001cb55f8f000, 0x000001cb55f8f800, 0x000001cb55f8b000, 0x000001cb55f91800,
0x000001cb55f8b800, 0x000001cb55f92000, 0x000001cb55f93000, 0x000001cb5746e000,
0x000001cb57472000, 0x000001cb57473000, 0x000001cb5746f000, 0x000001cb57470800,
0x000001cb5746d800, 0x000001cb57474000, 0x000001cb57474800, 0x000001cb57475800,
0x000001cb5746f800, 0x000001cb5747a800, 0x000001cb57478800, 0x000001cb57479800,
0x000001cb5747b000, 0x000001cb5747c000, 0x000001cb57476000, 0x000001cb57477000,
0x000001cb59923800, 0x000001cb59922000
}

Java Threads: ( => current thread )
  0x000001cb356df800 JavaThread "main" [_thread_blocked, id=7572, stack(0x000000c312e00000,0x000000c312f00000)]
  0x000001cb4fb72000 JavaThread "Reference Handler" daemon [_thread_blocked, id=1968, stack(0x000000c313500000,0x000000c313600000)]
  0x000001cb4fb75000 JavaThread "Finalizer" daemon [_thread_blocked, id=15388, stack(0x000000c313600000,0x000000c313700000)]
  0x000001cb4fb93000 JavaThread "Signal Dispatcher" daemon [_thread_blocked, id=2104, stack(0x000000c313700000,0x000000c313800000)]
  0x000001cb4fb94000 JavaThread "Attach Listener" daemon [_thread_blocked, id=11324, stack(0x000000c313800000,0x000000c313900000)]
  0x000001cb4fb95000 JavaThread "Service Thread" daemon [_thread_blocked, id=9444, stack(0x000000c313900000,0x000000c313a00000)]
  0x000001cb4fba2800 JavaThread "C2 CompilerThread0" daemon [_thread_blocked, id=3092, stack(0x000000c313a00000,0x000000c313b00000)]
  0x000001cb4fba5000 JavaThread "C1 CompilerThread0" daemon [_thread_blocked, id=15324, stack(0x000000c313b00000,0x000000c313c00000)]
  0x000001cb5051d000 JavaThread "Sweeper thread" daemon [_thread_blocked, id=15156, stack(0x000000c313c00000,0x000000c313d00000)]
  0x000001cb50680000 JavaThread "Common-Cleaner" daemon [_thread_blocked, id=14704, stack(0x000000c313d00000,0x000000c313e00000)]
  0x000001cb52b9d800 JavaThread "Daemon health stats" [_thread_blocked, id=9688, stack(0x000000c314300000,0x000000c314400000)]
  0x000001cb53cfb000 JavaThread "Incoming local TCP Connector on port 60859" [_thread_in_native, id=15904, stack(0x000000c313f00000,0x000000c314000000)]
  0x000001cb508bf800 JavaThread "Daemon periodic checks" [_thread_blocked, id=10504, stack(0x000000c314000000,0x000000c314100000)]
  0x000001cb50da8000 JavaThread "Daemon" [_thread_blocked, id=5328, stack(0x000000c314400000,0x000000c314500000)]
  0x000001cb51eeb800 JavaThread "Handler for socket connection from /127.0.0.1:60859 to /127.0.0.1:60860" [_thread_in_native, id=11748, stack(0x000000c314500000,0x000000c314600000)]
  0x000001cb523ee000 JavaThread "Cancel handler" [_thread_blocked, id=10912, stack(0x000000c314600000,0x000000c314700000)]
  0x000001cb52b06800 JavaThread "Daemon worker" [_thread_blocked, id=2304, stack(0x000000c314700000,0x000000c314800000)]
  0x000001cb53e04000 JavaThread "Asynchronous log dispatcher for DefaultDaemonConnection: socket connection from /127.0.0.1:60859 to /127.0.0.1:60860" [_thread_blocked, id=11472, stack(0x000000c314800000,0x000000c314900000)]
  0x000001cb52514000 JavaThread "Stdin handler" [_thread_blocked, id=14932, stack(0x000000c314900000,0x000000c314a00000)]
  0x000001cb5296f000 JavaThread "Daemon client event forwarder" [_thread_blocked, id=15696, stack(0x000000c314a00000,0x000000c314b00000)]
  0x000001cb5357f000 JavaThread "Cache worker for journal cache (C:\Users\Asus\.gradle\caches\journal-1)" [_thread_blocked, id=13652, stack(0x000000c315000000,0x000000c315100000)]
  0x000001cb53583000 JavaThread "File lock request listener" [_thread_in_native, id=7172, stack(0x000000c315100000,0x000000c315200000)]
  0x000001cb53582000 JavaThread "Cache worker for file hash cache (C:\Users\Asus\.gradle\caches\7.3.3\fileHashes)" [_thread_blocked, id=1436, stack(0x000000c315200000,0x000000c315300000)]
  0x000001cb53b64800 JavaThread "C2 CompilerThread1" daemon [_thread_blocked, id=12344, stack(0x000000c315400000,0x000000c315500000)]
  0x000001cb5357d800 JavaThread "Cache worker for file hash cache (D:\Nerd\.gradle\7.3.3\fileHashes)" [_thread_blocked, id=14724, stack(0x000000c315500000,0x000000c315600000)]
  0x000001cb53584000 JavaThread "File watcher server" daemon [_thread_blocked, id=16032, stack(0x000000c315600000,0x000000c315700000)]
  0x000001cb5357e000 JavaThread "File watcher consumer" daemon [_thread_blocked, id=10152, stack(0x000000c315700000,0x000000c315800000)]
  0x000001cb53580000 JavaThread "Cache worker for checksums cache (D:\Nerd\.gradle\7.3.3\checksums)" [_thread_blocked, id=4216, stack(0x000000c315800000,0x000000c315900000)]
  0x000001cb53580800 JavaThread "Cache worker for cache directory md-supplier (C:\Users\Asus\.gradle\caches\7.3.3\md-supplier)" [_thread_blocked, id=10000, stack(0x000000c315900000,0x000000c315a00000)]
  0x000001cb55bdd800 JavaThread "C2 CompilerThread2" daemon [_thread_in_native, id=14612, stack(0x000000c315a00000,0x000000c315b00000)]
  0x000001cb53581800 JavaThread "Cache worker for cache directory md-rule (C:\Users\Asus\.gradle\caches\7.3.3\md-rule)" [_thread_blocked, id=4708, stack(0x000000c315b00000,0x000000c315c00000)]
  0x000001cb53b3c000 JavaThread "Cache worker for execution history cache (C:\Users\Asus\.gradle\caches\7.3.3\executionHistory)" [_thread_blocked, id=15024, stack(0x000000c315c00000,0x000000c315d00000)]
  0x000001cb53b40000 JavaThread "jar transforms" [_thread_blocked, id=12368, stack(0x000000c315d00000,0x000000c315e00000)]
  0x000001cb53b3d000 JavaThread "Cache worker for file content cache (C:\Users\Asus\.gradle\caches\7.3.3\fileContent)" [_thread_blocked, id=9896, stack(0x000000c315e00000,0x000000c315f00000)]
  0x000001cb53b42800 JavaThread "jar transforms Thread 2" [_thread_blocked, id=9908, stack(0x000000c315f00000,0x000000c316000000)]
  0x000001cb53b43800 JavaThread "Cache worker for dependencies-accessors (D:\Nerd\.gradle\7.3.3\dependencies-accessors)" [_thread_blocked, id=9660, stack(0x000000c316000000,0x000000c316100000)]
  0x000001cb53b3d800 JavaThread "jar transforms Thread 3" [_thread_blocked, id=12044, stack(0x000000c316100000,0x000000c316200000)]
  0x000001cb53b3f800 JavaThread "Cache worker for Build Output Cleanup Cache (D:\Nerd\.gradle\buildOutputCleanup)" [_thread_blocked, id=10356, stack(0x000000c316200000,0x000000c316300000)]
  0x000001cb53b3e800 JavaThread "Unconstrained build operations" [_thread_blocked, id=13232, stack(0x000000c316300000,0x000000c316400000)]
  0x000001cb53b4a000 JavaThread "Unconstrained build operations Thread 2" [_thread_blocked, id=10220, stack(0x000000c316400000,0x000000c316500000)]
  0x000001cb53b48800 JavaThread "Unconstrained build operations Thread 3" [_thread_blocked, id=10984, stack(0x000000c316500000,0x000000c316600000)]
  0x000001cb53b45000 JavaThread "Unconstrained build operations Thread 4" [_thread_blocked, id=10156, stack(0x000000c316600000,0x000000c316700000)]
  0x000001cb53b44800 JavaThread "Unconstrained build operations Thread 5" [_thread_blocked, id=14976, stack(0x000000c316700000,0x000000c316800000)]
  0x000001cb53b46000 JavaThread "Unconstrained build operations Thread 6" [_thread_blocked, id=276, stack(0x000000c316800000,0x000000c316900000)]
  0x000001cb53b46800 JavaThread "Unconstrained build operations Thread 7" [_thread_blocked, id=8608, stack(0x000000c316900000,0x000000c316a00000)]
  0x000001cb53b49000 JavaThread "Unconstrained build operations Thread 8" [_thread_blocked, id=344, stack(0x000000c316a00000,0x000000c316b00000)]
  0x000001cb53b47800 JavaThread "Unconstrained build operations Thread 9" [_thread_blocked, id=11872, stack(0x000000c316b00000,0x000000c316c00000)]
  0x000001cb5311b800 JavaThread "Unconstrained build operations Thread 10" [_thread_blocked, id=16020, stack(0x000000c316c00000,0x000000c316d00000)]
  0x000001cb53119000 JavaThread "Unconstrained build operations Thread 11" [_thread_blocked, id=1520, stack(0x000000c316d00000,0x000000c316e00000)]
  0x000001cb5311d800 JavaThread "Unconstrained build operations Thread 12" [_thread_blocked, id=4056, stack(0x000000c316e00000,0x000000c316f00000)]
  0x000001cb53118800 JavaThread "Unconstrained build operations Thread 13" [_thread_blocked, id=12468, stack(0x000000c316f00000,0x000000c317000000)]
  0x000001cb53120000 JavaThread "Unconstrained build operations Thread 14" [_thread_blocked, id=6860, stack(0x000000c317000000,0x000000c317100000)]
  0x000001cb5311f000 JavaThread "Unconstrained build operations Thread 15" [_thread_blocked, id=808, stack(0x000000c317100000,0x000000c317200000)]
  0x000001cb5311a000 JavaThread "Unconstrained build operations Thread 16" [_thread_blocked, id=14708, stack(0x000000c317200000,0x000000c317300000)]
  0x000001cb5311c800 JavaThread "Unconstrained build operations Thread 17" [_thread_blocked, id=7384, stack(0x000000c317300000,0x000000c317400000)]
  0x000001cb5311e000 JavaThread "Unconstrained build operations Thread 18" [_thread_blocked, id=4516, stack(0x000000c317400000,0x000000c317500000)]
  0x000001cb53120800 JavaThread "Unconstrained build operations Thread 19" [_thread_blocked, id=5568, stack(0x000000c317500000,0x000000c317600000)]
  0x000001cb5311b000 JavaThread "Unconstrained build operations Thread 20" [_thread_blocked, id=5228, stack(0x000000c317600000,0x000000c317700000)]
  0x000001cb53126800 JavaThread "Unconstrained build operations Thread 21" [_thread_blocked, id=2348, stack(0x000000c317700000,0x000000c317800000)]
  0x000001cb53127000 JavaThread "Unconstrained build operations Thread 22" [_thread_blocked, id=12248, stack(0x000000c317800000,0x000000c317900000)]
  0x000001cb53124000 JavaThread "Unconstrained build operations Thread 23" [_thread_blocked, id=16336, stack(0x000000c317900000,0x000000c317a00000)]
  0x000001cb53124800 JavaThread "Unconstrained build operations Thread 24" [_thread_blocked, id=9440, stack(0x000000c317a00000,0x000000c317b00000)]
  0x000001cb53125800 JavaThread "Unconstrained build operations Thread 25" [_thread_blocked, id=15192, stack(0x000000c317b00000,0x000000c317c00000)]
  0x000001cb53123000 JavaThread "Unconstrained build operations Thread 26" [_thread_blocked, id=15700, stack(0x000000c317c00000,0x000000c317d00000)]
  0x000001cb53121800 JavaThread "Unconstrained build operations Thread 27" [_thread_blocked, id=12012, stack(0x000000c317d00000,0x000000c317e00000)]
  0x000001cb53122000 JavaThread "Unconstrained build operations Thread 28" [_thread_blocked, id=15176, stack(0x000000c317e00000,0x000000c317f00000)]
  0x000001cb53135800 JavaThread "Unconstrained build operations Thread 29" [_thread_blocked, id=14000, stack(0x000000c317f00000,0x000000c318000000)]
  0x000001cb53130800 JavaThread "Unconstrained build operations Thread 30" [_thread_blocked, id=13588, stack(0x000000c318000000,0x000000c318100000)]
  0x000001cb53133000 JavaThread "Unconstrained build operations Thread 31" [_thread_blocked, id=14672, stack(0x000000c318100000,0x000000c318200000)]
  0x000001cb53132000 JavaThread "Unconstrained build operations Thread 32" [_thread_blocked, id=15728, stack(0x000000c318200000,0x000000c318300000)]
  0x000001cb53133800 JavaThread "Unconstrained build operations Thread 33" [_thread_blocked, id=12852, stack(0x000000c318300000,0x000000c318400000)]
  0x000001cb53134800 JavaThread "Unconstrained build operations Thread 34" [_thread_blocked, id=10052, stack(0x000000c318400000,0x000000c318500000)]
  0x000001cb53136000 JavaThread "Unconstrained build operations Thread 35" [_thread_blocked, id=1828, stack(0x000000c318500000,0x000000c318600000)]
  0x000001cb53137000 JavaThread "Unconstrained build operations Thread 36" [_thread_blocked, id=14584, stack(0x000000c318600000,0x000000c318700000)]
  0x000001cb53131000 JavaThread "Unconstrained build operations Thread 37" [_thread_blocked, id=8012, stack(0x000000c318700000,0x000000c318800000)]
  0x000001cb5313b000 JavaThread "Unconstrained build operations Thread 38" [_thread_blocked, id=1804, stack(0x000000c318800000,0x000000c318900000)]
  0x000001cb5313c800 JavaThread "Unconstrained build operations Thread 39" [_thread_blocked, id=15448, stack(0x000000c318900000,0x000000c318a00000)]
  0x000001cb5313c000 JavaThread "Unconstrained build operations Thread 40" [_thread_blocked, id=13852, stack(0x000000c318a00000,0x000000c318b00000)]
  0x000001cb5313d800 JavaThread "Unconstrained build operations Thread 41" [_thread_blocked, id=15344, stack(0x000000c318b00000,0x000000c318c00000)]
  0x000001cb53139800 JavaThread "Unconstrained build operations Thread 42" [_thread_blocked, id=4352, stack(0x000000c318c00000,0x000000c318d00000)]
  0x000001cb53138000 JavaThread "Unconstrained build operations Thread 43" [_thread_blocked, id=9452, stack(0x000000c318d00000,0x000000c318e00000)]
  0x000001cb5313e800 JavaThread "Unconstrained build operations Thread 44" [_thread_blocked, id=6380, stack(0x000000c318e00000,0x000000c318f00000)]
  0x000001cb53138800 JavaThread "Unconstrained build operations Thread 45" [_thread_blocked, id=7228, stack(0x000000c318f00000,0x000000c319000000)]
  0x000001cb5313f000 JavaThread "Unconstrained build operations Thread 46" [_thread_blocked, id=1208, stack(0x000000c319000000,0x000000c319100000)]
  0x000001cb5313a000 JavaThread "Unconstrained build operations Thread 47" [_thread_blocked, id=9072, stack(0x000000c319100000,0x000000c319200000)]
  0x000001cb57205000 JavaThread "Unconstrained build operations Thread 48" [_thread_blocked, id=16340, stack(0x000000c319200000,0x000000c319300000)]
  0x000001cb57203000 JavaThread "Unconstrained build operations Thread 49" [_thread_blocked, id=16180, stack(0x000000c319300000,0x000000c319400000)]
  0x000001cb57205800 JavaThread "Unconstrained build operations Thread 50" [_thread_blocked, id=13744, stack(0x000000c319400000,0x000000c319500000)]
  0x000001cb57200800 JavaThread "Unconstrained build operations Thread 51" [_thread_blocked, id=13200, stack(0x000000c319500000,0x000000c319600000)]
  0x000001cb57206800 JavaThread "Unconstrained build operations Thread 52" [_thread_blocked, id=12096, stack(0x000000c319600000,0x000000c319700000)]
  0x000001cb57204000 JavaThread "Unconstrained build operations Thread 53" [_thread_blocked, id=16328, stack(0x000000c319700000,0x000000c319800000)]
  0x000001cb57207800 JavaThread "Unconstrained build operations Thread 54" [_thread_blocked, id=9020, stack(0x000000c319800000,0x000000c319900000)]
  0x000001cb57201800 JavaThread "Unconstrained build operations Thread 55" [_thread_blocked, id=15364, stack(0x000000c319900000,0x000000c319a00000)]
  0x000001cb57202800 JavaThread "Unconstrained build operations Thread 56" [_thread_blocked, id=3784, stack(0x000000c319a00000,0x000000c319b00000)]
  0x000001cb5720d000 JavaThread "Unconstrained build operations Thread 57" [_thread_blocked, id=5492, stack(0x000000c319b00000,0x000000c319c00000)]
  0x000001cb5720b800 JavaThread "Unconstrained build operations Thread 58" [_thread_blocked, id=1356, stack(0x000000c319c00000,0x000000c319d00000)]
  0x000001cb5720c000 JavaThread "Unconstrained build operations Thread 59" [_thread_blocked, id=9220, stack(0x000000c319d00000,0x000000c319e00000)]
  0x000001cb57209800 JavaThread "Unconstrained build operations Thread 60" [_thread_blocked, id=14060, stack(0x000000c319e00000,0x000000c319f00000)]
  0x000001cb5720e000 JavaThread "Unconstrained build operations Thread 61" [_thread_blocked, id=4976, stack(0x000000c319f00000,0x000000c31a000000)]
  0x000001cb5720a800 JavaThread "Unconstrained build operations Thread 62" [_thread_blocked, id=5908, stack(0x000000c31a000000,0x000000c31a100000)]
  0x000001cb57208000 JavaThread "Unconstrained build operations Thread 63" [_thread_blocked, id=3376, stack(0x000000c31a100000,0x000000c31a200000)]
  0x000001cb5720e800 JavaThread "Unconstrained build operations Thread 64" [_thread_blocked, id=13768, stack(0x000000c31a200000,0x000000c31a300000)]
  0x000001cb57209000 JavaThread "Unconstrained build operations Thread 65" [_thread_blocked, id=2424, stack(0x000000c31a300000,0x000000c31a400000)]
  0x000001cb5720f800 JavaThread "Unconstrained build operations Thread 66" [_thread_blocked, id=10620, stack(0x000000c31a400000,0x000000c31a500000)]
  0x000001cb55f85000 JavaThread "Unconstrained build operations Thread 67" [_thread_blocked, id=1624, stack(0x000000c31a500000,0x000000c31a600000)]
  0x000001cb55f88800 JavaThread "Unconstrained build operations Thread 68" [_thread_blocked, id=5312, stack(0x000000c31a600000,0x000000c31a700000)]
  0x000001cb55f86800 JavaThread "Unconstrained build operations Thread 69" [_thread_blocked, id=12484, stack(0x000000c31a700000,0x000000c31a800000)]
  0x000001cb55f87800 JavaThread "Unconstrained build operations Thread 70" [_thread_blocked, id=10544, stack(0x000000c31a800000,0x000000c31a900000)]
  0x000001cb55f8a000 JavaThread "Unconstrained build operations Thread 71" [_thread_blocked, id=14116, stack(0x000000c31a900000,0x000000c31aa00000)]
  0x000001cb55f89000 JavaThread "Unconstrained build operations Thread 72" [_thread_blocked, id=15964, stack(0x000000c31aa00000,0x000000c31ab00000)]
  0x000001cb55f86000 JavaThread "Unconstrained build operations Thread 73" [_thread_blocked, id=4164, stack(0x000000c31ab00000,0x000000c31ac00000)]
  0x000001cb55f84800 JavaThread "Unconstrained build operations Thread 74" [_thread_blocked, id=2532, stack(0x000000c31ac00000,0x000000c31ad00000)]
  0x000001cb55f90800 JavaThread "Unconstrained build operations Thread 75" [_thread_blocked, id=15912, stack(0x000000c31ad00000,0x000000c31ae00000)]
  0x000001cb55f8c800 JavaThread "Unconstrained build operations Thread 76" [_thread_blocked, id=16300, stack(0x000000c31ae00000,0x000000c31af00000)]
  0x000001cb55f8e000 JavaThread "Unconstrained build operations Thread 77" [_thread_blocked, id=10608, stack(0x000000c31af00000,0x000000c31b000000)]
  0x000001cb55f8d800 JavaThread "Unconstrained build operations Thread 78" [_thread_blocked, id=12260, stack(0x000000c31b000000,0x000000c31b100000)]
  0x000001cb55f8f000 JavaThread "Unconstrained build operations Thread 79" [_thread_blocked, id=10092, stack(0x000000c31b100000,0x000000c31b200000)]
  0x000001cb55f8f800 JavaThread "Unconstrained build operations Thread 80" [_thread_blocked, id=4348, stack(0x000000c31b200000,0x000000c31b300000)]
  0x000001cb55f8b000 JavaThread "jar transforms Thread 4" [_thread_blocked, id=2944, stack(0x000000c31b300000,0x000000c31b400000)]
  0x000001cb55f91800 JavaThread "jar transforms Thread 5" [_thread_blocked, id=5668, stack(0x000000c31b400000,0x000000c31b500000)]
  0x000001cb55f8b800 JavaThread "jar transforms Thread 6" [_thread_blocked, id=15764, stack(0x000000c31b500000,0x000000c31b600000)]
  0x000001cb55f92000 JavaThread "jar transforms Thread 7" [_thread_blocked, id=10312, stack(0x000000c31b600000,0x000000c31b700000)]
  0x000001cb55f93000 JavaThread "jar transforms Thread 8" [_thread_blocked, id=12364, stack(0x000000c31b700000,0x000000c31b800000)]
  0x000001cb5746e000 JavaThread "Memory manager" [_thread_blocked, id=9644, stack(0x000000c31b800000,0x000000c31b900000)]
  0x000001cb57472000 JavaThread "build event listener" [_thread_blocked, id=12892, stack(0x000000c31b900000,0x000000c31ba00000)]
  0x000001cb57473000 JavaThread "Execution worker for ':'" [_thread_blocked, id=11176, stack(0x000000c31ba00000,0x000000c31bb00000)]
  0x000001cb5746f000 JavaThread "Execution worker for ':' Thread 2" [_thread_blocked, id=9052, stack(0x000000c31bb00000,0x000000c31bc00000)]
  0x000001cb57470800 JavaThread "Execution worker for ':' Thread 3" [_thread_blocked, id=16280, stack(0x000000c31bc00000,0x000000c31bd00000)]
  0x000001cb5746d800 JavaThread "Execution worker for ':' Thread 4" [_thread_blocked, id=10412, stack(0x000000c31bd00000,0x000000c31be00000)]
  0x000001cb57474000 JavaThread "Execution worker for ':' Thread 5" [_thread_blocked, id=10452, stack(0x000000c31be00000,0x000000c31bf00000)]
  0x000001cb57474800 JavaThread "Execution worker for ':' Thread 6" [_thread_blocked, id=14216, stack(0x000000c31bf00000,0x000000c31c000000)]
  0x000001cb57475800 JavaThread "Execution worker for ':' Thread 7" [_thread_blocked, id=11180, stack(0x000000c31c000000,0x000000c31c100000)]
  0x000001cb5746f800 JavaThread "Cache worker for execution history cache (D:\Nerd\.gradle\7.3.3\executionHistory)" [_thread_blocked, id=14004, stack(0x000000c31c100000,0x000000c31c200000)]
  0x000001cb5747a800 JavaThread "WorkerExecutor Queue" [_thread_blocked, id=10880, stack(0x000000c31c200000,0x000000c31c300000)]
  0x000001cb57478800 JavaThread "WorkerExecutor Queue Thread 2" [_thread_blocked, id=14984, stack(0x000000c31c300000,0x000000c31c400000)]
  0x000001cb57479800 JavaThread "WorkerExecutor Queue Thread 3" [_thread_blocked, id=11524, stack(0x000000c31c400000,0x000000c31c500000)]
  0x000001cb5747b000 JavaThread "WorkerExecutor Queue Thread 4" [_thread_blocked, id=9952, stack(0x000000c31c500000,0x000000c31c600000)]
  0x000001cb5747c000 JavaThread "WorkerExecutor Queue Thread 5" [_thread_blocked, id=7288, stack(0x000000c31c600000,0x000000c31c700000)]
  0x000001cb57476000 JavaThread "WorkerExecutor Queue Thread 6" [_thread_blocked, id=14432, stack(0x000000c31c700000,0x000000c31c800000)]
  0x000001cb57477000 JavaThread "WorkerExecutor Queue Thread 7" [_thread_blocked, id=12912, stack(0x000000c31c800000,0x000000c31c900000)]
  0x000001cb59923800 JavaThread "WorkerExecutor Queue Thread 8" [_thread_blocked, id=15924, stack(0x000000c31c900000,0x000000c31ca00000)]
  0x000001cb59922000 JavaThread "WorkerExecutor Queue Thread 9" [_thread_blocked, id=11888, stack(0x000000c31ca00000,0x000000c31cb00000)]

Other Threads:
=>0x000001cb4fb6d800 VMThread "VM Thread" [stack: 0x000000c313400000,0x000000c313500000] [id=12508]
  0x000001cb5068b000 WatcherThread [stack: 0x000000c313e00000,0x000000c313f00000] [id=11100]
  0x000001cb356f8800 GCTaskThread "GC Thread#0" [stack: 0x000000c312f00000,0x000000c313000000] [id=15492]
  0x000001cb515cf000 GCTaskThread "GC Thread#1" [stack: 0x000000c314100000,0x000000c314200000] [id=11676]
  0x000001cb513cc800 GCTaskThread "GC Thread#2" [stack: 0x000000c314200000,0x000000c314300000] [id=16144]
  0x000001cb51dab800 GCTaskThread "GC Thread#3" [stack: 0x000000c314b00000,0x000000c314c00000] [id=13224]
  0x000001cb5326e800 GCTaskThread "GC Thread#4" [stack: 0x000000c314c00000,0x000000c314d00000] [id=476]
  0x000001cb525f4000 GCTaskThread "GC Thread#5" [stack: 0x000000c314d00000,0x000000c314e00000] [id=3596]
  0x000001cb5308d800 GCTaskThread "GC Thread#6" [stack: 0x000000c314e00000,0x000000c314f00000] [id=3812]
  0x000001cb52869000 GCTaskThread "GC Thread#7" [stack: 0x000000c314f00000,0x000000c315000000] [id=1164]
  0x000001cb35729000 ConcurrentGCThread "G1 Main Marker" [stack: 0x000000c313000000,0x000000c313100000] [id=14760]
  0x000001cb3572a000 ConcurrentGCThread "G1 Conc#0" [stack: 0x000000c313100000,0x000000c313200000] [id=15140]
  0x000001cb5205f800 ConcurrentGCThread "G1 Conc#1" [stack: 0x000000c315300000,0x000000c315400000] [id=6960]
  0x000001cb4f9c0800 ConcurrentGCThread "G1 Refine#0" [stack: 0x000000c313200000,0x000000c313300000] [id=8792]
  0x000001cb4f9c1800 ConcurrentGCThread "G1 Young RemSet Sampling" [stack: 0x000000c313300000,0x000000c313400000] [id=14388]

Threads with active compile tasks:
C2 CompilerThread0  13665 10789   !   4       java.util.zip.InflaterInputStream::read (138 bytes)
C2 CompilerThread1  13665 10670       4       org.gradle.internal.reflect.ClassInspector::inspectClass (179 bytes)
C2 CompilerThread2  13665 10569       4       sun.invoke.util.VerifyAccess::isClassAccessible (182 bytes)

VM state:at safepoint (normal execution)

VM Mutex/Monitor currently owned by a thread:  ([mutex/lock_event])
[0x000001cb356d9be0] Threads_lock - owner thread: 0x000001cb4fb6d800
[0x000001cb356d9d00] Heap_lock - owner thread: 0x000001cb59923800

Heap address: 0x0000000080000000, size: 2048 MB, Compressed Oops mode: 32-bit
Narrow klass base: 0x0000000000000000, Narrow klass shift: 3
Compressed class space size: 1073741824 Address: 0x0000000100000000

Heap:
 garbage-first heap   total 225280K, used 79500K [0x0000000080000000, 0x0000000100000000)
  region size 1024K, 8 young (8192K), 8 survivors (8192K)
 Metaspace       used 96807K, capacity 100761K, committed 100892K, reserved 1136640K
  class space    used 13089K, capacity 14670K, committed 14744K, reserved 1048576K
Heap Regions: E=young(eden), S=young(survivor), O=old, HS=humongous(starts), HC=humongous(continues), CS=collection set, F=free, A=archive, TAMS=top-at-mark-start (previous, next)
|   0|0x0000000080000000, 0x0000000080100000, 0x0000000080100000|100%| O|  |TAMS 0x0000000080100000, 0x0000000080000000| Untracked 
|   1|0x0000000080100000, 0x0000000080200000, 0x0000000080200000|100%| O|  |TAMS 0x0000000080200000, 0x0000000080100000| Untracked 
|   2|0x0000000080200000, 0x0000000080300000, 0x0000000080300000|100%| O|  |TAMS 0x0000000080300000, 0x0000000080200000| Untracked 
|   3|0x0000000080300000, 0x0000000080400000, 0x0000000080400000|100%|HS|  |TAMS 0x0000000080400000, 0x0000000080300000| Complete 
|   4|0x0000000080400000, 0x0000000080500000, 0x0000000080500000|100%|HC|  |TAMS 0x0000000080500000, 0x0000000080400000| Complete 
|   5|0x0000000080500000, 0x0000000080600000, 0x0000000080600000|100%|HC|  |TAMS 0x0000000080600000, 0x0000000080500000| Complete 
|   6|0x0000000080600000, 0x0000000080700000, 0x0000000080700000|100%| O|  |TAMS 0x0000000080700000, 0x0000000080600000| Untracked 
|   7|0x0000000080700000, 0x0000000080800000, 0x0000000080800000|100%| O|  |TAMS 0x0000000080800000, 0x0000000080700000| Untracked 
|   8|0x0000000080800000, 0x0000000080900000, 0x0000000080900000|100%| O|  |TAMS 0x0000000080900000, 0x0000000080800000| Untracked 
|   9|0x0000000080900000, 0x0000000080a00000, 0x0000000080a00000|100%| O|  |TAMS 0x0000000080a00000, 0x0000000080900000| Untracked 
|  10|0x0000000080a00000, 0x0000000080b00000, 0x0000000080b00000|100%| O|  |TAMS 0x0000000080b00000, 0x0000000080a00000| Untracked 
|  11|0x0000000080b00000, 0x0000000080c00000, 0x0000000080c00000|100%| O|  |TAMS 0x0000000080c00000, 0x0000000080b00000| Untracked 
|  12|0x0000000080c00000, 0x0000000080d00000, 0x0000000080d00000|100%| O|  |TAMS 0x0000000080d00000, 0x0000000080c00000| Untracked 
|  13|0x0000000080d00000, 0x0000000080e00000, 0x0000000080e00000|100%| O|  |TAMS 0x0000000080e00000, 0x0000000080d00000| Untracked 
|  14|0x0000000080e00000, 0x0000000080f00000, 0x0000000080f00000|100%| O|  |TAMS 0x0000000080f00000, 0x0000000080e00000| Untracked 
|  15|0x0000000080f00000, 0x0000000081000000, 0x0000000081000000|100%| O|  |TAMS 0x0000000081000000, 0x0000000080f00000| Untracked 
|  16|0x0000000081000000, 0x0000000081100000, 0x0000000081100000|100%|HS|  |TAMS 0x0000000081100000, 0x0000000081000000| Complete 
|  17|0x0000000081100000, 0x0000000081200000, 0x0000000081200000|100%| O|  |TAMS 0x0000000081200000, 0x0000000081100000| Untracked 
|  18|0x0000000081200000, 0x0000000081300000, 0x0000000081300000|100%| O|  |TAMS 0x0000000081300000, 0x0000000081200000| Untracked 
|  19|0x0000000081300000, 0x0000000081400000, 0x0000000081400000|100%| O|  |TAMS 0x0000000081400000, 0x0000000081300000| Untracked 
|  20|0x0000000081400000, 0x0000000081500000, 0x0000000081500000|100%| O|  |TAMS 0x0000000081500000, 0x0000000081400000| Untracked 
|  21|0x0000000081500000, 0x0000000081600000, 0x0000000081600000|100%| O|  |TAMS 0x0000000081600000, 0x0000000081500000| Untracked 
|  22|0x0000000081600000, 0x0000000081700000, 0x0000000081700000|100%| O|  |TAMS 0x0000000081700000, 0x0000000081600000| Untracked 
|  23|0x0000000081700000, 0x0000000081800000, 0x0000000081800000|100%|HS|  |TAMS 0x0000000081800000, 0x0000000081700000| Complete 
|  24|0x0000000081800000, 0x0000000081900000, 0x0000000081900000|100%|HS|  |TAMS 0x0000000081900000, 0x0000000081800000| Complete 
|  25|0x0000000081900000, 0x0000000081a00000, 0x0000000081a00000|100%|HC|  |TAMS 0x0000000081a00000, 0x0000000081900000| Complete 
|  26|0x0000000081a00000, 0x0000000081b00000, 0x0000000081b00000|100%| O|  |TAMS 0x0000000081b00000, 0x0000000081a00000| Untracked 
|  27|0x0000000081b00000, 0x0000000081c00000, 0x0000000081c00000|100%| O|  |TAMS 0x0000000081c00000, 0x0000000081b00000| Untracked 
|  28|0x0000000081c00000, 0x0000000081d00000, 0x0000000081d00000|100%| O|  |TAMS 0x0000000081d00000, 0x0000000081c00000| Untracked 
|  29|0x0000000081d00000, 0x0000000081e00000, 0x0000000081e00000|100%| O|  |TAMS 0x0000000081e00000, 0x0000000081d00000| Untracked 
|  30|0x0000000081e00000, 0x0000000081f00000, 0x0000000081f00000|100%| O|  |TAMS 0x0000000081f00000, 0x0000000081e00000| Untracked 
|  31|0x0000000081f00000, 0x0000000082000000, 0x0000000082000000|100%| O|  |TAMS 0x0000000082000000, 0x0000000081f00000| Untracked 
|  32|0x0000000082000000, 0x0000000082100000, 0x0000000082100000|100%| O|  |TAMS 0x0000000082100000, 0x0000000082000000| Untracked 
|  33|0x0000000082100000, 0x0000000082200000, 0x0000000082200000|100%| O|  |TAMS 0x0000000082200000, 0x0000000082100000| Untracked 
|  34|0x0000000082200000, 0x0000000082300000, 0x0000000082300000|100%| O|  |TAMS 0x0000000082300000, 0x0000000082200000| Untracked 
|  35|0x0000000082300000, 0x0000000082400000, 0x0000000082400000|100%| O|  |TAMS 0x0000000082400000, 0x0000000082300000| Untracked 
|  36|0x0000000082400000, 0x0000000082500000, 0x0000000082500000|100%| O|  |TAMS 0x0000000082500000, 0x0000000082400000| Untracked 
|  37|0x0000000082500000, 0x0000000082600000, 0x0000000082600000|100%| O|  |TAMS 0x0000000082600000, 0x0000000082500000| Untracked 
|  38|0x0000000082600000, 0x0000000082700000, 0x0000000082700000|100%| O|  |TAMS 0x0000000082700000, 0x0000000082600000| Untracked 
|  39|0x0000000082700000, 0x0000000082800000, 0x0000000082800000|100%| O|  |TAMS 0x0000000082800000, 0x0000000082700000| Untracked 
|  40|0x0000000082800000, 0x0000000082900000, 0x0000000082900000|100%| O|  |TAMS 0x0000000082900000, 0x0000000082800000| Untracked 
|  41|0x0000000082900000, 0x0000000082a00000, 0x0000000082a00000|100%| O|  |TAMS 0x0000000082a00000, 0x0000000082900000| Untracked 
|  42|0x0000000082a00000, 0x0000000082b00000, 0x0000000082b00000|100%| O|  |TAMS 0x0000000082aa4600, 0x0000000082a00000| Untracked 
|  43|0x0000000082b00000, 0x0000000082c00000, 0x0000000082c00000|100%| O|  |TAMS 0x0000000082b00000, 0x0000000082b00000| Untracked 
|  44|0x0000000082c00000, 0x0000000082d00000, 0x0000000082d00000|100%| O|  |TAMS 0x0000000082c00000, 0x0000000082c00000| Untracked 
|  45|0x0000000082d00000, 0x0000000082e00000, 0x0000000082e00000|100%| O|  |TAMS 0x0000000082d00000, 0x0000000082d00000| Untracked 
|  46|0x0000000082e00000, 0x0000000082f00000, 0x0000000082f00000|100%| O|  |TAMS 0x0000000082e00000, 0x0000000082e00000| Untracked 
|  47|0x0000000082f00000, 0x0000000083000000, 0x0000000083000000|100%| O|  |TAMS 0x0000000082f00000, 0x0000000082f00000| Untracked 
|  48|0x0000000083000000, 0x0000000083100000, 0x0000000083100000|100%| O|  |TAMS 0x0000000083000000, 0x0000000083000000| Untracked 
|  49|0x0000000083100000, 0x0000000083200000, 0x0000000083200000|100%| O|  |TAMS 0x0000000083100000, 0x0000000083100000| Untracked 
|  50|0x0000000083200000, 0x0000000083300000, 0x0000000083300000|100%| O|  |TAMS 0x0000000083200000, 0x0000000083200000| Untracked 
|  51|0x0000000083300000, 0x0000000083400000, 0x0000000083400000|100%| O|  |TAMS 0x0000000083300000, 0x0000000083300000| Untracked 
|  52|0x0000000083400000, 0x0000000083500000, 0x0000000083500000|100%| O|  |TAMS 0x0000000083400000, 0x0000000083400000| Untracked 
|  53|0x0000000083500000, 0x0000000083600000, 0x0000000083600000|100%| O|  |TAMS 0x0000000083500000, 0x0000000083500000| Untracked 
|  54|0x0000000083600000, 0x0000000083700000, 0x0000000083700000|100%| O|  |TAMS 0x0000000083600000, 0x0000000083600000| Untracked 
|  55|0x0000000083700000, 0x0000000083800000, 0x0000000083800000|100%| O|  |TAMS 0x0000000083700000, 0x0000000083700000| Untracked 
|  56|0x0000000083800000, 0x0000000083900000, 0x0000000083900000|100%| O|  |TAMS 0x0000000083800000, 0x0000000083800000| Untracked 
|  57|0x0000000083900000, 0x0000000083a00000, 0x0000000083a00000|100%| O|  |TAMS 0x0000000083900000, 0x0000000083900000| Untracked 
|  58|0x0000000083a00000, 0x0000000083b00000, 0x0000000083b00000|100%| O|  |TAMS 0x0000000083a00000, 0x0000000083a00000| Untracked 
|  59|0x0000000083b00000, 0x0000000083c00000, 0x0000000083c00000|100%| O|  |TAMS 0x0000000083b00000, 0x0000000083b00000| Untracked 
|  60|0x0000000083c00000, 0x0000000083d00000, 0x0000000083d00000|100%| O|  |TAMS 0x0000000083c00000, 0x0000000083c00000| Untracked 
|  61|0x0000000083d00000, 0x0000000083e00000, 0x0000000083e00000|100%| O|  |TAMS 0x0000000083d00000, 0x0000000083d00000| Untracked 
|  62|0x0000000083e00000, 0x0000000083f00000, 0x0000000083f00000|100%| O|  |TAMS 0x0000000083e00000, 0x0000000083e00000| Untracked 
|  63|0x0000000083f00000, 0x0000000084000000, 0x0000000084000000|100%| O|  |TAMS 0x0000000083f00000, 0x0000000083f00000| Untracked 
|  64|0x0000000084000000, 0x0000000084100000, 0x0000000084100000|100%| O|  |TAMS 0x0000000084000000, 0x0000000084000000| Untracked 
|  65|0x0000000084100000, 0x0000000084200000, 0x0000000084200000|100%| O|  |TAMS 0x0000000084100000, 0x0000000084100000| Untracked 
|  66|0x0000000084200000, 0x0000000084300000, 0x0000000084300000|100%| O|  |TAMS 0x0000000084200000, 0x0000000084200000| Untracked 
|  67|0x0000000084300000, 0x0000000084400000, 0x0000000084400000|100%| O|  |TAMS 0x0000000084300000, 0x0000000084300000| Untracked 
|  68|0x0000000084400000, 0x0000000084500000, 0x0000000084500000|100%| O|  |TAMS 0x0000000084400000, 0x0000000084400000| Untracked 
|  69|0x0000000084500000, 0x00000000845b4c00, 0x0000000084600000| 70%| O|  |TAMS 0x0000000084500000, 0x0000000084500000| Untracked 
|  70|0x0000000084600000, 0x0000000084600000, 0x0000000084700000|  0%| F|  |TAMS 0x0000000084600000, 0x0000000084600000| Untracked 
|  71|0x0000000084700000, 0x0000000084700000, 0x0000000084800000|  0%| F|  |TAMS 0x0000000084700000, 0x0000000084700000| Untracked 
|  72|0x0000000084800000, 0x0000000084800000, 0x0000000084900000|  0%| F|  |TAMS 0x0000000084800000, 0x0000000084800000| Untracked 
|  73|0x0000000084900000, 0x0000000084900000, 0x0000000084a00000|  0%| F|  |TAMS 0x0000000084900000, 0x0000000084900000| Untracked 
|  74|0x0000000084a00000, 0x0000000084a00000, 0x0000000084b00000|  0%| F|  |TAMS 0x0000000084a00000, 0x0000000084a00000| Untracked 
|  75|0x0000000084b00000, 0x0000000084b00000, 0x0000000084c00000|  0%| F|  |TAMS 0x0000000084b00000, 0x0000000084b00000| Untracked 
|  76|0x0000000084c00000, 0x0000000084c00000, 0x0000000084d00000|  0%| F|  |TAMS 0x0000000084c00000, 0x0000000084c00000| Untracked 
|  77|0x0000000084d00000, 0x0000000084d00000, 0x0000000084e00000|  0%| F|  |TAMS 0x0000000084d00000, 0x0000000084d00000| Untracked 
|  78|0x0000000084e00000, 0x0000000084e00000, 0x0000000084f00000|  0%| F|  |TAMS 0x0000000084e00000, 0x0000000084e00000| Untracked 
|  79|0x0000000084f00000, 0x0000000084f00000, 0x0000000085000000|  0%| F|  |TAMS 0x0000000084f00000, 0x0000000084f00000| Untracked 
|  80|0x0000000085000000, 0x0000000085000000, 0x0000000085100000|  0%| F|  |TAMS 0x0000000085000000, 0x0000000085000000| Untracked 
|  81|0x0000000085100000, 0x0000000085100000, 0x0000000085200000|  0%| F|  |TAMS 0x0000000085100000, 0x0000000085100000| Untracked 
|  82|0x0000000085200000, 0x0000000085200000, 0x0000000085300000|  0%| F|  |TAMS 0x0000000085200000, 0x0000000085200000| Untracked 
|  83|0x0000000085300000, 0x0000000085300000, 0x0000000085400000|  0%| F|  |TAMS 0x0000000085300000, 0x0000000085300000| Untracked 
|  84|0x0000000085400000, 0x0000000085400000, 0x0000000085500000|  0%| F|  |TAMS 0x0000000085400000, 0x0000000085400000| Untracked 
|  85|0x0000000085500000, 0x0000000085500000, 0x0000000085600000|  0%| F|  |TAMS 0x0000000085500000, 0x0000000085500000| Untracked 
|  86|0x0000000085600000, 0x0000000085600000, 0x0000000085700000|  0%| F|  |TAMS 0x0000000085600000, 0x0000000085600000| Untracked 
|  87|0x0000000085700000, 0x0000000085700000, 0x0000000085800000|  0%| F|  |TAMS 0x0000000085700000, 0x0000000085700000| Untracked 
|  88|0x0000000085800000, 0x0000000085800000, 0x0000000085900000|  0%| F|  |TAMS 0x0000000085800000, 0x0000000085800000| Untracked 
|  89|0x0000000085900000, 0x0000000085900000, 0x0000000085a00000|  0%| F|  |TAMS 0x0000000085900000, 0x0000000085900000| Untracked 
|  90|0x0000000085a00000, 0x0000000085a00000, 0x0000000085b00000|  0%| F|  |TAMS 0x0000000085a00000, 0x0000000085a00000| Untracked 
|  91|0x0000000085b00000, 0x0000000085b00000, 0x0000000085c00000|  0%| F|  |TAMS 0x0000000085b00000, 0x0000000085b00000| Untracked 
|  92|0x0000000085c00000, 0x0000000085c00000, 0x0000000085d00000|  0%| F|  |TAMS 0x0000000085c00000, 0x0000000085c00000| Untracked 
|  93|0x0000000085d00000, 0x0000000085d00000, 0x0000000085e00000|  0%| F|  |TAMS 0x0000000085d00000, 0x0000000085d00000| Untracked 
|  94|0x0000000085e00000, 0x0000000085eee580, 0x0000000085f00000| 93%| S|CS|TAMS 0x0000000085e00000, 0x0000000085e00000| Complete 
|  95|0x0000000085f00000, 0x0000000086000000, 0x0000000086000000|100%| S|CS|TAMS 0x0000000085f00000, 0x0000000085f00000| Complete 
|  96|0x0000000086000000, 0x0000000086100000, 0x0000000086100000|100%| S|CS|TAMS 0x0000000086000000, 0x0000000086000000| Complete 
|  97|0x0000000086100000, 0x0000000086200000, 0x0000000086200000|100%| S|CS|TAMS 0x0000000086100000, 0x0000000086100000| Complete 
|  98|0x0000000086200000, 0x0000000086300000, 0x0000000086300000|100%| S|CS|TAMS 0x0000000086200000, 0x0000000086200000| Complete 
|  99|0x0000000086300000, 0x0000000086300000, 0x0000000086400000|  0%| F|  |TAMS 0x0000000086300000, 0x0000000086300000| Untracked 
| 100|0x0000000086400000, 0x0000000086400000, 0x0000000086500000|  0%| F|  |TAMS 0x0000000086400000, 0x0000000086400000| Untracked 
| 101|0x0000000086500000, 0x0000000086500000, 0x0000000086600000|  0%| F|  |TAMS 0x0000000086500000, 0x0000000086500000| Untracked 
| 102|0x0000000086600000, 0x0000000086600000, 0x0000000086700000|  0%| F|  |TAMS 0x0000000086600000, 0x0000000086600000| Untracked 
| 103|0x0000000086700000, 0x0000000086700000, 0x0000000086800000|  0%| F|  |TAMS 0x0000000086700000, 0x0000000086700000| Untracked 
| 104|0x0000000086800000, 0x0000000086800000, 0x0000000086900000|  0%| F|  |TAMS 0x0000000086800000, 0x0000000086800000| Untracked 
| 105|0x0000000086900000, 0x0000000086900000, 0x0000000086a00000|  0%| F|  |TAMS 0x0000000086900000, 0x0000000086900000| Untracked 
| 106|0x0000000086a00000, 0x0000000086a00000, 0x0000000086b00000|  0%| F|  |TAMS 0x0000000086a00000, 0x0000000086a00000| Untracked 
| 107|0x0000000086b00000, 0x0000000086b00000, 0x0000000086c00000|  0%| F|  |TAMS 0x0000000086b00000, 0x0000000086b00000| Untracked 
| 108|0x0000000086c00000, 0x0000000086d00000, 0x0000000086d00000|100%| S|CS|TAMS 0x0000000086c00000, 0x0000000086c00000| Complete 
| 109|0x0000000086d00000, 0x0000000086e00000, 0x0000000086e00000|100%| S|CS|TAMS 0x0000000086d00000, 0x0000000086d00000| Complete 
| 110|0x0000000086e00000, 0x0000000086e00000, 0x0000000086f00000|  0%| F|  |TAMS 0x0000000086e00000, 0x0000000086e00000| Untracked 
| 111|0x0000000086f00000, 0x0000000086f00000, 0x0000000087000000|  0%| F|  |TAMS 0x0000000086f00000, 0x0000000086f00000| Untracked 
| 112|0x0000000087000000, 0x0000000087100000, 0x0000000087100000|100%| S|CS|TAMS 0x0000000087000000, 0x0000000087000000| Complete 
| 113|0x0000000087100000, 0x0000000087100000, 0x0000000087200000|  0%| F|  |TAMS 0x0000000087100000, 0x0000000087100000| Untracked 
| 114|0x0000000087200000, 0x0000000087200000, 0x0000000087300000|  0%| F|  |TAMS 0x0000000087200000, 0x0000000087200000| Untracked 
| 115|0x0000000087300000, 0x0000000087300000, 0x0000000087400000|  0%| F|  |TAMS 0x0000000087300000, 0x0000000087300000| Untracked 
| 116|0x0000000087400000, 0x0000000087400000, 0x0000000087500000|  0%| F|  |TAMS 0x0000000087400000, 0x0000000087400000| Untracked 
| 117|0x0000000087500000, 0x0000000087500000, 0x0000000087600000|  0%| F|  |TAMS 0x0000000087500000, 0x0000000087500000| Untracked 
| 118|0x0000000087600000, 0x0000000087600000, 0x0000000087700000|  0%| F|  |TAMS 0x0000000087600000, 0x0000000087600000| Untracked 
| 119|0x0000000087700000, 0x0000000087700000, 0x0000000087800000|  0%| F|  |TAMS 0x0000000087700000, 0x0000000087700000| Untracked 
| 120|0x0000000087800000, 0x0000000087800000, 0x0000000087900000|  0%| F|  |TAMS 0x0000000087800000, 0x0000000087800000| Untracked 
| 121|0x0000000087900000, 0x0000000087900000, 0x0000000087a00000|  0%| F|  |TAMS 0x0000000087900000, 0x0000000087900000| Untracked 
| 122|0x0000000087a00000, 0x0000000087a00000, 0x0000000087b00000|  0%| F|  |TAMS 0x0000000087a00000, 0x0000000087a00000| Untracked 
| 123|0x0000000087b00000, 0x0000000087b00000, 0x0000000087c00000|  0%| F|  |TAMS 0x0000000087b00000, 0x0000000087b00000| Untracked 
| 124|0x0000000087c00000, 0x0000000087c00000, 0x0000000087d00000|  0%| F|  |TAMS 0x0000000087c00000, 0x0000000087c00000| Untracked 
| 125|0x0000000087d00000, 0x0000000087d00000, 0x0000000087e00000|  0%| F|  |TAMS 0x0000000087d00000, 0x0000000087d00000| Untracked 
| 126|0x0000000087e00000, 0x0000000087e00000, 0x0000000087f00000|  0%| F|  |TAMS 0x0000000087e00000, 0x0000000087e00000| Untracked 
| 127|0x0000000087f00000, 0x0000000087f00000, 0x0000000088000000|  0%| F|  |TAMS 0x0000000087f00000, 0x0000000087f00000| Untracked 
| 128|0x0000000088000000, 0x0000000088000000, 0x0000000088100000|  0%| F|  |TAMS 0x0000000088000000, 0x0000000088000000| Untracked 
| 129|0x0000000088100000, 0x0000000088100000, 0x0000000088200000|  0%| F|  |TAMS 0x0000000088100000, 0x0000000088100000| Untracked 
| 130|0x0000000088200000, 0x0000000088200000, 0x0000000088300000|  0%| F|  |TAMS 0x0000000088200000, 0x0000000088200000| Untracked 
| 131|0x0000000088300000, 0x0000000088300000, 0x0000000088400000|  0%| F|  |TAMS 0x0000000088300000, 0x0000000088300000| Untracked 
| 132|0x0000000088400000, 0x0000000088400000, 0x0000000088500000|  0%| F|  |TAMS 0x0000000088400000, 0x0000000088400000| Untracked 
| 133|0x0000000088500000, 0x0000000088500000, 0x0000000088600000|  0%| F|  |TAMS 0x0000000088500000, 0x0000000088500000| Untracked 
| 134|0x0000000088600000, 0x0000000088600000, 0x0000000088700000|  0%| F|  |TAMS 0x0000000088600000, 0x0000000088600000| Untracked 
| 135|0x0000000088700000, 0x0000000088700000, 0x0000000088800000|  0%| F|  |TAMS 0x0000000088700000, 0x0000000088700000| Untracked 
| 136|0x0000000088800000, 0x0000000088800000, 0x0000000088900000|  0%| F|  |TAMS 0x0000000088800000, 0x0000000088800000| Untracked 
| 137|0x0000000088900000, 0x0000000088900000, 0x0000000088a00000|  0%| F|  |TAMS 0x0000000088900000, 0x0000000088900000| Untracked 
| 138|0x0000000088a00000, 0x0000000088a00000, 0x0000000088b00000|  0%| F|  |TAMS 0x0000000088a00000, 0x0000000088a00000| Untracked 
| 139|0x0000000088b00000, 0x0000000088b00000, 0x0000000088c00000|  0%| F|  |TAMS 0x0000000088b00000, 0x0000000088b00000| Untracked 
| 140|0x0000000088c00000, 0x0000000088c00000, 0x0000000088d00000|  0%| F|  |TAMS 0x0000000088c00000, 0x0000000088c00000| Untracked 
| 141|0x0000000088d00000, 0x0000000088d00000, 0x0000000088e00000|  0%| F|  |TAMS 0x0000000088d00000, 0x0000000088d00000| Untracked 
| 142|0x0000000088e00000, 0x0000000088e00000, 0x0000000088f00000|  0%| F|  |TAMS 0x0000000088e00000, 0x0000000088e00000| Untracked 
| 143|0x0000000088f00000, 0x0000000088f00000, 0x0000000089000000|  0%| F|  |TAMS 0x0000000088f00000, 0x0000000088f00000| Untracked 
| 144|0x0000000089000000, 0x0000000089000000, 0x0000000089100000|  0%| F|  |TAMS 0x0000000089000000, 0x0000000089000000| Untracked 
| 145|0x0000000089100000, 0x0000000089100000, 0x0000000089200000|  0%| F|  |TAMS 0x0000000089100000, 0x0000000089100000| Untracked 
| 146|0x0000000089200000, 0x0000000089200000, 0x0000000089300000|  0%| F|  |TAMS 0x0000000089200000, 0x0000000089200000| Untracked 
| 147|0x0000000089300000, 0x0000000089300000, 0x0000000089400000|  0%| F|  |TAMS 0x0000000089300000, 0x0000000089300000| Untracked 
| 148|0x0000000089400000, 0x0000000089400000, 0x0000000089500000|  0%| F|  |TAMS 0x0000000089400000, 0x0000000089400000| Untracked 
| 149|0x0000000089500000, 0x0000000089500000, 0x0000000089600000|  0%| F|  |TAMS 0x0000000089500000, 0x0000000089500000| Untracked 
| 150|0x0000000089600000, 0x0000000089600000, 0x0000000089700000|  0%| F|  |TAMS 0x0000000089600000, 0x0000000089600000| Untracked 
| 151|0x0000000089700000, 0x0000000089700000, 0x0000000089800000|  0%| F|  |TAMS 0x0000000089700000, 0x0000000089700000| Untracked 
| 152|0x0000000089800000, 0x0000000089800000, 0x0000000089900000|  0%| F|  |TAMS 0x0000000089800000, 0x0000000089800000| Untracked 
| 153|0x0000000089900000, 0x0000000089900000, 0x0000000089a00000|  0%| F|  |TAMS 0x0000000089900000, 0x0000000089900000| Untracked 
| 154|0x0000000089a00000, 0x0000000089a00000, 0x0000000089b00000|  0%| F|  |TAMS 0x0000000089a00000, 0x0000000089a00000| Untracked 
| 155|0x0000000089b00000, 0x0000000089b00000, 0x0000000089c00000|  0%| F|  |TAMS 0x0000000089b00000, 0x0000000089b00000| Untracked 
| 156|0x0000000089c00000, 0x0000000089c00000, 0x0000000089d00000|  0%| F|  |TAMS 0x0000000089c00000, 0x0000000089c00000| Untracked 
| 157|0x0000000089d00000, 0x0000000089d00000, 0x0000000089e00000|  0%| F|  |TAMS 0x0000000089d00000, 0x0000000089d00000| Untracked 
| 158|0x0000000089e00000, 0x0000000089e00000, 0x0000000089f00000|  0%| F|  |TAMS 0x0000000089e00000, 0x0000000089e00000| Untracked 
| 159|0x0000000089f00000, 0x0000000089f00000, 0x000000008a000000|  0%| F|  |TAMS 0x0000000089f00000, 0x0000000089f00000| Untracked 
| 160|0x000000008a000000, 0x000000008a000000, 0x000000008a100000|  0%| F|  |TAMS 0x000000008a000000, 0x000000008a000000| Untracked 
| 161|0x000000008a100000, 0x000000008a100000, 0x000000008a200000|  0%| F|  |TAMS 0x000000008a100000, 0x000000008a100000| Untracked 
| 162|0x000000008a200000, 0x000000008a200000, 0x000000008a300000|  0%| F|  |TAMS 0x000000008a200000, 0x000000008a200000| Untracked 
| 163|0x000000008a300000, 0x000000008a300000, 0x000000008a400000|  0%| F|  |TAMS 0x000000008a300000, 0x000000008a300000| Untracked 
| 164|0x000000008a400000, 0x000000008a400000, 0x000000008a500000|  0%| F|  |TAMS 0x000000008a400000, 0x000000008a400000| Untracked 
| 165|0x000000008a500000, 0x000000008a500000, 0x000000008a600000|  0%| F|  |TAMS 0x000000008a500000, 0x000000008a500000| Untracked 
| 166|0x000000008a600000, 0x000000008a600000, 0x000000008a700000|  0%| F|  |TAMS 0x000000008a600000, 0x000000008a600000| Untracked 
| 167|0x000000008a700000, 0x000000008a700000, 0x000000008a800000|  0%| F|  |TAMS 0x000000008a700000, 0x000000008a700000| Untracked 
| 168|0x000000008a800000, 0x000000008a800000, 0x000000008a900000|  0%| F|  |TAMS 0x000000008a800000, 0x000000008a800000| Untracked 
| 169|0x000000008a900000, 0x000000008a900000, 0x000000008aa00000|  0%| F|  |TAMS 0x000000008a900000, 0x000000008a900000| Untracked 
| 170|0x000000008aa00000, 0x000000008aa00000, 0x000000008ab00000|  0%| F|  |TAMS 0x000000008aa00000, 0x000000008aa00000| Untracked 
| 171|0x000000008ab00000, 0x000000008ab00000, 0x000000008ac00000|  0%| F|  |TAMS 0x000000008ab00000, 0x000000008ab00000| Untracked 
| 172|0x000000008ac00000, 0x000000008ac00000, 0x000000008ad00000|  0%| F|  |TAMS 0x000000008ac00000, 0x000000008ac00000| Untracked 
| 173|0x000000008ad00000, 0x000000008ad00000, 0x000000008ae00000|  0%| F|  |TAMS 0x000000008ad00000, 0x000000008ad00000| Untracked 
| 174|0x000000008ae00000, 0x000000008ae00000, 0x000000008af00000|  0%| F|  |TAMS 0x000000008ae00000, 0x000000008ae00000| Untracked 
| 175|0x000000008af00000, 0x000000008af00000, 0x000000008b000000|  0%| F|  |TAMS 0x000000008af00000, 0x000000008af00000| Untracked 
| 176|0x000000008b000000, 0x000000008b000000, 0x000000008b100000|  0%| F|  |TAMS 0x000000008b000000, 0x000000008b000000| Untracked 
| 177|0x000000008b100000, 0x000000008b100000, 0x000000008b200000|  0%| F|  |TAMS 0x000000008b100000, 0x000000008b100000| Untracked 
| 178|0x000000008b200000, 0x000000008b200000, 0x000000008b300000|  0%| F|  |TAMS 0x000000008b200000, 0x000000008b200000| Untracked 
| 179|0x000000008b300000, 0x000000008b300000, 0x000000008b400000|  0%| F|  |TAMS 0x000000008b300000, 0x000000008b300000| Untracked 
| 180|0x000000008b400000, 0x000000008b400000, 0x000000008b500000|  0%| F|  |TAMS 0x000000008b400000, 0x000000008b400000| Untracked 
| 181|0x000000008b500000, 0x000000008b500000, 0x000000008b600000|  0%| F|  |TAMS 0x000000008b500000, 0x000000008b500000| Untracked 
| 182|0x000000008b600000, 0x000000008b600000, 0x000000008b700000|  0%| F|  |TAMS 0x000000008b600000, 0x000000008b600000| Untracked 

Card table byte_map: [0x000001cb48930000,0x000001cb48d30000] _byte_map_base: 0x000001cb48530000

Marking Bits (Prev, Next): (CMBitMap*) 0x000001cb3571ffa0, (CMBitMap*) 0x000001cb3571ff68
 Prev Bits: [0x000001cb4b130000, 0x000001cb4d130000)
 Next Bits: [0x000001cb49130000, 0x000001cb4b130000)

Polling page: 0x000001cb34ec0000

Metaspace:

Usage:
  Non-class:     84.07 MB capacity,    81.76 MB ( 97%) used,     1.88 MB (  2%) free+waste,   442.50 KB ( <1%) overhead. 
      Class:     14.33 MB capacity,    12.78 MB ( 89%) used,     1.33 MB (  9%) free+waste,   221.44 KB (  2%) overhead. 
       Both:     98.40 MB capacity,    94.54 MB ( 96%) used,     3.21 MB (  3%) free+waste,   663.94 KB ( <1%) overhead. 

Virtual space:
  Non-class space:       86.00 MB reserved,      84.13 MB ( 98%) committed 
      Class space:        1.00 GB reserved,      14.40 MB (  1%) committed 
             Both:        1.08 GB reserved,      98.53 MB (  9%) committed 

Chunk freelists:
   Non-Class:  57.00 KB
       Class:  18.00 KB
        Both:  75.00 KB

MaxMetaspaceSize: 17179869184.00 GB
CompressedClassSpaceSize: 1.00 GB
Initial GC threshold: 20.80 MB
Current GC threshold: 98.80 MB
CDS: off

CodeHeap 'non-profiled nmethods': size=120000Kb used=6564Kb max_used=6564Kb free=113435Kb
 bounds [0x000001cb40cd0000, 0x000001cb41340000, 0x000001cb48200000]
CodeHeap 'profiled nmethods': size=120000Kb used=22975Kb max_used=22975Kb free=97024Kb
 bounds [0x000001cb397a0000, 0x000001cb3ae10000, 0x000001cb40cd0000]
CodeHeap 'non-nmethods': size=5760Kb used=2395Kb max_used=2452Kb free=3364Kb
 bounds [0x000001cb39200000, 0x000001cb39470000, 0x000001cb397a0000]
 total_blobs=11653 nmethods=10737 adapters=828
 compilation: enabled
              stopped_count=0, restarted_count=0
 full_count=0

Compilation events (20 events):
Event: 13.627 Thread 0x000001cb4fba5000 10783       3       com.android.tools.r8.internal.nI::a (34 bytes)
Event: 13.627 Thread 0x000001cb4fba5000 nmethod 10783 0x000001cb3ae0b710 code [0x000001cb3ae0b8e0, 0x000001cb3ae0bb78]
Event: 13.627 Thread 0x000001cb4fba5000 10785       2       com.android.tools.r8.graph.d1::a (258 bytes)
Event: 13.628 Thread 0x000001cb4fba5000 nmethod 10785 0x000001cb3ae0bc90 code [0x000001cb3ae0bea0, 0x000001cb3ae0c548]
Event: 13.628 Thread 0x000001cb4fba5000 10786       2       com.android.tools.r8.internal.nI::d (33 bytes)
Event: 13.628 Thread 0x000001cb4fba5000 nmethod 10786 0x000001cb3ae0c890 code [0x000001cb3ae0ca40, 0x000001cb3ae0cb58]
Event: 13.628 Thread 0x000001cb4fba5000 10787       2       com.android.tools.r8.internal.nI::a (34 bytes)
Event: 13.628 Thread 0x000001cb4fba5000 nmethod 10787 0x000001cb3ae0cc10 code [0x000001cb3ae0cdc0, 0x000001cb3ae0cf98]
Event: 13.628 Thread 0x000001cb4fba5000 10788       2       java.nio.HeapByteBuffer::getInt (26 bytes)
Event: 13.629 Thread 0x000001cb4fba5000 nmethod 10788 0x000001cb3ae0d090 code [0x000001cb3ae0d240, 0x000001cb3ae0d468]
Event: 13.629 Thread 0x000001cb4fba5000 10790       1       com.android.tools.r8.internal.aA::getKey (5 bytes)
Event: 13.630 Thread 0x000001cb4fba5000 nmethod 10790 0x000001cb41332910 code [0x000001cb41332ac0, 0x000001cb41332b78]
Event: 13.630 Thread 0x000001cb4fba5000 10791       2       com.android.tools.r8.dex.j::h (23 bytes)
Event: 13.630 Thread 0x000001cb4fba5000 nmethod 10791 0x000001cb3ae0d590 code [0x000001cb3ae0d760, 0x000001cb3ae0d988]
Event: 13.630 Thread 0x000001cb4fba5000 10792       2       com.android.tools.r8.internal.nI::a (34 bytes)
Event: 13.630 Thread 0x000001cb4fba5000 nmethod 10792 0x000001cb3ae0da90 code [0x000001cb3ae0dc40, 0x000001cb3ae0de18]
Event: 13.630 Thread 0x000001cb4fba5000 10793       2       com.android.tools.r8.internal.Xt::a (434 bytes)
Event: 13.633 Thread 0x000001cb4fba5000 nmethod 10793 0x000001cb3ae0df10 code [0x000001cb3ae0e2e0, 0x000001cb3ae0f3d8]
Event: 13.633 Thread 0x000001cb4fba2800 nmethod 10576 0x000001cb41332c10 code [0x000001cb41332f80, 0x000001cb41337320]
Event: 13.633 Thread 0x000001cb4fba2800 10789   !   4       java.util.zip.InflaterInputStream::read (138 bytes)

GC Heap History (20 events):
Event: 4.179 GC heap after
{Heap after GC invocations=8 (full 0):
 garbage-first heap   total 155648K, used 27678K [0x0000000080000000, 0x0000000100000000)
  region size 1024K, 9 young (9216K), 9 survivors (9216K)
 Metaspace       used 40309K, capacity 41240K, committed 41468K, reserved 1085440K
  class space    used 5071K, capacity 5412K, committed 5452K, reserved 1048576K
}
Event: 5.000 GC heap before
{Heap before GC invocations=8 (full 0):
 garbage-first heap   total 155648K, used 105502K [0x0000000080000000, 0x0000000100000000)
  region size 1024K, 85 young (87040K), 9 survivors (9216K)
 Metaspace       used 47159K, capacity 48247K, committed 48380K, reserved 1091584K
  class space    used 6007K, capacity 6420K, committed 6476K, reserved 1048576K
}
Event: 5.008 GC heap after
{Heap after GC invocations=9 (full 0):
 garbage-first heap   total 155648K, used 30164K [0x0000000080000000, 0x0000000100000000)
  region size 1024K, 8 young (8192K), 8 survivors (8192K)
 Metaspace       used 47159K, capacity 48247K, committed 48380K, reserved 1091584K
  class space    used 6007K, capacity 6420K, committed 6476K, reserved 1048576K
}
Event: 6.062 GC heap before
{Heap before GC invocations=9 (full 0):
 garbage-first heap   total 155648K, used 118228K [0x0000000080000000, 0x0000000100000000)
  region size 1024K, 91 young (93184K), 8 survivors (8192K)
 Metaspace       used 52239K, capacity 53575K, committed 53756K, reserved 1095680K
  class space    used 6611K, capacity 7132K, committed 7244K, reserved 1048576K
}
Event: 6.073 GC heap after
{Heap after GC invocations=10 (full 0):
 garbage-first heap   total 155648K, used 43812K [0x0000000080000000, 0x0000000100000000)
  region size 1024K, 12 young (12288K), 12 survivors (12288K)
 Metaspace       used 52239K, capacity 53575K, committed 53756K, reserved 1095680K
  class space    used 6611K, capacity 7132K, committed 7244K, reserved 1048576K
}
Event: 6.754 GC heap before
{Heap before GC invocations=10 (full 0):
 garbage-first heap   total 155648K, used 84772K [0x0000000080000000, 0x0000000100000000)
  region size 1024K, 53 young (54272K), 12 survivors (12288K)
 Metaspace       used 58817K, capacity 60313K, committed 60368K, reserved 1101824K
  class space    used 7417K, capacity 7990K, committed 8012K, reserved 1048576K
}
Event: 6.771 GC heap after
{Heap after GC invocations=11 (full 0):
 garbage-first heap   total 155648K, used 46334K [0x0000000080000000, 0x0000000100000000)
  region size 1024K, 3 young (3072K), 3 survivors (3072K)
 Metaspace       used 58817K, capacity 60313K, committed 60368K, reserved 1101824K
  class space    used 7417K, capacity 7990K, committed 8012K, reserved 1048576K
}
Event: 7.477 GC heap before
{Heap before GC invocations=12 (full 0):
 garbage-first heap   total 155648K, used 104702K [0x0000000080000000, 0x0000000100000000)
  region size 1024K, 61 young (62464K), 3 survivors (3072K)
 Metaspace       used 64148K, capacity 65695K, committed 65948K, reserved 1105920K
  class space    used 8087K, capacity 8669K, committed 8728K, reserved 1048576K
}
Event: 7.484 GC heap after
{Heap after GC invocations=13 (full 0):
 garbage-first heap   total 187392K, used 50315K [0x0000000080000000, 0x0000000100000000)
  region size 1024K, 7 young (7168K), 7 survivors (7168K)
 Metaspace       used 64148K, capacity 65695K, committed 65948K, reserved 1105920K
  class space    used 8087K, capacity 8669K, committed 8728K, reserved 1048576K
}
Event: 8.396 GC heap before
{Heap before GC invocations=13 (full 0):
 garbage-first heap   total 187392K, used 126091K [0x0000000080000000, 0x0000000100000000)
  region size 1024K, 80 young (81920K), 7 survivors (7168K)
 Metaspace       used 69041K, capacity 70711K, committed 70940K, reserved 1110016K
  class space    used 8890K, capacity 9499K, committed 9624K, reserved 1048576K
}
Event: 8.407 GC heap after
{Heap after GC invocations=14 (full 0):
 garbage-first heap   total 187392K, used 55675K [0x0000000080000000, 0x0000000100000000)
  region size 1024K, 10 young (10240K), 10 survivors (10240K)
 Metaspace       used 69041K, capacity 70711K, committed 70940K, reserved 1110016K
  class space    used 8890K, capacity 9499K, committed 9624K, reserved 1048576K
}
Event: 9.672 GC heap before
{Heap before GC invocations=14 (full 0):
 garbage-first heap   total 187392K, used 131451K [0x0000000080000000, 0x0000000100000000)
  region size 1024K, 84 young (86016K), 10 survivors (10240K)
 Metaspace       used 77031K, capacity 78837K, committed 79004K, reserved 1118208K
  class space    used 10013K, capacity 10658K, committed 10776K, reserved 1048576K
}
Event: 9.689 GC heap after
{Heap after GC invocations=15 (full 0):
 garbage-first heap   total 187392K, used 60192K [0x0000000080000000, 0x0000000100000000)
  region size 1024K, 10 young (10240K), 10 survivors (10240K)
 Metaspace       used 77031K, capacity 78837K, committed 79004K, reserved 1118208K
  class space    used 10013K, capacity 10658K, committed 10776K, reserved 1048576K
}
Event: 10.812 GC heap before
{Heap before GC invocations=15 (full 0):
 garbage-first heap   total 187392K, used 135968K [0x0000000080000000, 0x0000000100000000)
  region size 1024K, 85 young (87040K), 10 survivors (10240K)
 Metaspace       used 81413K, capacity 83739K, committed 83996K, reserved 1122304K
  class space    used 10711K, capacity 11630K, committed 11672K, reserved 1048576K
}
Event: 10.828 GC heap after
{Heap after GC invocations=16 (full 0):
 garbage-first heap   total 187392K, used 66039K [0x0000000080000000, 0x0000000100000000)
  region size 1024K, 11 young (11264K), 11 survivors (11264K)
 Metaspace       used 81413K, capacity 83739K, committed 83996K, reserved 1122304K
  class space    used 10711K, capacity 11630K, committed 11672K, reserved 1048576K
}
Event: 11.624 GC heap before
{Heap before GC invocations=16 (full 0):
 garbage-first heap   total 187392K, used 139767K [0x0000000080000000, 0x0000000100000000)
  region size 1024K, 84 young (86016K), 11 survivors (11264K)
 Metaspace       used 82410K, capacity 84853K, committed 85020K, reserved 1122304K
  class space    used 10775K, capacity 11672K, committed 11672K, reserved 1048576K
}
Event: 11.640 GC heap after
{Heap after GC invocations=17 (full 0):
 garbage-first heap   total 187392K, used 71424K [0x0000000080000000, 0x0000000100000000)
  region size 1024K, 11 young (11264K), 11 survivors (11264K)
 Metaspace       used 82410K, capacity 84853K, committed 85020K, reserved 1122304K
  class space    used 10775K, capacity 11672K, committed 11672K, reserved 1048576K
}
Event: 12.600 GC heap before
{Heap before GC invocations=17 (full 0):
 garbage-first heap   total 187392K, used 143104K [0x0000000080000000, 0x0000000100000000)
  region size 1024K, 82 young (83968K), 11 survivors (11264K)
 Metaspace       used 84456K, capacity 87036K, committed 87196K, reserved 1124352K
  class space    used 10986K, capacity 11941K, committed 12056K, reserved 1048576K
}
Event: 12.614 GC heap after
{Heap after GC invocations=18 (full 0):
 garbage-first heap   total 187392K, used 76033K [0x0000000080000000, 0x0000000100000000)
  region size 1024K, 11 young (11264K), 11 survivors (11264K)
 Metaspace       used 84456K, capacity 87036K, committed 87196K, reserved 1124352K
  class space    used 10986K, capacity 11941K, committed 12056K, reserved 1048576K
}
Event: 13.634 GC heap before
{Heap before GC invocations=18 (full 0):
 garbage-first heap   total 187392K, used 146689K [0x0000000080000000, 0x0000000100000000)
  region size 1024K, 81 young (82944K), 11 survivors (11264K)
 Metaspace       used 96807K, capacity 100761K, committed 100892K, reserved 1136640K
  class space    used 13089K, capacity 14670K, committed 14744K, reserved 1048576K
}

Deoptimization events (20 events):
Event: 13.573 Thread 0x000001cb5746d800 Uncommon trap: trap_request=0xffffffd6 fr.pc=0x000001cb413310d0 relative=0x0000000000000b10
Event: 13.573 Thread 0x000001cb5746d800 Uncommon trap: reason=array_check action=maybe_recompile pc=0x000001cb413310d0 method=com.google.common.collect.RegularImmutableMap.fromEntryArray(I[Ljava/util/Map$Entry;)Lcom/google/common/collect/ImmutableMap; @ 157 c2
Event: 13.573 Thread 0x000001cb5746d800 DEOPT PACKING pc=0x000001cb413310d0 sp=0x000000c31bdfb8e0
Event: 13.573 Thread 0x000001cb5746d800 DEOPT UNPACKING pc=0x000001cb3924a1af sp=0x000000c31bdfb890 mode 2
Event: 13.618 Thread 0x000001cb5747c000 Uncommon trap: trap_request=0xffffff4d fr.pc=0x000001cb410629dc relative=0x00000000000000bc
Event: 13.618 Thread 0x000001cb59923800 Uncommon trap: trap_request=0xffffff4d fr.pc=0x000001cb410629dc relative=0x00000000000000bc
Event: 13.618 Thread 0x000001cb5747c000 Uncommon trap: reason=unstable_if action=reinterpret pc=0x000001cb410629dc method=jdk.internal.misc.Unsafe.convEndian(ZS)S @ 4 c2
Event: 13.618 Thread 0x000001cb59923800 Uncommon trap: reason=unstable_if action=reinterpret pc=0x000001cb410629dc method=jdk.internal.misc.Unsafe.convEndian(ZS)S @ 4 c2
Event: 13.618 Thread 0x000001cb59923800 DEOPT PACKING pc=0x000001cb410629dc sp=0x000000c31c9fd750
Event: 13.618 Thread 0x000001cb5747c000 DEOPT PACKING pc=0x000001cb410629dc sp=0x000000c31c6fdc30
Event: 13.618 Thread 0x000001cb59923800 DEOPT UNPACKING pc=0x000001cb3924a1af sp=0x000000c31c9fd610 mode 2
Event: 13.618 Thread 0x000001cb5747c000 DEOPT UNPACKING pc=0x000001cb3924a1af sp=0x000000c31c6fdaf0 mode 2
Event: 13.626 Thread 0x000001cb5747c000 Uncommon trap: trap_request=0xffffff4d fr.pc=0x000001cb412d7fa4 relative=0x0000000000000084
Event: 13.626 Thread 0x000001cb5747c000 Uncommon trap: reason=unstable_if action=reinterpret pc=0x000001cb412d7fa4 method=com.android.tools.r8.internal.jm.d(I)Z @ 45 c2
Event: 13.626 Thread 0x000001cb5747c000 DEOPT PACKING pc=0x000001cb412d7fa4 sp=0x000000c31c6fdae0
Event: 13.626 Thread 0x000001cb5747c000 DEOPT UNPACKING pc=0x000001cb3924a1af sp=0x000000c31c6fda70 mode 2
Event: 13.626 Thread 0x000001cb5747c000 Uncommon trap: trap_request=0xffffff4d fr.pc=0x000001cb413199d0 relative=0x0000000000000230
Event: 13.626 Thread 0x000001cb5747c000 Uncommon trap: reason=unstable_if action=reinterpret pc=0x000001cb413199d0 method=com.android.tools.r8.graph.d1.a([C)I @ 44 c2
Event: 13.626 Thread 0x000001cb5747c000 DEOPT PACKING pc=0x000001cb413199d0 sp=0x000000c31c6fdd30
Event: 13.627 Thread 0x000001cb5747c000 DEOPT UNPACKING pc=0x000001cb3924a1af sp=0x000000c31c6fdcb8 mode 2

Classes redefined (0 events):
No events

Internal exceptions (20 events):
Event: 13.314 Thread 0x000001cb5747b000 Exception <a 'java/lang/NoSuchMethodError'{0x0000000088b59030}: 'java.lang.Object java.lang.invoke.Invokers$Holder.linkToTargetMethod(java.lang.Object, java.lang.Object, java.lang.Object, int, java.lang.Object, java.lang.Object, java.lang.Object)'> (0x0000000088b59030) thrown at [./src/hotspot/share/interpreter/linkResolver.cpp, line 773]
Event: 13.317 Thread 0x000001cb5747b000 Exception <a 'java/lang/NoSuchMethodError'{0x0000000088b9e5e0}: 'void java.lang.invoke.DirectMethodHandle$Holder.invokeStatic(java.lang.Object, java.lang.Object, java.lang.Object, java.lang.Object, java.lang.Object, java.lang.Object, java.lang.Object, java.lang.Object)'> (0x0000000088b9e5e0) thrown at [./src/hotspot/share/interpreter/linkResolver.cpp, line 773]
Event: 13.317 Thread 0x000001cb57479800 Exception <a 'java/lang/NoSuchMethodError'{0x0000000088b97e30}: 'void java.lang.invoke.DirectMethodHandle$Holder.invokeStatic(java.lang.Object, java.lang.Object, java.lang.Object, java.lang.Object, java.lang.Object, java.lang.Object, java.lang.Object, java.lang.Object)'> (0x0000000088b97e30) thrown at [./src/hotspot/share/interpreter/linkResolver.cpp, line 773]
Event: 13.317 Thread 0x000001cb57478800 Exception <a 'java/lang/NoSuchMethodError'{0x0000000088b8ed80}: 'void java.lang.invoke.DirectMethodHandle$Holder.invokeStatic(java.lang.Object, java.lang.Object, java.lang.Object, java.lang.Object, java.lang.Object, java.lang.Object, java.lang.Object, java.lang.Object)'> (0x0000000088b8ed80) thrown at [./src/hotspot/share/interpreter/linkResolver.cpp, line 773]
Event: 13.317 Thread 0x000001cb5747a800 Exception <a 'java/lang/NoSuchMethodError'{0x0000000088b92e08}: 'void java.lang.invoke.DirectMethodHandle$Holder.invokeStatic(java.lang.Object, java.lang.Object, java.lang.Object, java.lang.Object, java.lang.Object, java.lang.Object, java.lang.Object, java.lang.Object)'> (0x0000000088b92e08) thrown at [./src/hotspot/share/interpreter/linkResolver.cpp, line 773]
Event: 13.353 Thread 0x000001cb5747a800 Exception <a 'java/lang/IncompatibleClassChangeError'{0x000000008884cd08}: Found class java.lang.Object, but interface was expected> (0x000000008884cd08) thrown at [./src/hotspot/share/interpreter/linkResolver.cpp, line 839]
Event: 13.381 Thread 0x000001cb57478800 Exception <a 'java/lang/NoSuchMethodError'{0x000000008851b998}: 'void java.lang.invoke.DirectMethodHandle$Holder.invokeSpecial(java.lang.Object, java.lang.Object, int)'> (0x000000008851b998) thrown at [./src/hotspot/share/interpreter/linkResolver.cpp, line 773]
Event: 13.381 Thread 0x000001cb5747a800 Exception <a 'java/lang/NoSuchMethodError'{0x000000008850dbb8}: 'void java.lang.invoke.DirectMethodHandle$Holder.invokeSpecial(java.lang.Object, java.lang.Object, int)'> (0x000000008850dbb8) thrown at [./src/hotspot/share/interpreter/linkResolver.cpp, line 773]
Event: 13.381 Thread 0x000001cb5747b000 Exception <a 'java/lang/NoSuchMethodError'{0x0000000088518e60}: 'void java.lang.invoke.DirectMethodHandle$Holder.invokeSpecial(java.lang.Object, java.lang.Object, int)'> (0x0000000088518e60) thrown at [./src/hotspot/share/interpreter/linkResolver.cpp, line 773]
Event: 13.381 Thread 0x000001cb57479800 Exception <a 'java/lang/NoSuchMethodError'{0x00000000886fada0}: 'void java.lang.invoke.DirectMethodHandle$Holder.invokeSpecial(java.lang.Object, java.lang.Object, int)'> (0x00000000886fada0) thrown at [./src/hotspot/share/interpreter/linkResolver.cpp, line 773]
Event: 13.394 Thread 0x000001cb57478800 Exception <a 'sun/nio/fs/WindowsException'{0x0000000088469660}> (0x0000000088469660) thrown at [./src/hotspot/share/prims/jni.cpp, line 616]
Event: 13.394 Thread 0x000001cb5747b000 Exception <a 'sun/nio/fs/WindowsException'{0x000000008845de28}> (0x000000008845de28) thrown at [./src/hotspot/share/prims/jni.cpp, line 616]
Event: 13.394 Thread 0x000001cb5747a800 Exception <a 'sun/nio/fs/WindowsException'{0x0000000088470ac8}> (0x0000000088470ac8) thrown at [./src/hotspot/share/prims/jni.cpp, line 616]
Event: 13.394 Thread 0x000001cb57479800 Exception <a 'sun/nio/fs/WindowsException'{0x000000008846d288}> (0x000000008846d288) thrown at [./src/hotspot/share/prims/jni.cpp, line 616]
Event: 13.399 Thread 0x000001cb57478800 Exception <a 'sun/nio/fs/WindowsException'{0x0000000088301128}> (0x0000000088301128) thrown at [./src/hotspot/share/prims/jni.cpp, line 616]
Event: 13.424 Thread 0x000001cb52b06800 Exception <a 'java/lang/NoSuchMethodError'{0x000000008820e880}: 'java.lang.Object java.lang.invoke.DirectMethodHandle$Holder.newInvokeSpecial(java.lang.Object, java.lang.Object, java.lang.Object, java.lang.Object)'> (0x000000008820e880) thrown at [./src/hotspot/share/interpreter/linkResolver.cpp, line 773]
Event: 13.432 Thread 0x000001cb5296f000 Exception <a 'java/lang/NoSuchMethodError'{0x000000008810c968}: <clinit>> (0x000000008810c968) thrown at [./src/hotspot/share/prims/jni.cpp, line 1366]
Event: 13.470 Thread 0x000001cb52b06800 Exception <a 'java/lang/NoSuchMethodError'{0x000000008805e098}: <clinit>> (0x000000008805e098) thrown at [./src/hotspot/share/prims/jni.cpp, line 1366]
Event: 13.580 Thread 0x000001cb59923800 Exception <a 'sun/nio/fs/WindowsException'{0x000000008748b378}> (0x000000008748b378) thrown at [./src/hotspot/share/prims/jni.cpp, line 616]
Event: 13.593 Thread 0x000001cb5747c000 Exception <a 'sun/nio/fs/WindowsException'{0x0000000087311118}> (0x0000000087311118) thrown at [./src/hotspot/share/prims/jni.cpp, line 616]

Events (20 events):
Event: 13.632 loading class com/android/tools/r8/code/P0 done
Event: 13.632 loading class com/android/tools/r8/code/r2
Event: 13.632 loading class com/android/tools/r8/code/r2 done
Event: 13.633 loading class com/android/tools/r8/code/t2
Event: 13.633 loading class com/android/tools/r8/code/t2 done
Event: 13.633 loading class com/android/tools/r8/code/s2
Event: 13.633 loading class com/android/tools/r8/code/s2 done
Event: 13.633 loading class com/android/tools/r8/code/h2
Event: 13.633 loading class com/android/tools/r8/code/h2 done
Event: 13.633 loading class com/android/tools/r8/code/k2
Event: 13.633 loading class com/android/tools/r8/code/k2 done
Event: 13.633 loading class com/android/tools/r8/code/i2
Event: 13.633 loading class com/android/tools/r8/code/i2 done
Event: 13.634 loading class com/android/tools/r8/code/F3
Event: 13.634 loading class com/android/tools/r8/code/F3 done
Event: 13.634 loading class com/android/tools/r8/code/V3
Event: 13.634 loading class com/android/tools/r8/code/V3 done
Event: 13.634 loading class com/android/tools/r8/code/U2
Event: 13.634 loading class com/android/tools/r8/code/U2 done
Event: 13.634 Executing VM operation: G1CollectForAllocation


Dynamic libraries:
0x00007ff798210000 - 0x00007ff79821a000 	C:\Program Files\Android\Android Studio\jre\bin\java.exe
0x00007fffcb890000 - 0x00007fffcba88000 	C:\WINDOWS\SYSTEM32\ntdll.dll
0x00007fffc9a70000 - 0x00007fffc9b2f000 	C:\WINDOWS\System32\KERNEL32.DLL
0x00007fffc9590000 - 0x00007fffc9862000 	C:\WINDOWS\System32\KERNELBASE.dll
0x00007fffc9200000 - 0x00007fffc9300000 	C:\WINDOWS\System32\ucrtbase.dll
0x00007fff82a10000 - 0x00007fff82a27000 	C:\Program Files\Android\Android Studio\jre\bin\VCRUNTIME140.dll
0x00007fff90db0000 - 0x00007fff90dc9000 	C:\Program Files\Android\Android Studio\jre\bin\jli.dll
0x00007fffcb4d0000 - 0x00007fffcb66d000 	C:\WINDOWS\System32\USER32.dll
0x00007fffb8660000 - 0x00007fffb88fa000 	C:\WINDOWS\WinSxS\amd64_microsoft.windows.common-controls_6595b64144ccf1df_6.0.19041.1110_none_60b5254171f9507e\COMCTL32.dll
0x00007fffc8f90000 - 0x00007fffc8fb2000 	C:\WINDOWS\System32\win32u.dll
0x00007fffc99d0000 - 0x00007fffc9a6e000 	C:\WINDOWS\System32\msvcrt.dll
0x00007fffc98e0000 - 0x00007fffc990b000 	C:\WINDOWS\System32\GDI32.dll
0x00007fffc9480000 - 0x00007fffc958f000 	C:\WINDOWS\System32\gdi32full.dll
0x00007fffc93e0000 - 0x00007fffc947d000 	C:\WINDOWS\System32\msvcp_win.dll
0x00007fffcb3e0000 - 0x00007fffcb412000 	C:\WINDOWS\System32\IMM32.DLL
0x00007fff82970000 - 0x00007fff82a0d000 	C:\Program Files\Android\Android Studio\jre\bin\msvcp140.dll
0x00007fff4e2d0000 - 0x00007fff4edd2000 	C:\Program Files\Android\Android Studio\jre\bin\server\jvm.dll
0x00007fffca7f0000 - 0x00007fffca89e000 	C:\WINDOWS\System32\ADVAPI32.dll
0x00007fffcb060000 - 0x00007fffcb0fc000 	C:\WINDOWS\System32\sechost.dll
0x00007fffcb2b0000 - 0x00007fffcb3d5000 	C:\WINDOWS\System32\RPCRT4.dll
0x00007fffcade0000 - 0x00007fffcade8000 	C:\WINDOWS\System32\PSAPI.DLL
0x00007fffc3790000 - 0x00007fffc3799000 	C:\WINDOWS\SYSTEM32\WSOCK32.dll
0x00007fffa9fa0000 - 0x00007fffa9fc7000 	C:\WINDOWS\SYSTEM32\WINMM.dll
0x00007fffca8a0000 - 0x00007fffca90b000 	C:\WINDOWS\System32\WS2_32.dll
0x00007fffc2cf0000 - 0x00007fffc2cfa000 	C:\WINDOWS\SYSTEM32\VERSION.dll
0x00007fffc77e0000 - 0x00007fffc77f2000 	C:\WINDOWS\SYSTEM32\kernel.appcore.dll
0x00007fff52690000 - 0x00007fff526a1000 	C:\Program Files\Android\Android Studio\jre\bin\verify.dll
0x00007fffc74f0000 - 0x00007fffc76d4000 	C:\WINDOWS\SYSTEM32\DBGHELP.DLL
0x00007fffb75b0000 - 0x00007fffb75dc000 	C:\WINDOWS\SYSTEM32\dbgcore.DLL
0x00007fffc9010000 - 0x00007fffc9092000 	C:\WINDOWS\System32\bcryptPrimitives.dll
0x00007fff52660000 - 0x00007fff52689000 	C:\Program Files\Android\Android Studio\jre\bin\java.dll
0x00007fffc2800000 - 0x00007fffc280b000 	C:\Program Files\Android\Android Studio\jre\bin\jimage.dll
0x00007fff52010000 - 0x00007fff52028000 	C:\Program Files\Android\Android Studio\jre\bin\zip.dll
0x00007fffc9c20000 - 0x00007fffca363000 	C:\WINDOWS\System32\SHELL32.dll
0x00007fffc6d50000 - 0x00007fffc74e2000 	C:\WINDOWS\SYSTEM32\windows.storage.dll
0x00007fffca370000 - 0x00007fffca6c4000 	C:\WINDOWS\System32\combase.dll
0x00007fffc8980000 - 0x00007fffc89b0000 	C:\WINDOWS\SYSTEM32\Wldp.dll
0x00007fffcb420000 - 0x00007fffcb4cd000 	C:\WINDOWS\System32\SHCORE.dll
0x00007fffcae80000 - 0x00007fffcaed5000 	C:\WINDOWS\System32\shlwapi.dll
0x00007fffc8ed0000 - 0x00007fffc8eef000 	C:\WINDOWS\SYSTEM32\profapi.dll
0x00007fff51ff0000 - 0x00007fff5200a000 	C:\Program Files\Android\Android Studio\jre\bin\net.dll
0x00007fffbf550000 - 0x00007fffbf65c000 	C:\WINDOWS\SYSTEM32\WINHTTP.dll
0x00007fffc8670000 - 0x00007fffc86da000 	C:\WINDOWS\system32\mswsock.dll
0x00007fff4e2b0000 - 0x00007fff4e2c4000 	C:\Program Files\Android\Android Studio\jre\bin\nio.dll
0x00007fffc4810000 - 0x00007fffc4837000 	C:\Users\Asus\.gradle\native\e1d6ef7f7dcc3fd88c89a11ec53ec762bb8ba0a96d01ffa2cd45eb1d1d8dd5c5\windows-amd64\native-platform.dll
0x00007fff88df0000 - 0x00007fff88f34000 	C:\Users\Asus\.gradle\native\5664cfc778a61ccfe75a443a1ab52a65af34e5dc3c78e0209fed803814484fcb\windows-amd64\native-platform-file-events.dll
0x00007fffbdcd0000 - 0x00007fffbdcda000 	C:\Program Files\Android\Android Studio\jre\bin\management.dll
0x00007fffb9700000 - 0x00007fffb970d000 	C:\Program Files\Android\Android Studio\jre\bin\management_ext.dll
0x00007fffc88d0000 - 0x00007fffc88e8000 	C:\WINDOWS\SYSTEM32\CRYPTSP.dll
0x00007fffc7f90000 - 0x00007fffc7fc4000 	C:\WINDOWS\system32\rsaenh.dll
0x00007fffc93b0000 - 0x00007fffc93d7000 	C:\WINDOWS\System32\bcrypt.dll
0x00007fffc8e50000 - 0x00007fffc8e7e000 	C:\WINDOWS\SYSTEM32\USERENV.dll
0x00007fffc88f0000 - 0x00007fffc88fc000 	C:\WINDOWS\SYSTEM32\CRYPTBASE.dll
0x00007fffc8360000 - 0x00007fffc839b000 	C:\WINDOWS\SYSTEM32\IPHLPAPI.DLL
0x00007fffc9b30000 - 0x00007fffc9b38000 	C:\WINDOWS\System32\NSI.dll
0x00007fffc1700000 - 0x00007fffc1717000 	C:\WINDOWS\SYSTEM32\dhcpcsvc6.DLL
0x00007fffc16e0000 - 0x00007fffc16fd000 	C:\WINDOWS\SYSTEM32\dhcpcsvc.DLL
0x00007fffc83a0000 - 0x00007fffc846a000 	C:\WINDOWS\SYSTEM32\DNSAPI.dll

dbghelp: loaded successfully - version: 4.0.5 - missing functions: none
symbol engine: initialized successfully - sym options: 0x614 - pdb path: .;C:\Program Files\Android\Android Studio\jre\bin;C:\WINDOWS\SYSTEM32;C:\WINDOWS\WinSxS\amd64_microsoft.windows.common-controls_6595b64144ccf1df_6.0.19041.1110_none_60b5254171f9507e;C:\Program Files\Android\Android Studio\jre\bin\server;C:\Users\Asus\.gradle\native\e1d6ef7f7dcc3fd88c89a11ec53ec762bb8ba0a96d01ffa2cd45eb1d1d8dd5c5\windows-amd64;C:\Users\Asus\.gradle\native\5664cfc778a61ccfe75a443a1ab52a65af34e5dc3c78e0209fed803814484fcb\windows-amd64

VM Arguments:
jvm_args: --add-opens=java.base/java.util=ALL-UNNAMED --add-opens=java.base/java.lang=ALL-UNNAMED --add-opens=java.base/java.lang.invoke=ALL-UNNAMED --add-opens=java.base/java.util=ALL-UNNAMED --add-opens=java.prefs/java.util.prefs=ALL-UNNAMED --add-opens=java.prefs/java.util.prefs=ALL-UNNAMED --add-opens=java.base/java.nio.charset=ALL-UNNAMED --add-opens=java.base/java.net=ALL-UNNAMED --add-opens=java.base/java.util.concurrent.atomic=ALL-UNNAMED -Xmx2048m -Dfile.encoding=UTF-8 -Duser.country=US -Duser.language=en -Duser.variant 
java_command: org.gradle.launcher.daemon.bootstrap.GradleDaemon 7.3.3
java_class_path (initial): C:\Users\Asus\.gradle\wrapper\dists\gradle-7.3.3-bin\6a41zxkdtcxs8rphpq6y0069z\gradle-7.3.3\lib\gradle-launcher-7.3.3.jar
Launcher Type: SUN_STANDARD

[Global flags]
     intx CICompilerCount                          = 4                                         {product} {ergonomic}
     uint ConcGCThreads                            = 2                                         {product} {ergonomic}
     uint G1ConcRefinementThreads                  = 8                                         {product} {ergonomic}
   size_t G1HeapRegionSize                         = 1048576                                   {product} {ergonomic}
    uintx GCDrainStackTargetSize                   = 64                                        {product} {ergonomic}
   size_t InitialHeapSize                          = 132120576                                 {product} {ergonomic}
   size_t MarkStackSize                            = 4194304                                   {product} {ergonomic}
   size_t MaxHeapSize                              = 2147483648                                {product} {command line}
   size_t MaxNewSize                               = 1287651328                                {product} {ergonomic}
   size_t MinHeapDeltaBytes                        = 1048576                                   {product} {ergonomic}
    uintx NonNMethodCodeHeapSize                   = 5836300                                {pd product} {ergonomic}
    uintx NonProfiledCodeHeapSize                  = 122910970                              {pd product} {ergonomic}
    uintx ProfiledCodeHeapSize                     = 122910970                              {pd product} {ergonomic}
    uintx ReservedCodeCacheSize                    = 251658240                              {pd product} {ergonomic}
     bool SegmentedCodeCache                       = true                                      {product} {ergonomic}
     bool UseCompressedClassPointers               = true                                 {lp64_product} {ergonomic}
     bool UseCompressedOops                        = true                                 {lp64_product} {ergonomic}
     bool UseG1GC                                  = true                                      {product} {ergonomic}
     bool UseLargePagesIndividualAllocation        = false                                  {pd product} {ergonomic}

Logging:
Log output configuration:
 #0: stdout all=warning uptime,level,tags
 #1: stderr all=off uptime,level,tags

Environment Variables:
PATH=C:\Program Files (x86)\Common Files\Intel\Shared Libraries\redist\intel64\compiler;C:\Program Files\Microsoft MPI\Bin\;C:\WINDOWS\system32;C:\WINDOWS;C:\WINDOWS\System32\Wbem;C:\WINDOWS\System32\WindowsPowerShell\v1.0\;C:\WINDOWS\System32\OpenSSH\;C:\Program Files\dotnet\;C:\Program Files\Microsoft SQL Server\130\Tools\Binn\;C:\Program Files (x86)\dotnet\;C:\Program Files\Microsoft SQL Server\Client SDK\ODBC\170\Tools\Binn\;C:\Program Files\Azure Data Studio\bin;C:\Program Files (x86)\Microsoft SQL Server\150\Tools\Binn\;C:\Program Files\Microsoft SQL Server\150\Tools\Binn\;C:\Program Files (x86)\Microsoft SQL Server\150\DTS\Binn\;C:\Program Files\Microsoft SQL Server\150\DTS\Binn\;C:\Program Files\Git\cmd;C:\Users\Asus\AppData\Local\Microsoft\WindowsApps;C:\Users\Asus\.dotnet\tools;C:\Program Files\Azure Data Studio\bin;C:\Users\Asus\AppData\Local\Programs\Microsoft VS Code\bin;C:\Users\Asus\AppData\Local\GitHubDesktop\bin
USERNAME=Asus
OS=Windows_NT
PROCESSOR_IDENTIFIER=Intel64 Family 6 Model 142 Stepping 12, GenuineIntel



---------------  S Y S T E M  ---------------

OS: Windows 10 , 64 bit Build 19041 (10.0.19041.2251)
OS uptime: 0 days 0:39 hours

CPU:total 8 (initial active 8) (4 cores per cpu, 2 threads per core) family 6 model 142 stepping 12 microcode 0xca, cmov, cx8, fxsr, mmx, sse, sse2, sse3, ssse3, sse4.1, sse4.2, popcnt, avx, avx2, aes, clmul, erms, 3dnowpref, lzcnt, ht, tsc, tscinvbit, bmi1, bmi2, adx, fma

Memory: 4k page, system-wide physical 8028M (449M free)
TotalPageFile size 12028M (AvailPageFile size 32M)
current process WorkingSet (physical memory assigned to process): 474M, peak: 474M
current process commit charge ("private bytes"): 510M, peak: 546M

vm_info: OpenJDK 64-Bit Server VM (11.0.13+0-b1751.21-8125866) for windows-amd64 JRE (11.0.13+0-b1751.21-8125866), built on Feb  2 2022 03:00:22 by "builder" with MS VC++ 14.0 (VS2015)

END.
