#
# There is insufficient memory for the Java Runtime Environment to continue.
# Native memory allocation (mmap) failed to map 223346688 bytes for Failed to commit area from 0x000000008dc00000 to 0x000000009b100000 of length 223346688.
# Possible reasons:
#   The system is out of physical RAM or swap space
#   The process is running with CompressedOops enabled, and the Java Heap may be blocking the growth of the native heap
# Possible solutions:
#   Reduce memory load on the system
#   Increase physical memory or swap space
#   Check if swap backing store is full
#   Decrease Java heap size (-Xmx/-Xms)
#   Decrease number of Java threads
#   Decrease Java thread stack sizes (-Xss)
#   Set larger code cache with -XX:ReservedCodeCacheSize=
#   JVM is running with Unscaled Compressed Oops mode in which the Java heap is
#     placed in the first 4GB address space. The Java Heap base address is the
#     maximum limit for the native heap growth. Please use -XX:HeapBaseMinAddress
#     to set the Java Heap base and to place the Java Heap above 4GB virtual address.
# This output file may be truncated or incomplete.
#
#  Out of Memory Error (./src/hotspot/os/windows/os_windows.cpp:3619), pid=15192, tid=3760
#
# JRE version: OpenJDK Runtime Environment (11.0.13) (build 11.0.13+0-b1751.21-8125866)
# Java VM: OpenJDK 64-Bit Server VM (11.0.13+0-b1751.21-8125866, mixed mode, tiered, compressed oops, g1 gc, windows-amd64)
# No core dump will be written. Minidumps are not enabled by default on client versions of Windows
#

---------------  S U M M A R Y ------------

Command Line: --add-opens=java.base/java.util=ALL-UNNAMED --add-opens=java.base/java.lang=ALL-UNNAMED --add-opens=java.base/java.lang.invoke=ALL-UNNAMED --add-opens=java.base/java.util=ALL-UNNAMED --add-opens=java.prefs/java.util.prefs=ALL-UNNAMED --add-opens=java.prefs/java.util.prefs=ALL-UNNAMED --add-opens=java.base/java.nio.charset=ALL-UNNAMED --add-opens=java.base/java.net=ALL-UNNAMED --add-opens=java.base/java.util.concurrent.atomic=ALL-UNNAMED -Xmx2048m -Dfile.encoding=UTF-8 -Duser.country=US -Duser.language=en -Duser.variant org.gradle.launcher.daemon.bootstrap.GradleDaemon 7.3.3

Host: Intel(R) Core(TM) i5-10210U CPU @ 1.60GHz, 8 cores, 7G,  Windows 10 , 64 bit Build 19041 (10.0.19041.2251)
Time: Sun Dec  4 20:37:03 2022 SE Asia Standard Time elapsed time: 2189.993160 seconds (0d 0h 36m 29s)

---------------  T H R E A D  ---------------

Current thread (0x0000018736de1800):  VMThread "VM Thread" [stack: 0x0000007a0e400000,0x0000007a0e500000] [id=3760]

Stack: [0x0000007a0e400000,0x0000007a0e500000]
[error occurred during error reporting (printing stack bounds), id 0xc0000005, EXCEPTION_ACCESS_VIOLATION (0xc0000005) at pc=0x000001871fc9112d]

Native frames: (J=compiled Java code, j=interpreted, Vv=VM code, C=native code)
V  [jvm.dll+0x6100fa]
V  [jvm.dll+0x747090]
V  [jvm.dll+0x7486ad]
V  [jvm.dll+0x748ce5]
V  [jvm.dll+0x748c9b]
V  [jvm.dll+0x60f224]
V  [jvm.dll+0x60f9b8]
C  [ntdll.dll+0xa241f]
C  [ntdll.dll+0x514a4]
C  [ntdll.dll+0xa0f4e]
C  0x000001871fc9112d

VM_Operation (0x0000007a17cfe0a0): G1CollectForAllocation, mode: safepoint, requested by thread 0x000001873d053000


---------------  P R O C E S S  ---------------

Threads class SMR info:
_java_thread_list=0x0000018744773450, length=154, elements={
0x000001871a9c0800, 0x0000018736de5800, 0x0000018736de7000, 0x0000018736e05000,
0x0000018736e06000, 0x0000018736e07000, 0x0000018736e0c000, 0x0000018736e19800,
0x0000018736e1b000, 0x00000187378ff800, 0x000001873a45f000, 0x000001873a093000,
0x0000018737b3b800, 0x000001873a486000, 0x000001873a48b000, 0x000001873a488800,
0x000001873a489000, 0x000001873a486800, 0x000001873a3de800, 0x000001873a3da800,
0x000001873a3df800, 0x000001873a3dc000, 0x000001873a3e0000, 0x000001873ad49000,
0x000001873ad4a800, 0x000001873ad4c800, 0x000001873ad4a000, 0x000001873ad4f800,
0x000001873ad53000, 0x000001873fdea800, 0x000001873fde8000, 0x000001873fde9000,
0x000001873fde9800, 0x000001873fdeb800, 0x000001873fdec000, 0x000001873fded000,
0x000001873fde7800, 0x000001873fdf0800, 0x00000187403bf800, 0x0000018738ef6000,
0x000001873fdf3800, 0x000001873fdf2000, 0x000001873fdf1000, 0x000001873fdef800,
0x000001873fdf2800, 0x000001873fdee000, 0x000001873fdee800, 0x000001873fdf6000,
0x000001873fdf4800, 0x000001873fdf5000, 0x000001873ad50800, 0x000001873ad4d000,
0x000001873ad4f000, 0x000001873ad4e000, 0x000001873ad4b800, 0x000001873ad52000,
0x000001873ad53800, 0x000001873ad51800, 0x000001873ad57000, 0x000001873ad54800,
0x000001873ad58000, 0x000001873ad55800, 0x000001873ad56000, 0x000001873a3e1000,
0x000001873a3dd000, 0x000001873a3e2800, 0x000001873a3e2000, 0x000001873a3e3800,
0x000001873a3de000, 0x000001873a3e9000, 0x000001873a3e7000, 0x000001873a3e4800,
0x000001873a3e6000, 0x000001873a3e5000, 0x000001873a3e8800, 0x000001873a3e7800,
0x000001873a487800, 0x000001873a48a000, 0x000001873a485000, 0x000001873a48b800,
0x000001873e835000, 0x000001873e832800, 0x000001873e831000, 0x000001873e837800,
0x000001873e837000, 0x000001873e832000, 0x000001873e838800, 0x000001873e836000,
0x000001873e839800, 0x000001873e833800, 0x000001873e83a000, 0x000001873e834800,
0x000001873e83e000, 0x000001873e83d800, 0x000001873e83f000, 0x000001873e840000,
0x000001873e83b800, 0x000001873e83b000, 0x000001873e83c800, 0x0000018739e49000,
0x0000018739e44000, 0x0000018739e4a800, 0x0000018739e45000, 0x0000018739e4b800,
0x0000018739e45800, 0x0000018739e49800, 0x0000018739e4c000, 0x0000018739e46800,
0x0000018739e4d000, 0x0000018739e47000, 0x0000018739e4d800, 0x0000018739e48000,
0x0000018739e52800, 0x0000018739e4e800, 0x0000018739e51000, 0x0000018739e52000,
0x0000018739e4f800, 0x0000018739e50000, 0x0000018740981800, 0x0000018740982800,
0x0000018740980000, 0x0000018740986800, 0x0000018740980800, 0x0000018740985000,
0x0000018740983000, 0x000001873d04c000, 0x000001873d04a000, 0x000001873d04a800,
0x000001873d04d000, 0x000001873d04e000, 0x000001873d04e800, 0x000001873d04b800,
0x000001873d049000, 0x000001873d055000, 0x000001873d054800, 0x000001873d04f800,
0x000001873d056000, 0x000001873d050800, 0x000001873d051000, 0x000001873d057000,
0x000001873d057800, 0x000001873d052000, 0x000001873d053800, 0x000001873d053000,
0x000001873eb63800, 0x000001873eb66000, 0x000001873eb67800, 0x000001873eb65000,
0x000001873eb64000, 0x000001873eb66800, 0x000001873eb68800, 0x000001873eb62800,
0x000001873eb6e000, 0x000001873eb6b800
}

Java Threads: ( => current thread )
  0x000001871a9c0800 JavaThread "main" [_thread_blocked, id=14180, stack(0x0000007a0de00000,0x0000007a0df00000)]
  0x0000018736de5800 JavaThread "Reference Handler" daemon [_thread_blocked, id=13224, stack(0x0000007a0e500000,0x0000007a0e600000)]
  0x0000018736de7000 JavaThread "Finalizer" daemon [_thread_blocked, id=12384, stack(0x0000007a0e600000,0x0000007a0e700000)]
  0x0000018736e05000 JavaThread "Signal Dispatcher" daemon [_thread_blocked, id=11336, stack(0x0000007a0e700000,0x0000007a0e800000)]
  0x0000018736e06000 JavaThread "Attach Listener" daemon [_thread_blocked, id=11032, stack(0x0000007a0e800000,0x0000007a0e900000)]
  0x0000018736e07000 JavaThread "Service Thread" daemon [_thread_blocked, id=8952, stack(0x0000007a0e900000,0x0000007a0ea00000)]
  0x0000018736e0c000 JavaThread "C2 CompilerThread0" daemon [_thread_blocked, id=14132, stack(0x0000007a0ea00000,0x0000007a0eb00000)]
  0x0000018736e19800 JavaThread "C1 CompilerThread0" daemon [_thread_blocked, id=1972, stack(0x0000007a0eb00000,0x0000007a0ec00000)]
  0x0000018736e1b000 JavaThread "Sweeper thread" daemon [_thread_blocked, id=12000, stack(0x0000007a0ec00000,0x0000007a0ed00000)]
  0x00000187378ff800 JavaThread "Common-Cleaner" daemon [_thread_blocked, id=6900, stack(0x0000007a0ed00000,0x0000007a0ee00000)]
  0x000001873a45f000 JavaThread "Daemon health stats" [_thread_blocked, id=14944, stack(0x0000007a0f300000,0x0000007a0f400000)]
  0x000001873a093000 JavaThread "Incoming local TCP Connector on port 64117" [_thread_in_native, id=8604, stack(0x0000007a0ef00000,0x0000007a0f000000)]
  0x0000018737b3b800 JavaThread "Daemon periodic checks" [_thread_blocked, id=11952, stack(0x0000007a0f000000,0x0000007a0f100000)]
  0x000001873a486000 JavaThread "Cache worker for journal cache (C:\Users\Asus\.gradle\caches\journal-1)" [_thread_blocked, id=5384, stack(0x0000007a10000000,0x0000007a10100000)]
  0x000001873a48b000 JavaThread "File lock request listener" [_thread_in_native, id=14168, stack(0x0000007a10100000,0x0000007a10200000)]
  0x000001873a488800 JavaThread "Cache worker for file hash cache (C:\Users\Asus\.gradle\caches\7.3.3\fileHashes)" [_thread_blocked, id=5248, stack(0x0000007a10200000,0x0000007a10300000)]
  0x000001873a489000 JavaThread "File watcher server" daemon [_thread_blocked, id=10196, stack(0x0000007a10600000,0x0000007a10700000)]
  0x000001873a486800 JavaThread "File watcher consumer" daemon [_thread_blocked, id=16264, stack(0x0000007a10700000,0x0000007a10800000)]
  0x000001873a3de800 JavaThread "Cache worker for execution history cache (C:\Users\Asus\.gradle\caches\7.3.3\executionHistory)" [_thread_blocked, id=716, stack(0x0000007a10c00000,0x0000007a10d00000)]
  0x000001873a3da800 JavaThread "jar transforms" [_thread_blocked, id=5396, stack(0x0000007a10d00000,0x0000007a10e00000)]
  0x000001873a3df800 JavaThread "Cache worker for file content cache (C:\Users\Asus\.gradle\caches\7.3.3\fileContent)" [_thread_blocked, id=15592, stack(0x0000007a10e00000,0x0000007a10f00000)]
  0x000001873a3dc000 JavaThread "jar transforms Thread 2" [_thread_blocked, id=7104, stack(0x0000007a10f00000,0x0000007a11000000)]
  0x000001873a3e0000 JavaThread "jar transforms Thread 3" [_thread_blocked, id=12068, stack(0x0000007a11100000,0x0000007a11200000)]
  0x000001873ad49000 JavaThread "jar transforms Thread 4" [_thread_blocked, id=2432, stack(0x0000007a16300000,0x0000007a16400000)]
  0x000001873ad4a800 JavaThread "jar transforms Thread 5" [_thread_blocked, id=14588, stack(0x0000007a16400000,0x0000007a16500000)]
  0x000001873ad4c800 JavaThread "jar transforms Thread 6" [_thread_blocked, id=14436, stack(0x0000007a16500000,0x0000007a16600000)]
  0x000001873ad4a000 JavaThread "jar transforms Thread 7" [_thread_blocked, id=3272, stack(0x0000007a16600000,0x0000007a16700000)]
  0x000001873ad4f800 JavaThread "jar transforms Thread 8" [_thread_blocked, id=9876, stack(0x0000007a16700000,0x0000007a16800000)]
  0x000001873ad53000 JavaThread "Memory manager" [_thread_blocked, id=1392, stack(0x0000007a16800000,0x0000007a16900000)]
  0x000001873fdea800 JavaThread "ForkJoinPool.commonPool-worker-11" daemon [_thread_blocked, id=16092, stack(0x0000007a17e00000,0x0000007a17f00000)]
  0x000001873fde8000 JavaThread "Daemon Thread 2" [_thread_blocked, id=4688, stack(0x0000007a0db00000,0x0000007a0dc00000)]
  0x000001873fde9000 JavaThread "Handler for socket connection from /127.0.0.1:64117 to /127.0.0.1:53168" [_thread_in_native, id=3332, stack(0x0000007a0dc00000,0x0000007a0dd00000)]
  0x000001873fde9800 JavaThread "Cancel handler" [_thread_blocked, id=4980, stack(0x0000007a0dd00000,0x0000007a0de00000)]
  0x000001873fdeb800 JavaThread "Daemon worker Thread 2" [_thread_blocked, id=12364, stack(0x0000007a0f400000,0x0000007a0f500000)]
  0x000001873fdec000 JavaThread "Asynchronous log dispatcher for DefaultDaemonConnection: socket connection from /127.0.0.1:64117 to /127.0.0.1:53168" [_thread_blocked, id=11280, stack(0x0000007a0f500000,0x0000007a0f600000)]
  0x000001873fded000 JavaThread "Stdin handler" [_thread_blocked, id=12192, stack(0x0000007a0f600000,0x0000007a0f700000)]
  0x000001873fde7800 JavaThread "Daemon client event forwarder" [_thread_blocked, id=1080, stack(0x0000007a0f700000,0x0000007a0f800000)]
  0x000001873fdf0800 JavaThread "Cache worker for file hash cache (D:\Nerd\.gradle\7.3.3\fileHashes)" [_thread_blocked, id=1704, stack(0x0000007a0f800000,0x0000007a0f900000)]
  0x00000187403bf800 JavaThread "C2 CompilerThread1" daemon [_thread_in_native, id=13672, stack(0x0000007a0f900000,0x0000007a0fa00000)]
  0x0000018738ef6000 JavaThread "C2 CompilerThread2" daemon [_thread_blocked, id=2732, stack(0x0000007a0fa00000,0x0000007a0fb00000)]
  0x000001873fdf3800 JavaThread "Cache worker for checksums cache (D:\Nerd\.gradle\7.3.3\checksums)" [_thread_blocked, id=11672, stack(0x0000007a10400000,0x0000007a10500000)]
  0x000001873fdf2000 JavaThread "Cache worker for cache directory md-supplier (C:\Users\Asus\.gradle\caches\7.3.3\md-supplier)" [_thread_blocked, id=624, stack(0x0000007a10800000,0x0000007a10900000)]
  0x000001873fdf1000 JavaThread "Cache worker for cache directory md-rule (C:\Users\Asus\.gradle\caches\7.3.3\md-rule)" [_thread_blocked, id=11088, stack(0x0000007a10900000,0x0000007a10a00000)]
  0x000001873fdef800 JavaThread "Cache worker for dependencies-accessors (D:\Nerd\.gradle\7.3.3\dependencies-accessors)" [_thread_blocked, id=12480, stack(0x0000007a10a00000,0x0000007a10b00000)]
  0x000001873fdf2800 JavaThread "Cache worker for Build Output Cleanup Cache (D:\Nerd\.gradle\buildOutputCleanup)" [_thread_blocked, id=1000, stack(0x0000007a10b00000,0x0000007a10c00000)]
  0x000001873fdee000 JavaThread "Unconstrained build operations" [_thread_blocked, id=10388, stack(0x0000007a11000000,0x0000007a11100000)]
  0x000001873fdee800 JavaThread "Unconstrained build operations Thread 2" [_thread_blocked, id=7052, stack(0x0000007a11200000,0x0000007a11300000)]
  0x000001873fdf6000 JavaThread "Unconstrained build operations Thread 3" [_thread_blocked, id=1788, stack(0x0000007a11300000,0x0000007a11400000)]
  0x000001873fdf4800 JavaThread "Unconstrained build operations Thread 4" [_thread_blocked, id=11960, stack(0x0000007a11400000,0x0000007a11500000)]
  0x000001873fdf5000 JavaThread "Unconstrained build operations Thread 5" [_thread_blocked, id=7056, stack(0x0000007a11500000,0x0000007a11600000)]
  0x000001873ad50800 JavaThread "Unconstrained build operations Thread 6" [_thread_blocked, id=11612, stack(0x0000007a11600000,0x0000007a11700000)]
  0x000001873ad4d000 JavaThread "Unconstrained build operations Thread 7" [_thread_blocked, id=8556, stack(0x0000007a11700000,0x0000007a11800000)]
  0x000001873ad4f000 JavaThread "Unconstrained build operations Thread 8" [_thread_blocked, id=9952, stack(0x0000007a11800000,0x0000007a11900000)]
  0x000001873ad4e000 JavaThread "Unconstrained build operations Thread 9" [_thread_blocked, id=11880, stack(0x0000007a11900000,0x0000007a11a00000)]
  0x000001873ad4b800 JavaThread "Unconstrained build operations Thread 10" [_thread_blocked, id=3796, stack(0x0000007a11a00000,0x0000007a11b00000)]
  0x000001873ad52000 JavaThread "Unconstrained build operations Thread 11" [_thread_blocked, id=13624, stack(0x0000007a11b00000,0x0000007a11c00000)]
  0x000001873ad53800 JavaThread "Unconstrained build operations Thread 12" [_thread_blocked, id=14916, stack(0x0000007a11c00000,0x0000007a11d00000)]
  0x000001873ad51800 JavaThread "Unconstrained build operations Thread 13" [_thread_blocked, id=6840, stack(0x0000007a11d00000,0x0000007a11e00000)]
  0x000001873ad57000 JavaThread "Unconstrained build operations Thread 14" [_thread_blocked, id=12596, stack(0x0000007a11e00000,0x0000007a11f00000)]
  0x000001873ad54800 JavaThread "Unconstrained build operations Thread 15" [_thread_blocked, id=6956, stack(0x0000007a11f00000,0x0000007a12000000)]
  0x000001873ad58000 JavaThread "Unconstrained build operations Thread 16" [_thread_blocked, id=9120, stack(0x0000007a12000000,0x0000007a12100000)]
  0x000001873ad55800 JavaThread "Unconstrained build operations Thread 17" [_thread_blocked, id=10164, stack(0x0000007a12100000,0x0000007a12200000)]
  0x000001873ad56000 JavaThread "Unconstrained build operations Thread 18" [_thread_blocked, id=1808, stack(0x0000007a12200000,0x0000007a12300000)]
  0x000001873a3e1000 JavaThread "Unconstrained build operations Thread 19" [_thread_blocked, id=4164, stack(0x0000007a12300000,0x0000007a12400000)]
  0x000001873a3dd000 JavaThread "Unconstrained build operations Thread 20" [_thread_blocked, id=8740, stack(0x0000007a12400000,0x0000007a12500000)]
  0x000001873a3e2800 JavaThread "Unconstrained build operations Thread 21" [_thread_blocked, id=13020, stack(0x0000007a12500000,0x0000007a12600000)]
  0x000001873a3e2000 JavaThread "Unconstrained build operations Thread 22" [_thread_blocked, id=10988, stack(0x0000007a12600000,0x0000007a12700000)]
  0x000001873a3e3800 JavaThread "Unconstrained build operations Thread 23" [_thread_blocked, id=13840, stack(0x0000007a12700000,0x0000007a12800000)]
  0x000001873a3de000 JavaThread "Unconstrained build operations Thread 24" [_thread_blocked, id=14612, stack(0x0000007a12800000,0x0000007a12900000)]
  0x000001873a3e9000 JavaThread "Unconstrained build operations Thread 25" [_thread_blocked, id=15572, stack(0x0000007a12900000,0x0000007a12a00000)]
  0x000001873a3e7000 JavaThread "Unconstrained build operations Thread 26" [_thread_blocked, id=9852, stack(0x0000007a12a00000,0x0000007a12b00000)]
  0x000001873a3e4800 JavaThread "Unconstrained build operations Thread 27" [_thread_blocked, id=12296, stack(0x0000007a12b00000,0x0000007a12c00000)]
  0x000001873a3e6000 JavaThread "Unconstrained build operations Thread 28" [_thread_blocked, id=2592, stack(0x0000007a12c00000,0x0000007a12d00000)]
  0x000001873a3e5000 JavaThread "Unconstrained build operations Thread 29" [_thread_blocked, id=8284, stack(0x0000007a12d00000,0x0000007a12e00000)]
  0x000001873a3e8800 JavaThread "Unconstrained build operations Thread 30" [_thread_blocked, id=9692, stack(0x0000007a12e00000,0x0000007a12f00000)]
  0x000001873a3e7800 JavaThread "Unconstrained build operations Thread 31" [_thread_blocked, id=14216, stack(0x0000007a12f00000,0x0000007a13000000)]
  0x000001873a487800 JavaThread "Unconstrained build operations Thread 32" [_thread_blocked, id=10740, stack(0x0000007a13000000,0x0000007a13100000)]
  0x000001873a48a000 JavaThread "Unconstrained build operations Thread 33" [_thread_blocked, id=16368, stack(0x0000007a13100000,0x0000007a13200000)]
  0x000001873a485000 JavaThread "Unconstrained build operations Thread 34" [_thread_blocked, id=2016, stack(0x0000007a13200000,0x0000007a13300000)]
  0x000001873a48b800 JavaThread "Unconstrained build operations Thread 35" [_thread_blocked, id=15056, stack(0x0000007a13300000,0x0000007a13400000)]
  0x000001873e835000 JavaThread "Unconstrained build operations Thread 36" [_thread_blocked, id=10096, stack(0x0000007a13400000,0x0000007a13500000)]
  0x000001873e832800 JavaThread "Unconstrained build operations Thread 37" [_thread_blocked, id=15408, stack(0x0000007a13500000,0x0000007a13600000)]
  0x000001873e831000 JavaThread "Unconstrained build operations Thread 38" [_thread_blocked, id=14844, stack(0x0000007a13600000,0x0000007a13700000)]
  0x000001873e837800 JavaThread "Unconstrained build operations Thread 39" [_thread_blocked, id=6960, stack(0x0000007a13700000,0x0000007a13800000)]
  0x000001873e837000 JavaThread "Unconstrained build operations Thread 40" [_thread_blocked, id=16320, stack(0x0000007a13800000,0x0000007a13900000)]
  0x000001873e832000 JavaThread "Unconstrained build operations Thread 41" [_thread_blocked, id=4716, stack(0x0000007a13900000,0x0000007a13a00000)]
  0x000001873e838800 JavaThread "Unconstrained build operations Thread 42" [_thread_blocked, id=16056, stack(0x0000007a13a00000,0x0000007a13b00000)]
  0x000001873e836000 JavaThread "Unconstrained build operations Thread 43" [_thread_blocked, id=13192, stack(0x0000007a13b00000,0x0000007a13c00000)]
  0x000001873e839800 JavaThread "Unconstrained build operations Thread 44" [_thread_blocked, id=16180, stack(0x0000007a13c00000,0x0000007a13d00000)]
  0x000001873e833800 JavaThread "Unconstrained build operations Thread 45" [_thread_blocked, id=1496, stack(0x0000007a13d00000,0x0000007a13e00000)]
  0x000001873e83a000 JavaThread "Unconstrained build operations Thread 46" [_thread_blocked, id=6420, stack(0x0000007a13e00000,0x0000007a13f00000)]
  0x000001873e834800 JavaThread "Unconstrained build operations Thread 47" [_thread_blocked, id=15780, stack(0x0000007a13f00000,0x0000007a14000000)]
  0x000001873e83e000 JavaThread "Unconstrained build operations Thread 48" [_thread_blocked, id=12064, stack(0x0000007a14000000,0x0000007a14100000)]
  0x000001873e83d800 JavaThread "Unconstrained build operations Thread 49" [_thread_blocked, id=1776, stack(0x0000007a14100000,0x0000007a14200000)]
  0x000001873e83f000 JavaThread "Unconstrained build operations Thread 50" [_thread_blocked, id=4104, stack(0x0000007a14200000,0x0000007a14300000)]
  0x000001873e840000 JavaThread "Unconstrained build operations Thread 51" [_thread_blocked, id=14420, stack(0x0000007a14300000,0x0000007a14400000)]
  0x000001873e83b800 JavaThread "Unconstrained build operations Thread 52" [_thread_blocked, id=9916, stack(0x0000007a14400000,0x0000007a14500000)]
  0x000001873e83b000 JavaThread "Unconstrained build operations Thread 53" [_thread_blocked, id=2940, stack(0x0000007a14500000,0x0000007a14600000)]
  0x000001873e83c800 JavaThread "Unconstrained build operations Thread 54" [_thread_blocked, id=4060, stack(0x0000007a14600000,0x0000007a14700000)]
  0x0000018739e49000 JavaThread "Unconstrained build operations Thread 55" [_thread_blocked, id=5140, stack(0x0000007a14700000,0x0000007a14800000)]
  0x0000018739e44000 JavaThread "Unconstrained build operations Thread 56" [_thread_blocked, id=16280, stack(0x0000007a14800000,0x0000007a14900000)]
  0x0000018739e4a800 JavaThread "Unconstrained build operations Thread 57" [_thread_blocked, id=15092, stack(0x0000007a14900000,0x0000007a14a00000)]
  0x0000018739e45000 JavaThread "Unconstrained build operations Thread 58" [_thread_blocked, id=13296, stack(0x0000007a14a00000,0x0000007a14b00000)]
  0x0000018739e4b800 JavaThread "Unconstrained build operations Thread 59" [_thread_blocked, id=4564, stack(0x0000007a14b00000,0x0000007a14c00000)]
  0x0000018739e45800 JavaThread "Unconstrained build operations Thread 60" [_thread_blocked, id=14952, stack(0x0000007a14c00000,0x0000007a14d00000)]
  0x0000018739e49800 JavaThread "Unconstrained build operations Thread 61" [_thread_blocked, id=16272, stack(0x0000007a14d00000,0x0000007a14e00000)]
  0x0000018739e4c000 JavaThread "Unconstrained build operations Thread 62" [_thread_blocked, id=2988, stack(0x0000007a14e00000,0x0000007a14f00000)]
  0x0000018739e46800 JavaThread "Unconstrained build operations Thread 63" [_thread_blocked, id=15516, stack(0x0000007a14f00000,0x0000007a15000000)]
  0x0000018739e4d000 JavaThread "Unconstrained build operations Thread 64" [_thread_blocked, id=6700, stack(0x0000007a15000000,0x0000007a15100000)]
  0x0000018739e47000 JavaThread "Unconstrained build operations Thread 65" [_thread_blocked, id=9704, stack(0x0000007a15100000,0x0000007a15200000)]
  0x0000018739e4d800 JavaThread "Unconstrained build operations Thread 66" [_thread_blocked, id=15400, stack(0x0000007a15200000,0x0000007a15300000)]
  0x0000018739e48000 JavaThread "Unconstrained build operations Thread 67" [_thread_blocked, id=4516, stack(0x0000007a15300000,0x0000007a15400000)]
  0x0000018739e52800 JavaThread "Unconstrained build operations Thread 68" [_thread_blocked, id=8352, stack(0x0000007a15400000,0x0000007a15500000)]
  0x0000018739e4e800 JavaThread "Unconstrained build operations Thread 69" [_thread_blocked, id=11356, stack(0x0000007a15500000,0x0000007a15600000)]
  0x0000018739e51000 JavaThread "Unconstrained build operations Thread 70" [_thread_blocked, id=1864, stack(0x0000007a15600000,0x0000007a15700000)]
  0x0000018739e52000 JavaThread "Unconstrained build operations Thread 71" [_thread_blocked, id=10972, stack(0x0000007a15700000,0x0000007a15800000)]
  0x0000018739e4f800 JavaThread "Unconstrained build operations Thread 72" [_thread_blocked, id=8788, stack(0x0000007a15800000,0x0000007a15900000)]
  0x0000018739e50000 JavaThread "Unconstrained build operations Thread 73" [_thread_blocked, id=2316, stack(0x0000007a15900000,0x0000007a15a00000)]
  0x0000018740981800 JavaThread "Unconstrained build operations Thread 74" [_thread_blocked, id=9836, stack(0x0000007a15a00000,0x0000007a15b00000)]
  0x0000018740982800 JavaThread "Unconstrained build operations Thread 75" [_thread_blocked, id=15844, stack(0x0000007a15b00000,0x0000007a15c00000)]
  0x0000018740980000 JavaThread "Unconstrained build operations Thread 76" [_thread_blocked, id=8376, stack(0x0000007a15c00000,0x0000007a15d00000)]
  0x0000018740986800 JavaThread "Unconstrained build operations Thread 77" [_thread_blocked, id=9284, stack(0x0000007a15d00000,0x0000007a15e00000)]
  0x0000018740980800 JavaThread "Unconstrained build operations Thread 78" [_thread_blocked, id=5100, stack(0x0000007a15e00000,0x0000007a15f00000)]
  0x0000018740985000 JavaThread "Unconstrained build operations Thread 79" [_thread_blocked, id=16336, stack(0x0000007a15f00000,0x0000007a16000000)]
  0x0000018740983000 JavaThread "Unconstrained build operations Thread 80" [_thread_blocked, id=10536, stack(0x0000007a16000000,0x0000007a16100000)]
  0x000001873d04c000 JavaThread "build event listener" [_thread_blocked, id=8280, stack(0x0000007a16100000,0x0000007a16200000)]
  0x000001873d04a000 JavaThread "Execution worker for ':'" [_thread_blocked, id=5684, stack(0x0000007a16200000,0x0000007a16300000)]
  0x000001873d04a800 JavaThread "Execution worker for ':' Thread 2" [_thread_blocked, id=4720, stack(0x0000007a16900000,0x0000007a16a00000)]
  0x000001873d04d000 JavaThread "Execution worker for ':' Thread 3" [_thread_blocked, id=4844, stack(0x0000007a16a00000,0x0000007a16b00000)]
  0x000001873d04e000 JavaThread "Execution worker for ':' Thread 4" [_thread_blocked, id=5364, stack(0x0000007a16b00000,0x0000007a16c00000)]
  0x000001873d04e800 JavaThread "Execution worker for ':' Thread 5" [_thread_blocked, id=10128, stack(0x0000007a16c00000,0x0000007a16d00000)]
  0x000001873d04b800 JavaThread "Execution worker for ':' Thread 6" [_thread_blocked, id=3108, stack(0x0000007a16d00000,0x0000007a16e00000)]
  0x000001873d049000 JavaThread "Execution worker for ':' Thread 7" [_thread_blocked, id=12396, stack(0x0000007a16e00000,0x0000007a16f00000)]
  0x000001873d055000 JavaThread "Cache worker for execution history cache (D:\Nerd\.gradle\7.3.3\executionHistory)" [_thread_blocked, id=10052, stack(0x0000007a16f00000,0x0000007a17000000)]
  0x000001873d054800 JavaThread "WorkerExecutor Queue" [_thread_blocked, id=15696, stack(0x0000007a17200000,0x0000007a17300000)]
  0x000001873d04f800 JavaThread "WorkerExecutor Queue Thread 2" [_thread_blocked, id=4308, stack(0x0000007a17300000,0x0000007a17400000)]
  0x000001873d056000 JavaThread "WorkerExecutor Queue Thread 3" [_thread_blocked, id=2364, stack(0x0000007a17400000,0x0000007a17500000)]
  0x000001873d050800 JavaThread "WorkerExecutor Queue Thread 4" [_thread_blocked, id=11328, stack(0x0000007a17500000,0x0000007a17600000)]
  0x000001873d051000 JavaThread "WorkerExecutor Queue Thread 5" [_thread_blocked, id=11992, stack(0x0000007a17700000,0x0000007a17800000)]
  0x000001873d057000 JavaThread "WorkerExecutor Queue Thread 6" [_thread_blocked, id=1456, stack(0x0000007a17800000,0x0000007a17900000)]
  0x000001873d057800 JavaThread "ForkJoinPool-1-worker-3" daemon [_thread_blocked, id=7240, stack(0x0000007a17900000,0x0000007a17a00000)]
  0x000001873d052000 JavaThread "ForkJoinPool-1-worker-5" daemon [_thread_blocked, id=14892, stack(0x0000007a17a00000,0x0000007a17b00000)]
  0x000001873d053800 JavaThread "ForkJoinPool-1-worker-7" daemon [_thread_blocked, id=7908, stack(0x0000007a17b00000,0x0000007a17c00000)]
  0x000001873d053000 JavaThread "ForkJoinPool-1-worker-11" daemon [_thread_blocked, id=13872, stack(0x0000007a17c00000,0x0000007a17d00000)]
  0x000001873eb63800 JavaThread "ForkJoinPool-1-worker-9" daemon [_thread_blocked, id=15668, stack(0x0000007a17d00000,0x0000007a17e00000)]
  0x000001873eb66000 JavaThread "ForkJoinPool-1-worker-13" daemon [_thread_blocked, id=13784, stack(0x0000007a17f00000,0x0000007a18000000)]
  0x000001873eb67800 JavaThread "ForkJoinPool-1-worker-15" daemon [_thread_blocked, id=4412, stack(0x0000007a18000000,0x0000007a18100000)]
  0x000001873eb65000 JavaThread "ForkJoinPool-1-worker-1" daemon [_thread_blocked, id=6464, stack(0x0000007a18100000,0x0000007a18200000)]
  0x000001873eb64000 JavaThread "pool-6-thread-1" [_thread_blocked, id=5804, stack(0x0000007a18200000,0x0000007a18300000)]
  0x000001873eb66800 JavaThread "WorkerExecutor Queue Thread 7" [_thread_blocked, id=9412, stack(0x0000007a18300000,0x0000007a18400000)]
  0x000001873eb68800 JavaThread "WorkerExecutor Queue Thread 8" [_thread_blocked, id=4212, stack(0x0000007a18400000,0x0000007a18500000)]
  0x000001873eb62800 JavaThread "WorkerExecutor Queue Thread 9" [_thread_blocked, id=10692, stack(0x0000007a18500000,0x0000007a18600000)]
  0x000001873eb6e000 JavaThread "stderr" [_thread_in_native, id=11644, stack(0x0000007a18600000,0x0000007a18700000)]
  0x000001873eb6b800 JavaThread "stdout" [_thread_in_native, id=7712, stack(0x0000007a18700000,0x0000007a18800000)]

Other Threads:
=>0x0000018736de1800 VMThread "VM Thread" [stack: 0x0000007a0e400000,0x0000007a0e500000] [id=3760]
  0x000001873791c800 WatcherThread [stack: 0x0000007a0ee00000,0x0000007a0ef00000] [id=9232]
  0x000001871a9d7800 GCTaskThread "GC Thread#0" [stack: 0x0000007a0df00000,0x0000007a0e000000] [id=11724]
  0x00000187385f7800 GCTaskThread "GC Thread#1" [stack: 0x0000007a0f100000,0x0000007a0f200000] [id=13548]
  0x0000018738656000 GCTaskThread "GC Thread#2" [stack: 0x0000007a0f200000,0x0000007a0f300000] [id=4016]
  0x000001873a325800 GCTaskThread "GC Thread#3" [stack: 0x0000007a0fb00000,0x0000007a0fc00000] [id=14832]
  0x0000018739ed9000 GCTaskThread "GC Thread#4" [stack: 0x0000007a0fc00000,0x0000007a0fd00000] [id=7112]
  0x000001873924d800 GCTaskThread "GC Thread#5" [stack: 0x0000007a0fd00000,0x0000007a0fe00000] [id=15104]
  0x000001873a0b7000 GCTaskThread "GC Thread#6" [stack: 0x0000007a0fe00000,0x0000007a0ff00000] [id=12376]
  0x000001873a0b7800 GCTaskThread "GC Thread#7" [stack: 0x0000007a0ff00000,0x0000007a10000000] [id=6704]
  0x000001871aa0a800 ConcurrentGCThread "G1 Main Marker" [stack: 0x0000007a0e000000,0x0000007a0e100000] [id=11472]
  0x000001871aa0c000 ConcurrentGCThread "G1 Conc#0" [stack: 0x0000007a0e100000,0x0000007a0e200000] [id=10016]
  0x000001873a861800 ConcurrentGCThread "G1 Conc#1" [stack: 0x0000007a10300000,0x0000007a10400000] [id=4604]
  0x0000018736c30800 ConcurrentGCThread "G1 Refine#0" [stack: 0x0000007a0e200000,0x0000007a0e300000] [id=15480]
  0x000001873cd7e800 ConcurrentGCThread "G1 Refine#1" [stack: 0x0000007a10500000,0x0000007a10600000] [id=7272]
  0x000001873cd7f000 ConcurrentGCThread "G1 Refine#2" [stack: 0x0000007a17000000,0x0000007a17100000] [id=132]
  0x000001873cd7d800 ConcurrentGCThread "G1 Refine#3" [stack: 0x0000007a17100000,0x0000007a17200000] [id=11116]
  0x0000018736c31800 ConcurrentGCThread "G1 Young RemSet Sampling" [stack: 0x0000007a0e300000,0x0000007a0e400000] [id=15232]

Threads with active compile tasks:
C2 CompilerThread02190017 15751 %     4       com.android.tools.r8.code.y1::a @ 20 (4129 bytes)
C2 CompilerThread12190017 15527       4       com.android.tools.r8.dex.j::e (664 bytes)
C2 CompilerThread22190017 15495 %     4       com.android.tools.r8.dex.j::a @ 313 (1042 bytes)

VM state:at safepoint (normal execution)

VM Mutex/Monitor currently owned by a thread:  ([mutex/lock_event])
[0x000001871a9bdbe0] Threads_lock - owner thread: 0x0000018736de1800
[0x000001871a9bd250] Heap_lock - owner thread: 0x000001873d053000

Heap address: 0x0000000080000000, size: 2048 MB, Compressed Oops mode: 32-bit
Narrow klass base: 0x0000000000000000, Narrow klass shift: 3
Compressed class space size: 1073741824 Address: 0x0000000100000000

Heap:
 garbage-first heap   total 443392K, used 176571K [0x0000000080000000, 0x0000000100000000)
  region size 1024K, 2 young (2048K), 2 survivors (2048K)
 Metaspace       used 109274K, capacity 112042K, committed 114204K, reserved 1148928K
  class space    used 13903K, capacity 14954K, committed 15820K, reserved 1048576K
Heap Regions: E=young(eden), S=young(survivor), O=old, HS=humongous(starts), HC=humongous(continues), CS=collection set, F=free, A=archive, TAMS=top-at-mark-start (previous, next)
|   0|0x0000000080000000, 0x0000000080100000, 0x0000000080100000|100%| O|  |TAMS 0x0000000080100000, 0x0000000080100000| Untracked 
|   1|0x0000000080100000, 0x0000000080200000, 0x0000000080200000|100%| O|  |TAMS 0x0000000080200000, 0x0000000080200000| Untracked 
|   2|0x0000000080200000, 0x0000000080300000, 0x0000000080300000|100%| O|  |TAMS 0x0000000080300000, 0x0000000080300000| Untracked 
|   3|0x0000000080300000, 0x0000000080400000, 0x0000000080400000|100%|HS|  |TAMS 0x0000000080400000, 0x0000000080400000| Complete 
|   4|0x0000000080400000, 0x0000000080500000, 0x0000000080500000|100%|HC|  |TAMS 0x0000000080500000, 0x0000000080500000| Complete 
|   5|0x0000000080500000, 0x0000000080600000, 0x0000000080600000|100%|HC|  |TAMS 0x0000000080600000, 0x0000000080600000| Complete 
|   6|0x0000000080600000, 0x0000000080700000, 0x0000000080700000|100%| O|  |TAMS 0x0000000080700000, 0x0000000080700000| Untracked 
|   7|0x0000000080700000, 0x0000000080800000, 0x0000000080800000|100%| O|  |TAMS 0x0000000080800000, 0x0000000080800000| Untracked 
|   8|0x0000000080800000, 0x0000000080900000, 0x0000000080900000|100%| O|  |TAMS 0x0000000080900000, 0x0000000080900000| Untracked 
|   9|0x0000000080900000, 0x0000000080a00000, 0x0000000080a00000|100%| O|  |TAMS 0x0000000080a00000, 0x0000000080a00000| Untracked 
|  10|0x0000000080a00000, 0x0000000080b00000, 0x0000000080b00000|100%| O|  |TAMS 0x0000000080b00000, 0x0000000080b00000| Untracked 
|  11|0x0000000080b00000, 0x0000000080c00000, 0x0000000080c00000|100%| O|  |TAMS 0x0000000080c00000, 0x0000000080c00000| Untracked 
|  12|0x0000000080c00000, 0x0000000080d00000, 0x0000000080d00000|100%| O|  |TAMS 0x0000000080d00000, 0x0000000080d00000| Untracked 
|  13|0x0000000080d00000, 0x0000000080e00000, 0x0000000080e00000|100%| O|  |TAMS 0x0000000080e00000, 0x0000000080e00000| Untracked 
|  14|0x0000000080e00000, 0x0000000080f00000, 0x0000000080f00000|100%| O|  |TAMS 0x0000000080f00000, 0x0000000080f00000| Untracked 
|  15|0x0000000080f00000, 0x0000000081000000, 0x0000000081000000|100%| O|  |TAMS 0x0000000081000000, 0x0000000081000000| Untracked 
|  16|0x0000000081000000, 0x0000000081100000, 0x0000000081100000|100%|HS|  |TAMS 0x0000000081100000, 0x0000000081100000| Complete 
|  17|0x0000000081100000, 0x0000000081200000, 0x0000000081200000|100%| O|  |TAMS 0x0000000081200000, 0x0000000081200000| Untracked 
|  18|0x0000000081200000, 0x0000000081300000, 0x0000000081300000|100%| O|  |TAMS 0x0000000081300000, 0x0000000081300000| Untracked 
|  19|0x0000000081300000, 0x0000000081400000, 0x0000000081400000|100%| O|  |TAMS 0x0000000081400000, 0x0000000081400000| Untracked 
|  20|0x0000000081400000, 0x0000000081500000, 0x0000000081500000|100%| O|  |TAMS 0x0000000081500000, 0x0000000081500000| Untracked 
|  21|0x0000000081500000, 0x0000000081600000, 0x0000000081600000|100%| O|  |TAMS 0x0000000081600000, 0x0000000081600000| Untracked 
|  22|0x0000000081600000, 0x0000000081700000, 0x0000000081700000|100%| O|  |TAMS 0x0000000081700000, 0x0000000081700000| Untracked 
|  23|0x0000000081700000, 0x0000000081800000, 0x0000000081800000|100%|HS|  |TAMS 0x0000000081800000, 0x0000000081800000| Complete 
|  24|0x0000000081800000, 0x0000000081900000, 0x0000000081900000|100%|HS|  |TAMS 0x0000000081900000, 0x0000000081900000| Complete 
|  25|0x0000000081900000, 0x0000000081a00000, 0x0000000081a00000|100%|HC|  |TAMS 0x0000000081a00000, 0x0000000081a00000| Complete 
|  26|0x0000000081a00000, 0x0000000081b00000, 0x0000000081b00000|100%| O|  |TAMS 0x0000000081b00000, 0x0000000081b00000| Untracked 
|  27|0x0000000081b00000, 0x0000000081c00000, 0x0000000081c00000|100%| O|  |TAMS 0x0000000081c00000, 0x0000000081c00000| Untracked 
|  28|0x0000000081c00000, 0x0000000081d00000, 0x0000000081d00000|100%| O|  |TAMS 0x0000000081d00000, 0x0000000081d00000| Untracked 
|  29|0x0000000081d00000, 0x0000000081e00000, 0x0000000081e00000|100%|HS|  |TAMS 0x0000000081e00000, 0x0000000081e00000| Complete 
|  30|0x0000000081e00000, 0x0000000081f00000, 0x0000000081f00000|100%| O|  |TAMS 0x0000000081f00000, 0x0000000081f00000| Untracked 
|  31|0x0000000081f00000, 0x0000000082000000, 0x0000000082000000|100%| O|  |TAMS 0x0000000082000000, 0x0000000082000000| Untracked 
|  32|0x0000000082000000, 0x0000000082100000, 0x0000000082100000|100%| O|  |TAMS 0x0000000082100000, 0x0000000082100000| Untracked 
|  33|0x0000000082100000, 0x0000000082200000, 0x0000000082200000|100%| O|  |TAMS 0x0000000082200000, 0x0000000082200000| Untracked 
|  34|0x0000000082200000, 0x0000000082300000, 0x0000000082300000|100%| O|  |TAMS 0x0000000082300000, 0x0000000082300000| Untracked 
|  35|0x0000000082300000, 0x0000000082400000, 0x0000000082400000|100%| O|  |TAMS 0x0000000082400000, 0x0000000082400000| Untracked 
|  36|0x0000000082400000, 0x0000000082500000, 0x0000000082500000|100%|HS|  |TAMS 0x0000000082500000, 0x0000000082500000| Complete 
|  37|0x0000000082500000, 0x0000000082600000, 0x0000000082600000|100%| O|  |TAMS 0x0000000082600000, 0x0000000082600000| Untracked 
|  38|0x0000000082600000, 0x0000000082700000, 0x0000000082700000|100%| O|  |TAMS 0x0000000082700000, 0x0000000082700000| Untracked 
|  39|0x0000000082700000, 0x0000000082800000, 0x0000000082800000|100%| O|  |TAMS 0x0000000082800000, 0x0000000082800000| Untracked 
|  40|0x0000000082800000, 0x0000000082900000, 0x0000000082900000|100%| O|  |TAMS 0x0000000082900000, 0x0000000082900000| Untracked 
|  41|0x0000000082900000, 0x0000000082a00000, 0x0000000082a00000|100%|HS|  |TAMS 0x0000000082a00000, 0x0000000082a00000| Complete 
|  42|0x0000000082a00000, 0x0000000082b00000, 0x0000000082b00000|100%| O|  |TAMS 0x0000000082b00000, 0x0000000082b00000| Untracked 
|  43|0x0000000082b00000, 0x0000000082c00000, 0x0000000082c00000|100%| O|  |TAMS 0x0000000082c00000, 0x0000000082c00000| Untracked 
|  44|0x0000000082c00000, 0x0000000082d00000, 0x0000000082d00000|100%| O|  |TAMS 0x0000000082d00000, 0x0000000082d00000| Untracked 
|  45|0x0000000082d00000, 0x0000000082e00000, 0x0000000082e00000|100%| O|  |TAMS 0x0000000082e00000, 0x0000000082e00000| Untracked 
|  46|0x0000000082e00000, 0x0000000082f00000, 0x0000000082f00000|100%|HS|  |TAMS 0x0000000082f00000, 0x0000000082f00000| Complete 
|  47|0x0000000082f00000, 0x0000000083000000, 0x0000000083000000|100%| O|  |TAMS 0x0000000083000000, 0x0000000083000000| Untracked 
|  48|0x0000000083000000, 0x0000000083100000, 0x0000000083100000|100%|HS|  |TAMS 0x0000000083100000, 0x0000000083100000| Complete 
|  49|0x0000000083100000, 0x0000000083200000, 0x0000000083200000|100%| O|  |TAMS 0x0000000083200000, 0x0000000083200000| Untracked 
|  50|0x0000000083200000, 0x0000000083300000, 0x0000000083300000|100%| O|  |TAMS 0x0000000083300000, 0x0000000083300000| Untracked 
|  51|0x0000000083300000, 0x0000000083400000, 0x0000000083400000|100%| O|  |TAMS 0x0000000083400000, 0x0000000083400000| Untracked 
|  52|0x0000000083400000, 0x0000000083500000, 0x0000000083500000|100%| O|  |TAMS 0x0000000083500000, 0x0000000083500000| Untracked 
|  53|0x0000000083500000, 0x0000000083600000, 0x0000000083600000|100%| O|  |TAMS 0x0000000083600000, 0x0000000083600000| Untracked 
|  54|0x0000000083600000, 0x0000000083700000, 0x0000000083700000|100%| O|  |TAMS 0x0000000083600000, 0x0000000083700000| Untracked 
|  55|0x0000000083700000, 0x0000000083800000, 0x0000000083800000|100%| O|  |TAMS 0x0000000083800000, 0x0000000083800000| Untracked 
|  56|0x0000000083800000, 0x0000000083900000, 0x0000000083900000|100%| O|  |TAMS 0x0000000083900000, 0x0000000083900000| Untracked 
|  57|0x0000000083900000, 0x0000000083a00000, 0x0000000083a00000|100%| O|  |TAMS 0x0000000083a00000, 0x0000000083a00000| Untracked 
|  58|0x0000000083a00000, 0x0000000083b00000, 0x0000000083b00000|100%| O|  |TAMS 0x0000000083a00000, 0x0000000083b00000| Untracked 
|  59|0x0000000083b00000, 0x0000000083c00000, 0x0000000083c00000|100%|HS|  |TAMS 0x0000000083c00000, 0x0000000083c00000| Complete 
|  60|0x0000000083c00000, 0x0000000083d00000, 0x0000000083d00000|100%|HC|  |TAMS 0x0000000083d00000, 0x0000000083d00000| Complete 
|  61|0x0000000083d00000, 0x0000000083e00000, 0x0000000083e00000|100%|HC|  |TAMS 0x0000000083e00000, 0x0000000083e00000| Complete 
|  62|0x0000000083e00000, 0x0000000083f00000, 0x0000000083f00000|100%| O|  |TAMS 0x0000000083f00000, 0x0000000083f00000| Untracked 
|  63|0x0000000083f00000, 0x0000000084000000, 0x0000000084000000|100%| O|  |TAMS 0x0000000084000000, 0x0000000084000000| Untracked 
|  64|0x0000000084000000, 0x0000000084100000, 0x0000000084100000|100%| O|  |TAMS 0x0000000084100000, 0x0000000084100000| Untracked 
|  65|0x0000000084100000, 0x0000000084200000, 0x0000000084200000|100%| O|  |TAMS 0x0000000084200000, 0x0000000084200000| Untracked 
|  66|0x0000000084200000, 0x0000000084300000, 0x0000000084300000|100%| O|  |TAMS 0x0000000084300000, 0x0000000084300000| Untracked 
|  67|0x0000000084300000, 0x0000000084400000, 0x0000000084400000|100%|HS|  |TAMS 0x0000000084400000, 0x0000000084400000| Complete 
|  68|0x0000000084400000, 0x0000000084500000, 0x0000000084500000|100%|HC|  |TAMS 0x0000000084500000, 0x0000000084500000| Complete 
|  69|0x0000000084500000, 0x0000000084600000, 0x0000000084600000|100%| O|  |TAMS 0x0000000084600000, 0x0000000084600000| Untracked 
|  70|0x0000000084600000, 0x0000000084700000, 0x0000000084700000|100%| O|  |TAMS 0x0000000084700000, 0x0000000084700000| Untracked 
|  71|0x0000000084700000, 0x0000000084800000, 0x0000000084800000|100%| O|  |TAMS 0x0000000084800000, 0x0000000084800000| Untracked 
|  72|0x0000000084800000, 0x0000000084900000, 0x0000000084900000|100%| O|  |TAMS 0x0000000084900000, 0x0000000084900000| Untracked 
|  73|0x0000000084900000, 0x0000000084a00000, 0x0000000084a00000|100%| O|  |TAMS 0x0000000084a00000, 0x0000000084a00000| Untracked 
|  74|0x0000000084a00000, 0x0000000084b00000, 0x0000000084b00000|100%| O|  |TAMS 0x0000000084b00000, 0x0000000084b00000| Untracked 
|  75|0x0000000084b00000, 0x0000000084c00000, 0x0000000084c00000|100%|HS|  |TAMS 0x0000000084c00000, 0x0000000084c00000| Complete 
|  76|0x0000000084c00000, 0x0000000084d00000, 0x0000000084d00000|100%|HC|  |TAMS 0x0000000084d00000, 0x0000000084d00000| Complete 
|  77|0x0000000084d00000, 0x0000000084e00000, 0x0000000084e00000|100%| O|  |TAMS 0x0000000084e00000, 0x0000000084e00000| Untracked 
|  78|0x0000000084e00000, 0x0000000084f00000, 0x0000000084f00000|100%| O|  |TAMS 0x0000000084f00000, 0x0000000084f00000| Untracked 
|  79|0x0000000084f00000, 0x0000000085000000, 0x0000000085000000|100%| O|  |TAMS 0x0000000085000000, 0x0000000085000000| Untracked 
|  80|0x0000000085000000, 0x0000000085100000, 0x0000000085100000|100%| O|  |TAMS 0x0000000085100000, 0x0000000085100000| Untracked 
|  81|0x0000000085100000, 0x0000000085200000, 0x0000000085200000|100%| O|  |TAMS 0x0000000085200000, 0x0000000085200000| Untracked 
|  82|0x0000000085200000, 0x0000000085300000, 0x0000000085300000|100%| O|  |TAMS 0x0000000085300000, 0x0000000085300000| Untracked 
|  83|0x0000000085300000, 0x0000000085400000, 0x0000000085400000|100%| O|  |TAMS 0x0000000085400000, 0x0000000085400000| Untracked 
|  84|0x0000000085400000, 0x0000000085500000, 0x0000000085500000|100%| O|  |TAMS 0x0000000085500000, 0x0000000085500000| Untracked 
|  85|0x0000000085500000, 0x0000000085600000, 0x0000000085600000|100%| O|  |TAMS 0x0000000085600000, 0x0000000085600000| Untracked 
|  86|0x0000000085600000, 0x0000000085700000, 0x0000000085700000|100%| O|  |TAMS 0x0000000085700000, 0x0000000085700000| Untracked 
|  87|0x0000000085700000, 0x0000000085800000, 0x0000000085800000|100%| O|  |TAMS 0x0000000085800000, 0x0000000085800000| Untracked 
|  88|0x0000000085800000, 0x0000000085900000, 0x0000000085900000|100%| O|  |TAMS 0x0000000085900000, 0x0000000085900000| Untracked 
|  89|0x0000000085900000, 0x0000000085a00000, 0x0000000085a00000|100%| O|  |TAMS 0x0000000085a00000, 0x0000000085a00000| Untracked 
|  90|0x0000000085a00000, 0x0000000085b00000, 0x0000000085b00000|100%| O|  |TAMS 0x0000000085b00000, 0x0000000085b00000| Untracked 
|  91|0x0000000085b00000, 0x0000000085c00000, 0x0000000085c00000|100%| O|  |TAMS 0x0000000085c00000, 0x0000000085c00000| Untracked 
|  92|0x0000000085c00000, 0x0000000085d00000, 0x0000000085d00000|100%| O|  |TAMS 0x0000000085d00000, 0x0000000085d00000| Untracked 
|  93|0x0000000085d00000, 0x0000000085e00000, 0x0000000085e00000|100%| O|  |TAMS 0x0000000085e00000, 0x0000000085e00000| Untracked 
|  94|0x0000000085e00000, 0x0000000085f00000, 0x0000000085f00000|100%| O|  |TAMS 0x0000000085f00000, 0x0000000085f00000| Untracked 
|  95|0x0000000085f00000, 0x0000000086000000, 0x0000000086000000|100%| O|  |TAMS 0x0000000086000000, 0x0000000086000000| Untracked 
|  96|0x0000000086000000, 0x0000000086100000, 0x0000000086100000|100%| O|  |TAMS 0x0000000086100000, 0x0000000086100000| Untracked 
|  97|0x0000000086100000, 0x0000000086200000, 0x0000000086200000|100%| O|  |TAMS 0x0000000086200000, 0x0000000086200000| Untracked 
|  98|0x0000000086200000, 0x0000000086300000, 0x0000000086300000|100%| O|  |TAMS 0x0000000086300000, 0x0000000086300000| Untracked 
|  99|0x0000000086300000, 0x0000000086400000, 0x0000000086400000|100%| O|  |TAMS 0x0000000086400000, 0x0000000086400000| Untracked 
| 100|0x0000000086400000, 0x0000000086500000, 0x0000000086500000|100%| O|  |TAMS 0x0000000086500000, 0x0000000086500000| Untracked 
| 101|0x0000000086500000, 0x0000000086600000, 0x0000000086600000|100%| O|  |TAMS 0x0000000086600000, 0x0000000086600000| Untracked 
| 102|0x0000000086600000, 0x0000000086700000, 0x0000000086700000|100%| O|  |TAMS 0x0000000086700000, 0x0000000086700000| Untracked 
| 103|0x0000000086700000, 0x0000000086800000, 0x0000000086800000|100%| O|  |TAMS 0x0000000086800000, 0x0000000086800000| Untracked 
| 104|0x0000000086800000, 0x0000000086900000, 0x0000000086900000|100%|HS|  |TAMS 0x0000000086900000, 0x0000000086900000| Complete 
| 105|0x0000000086900000, 0x0000000086a00000, 0x0000000086a00000|100%|HS|  |TAMS 0x0000000086a00000, 0x0000000086a00000| Complete 
| 106|0x0000000086a00000, 0x0000000086b00000, 0x0000000086b00000|100%|HC|  |TAMS 0x0000000086b00000, 0x0000000086b00000| Complete 
| 107|0x0000000086b00000, 0x0000000086c00000, 0x0000000086c00000|100%|HS|  |TAMS 0x0000000086c00000, 0x0000000086c00000| Complete 
| 108|0x0000000086c00000, 0x0000000086d00000, 0x0000000086d00000|100%|HC|  |TAMS 0x0000000086d00000, 0x0000000086d00000| Complete 
| 109|0x0000000086d00000, 0x0000000086e00000, 0x0000000086e00000|100%| O|  |TAMS 0x0000000086e00000, 0x0000000086e00000| Untracked 
| 110|0x0000000086e00000, 0x0000000086f00000, 0x0000000086f00000|100%| O|  |TAMS 0x0000000086f00000, 0x0000000086f00000| Untracked 
| 111|0x0000000086f00000, 0x0000000087000000, 0x0000000087000000|100%| O|  |TAMS 0x0000000086f00000, 0x0000000087000000| Untracked 
| 112|0x0000000087000000, 0x0000000087100000, 0x0000000087100000|100%| O|  |TAMS 0x0000000087100000, 0x0000000087100000| Untracked 
| 113|0x0000000087100000, 0x0000000087200000, 0x0000000087200000|100%| O|  |TAMS 0x0000000087200000, 0x0000000087200000| Untracked 
| 114|0x0000000087200000, 0x0000000087300000, 0x0000000087300000|100%| O|  |TAMS 0x0000000087300000, 0x0000000087300000| Untracked 
| 115|0x0000000087300000, 0x0000000087400000, 0x0000000087400000|100%| O|  |TAMS 0x0000000087400000, 0x0000000087400000| Untracked 
| 116|0x0000000087400000, 0x0000000087500000, 0x0000000087500000|100%| O|  |TAMS 0x0000000087500000, 0x0000000087500000| Untracked 
| 117|0x0000000087500000, 0x0000000087600000, 0x0000000087600000|100%| O|  |TAMS 0x0000000087600000, 0x0000000087600000| Untracked 
| 118|0x0000000087600000, 0x0000000087700000, 0x0000000087700000|100%| O|  |TAMS 0x0000000087700000, 0x0000000087700000| Untracked 
| 119|0x0000000087700000, 0x0000000087800000, 0x0000000087800000|100%| O|  |TAMS 0x0000000087800000, 0x0000000087800000| Untracked 
| 120|0x0000000087800000, 0x0000000087900000, 0x0000000087900000|100%| O|  |TAMS 0x0000000087900000, 0x0000000087900000| Untracked 
| 121|0x0000000087900000, 0x0000000087a00000, 0x0000000087a00000|100%| O|  |TAMS 0x0000000087a00000, 0x0000000087a00000| Untracked 
| 122|0x0000000087a00000, 0x0000000087b00000, 0x0000000087b00000|100%| O|  |TAMS 0x0000000087b00000, 0x0000000087b00000| Untracked 
| 123|0x0000000087b00000, 0x0000000087c00000, 0x0000000087c00000|100%| O|  |TAMS 0x0000000087c00000, 0x0000000087c00000| Untracked 
| 124|0x0000000087c00000, 0x0000000087d00000, 0x0000000087d00000|100%| O|  |TAMS 0x0000000087d00000, 0x0000000087d00000| Untracked 
| 125|0x0000000087d00000, 0x0000000087e00000, 0x0000000087e00000|100%| O|  |TAMS 0x0000000087e00000, 0x0000000087e00000| Untracked 
| 126|0x0000000087e00000, 0x0000000087f00000, 0x0000000087f00000|100%| O|  |TAMS 0x0000000087f00000, 0x0000000087f00000| Untracked 
| 127|0x0000000087f00000, 0x0000000088000000, 0x0000000088000000|100%| O|  |TAMS 0x0000000088000000, 0x0000000088000000| Untracked 
| 128|0x0000000088000000, 0x0000000088100000, 0x0000000088100000|100%| O|  |TAMS 0x0000000088100000, 0x0000000088100000| Untracked 
| 129|0x0000000088100000, 0x0000000088200000, 0x0000000088200000|100%|HS|  |TAMS 0x0000000088200000, 0x0000000088200000| Complete 
| 130|0x0000000088200000, 0x0000000088300000, 0x0000000088300000|100%|HC|  |TAMS 0x0000000088300000, 0x0000000088300000| Complete 
| 131|0x0000000088300000, 0x0000000088400000, 0x0000000088400000|100%| O|  |TAMS 0x0000000088400000, 0x0000000088400000| Untracked 
| 132|0x0000000088400000, 0x0000000088500000, 0x0000000088500000|100%| O|  |TAMS 0x0000000088500000, 0x0000000088500000| Untracked 
| 133|0x0000000088500000, 0x0000000088600000, 0x0000000088600000|100%|HS|  |TAMS 0x0000000088600000, 0x0000000088600000| Complete 
| 134|0x0000000088600000, 0x0000000088700000, 0x0000000088700000|100%|HC|  |TAMS 0x0000000088700000, 0x0000000088700000| Complete 
| 135|0x0000000088700000, 0x0000000088800000, 0x0000000088800000|100%| O|  |TAMS 0x0000000088800000, 0x0000000088800000| Untracked 
| 136|0x0000000088800000, 0x0000000088900000, 0x0000000088900000|100%| O|  |TAMS 0x0000000088900000, 0x0000000088900000| Untracked 
| 137|0x0000000088900000, 0x0000000088a00000, 0x0000000088a00000|100%| O|  |TAMS 0x0000000088900000, 0x0000000088a00000| Untracked 
| 138|0x0000000088a00000, 0x0000000088b00000, 0x0000000088b00000|100%| O|  |TAMS 0x0000000088b00000, 0x0000000088b00000| Untracked 
| 139|0x0000000088b00000, 0x0000000088c00000, 0x0000000088c00000|100%| O|  |TAMS 0x0000000088c00000, 0x0000000088c00000| Untracked 
| 140|0x0000000088c00000, 0x0000000088d00000, 0x0000000088d00000|100%|HS|  |TAMS 0x0000000088d00000, 0x0000000088d00000| Complete 
| 141|0x0000000088d00000, 0x0000000088e00000, 0x0000000088e00000|100%|HC|  |TAMS 0x0000000088e00000, 0x0000000088e00000| Complete 
| 142|0x0000000088e00000, 0x0000000088f00000, 0x0000000088f00000|100%|HC|  |TAMS 0x0000000088f00000, 0x0000000088f00000| Complete 
| 143|0x0000000088f00000, 0x0000000089000000, 0x0000000089000000|100%| O|  |TAMS 0x0000000089000000, 0x0000000089000000| Untracked 
| 144|0x0000000089000000, 0x0000000089100000, 0x0000000089100000|100%| O|  |TAMS 0x0000000089100000, 0x0000000089100000| Untracked 
| 145|0x0000000089100000, 0x0000000089200000, 0x0000000089200000|100%| O|  |TAMS 0x0000000089100000, 0x0000000089200000| Untracked 
| 146|0x0000000089200000, 0x0000000089300000, 0x0000000089300000|100%| O|  |TAMS 0x0000000089300000, 0x0000000089300000| Untracked 
| 147|0x0000000089300000, 0x0000000089400000, 0x0000000089400000|100%| O|  |TAMS 0x0000000089400000, 0x0000000089400000| Untracked 
| 148|0x0000000089400000, 0x0000000089500000, 0x0000000089500000|100%| O|  |TAMS 0x0000000089400000, 0x0000000089500000| Untracked 
| 149|0x0000000089500000, 0x0000000089600000, 0x0000000089600000|100%| O|  |TAMS 0x0000000089536000, 0x0000000089600000| Untracked 
| 150|0x0000000089600000, 0x0000000089700000, 0x0000000089700000|100%| O|  |TAMS 0x0000000089600000, 0x0000000089700000| Untracked 
| 151|0x0000000089700000, 0x0000000089800000, 0x0000000089800000|100%| O|  |TAMS 0x0000000089700000, 0x0000000089800000| Untracked 
| 152|0x0000000089800000, 0x0000000089900000, 0x0000000089900000|100%| O|  |TAMS 0x0000000089800000, 0x0000000089900000| Untracked 
| 153|0x0000000089900000, 0x0000000089a00000, 0x0000000089a00000|100%| O|  |TAMS 0x0000000089900000, 0x0000000089a00000| Untracked 
| 154|0x0000000089a00000, 0x0000000089b00000, 0x0000000089b00000|100%| O|  |TAMS 0x0000000089a00000, 0x0000000089b00000| Untracked 
| 155|0x0000000089b00000, 0x0000000089c00000, 0x0000000089c00000|100%| O|  |TAMS 0x0000000089b00000, 0x0000000089c00000| Untracked 
| 156|0x0000000089c00000, 0x0000000089d00000, 0x0000000089d00000|100%| O|  |TAMS 0x0000000089c00000, 0x0000000089d00000| Untracked 
| 157|0x0000000089d00000, 0x0000000089e00000, 0x0000000089e00000|100%| O|  |TAMS 0x0000000089d00000, 0x0000000089e00000| Untracked 
| 158|0x0000000089e00000, 0x0000000089f00000, 0x0000000089f00000|100%| O|  |TAMS 0x0000000089e00000, 0x0000000089f00000| Untracked 
| 159|0x0000000089f00000, 0x000000008a000000, 0x000000008a000000|100%| O|  |TAMS 0x0000000089f00000, 0x000000008a000000| Untracked 
| 160|0x000000008a000000, 0x000000008a100000, 0x000000008a100000|100%| O|  |TAMS 0x000000008a000000, 0x000000008a100000| Untracked 
| 161|0x000000008a100000, 0x000000008a200000, 0x000000008a200000|100%| O|  |TAMS 0x000000008a100000, 0x000000008a200000| Untracked 
| 162|0x000000008a200000, 0x000000008a300000, 0x000000008a300000|100%| O|  |TAMS 0x000000008a200000, 0x000000008a300000| Untracked 
| 163|0x000000008a300000, 0x000000008a400000, 0x000000008a400000|100%| O|  |TAMS 0x000000008a300000, 0x000000008a400000| Untracked 
| 164|0x000000008a400000, 0x000000008a500000, 0x000000008a500000|100%| O|  |TAMS 0x000000008a400000, 0x000000008a500000| Untracked 
| 165|0x000000008a500000, 0x000000008a600000, 0x000000008a600000|100%| O|  |TAMS 0x000000008a500000, 0x000000008a600000| Untracked 
| 166|0x000000008a600000, 0x000000008a700000, 0x000000008a700000|100%| O|  |TAMS 0x000000008a600000, 0x000000008a700000| Untracked 
| 167|0x000000008a700000, 0x000000008a800000, 0x000000008a800000|100%| O|  |TAMS 0x000000008a700000, 0x000000008a800000| Untracked 
| 168|0x000000008a800000, 0x000000008a900000, 0x000000008a900000|100%| O|  |TAMS 0x000000008a800000, 0x000000008a900000| Untracked 
| 169|0x000000008a900000, 0x000000008aa00000, 0x000000008aa00000|100%| O|  |TAMS 0x000000008a900000, 0x000000008aa00000| Untracked 
| 170|0x000000008aa00000, 0x000000008aa6ee00, 0x000000008ab00000| 43%| O|  |TAMS 0x000000008aa00000, 0x000000008aa6ee00| Untracked 
| 171|0x000000008ab00000, 0x000000008ab00000, 0x000000008ac00000|  0%| F|  |TAMS 0x000000008ab00000, 0x000000008ab00000| Untracked 
| 172|0x000000008ac00000, 0x000000008ac00000, 0x000000008ad00000|  0%| F|  |TAMS 0x000000008ac00000, 0x000000008ac00000| Untracked 
| 173|0x000000008ad00000, 0x000000008ad00000, 0x000000008ae00000|  0%| F|  |TAMS 0x000000008ad00000, 0x000000008ad00000| Untracked 
| 174|0x000000008ae00000, 0x000000008ae00000, 0x000000008af00000|  0%| F|  |TAMS 0x000000008ae00000, 0x000000008ae00000| Untracked 
| 175|0x000000008af00000, 0x000000008af00000, 0x000000008b000000|  0%| F|  |TAMS 0x000000008af00000, 0x000000008af00000| Untracked 
| 176|0x000000008b000000, 0x000000008b000000, 0x000000008b100000|  0%| F|  |TAMS 0x000000008b000000, 0x000000008b000000| Untracked 
| 177|0x000000008b100000, 0x000000008b100000, 0x000000008b200000|  0%| F|  |TAMS 0x000000008b100000, 0x000000008b100000| Untracked 
| 178|0x000000008b200000, 0x000000008b200000, 0x000000008b300000|  0%| F|  |TAMS 0x000000008b200000, 0x000000008b200000| Untracked 
| 179|0x000000008b300000, 0x000000008b300000, 0x000000008b400000|  0%| F|  |TAMS 0x000000008b300000, 0x000000008b300000| Untracked 
| 180|0x000000008b400000, 0x000000008b400000, 0x000000008b500000|  0%| F|  |TAMS 0x000000008b400000, 0x000000008b400000| Untracked 
| 181|0x000000008b500000, 0x000000008b500000, 0x000000008b600000|  0%| F|  |TAMS 0x000000008b500000, 0x000000008b500000| Untracked 
| 182|0x000000008b600000, 0x000000008b600000, 0x000000008b700000|  0%| F|  |TAMS 0x000000008b600000, 0x000000008b600000| Untracked 
| 183|0x000000008b700000, 0x000000008b700000, 0x000000008b800000|  0%| F|  |TAMS 0x000000008b700000, 0x000000008b700000| Untracked 
| 184|0x000000008b800000, 0x000000008b800000, 0x000000008b900000|  0%| F|  |TAMS 0x000000008b800000, 0x000000008b800000| Untracked 
| 185|0x000000008b900000, 0x000000008b900000, 0x000000008ba00000|  0%| F|  |TAMS 0x000000008b900000, 0x000000008b900000| Untracked 
| 186|0x000000008ba00000, 0x000000008ba00000, 0x000000008bb00000|  0%| F|  |TAMS 0x000000008ba00000, 0x000000008ba00000| Untracked 
| 187|0x000000008bb00000, 0x000000008bb00000, 0x000000008bc00000|  0%| F|  |TAMS 0x000000008bb00000, 0x000000008bb00000| Untracked 
| 188|0x000000008bc00000, 0x000000008bc00000, 0x000000008bd00000|  0%| F|  |TAMS 0x000000008bc00000, 0x000000008bc00000| Untracked 
| 189|0x000000008bd00000, 0x000000008bd00000, 0x000000008be00000|  0%| F|  |TAMS 0x000000008bd00000, 0x000000008bd00000| Untracked 
| 190|0x000000008be00000, 0x000000008be00000, 0x000000008bf00000|  0%| F|  |TAMS 0x000000008be00000, 0x000000008be00000| Untracked 
| 191|0x000000008bf00000, 0x000000008bf00000, 0x000000008c000000|  0%| F|  |TAMS 0x000000008bf00000, 0x000000008bf00000| Untracked 
| 192|0x000000008c000000, 0x000000008c000000, 0x000000008c100000|  0%| F|  |TAMS 0x000000008c000000, 0x000000008c000000| Untracked 
| 193|0x000000008c100000, 0x000000008c100000, 0x000000008c200000|  0%| F|  |TAMS 0x000000008c100000, 0x000000008c100000| Untracked 
| 194|0x000000008c200000, 0x000000008c200000, 0x000000008c300000|  0%| F|  |TAMS 0x000000008c200000, 0x000000008c200000| Untracked 
| 195|0x000000008c300000, 0x000000008c300000, 0x000000008c400000|  0%| F|  |TAMS 0x000000008c300000, 0x000000008c300000| Untracked 
| 196|0x000000008c400000, 0x000000008c400000, 0x000000008c500000|  0%| F|  |TAMS 0x000000008c400000, 0x000000008c400000| Untracked 
| 197|0x000000008c500000, 0x000000008c500000, 0x000000008c600000|  0%| F|  |TAMS 0x000000008c500000, 0x000000008c500000| Untracked 
| 198|0x000000008c600000, 0x000000008c600000, 0x000000008c700000|  0%| F|  |TAMS 0x000000008c600000, 0x000000008c600000| Untracked 
| 199|0x000000008c700000, 0x000000008c700000, 0x000000008c800000|  0%| F|  |TAMS 0x000000008c700000, 0x000000008c700000| Untracked 
| 200|0x000000008c800000, 0x000000008c800000, 0x000000008c900000|  0%| F|  |TAMS 0x000000008c800000, 0x000000008c800000| Untracked 
| 201|0x000000008c900000, 0x000000008c900000, 0x000000008ca00000|  0%| F|  |TAMS 0x000000008c900000, 0x000000008c900000| Untracked 
| 202|0x000000008ca00000, 0x000000008cb00000, 0x000000008cb00000|100%| S|CS|TAMS 0x000000008ca00000, 0x000000008ca00000| Complete 
| 203|0x000000008cb00000, 0x000000008cc00000, 0x000000008cc00000|100%| S|CS|TAMS 0x000000008cb00000, 0x000000008cb00000| Complete 
| 204|0x000000008cc00000, 0x000000008cc00000, 0x000000008cd00000|  0%| F|  |TAMS 0x000000008cc00000, 0x000000008cc00000| Untracked 
| 205|0x000000008cd00000, 0x000000008cd00000, 0x000000008ce00000|  0%| F|  |TAMS 0x000000008cd00000, 0x000000008cd00000| Untracked 
| 206|0x000000008ce00000, 0x000000008ce00000, 0x000000008cf00000|  0%| F|  |TAMS 0x000000008ce00000, 0x000000008ce00000| Untracked 
| 207|0x000000008cf00000, 0x000000008cf00000, 0x000000008d000000|  0%| F|  |TAMS 0x000000008cf00000, 0x000000008cf00000| Untracked 
| 208|0x000000008d000000, 0x000000008d000000, 0x000000008d100000|  0%| F|  |TAMS 0x000000008d000000, 0x000000008d000000| Untracked 
| 209|0x000000008d100000, 0x000000008d100000, 0x000000008d200000|  0%| F|  |TAMS 0x000000008d100000, 0x000000008d100000| Untracked 
| 210|0x000000008d200000, 0x000000008d200000, 0x000000008d300000|  0%| F|  |TAMS 0x000000008d200000, 0x000000008d200000| Untracked 
| 211|0x000000008d300000, 0x000000008d300000, 0x000000008d400000|  0%| F|  |TAMS 0x000000008d300000, 0x000000008d300000| Untracked 
| 212|0x000000008d400000, 0x000000008d400000, 0x000000008d500000|  0%| F|  |TAMS 0x000000008d400000, 0x000000008d400000| Untracked 
| 213|0x000000008d500000, 0x000000008d500000, 0x000000008d600000|  0%| F|  |TAMS 0x000000008d500000, 0x000000008d500000| Untracked 
| 214|0x000000008d600000, 0x000000008d600000, 0x000000008d700000|  0%| F|  |TAMS 0x000000008d600000, 0x000000008d600000| Untracked 
| 215|0x000000008d700000, 0x000000008d700000, 0x000000008d800000|  0%| F|  |TAMS 0x000000008d700000, 0x000000008d700000| Untracked 
| 216|0x000000008d800000, 0x000000008d800000, 0x000000008d900000|  0%| F|  |TAMS 0x000000008d800000, 0x000000008d800000| Untracked 
| 217|0x000000008d900000, 0x000000008d900000, 0x000000008da00000|  0%| F|  |TAMS 0x000000008d900000, 0x000000008d900000| Untracked 
| 218|0x000000008da00000, 0x000000008da00000, 0x000000008db00000|  0%| F|  |TAMS 0x000000008da00000, 0x000000008da00000| Untracked 
| 219|0x000000008db00000, 0x000000008db00000, 0x000000008dc00000|  0%| F|  |TAMS 0x000000008db00000, 0x000000008db00000| Untracked 

Card table byte_map: [0x000001872faf0000,0x000001872fef0000] _byte_map_base: 0x000001872f6f0000

Marking Bits (Prev, Next): (CMBitMap*) 0x000001871aa01d60, (CMBitMap*) 0x000001871aa01d28
 Prev Bits: [0x00000187322f0000, 0x00000187342f0000)
 Next Bits: [0x00000187302f0000, 0x00000187322f0000)

Polling page: 0x000001871a850000

Metaspace:

Usage:
  Non-class:     94.81 MB capacity,    93.14 MB ( 98%) used,     1.35 MB (  1%) free+waste,   336.88 KB ( <1%) overhead. 
      Class:     14.60 MB capacity,    13.58 MB ( 93%) used,   901.98 KB (  6%) free+waste,   148.13 KB ( <1%) overhead. 
       Both:    109.42 MB capacity,   106.71 MB ( 98%) used,     2.23 MB (  2%) free+waste,   485.00 KB ( <1%) overhead. 

Virtual space:
  Non-class space:       98.00 MB reserved,      96.08 MB ( 98%) committed 
      Class space:        1.00 GB reserved,      15.45 MB (  2%) committed 
             Both:        1.10 GB reserved,     111.53 MB ( 10%) committed 

Chunk freelists:
   Non-Class:  1.27 MB
       Class:  790.00 KB
        Both:  2.04 MB

MaxMetaspaceSize: 17179869184.00 GB
CompressedClassSpaceSize: 1.00 GB
Initial GC threshold: 20.80 MB
Current GC threshold: 185.88 MB
CDS: off

CodeHeap 'non-profiled nmethods': size=120000Kb used=10052Kb max_used=10052Kb free=109947Kb
 bounds [0x0000018727760000, 0x0000018728140000, 0x000001872ec90000]
CodeHeap 'profiled nmethods': size=120000Kb used=33796Kb max_used=33796Kb free=86203Kb
 bounds [0x0000018720230000, 0x0000018722340000, 0x0000018727760000]
CodeHeap 'non-nmethods': size=5760Kb used=2428Kb max_used=2492Kb free=3331Kb
 bounds [0x000001871fc90000, 0x000001871ff10000, 0x0000018720230000]
 total_blobs=16410 nmethods=15449 adapters=873
 compilation: enabled
              stopped_count=0, restarted_count=0
 full_count=0

Compilation events (20 events):
Event: 2189.883 Thread 0x0000018736e19800 15759       2       com.android.tools.r8.internal.ZG::iterator (12 bytes)
Event: 2189.883 Thread 0x0000018736e19800 nmethod 15759 0x0000018722328f10 code [0x00000187223290c0, 0x00000187223292a8]
Event: 2189.883 Thread 0x0000018736e19800 15760       2       com.android.tools.r8.internal.aH::<init> (41 bytes)
Event: 2189.883 Thread 0x0000018736e19800 nmethod 15760 0x0000018722329390 code [0x0000018722329540, 0x00000187223296b8]
Event: 2189.906 Thread 0x0000018736e19800 15764       2       java.lang.invoke.LambdaForm::arguments (47 bytes)
Event: 2189.907 Thread 0x0000018736e19800 nmethod 15764 0x0000018722329790 code [0x00000187223299a0, 0x0000018722329e68]
Event: 2189.907 Thread 0x0000018736e19800 15766   !   2       java.lang.invoke.InvokerBytecodeGenerator::resolveInvokerMember (41 bytes)
Event: 2189.907 Thread 0x0000018736e19800 nmethod 15766 0x000001872232a210 code [0x000001872232a3e0, 0x000001872232a668]
Event: 2189.908 Thread 0x0000018736e19800 15765   !   2       java.lang.invoke.DirectMethodHandle::makePreparedLambdaForm (787 bytes)
Event: 2189.911 Thread 0x0000018736e19800 nmethod 15765 0x000001872232a810 code [0x000001872232aca0, 0x000001872232cf38]
Event: 2189.911 Thread 0x0000018736e19800 15769 %     3       com.android.tools.r8.dex.j::f @ 34 (109 bytes)
Event: 2189.912 Thread 0x0000018736e19800 nmethod 15769% 0x000001872232df90 code [0x000001872232e220, 0x000001872232ee18]
Event: 2189.916 Thread 0x0000018736e19800 15770       2       com.android.tools.r8.graph.N2::f (64 bytes)
Event: 2189.916 Thread 0x0000018736e19800 nmethod 15770 0x000001872232f410 code [0x000001872232f620, 0x000001872232f998]
Event: 2189.922 Thread 0x0000018736e19800 15772       3       com.android.tools.r8.dex.j::f (109 bytes)
Event: 2189.923 Thread 0x0000018736e19800 nmethod 15772 0x000001872232fb90 code [0x000001872232fe00, 0x0000018722330918]
Event: 2189.940 Thread 0x0000018736e0c000 nmethod 15634 0x000001872812f490 code [0x000001872812f6e0, 0x0000018728130438]
Event: 2189.940 Thread 0x0000018736e0c000 15751 %     4       com.android.tools.r8.code.y1::a @ 20 (4129 bytes)
Event: 2189.955 Thread 0x0000018736e19800 15778       2       com.android.tools.r8.code.r::<init> (7 bytes)
Event: 2189.955 Thread 0x0000018736e19800 nmethod 15778 0x0000018722330e90 code [0x0000018722331040, 0x0000018722331198]

GC Heap History (20 events):
Event: 2188.365 GC heap after
{Heap after GC invocations=29 (full 0):
 garbage-first heap   total 225280K, used 111489K [0x0000000080000000, 0x0000000100000000)
  region size 1024K, 2 young (2048K), 2 survivors (2048K)
 Metaspace       used 107341K, capacity 109934K, committed 112540K, reserved 1146880K
  class space    used 13722K, capacity 14743K, committed 15692K, reserved 1048576K
}
Event: 2188.371 GC heap before
{Heap before GC invocations=29 (full 0):
 garbage-first heap   total 225280K, used 112513K [0x0000000080000000, 0x0000000100000000)
  region size 1024K, 4 young (4096K), 2 survivors (2048K)
 Metaspace       used 107341K, capacity 109934K, committed 112540K, reserved 1146880K
  class space    used 13722K, capacity 14743K, committed 15692K, reserved 1048576K
}
Event: 2188.376 GC heap after
{Heap after GC invocations=30 (full 0):
 garbage-first heap   total 225280K, used 111593K [0x0000000080000000, 0x0000000100000000)
  region size 1024K, 3 young (3072K), 3 survivors (3072K)
 Metaspace       used 107341K, capacity 109934K, committed 112540K, reserved 1146880K
  class space    used 13722K, capacity 14743K, committed 15692K, reserved 1048576K
}
Event: 2188.653 GC heap before
{Heap before GC invocations=31 (full 0):
 garbage-first heap   total 225280K, used 181225K [0x0000000080000000, 0x0000000100000000)
  region size 1024K, 43 young (44032K), 3 survivors (3072K)
 Metaspace       used 107722K, capacity 110317K, committed 112796K, reserved 1146880K
  class space    used 13765K, capacity 14783K, committed 15692K, reserved 1048576K
}
Event: 2188.667 GC heap after
{Heap after GC invocations=32 (full 0):
 garbage-first heap   total 225280K, used 138822K [0x0000000080000000, 0x0000000100000000)
  region size 1024K, 6 young (6144K), 6 survivors (6144K)
 Metaspace       used 107722K, capacity 110317K, committed 112796K, reserved 1146880K
  class space    used 13765K, capacity 14783K, committed 15692K, reserved 1048576K
}
Event: 2188.703 GC heap before
{Heap before GC invocations=32 (full 0):
 garbage-first heap   total 225280K, used 142918K [0x0000000080000000, 0x0000000100000000)
  region size 1024K, 11 young (11264K), 6 survivors (6144K)
 Metaspace       used 107844K, capacity 110477K, committed 112796K, reserved 1146880K
  class space    used 13788K, capacity 14815K, committed 15692K, reserved 1048576K
}
Event: 2188.727 GC heap after
{Heap after GC invocations=33 (full 0):
 garbage-first heap   total 225280K, used 126605K [0x0000000080000000, 0x0000000100000000)
  region size 1024K, 2 young (2048K), 2 survivors (2048K)
 Metaspace       used 107844K, capacity 110477K, committed 112796K, reserved 1146880K
  class space    used 13788K, capacity 14815K, committed 15692K, reserved 1048576K
}
Event: 2188.775 GC heap before
{Heap before GC invocations=33 (full 0):
 garbage-first heap   total 225280K, used 133773K [0x0000000080000000, 0x0000000100000000)
  region size 1024K, 10 young (10240K), 2 survivors (2048K)
 Metaspace       used 108124K, capacity 110669K, committed 113052K, reserved 1146880K
  class space    used 13808K, capacity 14815K, committed 15692K, reserved 1048576K
}
Event: 2188.789 GC heap after
{Heap after GC invocations=34 (full 0):
 garbage-first heap   total 225280K, used 128848K [0x0000000080000000, 0x0000000100000000)
  region size 1024K, 5 young (5120K), 5 survivors (5120K)
 Metaspace       used 108124K, capacity 110669K, committed 113052K, reserved 1146880K
  class space    used 13808K, capacity 14815K, committed 15692K, reserved 1048576K
}
Event: 2189.208 GC heap before
{Heap before GC invocations=35 (full 0):
 garbage-first heap   total 225280K, used 161616K [0x0000000080000000, 0x0000000100000000)
  region size 1024K, 36 young (36864K), 5 survivors (5120K)
 Metaspace       used 108682K, capacity 111478K, committed 113948K, reserved 1146880K
  class space    used 13858K, capacity 14905K, committed 15820K, reserved 1048576K
}
Event: 2189.233 GC heap after
{Heap after GC invocations=36 (full 0):
 garbage-first heap   total 225280K, used 143597K [0x0000000080000000, 0x0000000100000000)
  region size 1024K, 5 young (5120K), 5 survivors (5120K)
 Metaspace       used 108682K, capacity 111478K, committed 113948K, reserved 1146880K
  class space    used 13858K, capacity 14905K, committed 15820K, reserved 1048576K
}
Event: 2189.270 GC heap before
{Heap before GC invocations=36 (full 0):
 garbage-first heap   total 225280K, used 149741K [0x0000000080000000, 0x0000000100000000)
  region size 1024K, 11 young (11264K), 5 survivors (5120K)
 Metaspace       used 108716K, capacity 111480K, committed 113948K, reserved 1146880K
  class space    used 13859K, capacity 14905K, committed 15820K, reserved 1048576K
}
Event: 2189.293 GC heap after
{Heap after GC invocations=37 (full 0):
 garbage-first heap   total 225280K, used 145037K [0x0000000080000000, 0x0000000100000000)
  region size 1024K, 2 young (2048K), 2 survivors (2048K)
 Metaspace       used 108716K, capacity 111480K, committed 113948K, reserved 1146880K
  class space    used 13859K, capacity 14905K, committed 15820K, reserved 1048576K
}
Event: 2189.428 GC heap before
{Heap before GC invocations=37 (full 0):
 garbage-first heap   total 225280K, used 170637K [0x0000000080000000, 0x0000000100000000)
  region size 1024K, 27 young (27648K), 2 survivors (2048K)
 Metaspace       used 108976K, capacity 111749K, committed 113948K, reserved 1146880K
  class space    used 13878K, capacity 14944K, committed 15820K, reserved 1048576K
}
Event: 2189.445 GC heap after
{Heap after GC invocations=38 (full 0):
 garbage-first heap   total 225280K, used 156888K [0x0000000080000000, 0x0000000100000000)
  region size 1024K, 4 young (4096K), 4 survivors (4096K)
 Metaspace       used 108976K, capacity 111749K, committed 113948K, reserved 1146880K
  class space    used 13878K, capacity 14944K, committed 15820K, reserved 1048576K
}
Event: 2189.832 GC heap before
{Heap before GC invocations=39 (full 0):
 garbage-first heap   total 225280K, used 176344K [0x0000000080000000, 0x0000000100000000)
  region size 1024K, 24 young (24576K), 4 survivors (4096K)
 Metaspace       used 109209K, capacity 111951K, committed 114204K, reserved 1148928K
  class space    used 13892K, capacity 14942K, committed 15820K, reserved 1048576K
}
Event: 2189.850 GC heap after
{Heap after GC invocations=40 (full 0):
 garbage-first heap   total 225280K, used 166912K [0x0000000080000000, 0x0000000100000000)
  region size 1024K, 3 young (3072K), 3 survivors (3072K)
 Metaspace       used 109209K, capacity 111951K, committed 114204K, reserved 1148928K
  class space    used 13892K, capacity 14942K, committed 15820K, reserved 1048576K
}
Event: 2189.885 GC heap before
{Heap before GC invocations=40 (full 0):
 garbage-first heap   total 225280K, used 175104K [0x0000000080000000, 0x0000000100000000)
  region size 1024K, 11 young (11264K), 3 survivors (3072K)
 Metaspace       used 109241K, capacity 111962K, committed 114204K, reserved 1148928K
  class space    used 13895K, capacity 14947K, committed 15820K, reserved 1048576K
}
Event: 2189.905 GC heap after
{Heap after GC invocations=41 (full 0):
 garbage-first heap   total 225280K, used 169206K [0x0000000080000000, 0x0000000100000000)
  region size 1024K, 2 young (2048K), 2 survivors (2048K)
 Metaspace       used 109241K, capacity 111962K, committed 114204K, reserved 1148928K
  class space    used 13895K, capacity 14947K, committed 15820K, reserved 1048576K
}
Event: 2189.976 GC heap before
{Heap before GC invocations=41 (full 0):
 garbage-first heap   total 225280K, used 182518K [0x0000000080000000, 0x0000000100000000)
  region size 1024K, 16 young (16384K), 2 survivors (2048K)
 Metaspace       used 109274K, capacity 112042K, committed 114204K, reserved 1148928K
  class space    used 13903K, capacity 14954K, committed 15820K, reserved 1048576K
}

Deoptimization events (20 events):
Event: 2189.873 Thread 0x000001873d053000 DEOPT PACKING pc=0x0000018722316605 sp=0x0000007a17cfe3f0
Event: 2189.873 Thread 0x000001873d053000 DEOPT UNPACKING pc=0x000001871fcda95e sp=0x0000007a17cfe050 mode 0
Event: 2189.874 Thread 0x000001873d053000 Uncommon trap: trap_request=0xffffff4d fr.pc=0x0000018727cf38f0 relative=0x0000000000000050
Event: 2189.874 Thread 0x000001873d053000 Uncommon trap: reason=unstable_if action=reinterpret pc=0x0000018727cf38f0 method=java.lang.Float.isNaN(F)Z @ 3 c2
Event: 2189.875 Thread 0x000001873d053000 DEOPT PACKING pc=0x0000018727cf38f0 sp=0x0000007a17cfeae0
Event: 2189.875 Thread 0x000001873d053000 DEOPT UNPACKING pc=0x000001871fcda1af sp=0x0000007a17cfea70 mode 2
Event: 2189.883 Thread 0x000001873eb65000 DEOPT PACKING pc=0x0000018722316605 sp=0x0000007a181fe310
Event: 2189.883 Thread 0x000001873eb65000 DEOPT UNPACKING pc=0x000001871fcda95e sp=0x0000007a181fdf70 mode 0
Event: 2189.914 Thread 0x000001873eb66000 DEOPT PACKING pc=0x0000018722316605 sp=0x0000007a17ffe110
Event: 2189.914 Thread 0x000001873eb66000 DEOPT UNPACKING pc=0x000001871fcda95e sp=0x0000007a17ffdd70 mode 0
Event: 2189.931 Thread 0x000001873eb65000 DEOPT PACKING pc=0x0000018722316605 sp=0x0000007a181fe310
Event: 2189.931 Thread 0x000001873eb65000 DEOPT UNPACKING pc=0x000001871fcda95e sp=0x0000007a181fdf70 mode 0
Event: 2189.931 Thread 0x000001873d050800 DEOPT PACKING pc=0x0000018720b3b9ab sp=0x0000007a175fd340
Event: 2189.931 Thread 0x000001873d050800 DEOPT UNPACKING pc=0x000001871fcda95e sp=0x0000007a175fc7e8 mode 0
Event: 2189.939 Thread 0x000001873d053000 DEOPT PACKING pc=0x0000018722316605 sp=0x0000007a17cfe3f0
Event: 2189.939 Thread 0x000001873d053000 DEOPT UNPACKING pc=0x000001871fcda95e sp=0x0000007a17cfe050 mode 0
Event: 2189.948 Thread 0x000001873eb65000 DEOPT PACKING pc=0x0000018722316605 sp=0x0000007a181fe330
Event: 2189.948 Thread 0x000001873eb65000 DEOPT UNPACKING pc=0x000001871fcda95e sp=0x0000007a181fdf90 mode 0
Event: 2189.968 Thread 0x000001873d053000 DEOPT PACKING pc=0x0000018722316605 sp=0x0000007a17cfe3f0
Event: 2189.968 Thread 0x000001873d053000 DEOPT UNPACKING pc=0x000001871fcda95e sp=0x0000007a17cfe050 mode 0

Classes redefined (0 events):
No events

Internal exceptions (20 events):
Event: 2187.602 Thread 0x000001873d04a000 Exception <a 'java/lang/NoSuchMethodError'{0x000000008d80a900}: <clinit>> (0x000000008d80a900) thrown at [./src/hotspot/share/prims/jni.cpp, line 1366]
Event: 2187.651 Thread 0x000001873d04a800 Implicit null exception at 0x0000018728028553 to 0x0000018728029284
Event: 2187.657 Thread 0x000001873d04a800 Exception <a 'sun/nio/fs/WindowsException'{0x000000008d421950}> (0x000000008d421950) thrown at [./src/hotspot/share/prims/jni.cpp, line 616]
Event: 2187.672 Thread 0x000001873d04a800 Exception <a 'sun/nio/fs/WindowsException'{0x000000008d374fd8}> (0x000000008d374fd8) thrown at [./src/hotspot/share/prims/jni.cpp, line 616]
Event: 2187.674 Thread 0x000001873d04a800 Exception <a 'sun/nio/fs/WindowsException'{0x000000008d375da8}> (0x000000008d375da8) thrown at [./src/hotspot/share/prims/jni.cpp, line 616]
Event: 2188.415 Thread 0x000001873d057000 Exception <a 'sun/nio/fs/WindowsException'{0x000000008dbd88a0}> (0x000000008dbd88a0) thrown at [./src/hotspot/share/prims/jni.cpp, line 616]
Event: 2189.095 Thread 0x000001873d04a000 Exception <a 'java/lang/NoSuchMethodError'{0x000000008c73f958}: <clinit>> (0x000000008c73f958) thrown at [./src/hotspot/share/prims/jni.cpp, line 1366]
Event: 2189.096 Thread 0x000001873d04a000 Exception <a 'java/lang/NoSuchMethodError'{0x000000008c740f60}: <clinit>> (0x000000008c740f60) thrown at [./src/hotspot/share/prims/jni.cpp, line 1366]
Event: 2189.096 Thread 0x000001873d04a000 Exception <a 'java/lang/NoSuchMethodError'{0x000000008c743b60}: <clinit>> (0x000000008c743b60) thrown at [./src/hotspot/share/prims/jni.cpp, line 1366]
Event: 2189.100 Thread 0x000001873d04a000 Exception <a 'java/lang/NoSuchMethodError'{0x000000008c7ded40}: <clinit>> (0x000000008c7ded40) thrown at [./src/hotspot/share/prims/jni.cpp, line 1366]
Event: 2189.100 Thread 0x000001873d04a000 Exception <a 'java/lang/NoSuchMethodError'{0x000000008c7dff78}: <clinit>> (0x000000008c7dff78) thrown at [./src/hotspot/share/prims/jni.cpp, line 1366]
Event: 2189.306 Thread 0x000001873d04a000 Exception <a 'java/lang/NoSuchMethodError'{0x000000008d92d360}: <clinit>> (0x000000008d92d360) thrown at [./src/hotspot/share/prims/jni.cpp, line 1366]
Event: 2189.315 Thread 0x000001873d04a000 Exception <a 'java/lang/NoSuchMethodError'{0x000000008d86c2d8}: <clinit>> (0x000000008d86c2d8) thrown at [./src/hotspot/share/prims/jni.cpp, line 1366]
Event: 2189.322 Thread 0x000001873d04a000 Exception <a 'java/lang/NoSuchMethodError'{0x000000008d7f1130}: <clinit>> (0x000000008d7f1130) thrown at [./src/hotspot/share/prims/jni.cpp, line 1366]
Event: 2189.865 Thread 0x000001873d050800 Exception <a 'java/lang/NoSuchMethodError'{0x000000008d999948}: 'void java.lang.invoke.DirectMethodHandle$Holder.invokeStatic(java.lang.Object, long)'> (0x000000008d999948) thrown at [./src/hotspot/share/interpreter/linkResolver.cpp, line 773]
Event: 2189.878 Thread 0x000001873d050800 Exception <a 'java/lang/NoSuchMethodError'{0x000000008d7d5278}: 'java.lang.Object java.lang.invoke.DirectMethodHandle$Holder.invokeStatic(java.lang.Object, long)'> (0x000000008d7d5278) thrown at [./src/hotspot/share/interpreter/linkResolver.cpp, line 773]
Event: 2189.884 Thread 0x000001873d050800 Exception <a 'java/lang/NoSuchMethodError'{0x000000008d477e00}: 'java.lang.Object java.lang.invoke.Invokers$Holder.linkToTargetMethod(long, java.lang.Object)'> (0x000000008d477e00) thrown at [./src/hotspot/share/interpreter/linkResolver.cpp, line 773]
Event: 2189.907 Thread 0x000001873d050800 Exception <a 'java/lang/NoSuchMethodError'{0x000000008db57758}: 'java.lang.Object java.lang.invoke.DirectMethodHandle$Holder.invokeStaticInit(java.lang.Object, java.lang.Object, long, java.lang.Object)'> (0x000000008db57758) thrown at [./src/hotspot/share/interpreter/linkResolver.cpp, line 773]
Event: 2189.907 Thread 0x000001873d050800 Exception <a 'java/lang/NoSuchMethodError'{0x000000008db7da50}: 'java.lang.Object java.lang.invoke.DirectMethodHandle$Holder.invokeStatic(java.lang.Object, java.lang.Object, long)'> (0x000000008db7da50) thrown at [./src/hotspot/share/interpreter/linkResolver.cpp, line 773]
Event: 2189.924 Thread 0x000001873d050800 Exception <a 'java/lang/NoSuchMethodError'{0x000000008d78c3a8}: 'java.lang.Object java.lang.invoke.Invokers$Holder.linkToTargetMethod(java.lang.Object, long, java.lang.Object)'> (0x000000008d78c3a8) thrown at [./src/hotspot/share/interpreter/linkResolver.cpp, line 773]

Events (20 events):
Event: 2189.905 Executing VM operation: G1CollectForAllocation done
Event: 2189.925 loading class java/lang/ProcessImpl$2
Event: 2189.925 loading class java/lang/ProcessImpl$2 done
Event: 2189.925 loading class java/lang/Process$PipeInputStream
Event: 2189.925 loading class java/lang/Process$PipeInputStream done
Event: 2189.925 Executing VM operation: Deoptimize
Event: 2189.927 Executing VM operation: Deoptimize done
Event: 2189.928 loading class com/android/utils/GrabProcessOutput$Wait
Event: 2189.928 loading class com/android/utils/GrabProcessOutput$Wait done
Event: 2189.928 loading class com/android/utils/GrabProcessOutput
Event: 2189.928 loading class com/android/utils/GrabProcessOutput done
Event: 2189.929 loading class com/android/utils/GrabProcessOutput$1
Event: 2189.929 loading class com/android/utils/GrabProcessOutput$1 done
Event: 2189.931 loading class com/android/utils/GrabProcessOutput$2
Event: 2189.931 loading class com/android/utils/GrabProcessOutput$2 done
Event: 2189.932 Thread 0x000001873eb6e000 Thread added: 0x000001873eb6e000
Event: 2189.932 Thread 0x000001873eb6b800 Thread added: 0x000001873eb6b800
Event: 2189.932 loading class com/google/common/util/concurrent/OverflowAvoidingLockSupport
Event: 2189.932 loading class com/google/common/util/concurrent/OverflowAvoidingLockSupport done
Event: 2189.975 Executing VM operation: G1CollectForAllocation


Dynamic libraries:
0x00007ff798210000 - 0x00007ff79821a000 	C:\Program Files\Android\Android Studio\jre\bin\java.exe
0x00007fffcb890000 - 0x00007fffcba88000 	C:\WINDOWS\SYSTEM32\ntdll.dll
0x00007fffc9a70000 - 0x00007fffc9b2f000 	C:\WINDOWS\System32\KERNEL32.DLL
0x00007fffc9590000 - 0x00007fffc9862000 	C:\WINDOWS\System32\KERNELBASE.dll
0x00007fffc9200000 - 0x00007fffc9300000 	C:\WINDOWS\System32\ucrtbase.dll
0x00007fff82a10000 - 0x00007fff82a27000 	C:\Program Files\Android\Android Studio\jre\bin\VCRUNTIME140.dll
0x00007fff90db0000 - 0x00007fff90dc9000 	C:\Program Files\Android\Android Studio\jre\bin\jli.dll
0x00007fffcb4d0000 - 0x00007fffcb66d000 	C:\WINDOWS\System32\USER32.dll
0x00007fffc8f90000 - 0x00007fffc8fb2000 	C:\WINDOWS\System32\win32u.dll
0x00007fffb8660000 - 0x00007fffb88fa000 	C:\WINDOWS\WinSxS\amd64_microsoft.windows.common-controls_6595b64144ccf1df_6.0.19041.1110_none_60b5254171f9507e\COMCTL32.dll
0x00007fffc98e0000 - 0x00007fffc990b000 	C:\WINDOWS\System32\GDI32.dll
0x00007fffc99d0000 - 0x00007fffc9a6e000 	C:\WINDOWS\System32\msvcrt.dll
0x00007fffc9480000 - 0x00007fffc958f000 	C:\WINDOWS\System32\gdi32full.dll
0x00007fffc93e0000 - 0x00007fffc947d000 	C:\WINDOWS\System32\msvcp_win.dll
0x00007fffcb3e0000 - 0x00007fffcb412000 	C:\WINDOWS\System32\IMM32.DLL
0x00007fff82970000 - 0x00007fff82a0d000 	C:\Program Files\Android\Android Studio\jre\bin\msvcp140.dll
0x00007fff4e2d0000 - 0x00007fff4edd2000 	C:\Program Files\Android\Android Studio\jre\bin\server\jvm.dll
0x00007fffca7f0000 - 0x00007fffca89e000 	C:\WINDOWS\System32\ADVAPI32.dll
0x00007fffcb060000 - 0x00007fffcb0fc000 	C:\WINDOWS\System32\sechost.dll
0x00007fffcb2b0000 - 0x00007fffcb3d5000 	C:\WINDOWS\System32\RPCRT4.dll
0x00007fffcade0000 - 0x00007fffcade8000 	C:\WINDOWS\System32\PSAPI.DLL
0x00007fffc3790000 - 0x00007fffc3799000 	C:\WINDOWS\SYSTEM32\WSOCK32.dll
0x00007fffa9fa0000 - 0x00007fffa9fc7000 	C:\WINDOWS\SYSTEM32\WINMM.dll
0x00007fffc2cf0000 - 0x00007fffc2cfa000 	C:\WINDOWS\SYSTEM32\VERSION.dll
0x00007fffca8a0000 - 0x00007fffca90b000 	C:\WINDOWS\System32\WS2_32.dll
0x00007fffc77e0000 - 0x00007fffc77f2000 	C:\WINDOWS\SYSTEM32\kernel.appcore.dll
0x00007fff52690000 - 0x00007fff526a1000 	C:\Program Files\Android\Android Studio\jre\bin\verify.dll
0x00007fffc74f0000 - 0x00007fffc76d4000 	C:\WINDOWS\SYSTEM32\DBGHELP.DLL
0x00007fffb75b0000 - 0x00007fffb75dc000 	C:\WINDOWS\SYSTEM32\dbgcore.DLL
0x00007fffc9010000 - 0x00007fffc9092000 	C:\WINDOWS\System32\bcryptPrimitives.dll
0x00007fff52660000 - 0x00007fff52689000 	C:\Program Files\Android\Android Studio\jre\bin\java.dll
0x00007fffc2800000 - 0x00007fffc280b000 	C:\Program Files\Android\Android Studio\jre\bin\jimage.dll
0x00007fff52010000 - 0x00007fff52028000 	C:\Program Files\Android\Android Studio\jre\bin\zip.dll
0x00007fffc9c20000 - 0x00007fffca363000 	C:\WINDOWS\System32\SHELL32.dll
0x00007fffc6d50000 - 0x00007fffc74e2000 	C:\WINDOWS\SYSTEM32\windows.storage.dll
0x00007fffca370000 - 0x00007fffca6c4000 	C:\WINDOWS\System32\combase.dll
0x00007fffc8980000 - 0x00007fffc89b0000 	C:\WINDOWS\SYSTEM32\Wldp.dll
0x00007fffcb420000 - 0x00007fffcb4cd000 	C:\WINDOWS\System32\SHCORE.dll
0x00007fffcae80000 - 0x00007fffcaed5000 	C:\WINDOWS\System32\shlwapi.dll
0x00007fffc8ed0000 - 0x00007fffc8eef000 	C:\WINDOWS\SYSTEM32\profapi.dll
0x00007fff51ff0000 - 0x00007fff5200a000 	C:\Program Files\Android\Android Studio\jre\bin\net.dll
0x00007fffbf550000 - 0x00007fffbf65c000 	C:\WINDOWS\SYSTEM32\WINHTTP.dll
0x00007fffc8670000 - 0x00007fffc86da000 	C:\WINDOWS\system32\mswsock.dll
0x00007fff4e2b0000 - 0x00007fff4e2c4000 	C:\Program Files\Android\Android Studio\jre\bin\nio.dll
0x00007fffc3840000 - 0x00007fffc3867000 	C:\Users\Asus\.gradle\native\e1d6ef7f7dcc3fd88c89a11ec53ec762bb8ba0a96d01ffa2cd45eb1d1d8dd5c5\windows-amd64\native-platform.dll
0x00007fffc3a60000 - 0x00007fffc3ba4000 	C:\Users\Asus\.gradle\native\5664cfc778a61ccfe75a443a1ab52a65af34e5dc3c78e0209fed803814484fcb\windows-amd64\native-platform-file-events.dll
0x00007fffbdcd0000 - 0x00007fffbdcda000 	C:\Program Files\Android\Android Studio\jre\bin\management.dll
0x00007fffb9700000 - 0x00007fffb970d000 	C:\Program Files\Android\Android Studio\jre\bin\management_ext.dll
0x00007fffc88d0000 - 0x00007fffc88e8000 	C:\WINDOWS\SYSTEM32\CRYPTSP.dll
0x00007fffc7f90000 - 0x00007fffc7fc4000 	C:\WINDOWS\system32\rsaenh.dll
0x00007fffc93b0000 - 0x00007fffc93d7000 	C:\WINDOWS\System32\bcrypt.dll
0x00007fffc8e50000 - 0x00007fffc8e7e000 	C:\WINDOWS\SYSTEM32\USERENV.dll
0x00007fffc88f0000 - 0x00007fffc88fc000 	C:\WINDOWS\SYSTEM32\CRYPTBASE.dll
0x00007fffc8360000 - 0x00007fffc839b000 	C:\WINDOWS\SYSTEM32\IPHLPAPI.DLL
0x00007fffc9b30000 - 0x00007fffc9b38000 	C:\WINDOWS\System32\NSI.dll
0x00007fffc1700000 - 0x00007fffc1717000 	C:\WINDOWS\SYSTEM32\dhcpcsvc6.DLL
0x00007fffc16e0000 - 0x00007fffc16fd000 	C:\WINDOWS\SYSTEM32\dhcpcsvc.DLL
0x00007fffc83a0000 - 0x00007fffc846a000 	C:\WINDOWS\SYSTEM32\DNSAPI.dll
0x00007fff4ded0000 - 0x00007fff4def7000 	C:\Program Files\Android\Android Studio\jre\bin\sunec.dll
0x00007fffc80b0000 - 0x00007fffc80e3000 	C:\WINDOWS\SYSTEM32\ntmarta.dll

dbghelp: loaded successfully - version: 4.0.5 - missing functions: none
symbol engine: initialized successfully - sym options: 0x614 - pdb path: .;C:\Program Files\Android\Android Studio\jre\bin;C:\WINDOWS\SYSTEM32;C:\WINDOWS\WinSxS\amd64_microsoft.windows.common-controls_6595b64144ccf1df_6.0.19041.1110_none_60b5254171f9507e;C:\Program Files\Android\Android Studio\jre\bin\server;C:\Users\Asus\.gradle\native\e1d6ef7f7dcc3fd88c89a11ec53ec762bb8ba0a96d01ffa2cd45eb1d1d8dd5c5\windows-amd64;C:\Users\Asus\.gradle\native\5664cfc778a61ccfe75a443a1ab52a65af34e5dc3c78e0209fed803814484fcb\windows-amd64

VM Arguments:
jvm_args: --add-opens=java.base/java.util=ALL-UNNAMED --add-opens=java.base/java.lang=ALL-UNNAMED --add-opens=java.base/java.lang.invoke=ALL-UNNAMED --add-opens=java.base/java.util=ALL-UNNAMED --add-opens=java.prefs/java.util.prefs=ALL-UNNAMED --add-opens=java.prefs/java.util.prefs=ALL-UNNAMED --add-opens=java.base/java.nio.charset=ALL-UNNAMED --add-opens=java.base/java.net=ALL-UNNAMED --add-opens=java.base/java.util.concurrent.atomic=ALL-UNNAMED -Xmx2048m -Dfile.encoding=UTF-8 -Duser.country=US -Duser.language=en -Duser.variant 
java_command: org.gradle.launcher.daemon.bootstrap.GradleDaemon 7.3.3
java_class_path (initial): C:\Users\Asus\.gradle\wrapper\dists\gradle-7.3.3-bin\6a41zxkdtcxs8rphpq6y0069z\gradle-7.3.3\lib\gradle-launcher-7.3.3.jar
Launcher Type: SUN_STANDARD

[Global flags]
     intx CICompilerCount                          = 4                                         {product} {ergonomic}
     uint ConcGCThreads                            = 2                                         {product} {ergonomic}
     uint G1ConcRefinementThreads                  = 8                                         {product} {ergonomic}
   size_t G1HeapRegionSize                         = 1048576                                   {product} {ergonomic}
    uintx GCDrainStackTargetSize                   = 64                                        {product} {ergonomic}
   size_t InitialHeapSize                          = 132120576                                 {product} {ergonomic}
   size_t MarkStackSize                            = 4194304                                   {product} {ergonomic}
   size_t MaxHeapSize                              = 2147483648                                {product} {command line}
   size_t MaxNewSize                               = 1287651328                                {product} {ergonomic}
   size_t MinHeapDeltaBytes                        = 1048576                                   {product} {ergonomic}
    uintx NonNMethodCodeHeapSize                   = 5836300                                {pd product} {ergonomic}
    uintx NonProfiledCodeHeapSize                  = 122910970                              {pd product} {ergonomic}
    uintx ProfiledCodeHeapSize                     = 122910970                              {pd product} {ergonomic}
    uintx ReservedCodeCacheSize                    = 251658240                              {pd product} {ergonomic}
     bool SegmentedCodeCache                       = true                                      {product} {ergonomic}
     bool UseCompressedClassPointers               = true                                 {lp64_product} {ergonomic}
     bool UseCompressedOops                        = true                                 {lp64_product} {ergonomic}
     bool UseG1GC                                  = true                                      {product} {ergonomic}
     bool UseLargePagesIndividualAllocation        = false                                  {pd product} {ergonomic}

Logging:
Log output configuration:
 #0: stdout all=warning uptime,level,tags
 #1: stderr all=off uptime,level,tags

Environment Variables:
PATH=C:\Program Files (x86)\Common Files\Intel\Shared Libraries\redist\intel64\compiler;C:\Program Files\Microsoft MPI\Bin\;C:\WINDOWS\system32;C:\WINDOWS;C:\WINDOWS\System32\Wbem;C:\WINDOWS\System32\WindowsPowerShell\v1.0\;C:\WINDOWS\System32\OpenSSH\;C:\Program Files\dotnet\;C:\Program Files\Microsoft SQL Server\130\Tools\Binn\;C:\Program Files (x86)\dotnet\;C:\Program Files\Microsoft SQL Server\Client SDK\ODBC\170\Tools\Binn\;C:\Program Files\Azure Data Studio\bin;C:\Program Files (x86)\Microsoft SQL Server\150\Tools\Binn\;C:\Program Files\Microsoft SQL Server\150\Tools\Binn\;C:\Program Files (x86)\Microsoft SQL Server\150\DTS\Binn\;C:\Program Files\Microsoft SQL Server\150\DTS\Binn\;C:\Program Files\Git\cmd;C:\Users\Asus\AppData\Local\Microsoft\WindowsApps;C:\Users\Asus\.dotnet\tools;C:\Program Files\Azure Data Studio\bin;C:\Users\Asus\AppData\Local\Programs\Microsoft VS Code\bin;C:\Users\Asus\AppData\Local\GitHubDesktop\bin
USERNAME=Asus
OS=Windows_NT
PROCESSOR_IDENTIFIER=Intel64 Family 6 Model 142 Stepping 12, GenuineIntel



---------------  S Y S T E M  ---------------

OS: Windows 10 , 64 bit Build 19041 (10.0.19041.2251)
OS uptime: 0 days 1:19 hours

CPU:total 8 (initial active 8) (4 cores per cpu, 2 threads per core) family 6 model 142 stepping 12 microcode 0xca, cmov, cx8, fxsr, mmx, sse, sse2, sse3, ssse3, sse4.1, sse4.2, popcnt, avx, avx2, aes, clmul, erms, 3dnowpref, lzcnt, ht, tsc, tscinvbit, bmi1, bmi2, adx, fma

Memory: 4k page, system-wide physical 8028M (604M free)
TotalPageFile size 12028M (AvailPageFile size 189M)
current process WorkingSet (physical memory assigned to process): 519M, peak: 529M
current process commit charge ("private bytes"): 601M, peak: 813M

vm_info: OpenJDK 64-Bit Server VM (11.0.13+0-b1751.21-8125866) for windows-amd64 JRE (11.0.13+0-b1751.21-8125866), built on Feb  2 2022 03:00:22 by "builder" with MS VC++ 14.0 (VS2015)

END.
