#
# There is insufficient memory for the Java Runtime Environment to continue.
# Native memory allocation (malloc) failed to allocate 291536 bytes for Chunk::new
# Possible reasons:
#   The system is out of physical RAM or swap space
#   The process is running with CompressedOops enabled, and the Java Heap may be blocking the growth of the native heap
# Possible solutions:
#   Reduce memory load on the system
#   Increase physical memory or swap space
#   Check if swap backing store is full
#   Decrease Java heap size (-Xmx/-Xms)
#   Decrease number of Java threads
#   Decrease Java thread stack sizes (-Xss)
#   Set larger code cache with -XX:ReservedCodeCacheSize=
#   JVM is running with Unscaled Compressed Oops mode in which the Java heap is
#     placed in the first 4GB address space. The Java Heap base address is the
#     maximum limit for the native heap growth. Please use -XX:HeapBaseMinAddress
#     to set the Java Heap base and to place the Java Heap above 4GB virtual address.
# This output file may be truncated or incomplete.
#
#  Out of Memory Error (./src/hotspot/share/memory/arena.cpp:197), pid=11780, tid=16268
#
# JRE version: OpenJDK Runtime Environment (11.0.13) (build 11.0.13+0-b1751.21-8125866)
# Java VM: OpenJDK 64-Bit Server VM (11.0.13+0-b1751.21-8125866, mixed mode, tiered, compressed oops, g1 gc, windows-amd64)
# No core dump will be written. Minidumps are not enabled by default on client versions of Windows
#

---------------  S U M M A R Y ------------

Command Line: --add-opens=java.base/java.util=ALL-UNNAMED --add-opens=java.base/java.lang=ALL-UNNAMED --add-opens=java.base/java.lang.invoke=ALL-UNNAMED --add-opens=java.base/java.util=ALL-UNNAMED --add-opens=java.prefs/java.util.prefs=ALL-UNNAMED --add-opens=java.prefs/java.util.prefs=ALL-UNNAMED --add-opens=java.base/java.nio.charset=ALL-UNNAMED --add-opens=java.base/java.net=ALL-UNNAMED --add-opens=java.base/java.util.concurrent.atomic=ALL-UNNAMED -Xmx2048m -Dfile.encoding=UTF-8 -Duser.country=US -Duser.language=en -Duser.variant org.gradle.launcher.daemon.bootstrap.GradleDaemon 7.3.3

Host: Intel(R) Core(TM) i5-10210U CPU @ 1.60GHz, 8 cores, 7G,  Windows 10 , 64 bit Build 19041 (10.0.19041.2251)
Time: Fri Dec  2 10:02:39 2022 SE Asia Standard Time elapsed time: 8.719145 seconds (0d 0h 0m 8s)

---------------  T H R E A D  ---------------

Current thread (0x00000156dfb80800):  JavaThread "C2 CompilerThread0" daemon [_thread_in_native, id=16268, stack(0x0000001feaf00000,0x0000001feb000000)]


Current CompileTask:
C2:   8719 1854 %     4       java.io.WinNTFileSystem::normalize @ 58 (224 bytes)

Stack: [0x0000001feaf00000,0x0000001feb000000]
Native frames: (J=compiled Java code, j=interpreted, Vv=VM code, C=native code)
V  [jvm.dll+0x6100fa]
V  [jvm.dll+0x747090]
V  [jvm.dll+0x7486ad]
V  [jvm.dll+0x748d83]
V  [jvm.dll+0x24ab48]
V  [jvm.dll+0xc04dc]
V  [jvm.dll+0xc0a0c]
V  [jvm.dll+0x35eb5b]
V  [jvm.dll+0x32b833]
V  [jvm.dll+0x32ad2a]
V  [jvm.dll+0x2032b2]
V  [jvm.dll+0x202437]
V  [jvm.dll+0x188e01]
V  [jvm.dll+0x21106b]
V  [jvm.dll+0x20f8c1]
V  [jvm.dll+0x70de0f]
V  [jvm.dll+0x706a75]
V  [jvm.dll+0x60ed66]
C  [ucrtbase.dll+0x21bb2]
C  [KERNEL32.DLL+0x174b4]
C  [ntdll.dll+0x526a1]


---------------  P R O C E S S  ---------------

Threads class SMR info:
_java_thread_list=0x00000156e1cb1960, length=20, elements={
0x00000156c4d4e000, 0x00000156df1f2800, 0x00000156df1f4000, 0x00000156dfb7b000,
0x00000156dfb7c000, 0x00000156dfb7d000, 0x00000156dfb80800, 0x00000156df21d800,
0x00000156df227000, 0x00000156dfcd3000, 0x00000156e1160000, 0x00000156e0129000,
0x00000156dfdd9800, 0x00000156e1a56800, 0x00000156e0b7f800, 0x00000156e1a09000,
0x00000156e139a000, 0x00000156dfc7c800, 0x00000156e0b80800, 0x00000156dfe30000
}

Java Threads: ( => current thread )
  0x00000156c4d4e000 JavaThread "main" [_thread_blocked, id=11600, stack(0x0000001fea300000,0x0000001fea400000)]
  0x00000156df1f2800 JavaThread "Reference Handler" daemon [_thread_blocked, id=8616, stack(0x0000001feaa00000,0x0000001feab00000)]
  0x00000156df1f4000 JavaThread "Finalizer" daemon [_thread_blocked, id=2756, stack(0x0000001feab00000,0x0000001feac00000)]
  0x00000156dfb7b000 JavaThread "Signal Dispatcher" daemon [_thread_blocked, id=14512, stack(0x0000001feac00000,0x0000001fead00000)]
  0x00000156dfb7c000 JavaThread "Attach Listener" daemon [_thread_blocked, id=14748, stack(0x0000001fead00000,0x0000001feae00000)]
  0x00000156dfb7d000 JavaThread "Service Thread" daemon [_thread_blocked, id=2720, stack(0x0000001feae00000,0x0000001feaf00000)]
=>0x00000156dfb80800 JavaThread "C2 CompilerThread0" daemon [_thread_in_native, id=16268, stack(0x0000001feaf00000,0x0000001feb000000)]
  0x00000156df21d800 JavaThread "C1 CompilerThread0" daemon [_thread_blocked, id=18236, stack(0x0000001feb000000,0x0000001feb100000)]
  0x00000156df227000 JavaThread "Sweeper thread" daemon [_thread_blocked, id=17492, stack(0x0000001feb100000,0x0000001feb200000)]
  0x00000156dfcd3000 JavaThread "Common-Cleaner" daemon [_thread_blocked, id=13812, stack(0x0000001feb200000,0x0000001feb300000)]
  0x00000156e1160000 JavaThread "Daemon health stats" [_thread_blocked, id=11656, stack(0x0000001feb800000,0x0000001feb900000)]
  0x00000156e0129000 JavaThread "Incoming local TCP Connector on port 55692" [_thread_in_native, id=17900, stack(0x0000001feb400000,0x0000001feb500000)]
  0x00000156dfdd9800 JavaThread "Daemon periodic checks" [_thread_blocked, id=10808, stack(0x0000001feb500000,0x0000001feb600000)]
  0x00000156e1a56800 JavaThread "Daemon" [_thread_blocked, id=15548, stack(0x0000001feb900000,0x0000001feba00000)]
  0x00000156e0b7f800 JavaThread "Handler for socket connection from /127.0.0.1:55692 to /127.0.0.1:55693" [_thread_in_native, id=4664, stack(0x0000001feba00000,0x0000001febb00000)]
  0x00000156e1a09000 JavaThread "Cancel handler" [_thread_blocked, id=16156, stack(0x0000001febb00000,0x0000001febc00000)]
  0x00000156e139a000 JavaThread "Daemon worker" [_thread_in_vm, id=1208, stack(0x0000001febc00000,0x0000001febd00000)]
  0x00000156dfc7c800 JavaThread "Asynchronous log dispatcher for DefaultDaemonConnection: socket connection from /127.0.0.1:55692 to /127.0.0.1:55693" [_thread_blocked, id=14396, stack(0x0000001febd00000,0x0000001febe00000)]
  0x00000156e0b80800 JavaThread "Stdin handler" [_thread_blocked, id=10032, stack(0x0000001febe00000,0x0000001febf00000)]
  0x00000156dfe30000 JavaThread "Daemon client event forwarder" [_thread_blocked, id=15336, stack(0x0000001febf00000,0x0000001fec000000)]

Other Threads:
  0x00000156df1ee800 VMThread "VM Thread" [stack: 0x0000001fea900000,0x0000001feaa00000] [id=9292]
  0x00000156dfcec000 WatcherThread [stack: 0x0000001feb300000,0x0000001feb400000] [id=15968]
  0x00000156c4d66000 GCTaskThread "GC Thread#0" [stack: 0x0000001fea400000,0x0000001fea500000] [id=11124]
  0x00000156e0a16000 GCTaskThread "GC Thread#1" [stack: 0x0000001feb600000,0x0000001feb700000] [id=10684]
  0x00000156e055e800 GCTaskThread "GC Thread#2" [stack: 0x0000001feb700000,0x0000001feb800000] [id=18216]
  0x00000156e1037000 GCTaskThread "GC Thread#3" [stack: 0x0000001fec000000,0x0000001fec100000] [id=2400]
  0x00000156e1031000 GCTaskThread "GC Thread#4" [stack: 0x0000001fec100000,0x0000001fec200000] [id=15420]
  0x00000156e131a000 GCTaskThread "GC Thread#5" [stack: 0x0000001fec200000,0x0000001fec300000] [id=16960]
  0x00000156e131e800 GCTaskThread "GC Thread#6" [stack: 0x0000001fec300000,0x0000001fec400000] [id=1992]
  0x00000156e131f000 GCTaskThread "GC Thread#7" [stack: 0x0000001fec400000,0x0000001fec500000] [id=11220]
  0x00000156c4d96000 ConcurrentGCThread "G1 Main Marker" [stack: 0x0000001fea500000,0x0000001fea600000] [id=17548]
  0x00000156c4d98800 ConcurrentGCThread "G1 Conc#0" [stack: 0x0000001fea600000,0x0000001fea700000] [id=14560]
  0x00000156df040800 ConcurrentGCThread "G1 Refine#0" [stack: 0x0000001fea700000,0x0000001fea800000] [id=2656]
  0x00000156df041800 ConcurrentGCThread "G1 Young RemSet Sampling" [stack: 0x0000001fea800000,0x0000001fea900000] [id=12468]

Threads with active compile tasks:
C2 CompilerThread0   8762 1854 %     4       java.io.WinNTFileSystem::normalize @ 58 (224 bytes)

VM state:not at safepoint (normal execution)

VM Mutex/Monitor currently owned by a thread: None

Heap address: 0x0000000080000000, size: 2048 MB, Compressed Oops mode: 32-bit
Narrow klass base: 0x0000000000000000, Narrow klass shift: 3
Compressed class space size: 1073741824 Address: 0x0000000100000000

Heap:
 garbage-first heap   total 129024K, used 36403K [0x0000000080000000, 0x0000000100000000)
  region size 1024K, 31 young (31744K), 10 survivors (10240K)
 Metaspace       used 19622K, capacity 20019K, committed 20224K, reserved 1067008K
  class space    used 2375K, capacity 2504K, committed 2560K, reserved 1048576K
Heap Regions: E=young(eden), S=young(survivor), O=old, HS=humongous(starts), HC=humongous(continues), CS=collection set, F=free, A=archive, TAMS=top-at-mark-start (previous, next)
|   0|0x0000000080000000, 0x0000000080000000, 0x0000000080100000|  0%| F|  |TAMS 0x0000000080000000, 0x0000000080000000| Untracked 
|   1|0x0000000080100000, 0x0000000080100000, 0x0000000080200000|  0%| F|  |TAMS 0x0000000080100000, 0x0000000080100000| Untracked 
|   2|0x0000000080200000, 0x0000000080200000, 0x0000000080300000|  0%| F|  |TAMS 0x0000000080200000, 0x0000000080200000| Untracked 
|   3|0x0000000080300000, 0x0000000080400000, 0x0000000080400000|100%|HS|  |TAMS 0x0000000080300000, 0x0000000080300000| Complete 
|   4|0x0000000080400000, 0x0000000080500000, 0x0000000080500000|100%|HC|  |TAMS 0x0000000080400000, 0x0000000080400000| Complete 
|   5|0x0000000080500000, 0x0000000080600000, 0x0000000080600000|100%|HC|  |TAMS 0x0000000080500000, 0x0000000080500000| Complete 
|   6|0x0000000080600000, 0x0000000080700000, 0x0000000080700000|100%| O|  |TAMS 0x0000000080600000, 0x0000000080600000| Untracked 
|   7|0x0000000080700000, 0x0000000080800000, 0x0000000080800000|100%| O|  |TAMS 0x0000000080700000, 0x0000000080700000| Untracked 
|   8|0x0000000080800000, 0x00000000808cb400, 0x0000000080900000| 79%| O|  |TAMS 0x0000000080800000, 0x0000000080800000| Untracked 
|   9|0x0000000080900000, 0x0000000080900000, 0x0000000080a00000|  0%| F|  |TAMS 0x0000000080900000, 0x0000000080900000| Untracked 
|  10|0x0000000080a00000, 0x0000000080a00000, 0x0000000080b00000|  0%| F|  |TAMS 0x0000000080a00000, 0x0000000080a00000| Untracked 
|  11|0x0000000080b00000, 0x0000000080b00000, 0x0000000080c00000|  0%| F|  |TAMS 0x0000000080b00000, 0x0000000080b00000| Untracked 
|  12|0x0000000080c00000, 0x0000000080c00000, 0x0000000080d00000|  0%| F|  |TAMS 0x0000000080c00000, 0x0000000080c00000| Untracked 
|  13|0x0000000080d00000, 0x0000000080d00000, 0x0000000080e00000|  0%| F|  |TAMS 0x0000000080d00000, 0x0000000080d00000| Untracked 
|  14|0x0000000080e00000, 0x0000000080e00000, 0x0000000080f00000|  0%| F|  |TAMS 0x0000000080e00000, 0x0000000080e00000| Untracked 
|  15|0x0000000080f00000, 0x0000000080f00000, 0x0000000081000000|  0%| F|  |TAMS 0x0000000080f00000, 0x0000000080f00000| Untracked 
|  16|0x0000000081000000, 0x0000000081000000, 0x0000000081100000|  0%| F|  |TAMS 0x0000000081000000, 0x0000000081000000| Untracked 
|  17|0x0000000081100000, 0x0000000081100000, 0x0000000081200000|  0%| F|  |TAMS 0x0000000081100000, 0x0000000081100000| Untracked 
|  18|0x0000000081200000, 0x0000000081200000, 0x0000000081300000|  0%| F|  |TAMS 0x0000000081200000, 0x0000000081200000| Untracked 
|  19|0x0000000081300000, 0x0000000081300000, 0x0000000081400000|  0%| F|  |TAMS 0x0000000081300000, 0x0000000081300000| Untracked 
|  20|0x0000000081400000, 0x0000000081400000, 0x0000000081500000|  0%| F|  |TAMS 0x0000000081400000, 0x0000000081400000| Untracked 
|  21|0x0000000081500000, 0x0000000081500000, 0x0000000081600000|  0%| F|  |TAMS 0x0000000081500000, 0x0000000081500000| Untracked 
|  22|0x0000000081600000, 0x0000000081600000, 0x0000000081700000|  0%| F|  |TAMS 0x0000000081600000, 0x0000000081600000| Untracked 
|  23|0x0000000081700000, 0x0000000081700000, 0x0000000081800000|  0%| F|  |TAMS 0x0000000081700000, 0x0000000081700000| Untracked 
|  24|0x0000000081800000, 0x0000000081800000, 0x0000000081900000|  0%| F|  |TAMS 0x0000000081800000, 0x0000000081800000| Untracked 
|  25|0x0000000081900000, 0x0000000081900000, 0x0000000081a00000|  0%| F|  |TAMS 0x0000000081900000, 0x0000000081900000| Untracked 
|  26|0x0000000081a00000, 0x0000000081a00000, 0x0000000081b00000|  0%| F|  |TAMS 0x0000000081a00000, 0x0000000081a00000| Untracked 
|  27|0x0000000081b00000, 0x0000000081b00000, 0x0000000081c00000|  0%| F|  |TAMS 0x0000000081b00000, 0x0000000081b00000| Untracked 
|  28|0x0000000081c00000, 0x0000000081c00000, 0x0000000081d00000|  0%| F|  |TAMS 0x0000000081c00000, 0x0000000081c00000| Untracked 
|  29|0x0000000081d00000, 0x0000000081d00000, 0x0000000081e00000|  0%| F|  |TAMS 0x0000000081d00000, 0x0000000081d00000| Untracked 
|  30|0x0000000081e00000, 0x0000000081e00000, 0x0000000081f00000|  0%| F|  |TAMS 0x0000000081e00000, 0x0000000081e00000| Untracked 
|  31|0x0000000081f00000, 0x0000000081f00000, 0x0000000082000000|  0%| F|  |TAMS 0x0000000081f00000, 0x0000000081f00000| Untracked 
|  32|0x0000000082000000, 0x0000000082000000, 0x0000000082100000|  0%| F|  |TAMS 0x0000000082000000, 0x0000000082000000| Untracked 
|  33|0x0000000082100000, 0x0000000082100000, 0x0000000082200000|  0%| F|  |TAMS 0x0000000082100000, 0x0000000082100000| Untracked 
|  34|0x0000000082200000, 0x0000000082200000, 0x0000000082300000|  0%| F|  |TAMS 0x0000000082200000, 0x0000000082200000| Untracked 
|  35|0x0000000082300000, 0x0000000082300000, 0x0000000082400000|  0%| F|  |TAMS 0x0000000082300000, 0x0000000082300000| Untracked 
|  36|0x0000000082400000, 0x0000000082400000, 0x0000000082500000|  0%| F|  |TAMS 0x0000000082400000, 0x0000000082400000| Untracked 
|  37|0x0000000082500000, 0x0000000082500000, 0x0000000082600000|  0%| F|  |TAMS 0x0000000082500000, 0x0000000082500000| Untracked 
|  38|0x0000000082600000, 0x0000000082600000, 0x0000000082700000|  0%| F|  |TAMS 0x0000000082600000, 0x0000000082600000| Untracked 
|  39|0x0000000082700000, 0x0000000082700000, 0x0000000082800000|  0%| F|  |TAMS 0x0000000082700000, 0x0000000082700000| Untracked 
|  40|0x0000000082800000, 0x0000000082800000, 0x0000000082900000|  0%| F|  |TAMS 0x0000000082800000, 0x0000000082800000| Untracked 
|  41|0x0000000082900000, 0x00000000829c1a40, 0x0000000082a00000| 75%| S|CS|TAMS 0x0000000082900000, 0x0000000082900000| Complete 
|  42|0x0000000082a00000, 0x0000000082b00000, 0x0000000082b00000|100%| S|CS|TAMS 0x0000000082a00000, 0x0000000082a00000| Complete 
|  43|0x0000000082b00000, 0x0000000082c00000, 0x0000000082c00000|100%| S|CS|TAMS 0x0000000082b00000, 0x0000000082b00000| Complete 
|  44|0x0000000082c00000, 0x0000000082d00000, 0x0000000082d00000|100%| S|CS|TAMS 0x0000000082c00000, 0x0000000082c00000| Complete 
|  45|0x0000000082d00000, 0x0000000082e00000, 0x0000000082e00000|100%| S|CS|TAMS 0x0000000082d00000, 0x0000000082d00000| Complete 
|  46|0x0000000082e00000, 0x0000000082f00000, 0x0000000082f00000|100%| S|CS|TAMS 0x0000000082e00000, 0x0000000082e00000| Complete 
|  47|0x0000000082f00000, 0x0000000083000000, 0x0000000083000000|100%| S|CS|TAMS 0x0000000082f00000, 0x0000000082f00000| Complete 
|  48|0x0000000083000000, 0x0000000083100000, 0x0000000083100000|100%| S|CS|TAMS 0x0000000083000000, 0x0000000083000000| Complete 
|  49|0x0000000083100000, 0x0000000083200000, 0x0000000083200000|100%| S|CS|TAMS 0x0000000083100000, 0x0000000083100000| Complete 
|  50|0x0000000083200000, 0x0000000083300000, 0x0000000083300000|100%| S|CS|TAMS 0x0000000083200000, 0x0000000083200000| Complete 
|  51|0x0000000083300000, 0x0000000083300000, 0x0000000083400000|  0%| F|  |TAMS 0x0000000083300000, 0x0000000083300000| Untracked 
|  52|0x0000000083400000, 0x0000000083400000, 0x0000000083500000|  0%| F|  |TAMS 0x0000000083400000, 0x0000000083400000| Untracked 
|  53|0x0000000083500000, 0x0000000083500000, 0x0000000083600000|  0%| F|  |TAMS 0x0000000083500000, 0x0000000083500000| Untracked 
|  54|0x0000000083600000, 0x0000000083600000, 0x0000000083700000|  0%| F|  |TAMS 0x0000000083600000, 0x0000000083600000| Untracked 
|  55|0x0000000083700000, 0x0000000083700000, 0x0000000083800000|  0%| F|  |TAMS 0x0000000083700000, 0x0000000083700000| Untracked 
|  56|0x0000000083800000, 0x0000000083800000, 0x0000000083900000|  0%| F|  |TAMS 0x0000000083800000, 0x0000000083800000| Untracked 
|  57|0x0000000083900000, 0x0000000083900000, 0x0000000083a00000|  0%| F|  |TAMS 0x0000000083900000, 0x0000000083900000| Untracked 
|  58|0x0000000083a00000, 0x0000000083a00000, 0x0000000083b00000|  0%| F|  |TAMS 0x0000000083a00000, 0x0000000083a00000| Untracked 
|  59|0x0000000083b00000, 0x0000000083b00000, 0x0000000083c00000|  0%| F|  |TAMS 0x0000000083b00000, 0x0000000083b00000| Untracked 
|  60|0x0000000083c00000, 0x0000000083c00000, 0x0000000083d00000|  0%| F|  |TAMS 0x0000000083c00000, 0x0000000083c00000| Untracked 
|  61|0x0000000083d00000, 0x0000000083d00000, 0x0000000083e00000|  0%| F|  |TAMS 0x0000000083d00000, 0x0000000083d00000| Untracked 
|  62|0x0000000083e00000, 0x0000000083e00000, 0x0000000083f00000|  0%| F|  |TAMS 0x0000000083e00000, 0x0000000083e00000| Untracked 
|  63|0x0000000083f00000, 0x0000000083f00000, 0x0000000084000000|  0%| F|  |TAMS 0x0000000083f00000, 0x0000000083f00000| Untracked 
|  64|0x0000000084000000, 0x0000000084000000, 0x0000000084100000|  0%| F|  |TAMS 0x0000000084000000, 0x0000000084000000| Untracked 
|  65|0x0000000084100000, 0x0000000084100000, 0x0000000084200000|  0%| F|  |TAMS 0x0000000084100000, 0x0000000084100000| Untracked 
|  66|0x0000000084200000, 0x0000000084200000, 0x0000000084300000|  0%| F|  |TAMS 0x0000000084200000, 0x0000000084200000| Untracked 
|  67|0x0000000084300000, 0x0000000084300000, 0x0000000084400000|  0%| F|  |TAMS 0x0000000084300000, 0x0000000084300000| Untracked 
|  68|0x0000000084400000, 0x0000000084400000, 0x0000000084500000|  0%| F|  |TAMS 0x0000000084400000, 0x0000000084400000| Untracked 
|  69|0x0000000084500000, 0x0000000084500000, 0x0000000084600000|  0%| F|  |TAMS 0x0000000084500000, 0x0000000084500000| Untracked 
|  70|0x0000000084600000, 0x0000000084600000, 0x0000000084700000|  0%| F|  |TAMS 0x0000000084600000, 0x0000000084600000| Untracked 
|  71|0x0000000084700000, 0x0000000084700000, 0x0000000084800000|  0%| F|  |TAMS 0x0000000084700000, 0x0000000084700000| Untracked 
|  72|0x0000000084800000, 0x0000000084800000, 0x0000000084900000|  0%| F|  |TAMS 0x0000000084800000, 0x0000000084800000| Untracked 
|  73|0x0000000084900000, 0x0000000084900000, 0x0000000084a00000|  0%| F|  |TAMS 0x0000000084900000, 0x0000000084900000| Untracked 
|  74|0x0000000084a00000, 0x0000000084a00000, 0x0000000084b00000|  0%| F|  |TAMS 0x0000000084a00000, 0x0000000084a00000| Untracked 
|  75|0x0000000084b00000, 0x0000000084b00000, 0x0000000084c00000|  0%| F|  |TAMS 0x0000000084b00000, 0x0000000084b00000| Untracked 
|  76|0x0000000084c00000, 0x0000000084c00000, 0x0000000084d00000|  0%| F|  |TAMS 0x0000000084c00000, 0x0000000084c00000| Untracked 
|  77|0x0000000084d00000, 0x0000000084d00000, 0x0000000084e00000|  0%| F|  |TAMS 0x0000000084d00000, 0x0000000084d00000| Untracked 
|  78|0x0000000084e00000, 0x0000000084e00000, 0x0000000084f00000|  0%| F|  |TAMS 0x0000000084e00000, 0x0000000084e00000| Untracked 
|  79|0x0000000084f00000, 0x0000000084f00000, 0x0000000085000000|  0%| F|  |TAMS 0x0000000084f00000, 0x0000000084f00000| Untracked 
|  80|0x0000000085000000, 0x0000000085000000, 0x0000000085100000|  0%| F|  |TAMS 0x0000000085000000, 0x0000000085000000| Untracked 
|  81|0x0000000085100000, 0x0000000085100000, 0x0000000085200000|  0%| F|  |TAMS 0x0000000085100000, 0x0000000085100000| Untracked 
|  82|0x0000000085200000, 0x0000000085200000, 0x0000000085300000|  0%| F|  |TAMS 0x0000000085200000, 0x0000000085200000| Untracked 
|  83|0x0000000085300000, 0x0000000085300000, 0x0000000085400000|  0%| F|  |TAMS 0x0000000085300000, 0x0000000085300000| Untracked 
|  84|0x0000000085400000, 0x0000000085400000, 0x0000000085500000|  0%| F|  |TAMS 0x0000000085400000, 0x0000000085400000| Untracked 
|  85|0x0000000085500000, 0x0000000085500000, 0x0000000085600000|  0%| F|  |TAMS 0x0000000085500000, 0x0000000085500000| Untracked 
|  86|0x0000000085600000, 0x0000000085600000, 0x0000000085700000|  0%| F|  |TAMS 0x0000000085600000, 0x0000000085600000| Untracked 
|  87|0x0000000085700000, 0x0000000085700000, 0x0000000085800000|  0%| F|  |TAMS 0x0000000085700000, 0x0000000085700000| Untracked 
|  88|0x0000000085800000, 0x0000000085800000, 0x0000000085900000|  0%| F|  |TAMS 0x0000000085800000, 0x0000000085800000| Untracked 
|  89|0x0000000085900000, 0x0000000085900000, 0x0000000085a00000|  0%| F|  |TAMS 0x0000000085900000, 0x0000000085900000| Untracked 
|  90|0x0000000085a00000, 0x0000000085a00000, 0x0000000085b00000|  0%| F|  |TAMS 0x0000000085a00000, 0x0000000085a00000| Untracked 
|  91|0x0000000085b00000, 0x0000000085b00000, 0x0000000085c00000|  0%| F|  |TAMS 0x0000000085b00000, 0x0000000085b00000| Untracked 
|  92|0x0000000085c00000, 0x0000000085c00000, 0x0000000085d00000|  0%| F|  |TAMS 0x0000000085c00000, 0x0000000085c00000| Untracked 
|  93|0x0000000085d00000, 0x0000000085d00000, 0x0000000085e00000|  0%| F|  |TAMS 0x0000000085d00000, 0x0000000085d00000| Untracked 
|  94|0x0000000085e00000, 0x0000000085e00000, 0x0000000085f00000|  0%| F|  |TAMS 0x0000000085e00000, 0x0000000085e00000| Untracked 
|  95|0x0000000085f00000, 0x0000000085f00000, 0x0000000086000000|  0%| F|  |TAMS 0x0000000085f00000, 0x0000000085f00000| Untracked 
|  96|0x0000000086000000, 0x0000000086000000, 0x0000000086100000|  0%| F|  |TAMS 0x0000000086000000, 0x0000000086000000| Untracked 
|  97|0x0000000086100000, 0x0000000086100000, 0x0000000086200000|  0%| F|  |TAMS 0x0000000086100000, 0x0000000086100000| Untracked 
|  98|0x0000000086200000, 0x0000000086200000, 0x0000000086300000|  0%| F|  |TAMS 0x0000000086200000, 0x0000000086200000| Untracked 
|  99|0x0000000086300000, 0x0000000086300000, 0x0000000086400000|  0%| F|  |TAMS 0x0000000086300000, 0x0000000086300000| Untracked 
| 100|0x0000000086400000, 0x0000000086400000, 0x0000000086500000|  0%| F|  |TAMS 0x0000000086400000, 0x0000000086400000| Untracked 
| 101|0x0000000086500000, 0x0000000086500000, 0x0000000086600000|  0%| F|  |TAMS 0x0000000086500000, 0x0000000086500000| Untracked 
| 102|0x0000000086600000, 0x0000000086600000, 0x0000000086700000|  0%| F|  |TAMS 0x0000000086600000, 0x0000000086600000| Untracked 
| 103|0x0000000086700000, 0x0000000086700000, 0x0000000086800000|  0%| F|  |TAMS 0x0000000086700000, 0x0000000086700000| Untracked 
| 104|0x0000000086800000, 0x0000000086843d70, 0x0000000086900000| 26%| E|  |TAMS 0x0000000086800000, 0x0000000086800000| Complete 
| 105|0x0000000086900000, 0x0000000086a00000, 0x0000000086a00000|100%| E|CS|TAMS 0x0000000086900000, 0x0000000086900000| Complete 
| 106|0x0000000086a00000, 0x0000000086b00000, 0x0000000086b00000|100%| E|CS|TAMS 0x0000000086a00000, 0x0000000086a00000| Complete 
| 107|0x0000000086b00000, 0x0000000086c00000, 0x0000000086c00000|100%| E|CS|TAMS 0x0000000086b00000, 0x0000000086b00000| Complete 
| 108|0x0000000086c00000, 0x0000000086d00000, 0x0000000086d00000|100%| E|CS|TAMS 0x0000000086c00000, 0x0000000086c00000| Complete 
| 109|0x0000000086d00000, 0x0000000086e00000, 0x0000000086e00000|100%| E|CS|TAMS 0x0000000086d00000, 0x0000000086d00000| Complete 
| 110|0x0000000086e00000, 0x0000000086f00000, 0x0000000086f00000|100%| E|CS|TAMS 0x0000000086e00000, 0x0000000086e00000| Complete 
| 111|0x0000000086f00000, 0x0000000087000000, 0x0000000087000000|100%| E|CS|TAMS 0x0000000086f00000, 0x0000000086f00000| Complete 
| 112|0x0000000087000000, 0x0000000087100000, 0x0000000087100000|100%| E|CS|TAMS 0x0000000087000000, 0x0000000087000000| Complete 
| 113|0x0000000087100000, 0x0000000087200000, 0x0000000087200000|100%| E|CS|TAMS 0x0000000087100000, 0x0000000087100000| Complete 
| 114|0x0000000087200000, 0x0000000087300000, 0x0000000087300000|100%| E|CS|TAMS 0x0000000087200000, 0x0000000087200000| Complete 
| 115|0x0000000087300000, 0x0000000087400000, 0x0000000087400000|100%| E|CS|TAMS 0x0000000087300000, 0x0000000087300000| Complete 
| 116|0x0000000087400000, 0x0000000087500000, 0x0000000087500000|100%| E|CS|TAMS 0x0000000087400000, 0x0000000087400000| Complete 
| 117|0x0000000087500000, 0x0000000087600000, 0x0000000087600000|100%| E|CS|TAMS 0x0000000087500000, 0x0000000087500000| Complete 
| 118|0x0000000087600000, 0x0000000087700000, 0x0000000087700000|100%| E|CS|TAMS 0x0000000087600000, 0x0000000087600000| Complete 
| 119|0x0000000087700000, 0x0000000087800000, 0x0000000087800000|100%| E|CS|TAMS 0x0000000087700000, 0x0000000087700000| Complete 
| 120|0x0000000087800000, 0x0000000087900000, 0x0000000087900000|100%| E|CS|TAMS 0x0000000087800000, 0x0000000087800000| Complete 
| 121|0x0000000087900000, 0x0000000087a00000, 0x0000000087a00000|100%| E|CS|TAMS 0x0000000087900000, 0x0000000087900000| Complete 
| 122|0x0000000087a00000, 0x0000000087b00000, 0x0000000087b00000|100%| E|CS|TAMS 0x0000000087a00000, 0x0000000087a00000| Complete 
| 123|0x0000000087b00000, 0x0000000087c00000, 0x0000000087c00000|100%| E|CS|TAMS 0x0000000087b00000, 0x0000000087b00000| Complete 
| 124|0x0000000087c00000, 0x0000000087d00000, 0x0000000087d00000|100%| E|CS|TAMS 0x0000000087c00000, 0x0000000087c00000| Complete 
| 125|0x0000000087d00000, 0x0000000087e00000, 0x0000000087e00000|100%| E|CS|TAMS 0x0000000087d00000, 0x0000000087d00000| Complete 

Card table byte_map: [0x00000156d7fa0000,0x00000156d83a0000] _byte_map_base: 0x00000156d7ba0000

Marking Bits (Prev, Next): (CMBitMap*) 0x00000156c4d8d598, (CMBitMap*) 0x00000156c4d8d5d0
 Prev Bits: [0x00000156d87a0000, 0x00000156da7a0000)
 Next Bits: [0x00000156da7a0000, 0x00000156dc7a0000)

Polling page: 0x00000156c2c30000

Metaspace:

Usage:
  Non-class:     17.10 MB capacity,    16.87 MB ( 99%) used,   210.21 KB (  1%) free+waste,    31.75 KB ( <1%) overhead. 
      Class:      2.45 MB capacity,     2.32 MB ( 95%) used,   112.00 KB (  4%) free+waste,    15.25 KB ( <1%) overhead. 
       Both:     19.55 MB capacity,    19.19 MB ( 98%) used,   322.21 KB (  2%) free+waste,    47.00 KB ( <1%) overhead. 

Virtual space:
  Non-class space:       18.00 MB reserved,      17.25 MB ( 96%) committed 
      Class space:        1.00 GB reserved,       2.50 MB ( <1%) committed 
             Both:        1.02 GB reserved,      19.75 MB (  2%) committed 

Chunk freelists:
   Non-Class:  21.00 KB
       Class:  24.00 KB
        Both:  45.00 KB

MaxMetaspaceSize: 17179869184.00 GB
CompressedClassSpaceSize: 1.00 GB
Initial GC threshold: 20.80 MB
Current GC threshold: 20.80 MB
CDS: off

CodeHeap 'non-profiled nmethods': size=120000Kb used=953Kb max_used=953Kb free=119047Kb
 bounds [0x00000156d0340000, 0x00000156d05b0000, 0x00000156d7870000]
CodeHeap 'profiled nmethods': size=120000Kb used=3856Kb max_used=3856Kb free=116143Kb
 bounds [0x00000156c8e10000, 0x00000156c91e0000, 0x00000156d0340000]
CodeHeap 'non-nmethods': size=5760Kb used=1195Kb max_used=1203Kb free=4564Kb
 bounds [0x00000156c8870000, 0x00000156c8ae0000, 0x00000156c8e10000]
 total_blobs=2328 nmethods=1858 adapters=383
 compilation: enabled
              stopped_count=0, restarted_count=0
 full_count=0

Compilation events (20 events):
Event: 8.398 Thread 0x00000156df21d800 nmethod 1842 0x00000156c91cb410 code [0x00000156c91cb5c0, 0x00000156c91cb6e8]
Event: 8.398 Thread 0x00000156df21d800 1843   !   3       org.gradle.internal.service.DefaultServiceRegistry$ManagedObjectServiceProvider::getInstance (47 bytes)
Event: 8.399 Thread 0x00000156df21d800 nmethod 1843 0x00000156c91cb790 code [0x00000156c91cb980, 0x00000156c91cbf18]
Event: 8.494 Thread 0x00000156dfb80800 1844       4       java.lang.String::concat (115 bytes)
Event: 8.501 Thread 0x00000156dfb80800 nmethod 1844 0x00000156d0429990 code [0x00000156d0429b40, 0x00000156d0429f98]
Event: 8.501 Thread 0x00000156dfb80800 1845       4       java.util.HashMap::getNode (148 bytes)
Event: 8.505 Thread 0x00000156dfb80800 nmethod 1845 0x00000156d042a190 code [0x00000156d042a340, 0x00000156d042a558]
Event: 8.515 Thread 0x00000156dfb80800 1846       4       java.lang.AbstractStringBuilder::append (55 bytes)
Event: 8.540 Thread 0x00000156dfb80800 nmethod 1846 0x00000156d042a710 code [0x00000156d042a8e0, 0x00000156d042b2e8]
Event: 8.541 Thread 0x00000156dfb80800 1847       4       java.util.jar.JarFile::maybeInstantiateVerifier (112 bytes)
Event: 8.555 Thread 0x00000156dfb80800 nmethod 1847 0x00000156d042ba10 code [0x00000156d042bbe0, 0x00000156d042c068]
Event: 8.674 Thread 0x00000156df21d800 1850       3       sun.nio.fs.WindowsPath::elementAsString (62 bytes)
Event: 8.675 Thread 0x00000156df21d800 nmethod 1850 0x00000156c91cc110 code [0x00000156c91cc300, 0x00000156c91cc608]
Event: 8.683 Thread 0x00000156df21d800 1851       3       sun.reflect.generics.visitor.Reifier::make (9 bytes)
Event: 8.683 Thread 0x00000156df21d800 nmethod 1851 0x00000156c91cc890 code [0x00000156c91cca60, 0x00000156c91cccb8]
Event: 8.683 Thread 0x00000156df21d800 1852       3       sun.reflect.generics.visitor.Reifier::<init> (10 bytes)
Event: 8.683 Thread 0x00000156df21d800 nmethod 1852 0x00000156c91ccd90 code [0x00000156c91ccf40, 0x00000156c91cd0f8]
Event: 8.683 Thread 0x00000156df21d800 1853       3       sun.reflect.generics.visitor.Reifier::getResult (26 bytes)
Event: 8.683 Thread 0x00000156df21d800 nmethod 1853 0x00000156c91cd190 code [0x00000156c91cd340, 0x00000156c91cd458]
Event: 8.685 Thread 0x00000156dfb80800 1854 %     4       java.io.WinNTFileSystem::normalize @ 58 (224 bytes)

GC Heap History (4 events):
Event: 1.011 GC heap before
{Heap before GC invocations=0 (full 0):
 garbage-first heap   total 129024K, used 29696K [0x0000000080000000, 0x0000000100000000)
  region size 1024K, 24 young (24576K), 0 survivors (0K)
 Metaspace       used 9879K, capacity 10130K, committed 10368K, reserved 1058816K
  class space    used 1013K, capacity 1102K, committed 1152K, reserved 1048576K
}
Event: 1.017 GC heap after
{Heap after GC invocations=1 (full 0):
 garbage-first heap   total 129024K, used 9005K [0x0000000080000000, 0x0000000100000000)
  region size 1024K, 3 young (3072K), 3 survivors (3072K)
 Metaspace       used 9879K, capacity 10130K, committed 10368K, reserved 1058816K
  class space    used 1013K, capacity 1102K, committed 1152K, reserved 1048576K
}
Event: 8.064 GC heap before
{Heap before GC invocations=1 (full 0):
 garbage-first heap   total 129024K, used 82733K [0x0000000080000000, 0x0000000100000000)
  region size 1024K, 75 young (76800K), 3 survivors (3072K)
 Metaspace       used 17608K, capacity 17983K, committed 18176K, reserved 1064960K
  class space    used 2050K, capacity 2209K, committed 2304K, reserved 1048576K
}
Event: 8.114 GC heap after
{Heap after GC invocations=2 (full 0):
 garbage-first heap   total 129024K, used 15923K [0x0000000080000000, 0x0000000100000000)
  region size 1024K, 10 young (10240K), 10 survivors (10240K)
 Metaspace       used 17608K, capacity 17983K, committed 18176K, reserved 1064960K
  class space    used 2050K, capacity 2209K, committed 2304K, reserved 1048576K
}

Deoptimization events (20 events):
Event: 7.669 Thread 0x00000156c4d4e000 Uncommon trap: trap_request=0xffffffc6 fr.pc=0x00000156d03bcf24 relative=0x0000000000000084
Event: 7.669 Thread 0x00000156c4d4e000 Uncommon trap: reason=bimorphic_or_optimized_type_check action=maybe_recompile pc=0x00000156d03bcf24 method=java.util.AbstractList$Itr.hasNext()Z @ 8 c2
Event: 7.669 Thread 0x00000156c4d4e000 DEOPT PACKING pc=0x00000156d03bcf24 sp=0x0000001fea3fd600
Event: 7.669 Thread 0x00000156c4d4e000 DEOPT UNPACKING pc=0x00000156c88ba1af sp=0x0000001fea3fd598 mode 2
Event: 7.669 Thread 0x00000156c4d4e000 Uncommon trap: trap_request=0xffffffc6 fr.pc=0x00000156d03bd2c0 relative=0x0000000000000100
Event: 7.669 Thread 0x00000156c4d4e000 Uncommon trap: reason=bimorphic_or_optimized_type_check action=maybe_recompile pc=0x00000156d03bd2c0 method=java.util.AbstractList$Itr.next()Ljava/lang/Object; @ 14 c2
Event: 7.669 Thread 0x00000156c4d4e000 DEOPT PACKING pc=0x00000156d03bd2c0 sp=0x0000001fea3fd5f0
Event: 7.669 Thread 0x00000156c4d4e000 DEOPT UNPACKING pc=0x00000156c88ba1af sp=0x0000001fea3fd588 mode 2
Event: 7.754 Thread 0x00000156e0129000 Uncommon trap: trap_request=0xffffffc6 fr.pc=0x00000156d03bcf24 relative=0x0000000000000084
Event: 7.754 Thread 0x00000156e0129000 Uncommon trap: reason=bimorphic_or_optimized_type_check action=maybe_recompile pc=0x00000156d03bcf24 method=java.util.AbstractList$Itr.hasNext()Z @ 8 c2
Event: 7.754 Thread 0x00000156e0129000 DEOPT PACKING pc=0x00000156d03bcf24 sp=0x0000001feb4fe510
Event: 7.754 Thread 0x00000156e0129000 DEOPT UNPACKING pc=0x00000156c88ba1af sp=0x0000001feb4fe4a8 mode 2
Event: 7.754 Thread 0x00000156e0129000 Uncommon trap: trap_request=0xffffffc6 fr.pc=0x00000156d03bd2c0 relative=0x0000000000000100
Event: 7.754 Thread 0x00000156e0129000 Uncommon trap: reason=bimorphic_or_optimized_type_check action=maybe_recompile pc=0x00000156d03bd2c0 method=java.util.AbstractList$Itr.next()Ljava/lang/Object; @ 14 c2
Event: 7.754 Thread 0x00000156e0129000 DEOPT PACKING pc=0x00000156d03bd2c0 sp=0x0000001feb4fe500
Event: 7.754 Thread 0x00000156e0129000 DEOPT UNPACKING pc=0x00000156c88ba1af sp=0x0000001feb4fe498 mode 2
Event: 8.666 Thread 0x00000156e139a000 Uncommon trap: trap_request=0xffffff4d fr.pc=0x00000156d03b6bec relative=0x00000000000005ac
Event: 8.666 Thread 0x00000156e139a000 Uncommon trap: reason=unstable_if action=reinterpret pc=0x00000156d03b6bec method=java.io.File.getName()Ljava/lang/String; @ 16 c2
Event: 8.666 Thread 0x00000156e139a000 DEOPT PACKING pc=0x00000156d03b6bec sp=0x0000001febcfcea0
Event: 8.666 Thread 0x00000156e139a000 DEOPT UNPACKING pc=0x00000156c88ba1af sp=0x0000001febcfce70 mode 2

Classes redefined (0 events):
No events

Internal exceptions (15 events):
Event: 0.252 Thread 0x00000156c4d4e000 Exception <a 'java/lang/NoSuchMethodError'{0x0000000087b2af30}: 'int java.lang.invoke.DirectMethodHandle$Holder.invokeStaticInit(java.lang.Object, java.lang.Object)'> (0x0000000087b2af30) thrown at [./src/hotspot/share/interpreter/linkResolver.cpp, line 773]
Event: 0.308 Thread 0x00000156c4d4e000 Exception <a 'java/lang/NoSuchMethodError'{0x0000000087bf1288}: 'int java.lang.invoke.DirectMethodHandle$Holder.invokeSpecial(java.lang.Object, java.lang.Object, java.lang.Object, java.lang.Object)'> (0x0000000087bf1288) thrown at [./src/hotspot/share/interpreter/linkResolver.cpp, line 773]
Event: 0.318 Thread 0x00000156c4d4e000 Exception <a 'java/lang/NoSuchMethodError'{0x0000000087a29220}: 'int java.lang.invoke.DirectMethodHandle$Holder.invokeSpecialIFC(java.lang.Object, java.lang.Object, int)'> (0x0000000087a29220) thrown at [./src/hotspot/share/interpreter/linkResolver.cpp, line 773]
Event: 0.699 Thread 0x00000156c4d4e000 Exception <a 'java/lang/NoClassDefFoundError'{0x0000000086fa54e0}: org/slf4j/impl/StaticMarkerBinder> (0x0000000086fa54e0) thrown at [./src/hotspot/share/classfile/systemDictionary.cpp, line 220]
Event: 0.804 Thread 0x00000156c4d4e000 Exception <a 'java/lang/NoSuchMethodError'{0x0000000086cbb728}: 'java.lang.Object java.lang.invoke.DirectMethodHandle$Holder.invokeVirtual(java.lang.Object, java.lang.Object, java.lang.Object, java.lang.Object, java.lang.Object, java.lang.Object, java.lang.Object)'> (0x0000000086cbb728) thrown at [./src/hotspot/share/interpreter/linkResolver.cpp, line 773]
Event: 0.807 Thread 0x00000156c4d4e000 Exception <a 'java/lang/NoSuchMethodError'{0x0000000086ccfba8}: 'java.lang.Object java.lang.invoke.Invokers$Holder.invoker(java.lang.Object, java.lang.Object, java.lang.Object)'> (0x0000000086ccfba8) thrown at [./src/hotspot/share/interpreter/linkResolver.cpp, line 773]
Event: 0.812 Thread 0x00000156c4d4e000 Exception <a 'java/lang/NoSuchMethodError'{0x0000000086ce0c20}: 'void java.lang.invoke.DelegatingMethodHandle$Holder.delegate(java.lang.Object, java.lang.Object, int, java.lang.Object)'> (0x0000000086ce0c20) thrown at [./src/hotspot/share/interpreter/linkResolver.cpp, line 773]
Event: 1.578 Thread 0x00000156c4d4e000 Exception <a 'java/security/PrivilegedActionException'{0x000000008588d0b0}> (0x000000008588d0b0) thrown at [./src/hotspot/share/prims/jvm.cpp, line 1306]
Event: 1.578 Thread 0x00000156c4d4e000 Exception <a 'java/security/PrivilegedActionException'{0x000000008588d628}> (0x000000008588d628) thrown at [./src/hotspot/share/prims/jvm.cpp, line 1306]
Event: 3.458 Thread 0x00000156c4d4e000 Exception <a 'java/lang/NoSuchMethodError'{0x00000000847d92c0}: 'java.lang.Object java.lang.invoke.DirectMethodHandle$Holder.invokeStaticInit(java.lang.Object, java.lang.Object, java.lang.Object)'> (0x00000000847d92c0) thrown at [./src/hotspot/share/interpreter/linkResolver.cpp, line 773]
Event: 5.186 Thread 0x00000156c4d4e000 Exception <a 'java/lang/NoSuchMethodError'{0x000000008403ef70}: 'java.lang.Object java.lang.invoke.DirectMethodHandle$Holder.invokeStaticInit(java.lang.Object, int, int, int, int)'> (0x000000008403ef70) thrown at [./src/hotspot/share/interpreter/linkResolver.cpp, line 773]
Event: 7.175 Thread 0x00000156c4d4e000 Exception <a 'java/lang/NoSuchMethodError'{0x00000000840a0db8}: 'java.lang.Object java.lang.invoke.DirectMethodHandle$Holder.invokeStaticInit(java.lang.Object, java.lang.Object, int, int, int, int)'> (0x00000000840a0db8) thrown at [./src/hotspot/share/interpreter/linkResolver.cpp, line 773]
Event: 7.727 Thread 0x00000156c4d4e000 Exception <a 'java/io/IOException'{0x0000000083ef7980}> (0x0000000083ef7980) thrown at [./src/hotspot/share/prims/jni.cpp, line 616]
Event: 7.880 Thread 0x00000156e139a000 Exception <a 'java/lang/NoSuchMethodError'{0x00000000837da678}: 'long java.lang.invoke.DirectMethodHandle$Holder.invokeInterface(java.lang.Object, java.lang.Object)'> (0x00000000837da678) thrown at [./src/hotspot/share/interpreter/linkResolver.cpp, line 773]
Event: 7.881 Thread 0x00000156e139a000 Exception <a 'java/lang/NoSuchMethodError'{0x00000000837e7718}: 'void java.lang.invoke.DelegatingMethodHandle$Holder.reinvoke_L(java.lang.Object, java.lang.Object, java.lang.Object, java.lang.Object, java.lang.Object, java.lang.Object, java.lang.Object)'> (0x00000000837e7718) thrown at [./src/hotspot/share/interpreter/linkResolver.cpp, line 773]

Events (20 events):
Event: 8.683 loading class org/gradle/caching/internal/BuildCacheServices$1
Event: 8.683 loading class org/gradle/caching/internal/BuildCacheServices$1 done
Event: 8.685 loading class org/gradle/caching/internal/controller/RootBuildCacheControllerRef
Event: 8.685 loading class org/gradle/caching/internal/controller/RootBuildCacheControllerRef done
Event: 8.686 loading class org/gradle/api/internal/artifacts/DependencyManagementBuildTreeScopeServices
Event: 8.686 loading class org/gradle/api/internal/artifacts/DependencyManagementBuildTreeScopeServices done
Event: 8.686 loading class org/gradle/api/internal/artifacts/ivyservice/resolveengine/store/ResolutionResultsStoreFactory
Event: 8.686 loading class org/gradle/api/internal/artifacts/ivyservice/resolveengine/store/ResolutionResultsStoreFactory done
Event: 8.688 loading class org/gradle/api/internal/artifacts/ivyservice/ivyresolve/StartParameterResolutionOverride
Event: 8.688 loading class org/gradle/api/internal/artifacts/ivyservice/ivyresolve/StartParameterResolutionOverride done
Event: 8.691 loading class org/gradle/util/internal/BuildCommencedTimeProvider
Event: 8.691 loading class org/gradle/util/internal/BuildCommencedTimeProvider done
Event: 8.692 loading class org/gradle/language/java/internal/JavaLanguagePluginServiceRegistry$1
Event: 8.692 loading class org/gradle/language/java/internal/JavaLanguagePluginServiceRegistry$1 done
Event: 8.693 loading class org/gradle/api/internal/tasks/compile/processing/AnnotationProcessorDetector
Event: 8.693 loading class org/gradle/api/internal/tasks/compile/processing/AnnotationProcessorDetector done
Event: 8.697 loading class org/gradle/composite/internal/CompositeBuildServices$CompositeBuildTreeScopeServices
Event: 8.697 loading class org/gradle/composite/internal/CompositeBuildServices$CompositeBuildTreeScopeServices done
Event: 8.702 loading class org/gradle/api/internal/artifacts/ivyservice/projectmodule/LocalComponentProvider
Event: 8.702 loading class org/gradle/api/internal/artifacts/ivyservice/projectmodule/LocalComponentProvider done


Dynamic libraries:
0x00007ff745040000 - 0x00007ff74504a000 	C:\Program Files\Android\Android Studio\jre\bin\java.exe
0x00007ffc5e770000 - 0x00007ffc5e968000 	C:\WINDOWS\SYSTEM32\ntdll.dll
0x00007ffc5d7a0000 - 0x00007ffc5d85f000 	C:\WINDOWS\System32\KERNEL32.DLL
0x00007ffc5bec0000 - 0x00007ffc5c192000 	C:\WINDOWS\System32\KERNELBASE.dll
0x00007ffc5c3d0000 - 0x00007ffc5c4d0000 	C:\WINDOWS\System32\ucrtbase.dll
0x00007ffc29de0000 - 0x00007ffc29df7000 	C:\Program Files\Android\Android Studio\jre\bin\VCRUNTIME140.dll
0x00007ffc259e0000 - 0x00007ffc259f9000 	C:\Program Files\Android\Android Studio\jre\bin\jli.dll
0x00007ffc5e590000 - 0x00007ffc5e72d000 	C:\WINDOWS\System32\USER32.dll
0x00007ffc5c3a0000 - 0x00007ffc5c3c2000 	C:\WINDOWS\System32\win32u.dll
0x00007ffc47f30000 - 0x00007ffc481ca000 	C:\WINDOWS\WinSxS\amd64_microsoft.windows.common-controls_6595b64144ccf1df_6.0.19041.1110_none_60b5254171f9507e\COMCTL32.dll
0x00007ffc5d770000 - 0x00007ffc5d79b000 	C:\WINDOWS\System32\GDI32.dll
0x00007ffc5e0d0000 - 0x00007ffc5e16e000 	C:\WINDOWS\System32\msvcrt.dll
0x00007ffc5c580000 - 0x00007ffc5c68f000 	C:\WINDOWS\System32\gdi32full.dll
0x00007ffc5c690000 - 0x00007ffc5c72d000 	C:\WINDOWS\System32\msvcp_win.dll
0x00007ffc5e090000 - 0x00007ffc5e0c2000 	C:\WINDOWS\System32\IMM32.DLL
0x00007ffc16520000 - 0x00007ffc165bd000 	C:\Program Files\Android\Android Studio\jre\bin\msvcp140.dll
0x00007ffbf4c50000 - 0x00007ffbf5752000 	C:\Program Files\Android\Android Studio\jre\bin\server\jvm.dll
0x00007ffc5d930000 - 0x00007ffc5d9de000 	C:\WINDOWS\System32\ADVAPI32.dll
0x00007ffc5d890000 - 0x00007ffc5d92c000 	C:\WINDOWS\System32\sechost.dll
0x00007ffc5cc90000 - 0x00007ffc5cdb5000 	C:\WINDOWS\System32\RPCRT4.dll
0x00007ffc5e370000 - 0x00007ffc5e378000 	C:\WINDOWS\System32\PSAPI.DLL
0x00007ffc55a50000 - 0x00007ffc55a5a000 	C:\WINDOWS\SYSTEM32\VERSION.dll
0x00007ffc55690000 - 0x00007ffc55699000 	C:\WINDOWS\SYSTEM32\WSOCK32.dll
0x00007ffc3d8d0000 - 0x00007ffc3d8f7000 	C:\WINDOWS\SYSTEM32\WINMM.dll
0x00007ffc5d6a0000 - 0x00007ffc5d70b000 	C:\WINDOWS\System32\WS2_32.dll
0x00007ffc5a6c0000 - 0x00007ffc5a6d2000 	C:\WINDOWS\SYSTEM32\kernel.appcore.dll
0x00007ffc54980000 - 0x00007ffc54991000 	C:\Program Files\Android\Android Studio\jre\bin\verify.dll
0x00007ffc5a3e0000 - 0x00007ffc5a5c4000 	C:\WINDOWS\SYSTEM32\DBGHELP.DLL
0x00007ffc46840000 - 0x00007ffc4686c000 	C:\WINDOWS\SYSTEM32\dbgcore.DLL
0x00007ffc5c730000 - 0x00007ffc5c7b2000 	C:\WINDOWS\System32\bcryptPrimitives.dll
0x00007ffc29460000 - 0x00007ffc29489000 	C:\Program Files\Android\Android Studio\jre\bin\java.dll
0x00007ffc55680000 - 0x00007ffc5568b000 	C:\Program Files\Android\Android Studio\jre\bin\jimage.dll
0x00007ffc3d290000 - 0x00007ffc3d2a8000 	C:\Program Files\Android\Android Studio\jre\bin\zip.dll
0x00007ffc5ce40000 - 0x00007ffc5d583000 	C:\WINDOWS\System32\SHELL32.dll
0x00007ffc59b70000 - 0x00007ffc5a302000 	C:\WINDOWS\SYSTEM32\windows.storage.dll
0x00007ffc5c8a0000 - 0x00007ffc5cbf4000 	C:\WINDOWS\System32\combase.dll
0x00007ffc5b860000 - 0x00007ffc5b890000 	C:\WINDOWS\SYSTEM32\Wldp.dll
0x00007ffc5d590000 - 0x00007ffc5d63d000 	C:\WINDOWS\System32\SHCORE.dll
0x00007ffc5d710000 - 0x00007ffc5d765000 	C:\WINDOWS\System32\shlwapi.dll
0x00007ffc5bdb0000 - 0x00007ffc5bdcf000 	C:\WINDOWS\SYSTEM32\profapi.dll
0x00007ffc2c5b0000 - 0x00007ffc2c5ca000 	C:\Program Files\Android\Android Studio\jre\bin\net.dll
0x00007ffc52950000 - 0x00007ffc52a5c000 	C:\WINDOWS\SYSTEM32\WINHTTP.dll
0x00007ffc5b550000 - 0x00007ffc5b5ba000 	C:\WINDOWS\system32\mswsock.dll
0x00007ffc29440000 - 0x00007ffc29454000 	C:\Program Files\Android\Android Studio\jre\bin\nio.dll
0x00007ffc3d210000 - 0x00007ffc3d237000 	C:\Users\Asus\.gradle\native\e1d6ef7f7dcc3fd88c89a11ec53ec762bb8ba0a96d01ffa2cd45eb1d1d8dd5c5\windows-amd64\native-platform.dll
0x00007ffc2a080000 - 0x00007ffc2a1c4000 	C:\Users\Asus\.gradle\native\5664cfc778a61ccfe75a443a1ab52a65af34e5dc3c78e0209fed803814484fcb\windows-amd64\native-platform-file-events.dll
0x00007ffc555c0000 - 0x00007ffc555ca000 	C:\Program Files\Android\Android Studio\jre\bin\management.dll
0x00007ffc55510000 - 0x00007ffc5551d000 	C:\Program Files\Android\Android Studio\jre\bin\management_ext.dll
0x00007ffc5b7c0000 - 0x00007ffc5b7d8000 	C:\WINDOWS\SYSTEM32\CRYPTSP.dll
0x00007ffc5ae70000 - 0x00007ffc5aea4000 	C:\WINDOWS\system32\rsaenh.dll
0x00007ffc5c210000 - 0x00007ffc5c237000 	C:\WINDOWS\System32\bcrypt.dll
0x00007ffc5bd30000 - 0x00007ffc5bd5e000 	C:\WINDOWS\SYSTEM32\USERENV.dll
0x00007ffc5b7b0000 - 0x00007ffc5b7bc000 	C:\WINDOWS\SYSTEM32\CRYPTBASE.dll
0x00007ffc5b240000 - 0x00007ffc5b27b000 	C:\WINDOWS\SYSTEM32\IPHLPAPI.DLL
0x00007ffc5dbb0000 - 0x00007ffc5dbb8000 	C:\WINDOWS\System32\NSI.dll
0x00007ffc542c0000 - 0x00007ffc542d7000 	C:\WINDOWS\SYSTEM32\dhcpcsvc6.DLL
0x00007ffc54470000 - 0x00007ffc5448d000 	C:\WINDOWS\SYSTEM32\dhcpcsvc.DLL
0x00007ffc5b280000 - 0x00007ffc5b34a000 	C:\WINDOWS\SYSTEM32\DNSAPI.dll

dbghelp: loaded successfully - version: 4.0.5 - missing functions: none
symbol engine: initialized successfully - sym options: 0x614 - pdb path: .;C:\Program Files\Android\Android Studio\jre\bin;C:\WINDOWS\SYSTEM32;C:\WINDOWS\WinSxS\amd64_microsoft.windows.common-controls_6595b64144ccf1df_6.0.19041.1110_none_60b5254171f9507e;C:\Program Files\Android\Android Studio\jre\bin\server;C:\Users\Asus\.gradle\native\e1d6ef7f7dcc3fd88c89a11ec53ec762bb8ba0a96d01ffa2cd45eb1d1d8dd5c5\windows-amd64;C:\Users\Asus\.gradle\native\5664cfc778a61ccfe75a443a1ab52a65af34e5dc3c78e0209fed803814484fcb\windows-amd64

VM Arguments:
jvm_args: --add-opens=java.base/java.util=ALL-UNNAMED --add-opens=java.base/java.lang=ALL-UNNAMED --add-opens=java.base/java.lang.invoke=ALL-UNNAMED --add-opens=java.base/java.util=ALL-UNNAMED --add-opens=java.prefs/java.util.prefs=ALL-UNNAMED --add-opens=java.prefs/java.util.prefs=ALL-UNNAMED --add-opens=java.base/java.nio.charset=ALL-UNNAMED --add-opens=java.base/java.net=ALL-UNNAMED --add-opens=java.base/java.util.concurrent.atomic=ALL-UNNAMED -Xmx2048m -Dfile.encoding=UTF-8 -Duser.country=US -Duser.language=en -Duser.variant 
java_command: org.gradle.launcher.daemon.bootstrap.GradleDaemon 7.3.3
java_class_path (initial): C:\Users\Asus\.gradle\wrapper\dists\gradle-7.3.3-bin\6a41zxkdtcxs8rphpq6y0069z\gradle-7.3.3\lib\gradle-launcher-7.3.3.jar
Launcher Type: SUN_STANDARD

[Global flags]
     intx CICompilerCount                          = 4                                         {product} {ergonomic}
     uint ConcGCThreads                            = 2                                         {product} {ergonomic}
     uint G1ConcRefinementThreads                  = 8                                         {product} {ergonomic}
   size_t G1HeapRegionSize                         = 1048576                                   {product} {ergonomic}
    uintx GCDrainStackTargetSize                   = 64                                        {product} {ergonomic}
   size_t InitialHeapSize                          = 132120576                                 {product} {ergonomic}
   size_t MarkStackSize                            = 4194304                                   {product} {ergonomic}
   size_t MaxHeapSize                              = 2147483648                                {product} {command line}
   size_t MaxNewSize                               = 1287651328                                {product} {ergonomic}
   size_t MinHeapDeltaBytes                        = 1048576                                   {product} {ergonomic}
    uintx NonNMethodCodeHeapSize                   = 5836300                                {pd product} {ergonomic}
    uintx NonProfiledCodeHeapSize                  = 122910970                              {pd product} {ergonomic}
    uintx ProfiledCodeHeapSize                     = 122910970                              {pd product} {ergonomic}
    uintx ReservedCodeCacheSize                    = 251658240                              {pd product} {ergonomic}
     bool SegmentedCodeCache                       = true                                      {product} {ergonomic}
     bool UseCompressedClassPointers               = true                                 {lp64_product} {ergonomic}
     bool UseCompressedOops                        = true                                 {lp64_product} {ergonomic}
     bool UseG1GC                                  = true                                      {product} {ergonomic}
     bool UseLargePagesIndividualAllocation        = false                                  {pd product} {ergonomic}

Logging:
Log output configuration:
 #0: stdout all=warning uptime,level,tags
 #1: stderr all=off uptime,level,tags

Environment Variables:
PATH=C:\Program Files (x86)\Common Files\Intel\Shared Libraries\redist\intel64\compiler;C:\Program Files\Microsoft MPI\Bin\;C:\WINDOWS\system32;C:\WINDOWS;C:\WINDOWS\System32\Wbem;C:\WINDOWS\System32\WindowsPowerShell\v1.0\;C:\WINDOWS\System32\OpenSSH\;C:\Program Files\dotnet\;C:\Program Files\Microsoft SQL Server\130\Tools\Binn\;C:\Program Files (x86)\dotnet\;C:\Program Files\Microsoft SQL Server\Client SDK\ODBC\170\Tools\Binn\;C:\Program Files\Azure Data Studio\bin;C:\Program Files (x86)\Microsoft SQL Server\150\Tools\Binn\;C:\Program Files\Microsoft SQL Server\150\Tools\Binn\;C:\Program Files (x86)\Microsoft SQL Server\150\DTS\Binn\;C:\Program Files\Microsoft SQL Server\150\DTS\Binn\;C:\Program Files\Git\cmd;C:\Users\Asus\AppData\Local\Microsoft\WindowsApps;C:\Users\Asus\.dotnet\tools;C:\Program Files\Azure Data Studio\bin;C:\Users\Asus\AppData\Local\Programs\Microsoft VS Code\bin;C:\Users\Asus\AppData\Local\GitHubDesktop\bin
USERNAME=Asus
OS=Windows_NT
PROCESSOR_IDENTIFIER=Intel64 Family 6 Model 142 Stepping 12, GenuineIntel



---------------  S Y S T E M  ---------------

OS: Windows 10 , 64 bit Build 19041 (10.0.19041.2251)
OS uptime: 1 days 15:02 hours

CPU:total 8 (initial active 8) (4 cores per cpu, 2 threads per core) family 6 model 142 stepping 12 microcode 0xca, cmov, cx8, fxsr, mmx, sse, sse2, sse3, ssse3, sse4.1, sse4.2, popcnt, avx, avx2, aes, clmul, erms, 3dnowpref, lzcnt, ht, tsc, tscinvbit, bmi1, bmi2, adx, fma

Memory: 4k page, system-wide physical 8028M (73M free)
TotalPageFile size 12028M (AvailPageFile size 0M)
current process WorkingSet (physical memory assigned to process): 177M, peak: 177M
current process commit charge ("private bytes"): 253M, peak: 256M

vm_info: OpenJDK 64-Bit Server VM (11.0.13+0-b1751.21-8125866) for windows-amd64 JRE (11.0.13+0-b1751.21-8125866), built on Feb  2 2022 03:00:22 by "builder" with MS VC++ 14.0 (VS2015)

END.
