#
# There is insufficient memory for the Java Runtime Environment to continue.
# Native memory allocation (mmap) failed to map 32505856 bytes for Failed to commit area from 0x0000000089800000 to 0x000000008b700000 of length 32505856.
# Possible reasons:
#   The system is out of physical RAM or swap space
#   The process is running with CompressedOops enabled, and the Java Heap may be blocking the growth of the native heap
# Possible solutions:
#   Reduce memory load on the system
#   Increase physical memory or swap space
#   Check if swap backing store is full
#   Decrease Java heap size (-Xmx/-Xms)
#   Decrease number of Java threads
#   Decrease Java thread stack sizes (-Xss)
#   Set larger code cache with -XX:ReservedCodeCacheSize=
#   JVM is running with Unscaled Compressed Oops mode in which the Java heap is
#     placed in the first 4GB address space. The Java Heap base address is the
#     maximum limit for the native heap growth. Please use -XX:HeapBaseMinAddress
#     to set the Java Heap base and to place the Java Heap above 4GB virtual address.
# This output file may be truncated or incomplete.
#
#  Out of Memory Error (./src/hotspot/os/windows/os_windows.cpp:3619), pid=7340, tid=7840
#
# JRE version: OpenJDK Runtime Environment (11.0.13) (build 11.0.13+0-b1751.21-8125866)
# Java VM: OpenJDK 64-Bit Server VM (11.0.13+0-b1751.21-8125866, mixed mode, tiered, compressed oops, g1 gc, windows-amd64)
# No core dump will be written. Minidumps are not enabled by default on client versions of Windows
#

---------------  S U M M A R Y ------------

Command Line: --add-opens=java.base/java.util=ALL-UNNAMED --add-opens=java.base/java.lang=ALL-UNNAMED --add-opens=java.base/java.lang.invoke=ALL-UNNAMED --add-opens=java.base/java.util=ALL-UNNAMED --add-opens=java.prefs/java.util.prefs=ALL-UNNAMED --add-opens=java.prefs/java.util.prefs=ALL-UNNAMED --add-opens=java.base/java.nio.charset=ALL-UNNAMED --add-opens=java.base/java.net=ALL-UNNAMED --add-opens=java.base/java.util.concurrent.atomic=ALL-UNNAMED -Xmx2048m -Dfile.encoding=UTF-8 -Duser.country=US -Duser.language=en -Duser.variant org.gradle.launcher.daemon.bootstrap.GradleDaemon 7.3.3

Host: Intel(R) Core(TM) i5-10210U CPU @ 1.60GHz, 8 cores, 7G,  Windows 10 , 64 bit Build 19041 (10.0.19041.2251)
Time: Sun Dec  4 19:58:13 2022 SE Asia Standard Time elapsed time: 8.481922 seconds (0d 0h 0m 8s)

---------------  T H R E A D  ---------------

Current thread (0x000002413e2af000):  VMThread "VM Thread" [stack: 0x000000ecd7d00000,0x000000ecd7e00000] [id=7840]

Stack: [0x000000ecd7d00000,0x000000ecd7e00000]
[error occurred during error reporting (printing stack bounds), id 0xc0000005, EXCEPTION_ACCESS_VIOLATION (0xc0000005) at pc=0x000002412794112d]

Native frames: (J=compiled Java code, j=interpreted, Vv=VM code, C=native code)
V  [jvm.dll+0x6100fa]
V  [jvm.dll+0x747090]
V  [jvm.dll+0x7486ad]
V  [jvm.dll+0x748ce5]
V  [jvm.dll+0x748c9b]
V  [jvm.dll+0x60f224]
V  [jvm.dll+0x60f9b8]
C  [ntdll.dll+0xa241f]
C  [ntdll.dll+0x514a4]
C  [ntdll.dll+0xa0f4e]
C  0x000002412794112d

VM_Operation (0x000000ecd91f7380): G1CollectForAllocation, mode: safepoint, requested by thread 0x0000024140eee000


---------------  P R O C E S S  ---------------

Threads class SMR info:
_java_thread_list=0x0000024146177170, length=124, elements={
0x0000024123e23800, 0x000002413e2b3800, 0x000002413e2bd000, 0x000002413e2d4800,
0x000002413e2d6000, 0x000002413e2d7000, 0x000002413e2dc800, 0x000002413e2df000,
0x000002413e2e0000, 0x000002413ed94000, 0x0000024140cad800, 0x0000024142054000,
0x000002413eea6000, 0x000002413eeb5800, 0x000002414023a800, 0x0000024140ace800,
0x000002413fde7000, 0x0000024140eee000, 0x0000024141085000, 0x0000024140a26800,
0x000002413ff77800, 0x000002414197a800, 0x0000024141979000, 0x0000024141978000,
0x0000024141977800, 0x000002414197b800, 0x0000024141975800, 0x000002414197c000,
0x0000024141976800, 0x000002414197a000, 0x0000024141d27800, 0x00000241425f5800,
0x0000024141d29000, 0x0000024141d2a000, 0x0000024141d2b000, 0x0000024141d25000,
0x0000024141d2b800, 0x0000024141d26000, 0x0000024141d2c800, 0x0000024141d2e000,
0x0000024141d2f800, 0x0000024141d30800, 0x0000024141d2f000, 0x0000024141d31800,
0x0000024141d32000, 0x0000024141d33000, 0x0000024141d2d000, 0x000002414411f800,
0x0000024144120800, 0x000002414411e000, 0x000002414411d000, 0x0000024144121800,
0x0000024144122000, 0x0000024144123000, 0x0000024144124800, 0x000002414411f000,
0x0000024144129800, 0x0000024144125800, 0x0000024144126000, 0x0000024144124000,
0x000002414412b000, 0x0000024144128800, 0x000002414412a800, 0x000002414412c000,
0x0000024144128000, 0x0000024144127000, 0x00000241461e4000, 0x00000241461e5800,
0x00000241461e8000, 0x00000241461e6800, 0x00000241461e7000, 0x00000241461e2800,
0x00000241461e9000, 0x00000241461e5000, 0x00000241461e3000, 0x00000241461e9800,
0x00000241461ea800, 0x00000241461ee000, 0x00000241461f0000, 0x00000241461f1000,
0x00000241461ee800, 0x00000241461eb800, 0x00000241461ef800, 0x00000241461ec000,
0x00000241461ed000, 0x0000024145fbd000, 0x0000024145fc2000, 0x0000024145fc2800,
0x0000024145fc1000, 0x0000024145fc3800, 0x0000024145fbf800, 0x0000024145fbe000,
0x0000024145fc0800, 0x0000024145fbe800, 0x00000241446b0000, 0x00000241446ac800,
0x00000241446af000, 0x00000241446ad800, 0x00000241446ab000, 0x00000241446ae800,
0x00000241446b1000, 0x00000241446b1800, 0x00000241446ac000, 0x00000241446b8000,
0x00000241446b7800, 0x00000241446b2800, 0x00000241446b6800, 0x00000241446b3000,
0x00000241446b4000, 0x00000241446b5800, 0x00000241446b9000, 0x00000241446b5000,
0x00000241446b9800, 0x0000024145eee000, 0x0000024145ee8800, 0x0000024145ee9800,
0x0000024145eec800, 0x0000024145eeb000, 0x0000024145ef0000, 0x0000024145eef000,
0x0000024145eea000, 0x0000024145ef0800, 0x0000024145ef1800, 0x0000024145eeb800
}

Java Threads: ( => current thread )
  0x0000024123e23800 JavaThread "main" [_thread_blocked, id=11532, stack(0x000000ecd7700000,0x000000ecd7800000)]
  0x000002413e2b3800 JavaThread "Reference Handler" daemon [_thread_blocked, id=10992, stack(0x000000ecd7e00000,0x000000ecd7f00000)]
  0x000002413e2bd000 JavaThread "Finalizer" daemon [_thread_blocked, id=15888, stack(0x000000ecd7f00000,0x000000ecd8000000)]
  0x000002413e2d4800 JavaThread "Signal Dispatcher" daemon [_thread_blocked, id=8780, stack(0x000000ecd8000000,0x000000ecd8100000)]
  0x000002413e2d6000 JavaThread "Attach Listener" daemon [_thread_blocked, id=6128, stack(0x000000ecd8100000,0x000000ecd8200000)]
  0x000002413e2d7000 JavaThread "Service Thread" daemon [_thread_blocked, id=6924, stack(0x000000ecd8200000,0x000000ecd8300000)]
  0x000002413e2dc800 JavaThread "C2 CompilerThread0" daemon [_thread_in_native, id=15236, stack(0x000000ecd8300000,0x000000ecd8400000)]
  0x000002413e2df000 JavaThread "C1 CompilerThread0" daemon [_thread_blocked, id=14972, stack(0x000000ecd8400000,0x000000ecd8500000)]
  0x000002413e2e0000 JavaThread "Sweeper thread" daemon [_thread_blocked, id=15484, stack(0x000000ecd8500000,0x000000ecd8600000)]
  0x000002413ed94000 JavaThread "Common-Cleaner" daemon [_thread_blocked, id=10200, stack(0x000000ecd8600000,0x000000ecd8700000)]
  0x0000024140cad800 JavaThread "Daemon health stats" [_thread_blocked, id=9140, stack(0x000000ecd8c00000,0x000000ecd8d00000)]
  0x0000024142054000 JavaThread "Incoming local TCP Connector on port 63952" [_thread_in_native, id=2268, stack(0x000000ecd8800000,0x000000ecd8900000)]
  0x000002413eea6000 JavaThread "C2 CompilerThread1" daemon [_thread_blocked, id=12024, stack(0x000000ecd8900000,0x000000ecd8a00000)]
  0x000002413eeb5800 JavaThread "Daemon periodic checks" [_thread_blocked, id=16364, stack(0x000000ecd8d00000,0x000000ecd8e00000)]
  0x000002414023a800 JavaThread "Daemon" [_thread_blocked, id=6616, stack(0x000000ecd8e00000,0x000000ecd8f00000)]
  0x0000024140ace800 JavaThread "Handler for socket connection from /127.0.0.1:63952 to /127.0.0.1:63953" [_thread_in_native, id=7080, stack(0x000000ecd8f00000,0x000000ecd9000000)]
  0x000002413fde7000 JavaThread "Cancel handler" [_thread_blocked, id=14324, stack(0x000000ecd9000000,0x000000ecd9100000)]
  0x0000024140eee000 JavaThread "Daemon worker" [_thread_blocked, id=14716, stack(0x000000ecd9100000,0x000000ecd9200000)]
  0x0000024141085000 JavaThread "Asynchronous log dispatcher for DefaultDaemonConnection: socket connection from /127.0.0.1:63952 to /127.0.0.1:63953" [_thread_blocked, id=820, stack(0x000000ecd9200000,0x000000ecd9300000)]
  0x0000024140a26800 JavaThread "Stdin handler" [_thread_blocked, id=7464, stack(0x000000ecd9300000,0x000000ecd9400000)]
  0x000002413ff77800 JavaThread "Daemon client event forwarder" [_thread_blocked, id=15320, stack(0x000000ecd9400000,0x000000ecd9500000)]
  0x000002414197a800 JavaThread "Cache worker for journal cache (C:\Users\Asus\.gradle\caches\journal-1)" [_thread_blocked, id=8912, stack(0x000000ecd9a00000,0x000000ecd9b00000)]
  0x0000024141979000 JavaThread "File lock request listener" [_thread_in_native, id=12984, stack(0x000000ecd9b00000,0x000000ecd9c00000)]
  0x0000024141978000 JavaThread "Cache worker for file hash cache (C:\Users\Asus\.gradle\caches\7.3.3\fileHashes)" [_thread_blocked, id=7788, stack(0x000000ecd9c00000,0x000000ecd9d00000)]
  0x0000024141977800 JavaThread "Cache worker for file hash cache (D:\Nerd\.gradle\7.3.3\fileHashes)" [_thread_blocked, id=15620, stack(0x000000ecd9e00000,0x000000ecd9f00000)]
  0x000002414197b800 JavaThread "File watcher server" daemon [_thread_in_native, id=2632, stack(0x000000ecd9f00000,0x000000ecda000000)]
  0x0000024141975800 JavaThread "File watcher consumer" daemon [_thread_blocked, id=9388, stack(0x000000ecda000000,0x000000ecda100000)]
  0x000002414197c000 JavaThread "Cache worker for checksums cache (D:\Nerd\.gradle\7.3.3\checksums)" [_thread_blocked, id=2204, stack(0x000000ecda100000,0x000000ecda200000)]
  0x0000024141976800 JavaThread "Cache worker for cache directory md-supplier (C:\Users\Asus\.gradle\caches\7.3.3\md-supplier)" [_thread_blocked, id=1200, stack(0x000000ecda200000,0x000000ecda300000)]
  0x000002414197a000 JavaThread "Cache worker for cache directory md-rule (C:\Users\Asus\.gradle\caches\7.3.3\md-rule)" [_thread_blocked, id=7544, stack(0x000000ecda300000,0x000000ecda400000)]
  0x0000024141d27800 JavaThread "Cache worker for execution history cache (C:\Users\Asus\.gradle\caches\7.3.3\executionHistory)" [_thread_blocked, id=12100, stack(0x000000ecda400000,0x000000ecda500000)]
  0x00000241425f5800 JavaThread "C2 CompilerThread2" daemon [_thread_in_native, id=5140, stack(0x000000ecda500000,0x000000ecda600000)]
  0x0000024141d29000 JavaThread "jar transforms" [_thread_blocked, id=15284, stack(0x000000ecda600000,0x000000ecda700000)]
  0x0000024141d2a000 JavaThread "Cache worker for file content cache (C:\Users\Asus\.gradle\caches\7.3.3\fileContent)" [_thread_blocked, id=11144, stack(0x000000ecda700000,0x000000ecda800000)]
  0x0000024141d2b000 JavaThread "jar transforms Thread 2" [_thread_blocked, id=8984, stack(0x000000ecda800000,0x000000ecda900000)]
  0x0000024141d25000 JavaThread "Cache worker for dependencies-accessors (D:\Nerd\.gradle\7.3.3\dependencies-accessors)" [_thread_blocked, id=2444, stack(0x000000ecda900000,0x000000ecdaa00000)]
  0x0000024141d2b800 JavaThread "jar transforms Thread 3" [_thread_blocked, id=15612, stack(0x000000ecdaa00000,0x000000ecdab00000)]
  0x0000024141d26000 JavaThread "Cache worker for Build Output Cleanup Cache (D:\Nerd\.gradle\buildOutputCleanup)" [_thread_blocked, id=11124, stack(0x000000ecdab00000,0x000000ecdac00000)]
  0x0000024141d2c800 JavaThread "Unconstrained build operations" [_thread_blocked, id=11052, stack(0x000000ecdac00000,0x000000ecdad00000)]
  0x0000024141d2e000 JavaThread "Unconstrained build operations Thread 2" [_thread_blocked, id=10820, stack(0x000000ecdad00000,0x000000ecdae00000)]
  0x0000024141d2f800 JavaThread "Unconstrained build operations Thread 3" [_thread_blocked, id=11580, stack(0x000000ecdae00000,0x000000ecdaf00000)]
  0x0000024141d30800 JavaThread "Unconstrained build operations Thread 4" [_thread_blocked, id=13092, stack(0x000000ecdaf00000,0x000000ecdb000000)]
  0x0000024141d2f000 JavaThread "Unconstrained build operations Thread 5" [_thread_blocked, id=10236, stack(0x000000ecdb000000,0x000000ecdb100000)]
  0x0000024141d31800 JavaThread "Unconstrained build operations Thread 6" [_thread_blocked, id=15808, stack(0x000000ecdb100000,0x000000ecdb200000)]
  0x0000024141d32000 JavaThread "Unconstrained build operations Thread 7" [_thread_blocked, id=15444, stack(0x000000ecdb200000,0x000000ecdb300000)]
  0x0000024141d33000 JavaThread "Unconstrained build operations Thread 8" [_thread_blocked, id=2992, stack(0x000000ecdb300000,0x000000ecdb400000)]
  0x0000024141d2d000 JavaThread "Unconstrained build operations Thread 9" [_thread_blocked, id=3112, stack(0x000000ecdb400000,0x000000ecdb500000)]
  0x000002414411f800 JavaThread "Unconstrained build operations Thread 10" [_thread_blocked, id=2840, stack(0x000000ecdb500000,0x000000ecdb600000)]
  0x0000024144120800 JavaThread "Unconstrained build operations Thread 11" [_thread_blocked, id=5928, stack(0x000000ecdb600000,0x000000ecdb700000)]
  0x000002414411e000 JavaThread "Unconstrained build operations Thread 12" [_thread_blocked, id=9804, stack(0x000000ecdb700000,0x000000ecdb800000)]
  0x000002414411d000 JavaThread "Unconstrained build operations Thread 13" [_thread_blocked, id=3436, stack(0x000000ecdb800000,0x000000ecdb900000)]
  0x0000024144121800 JavaThread "Unconstrained build operations Thread 14" [_thread_blocked, id=11188, stack(0x000000ecdb900000,0x000000ecdba00000)]
  0x0000024144122000 JavaThread "Unconstrained build operations Thread 15" [_thread_blocked, id=2136, stack(0x000000ecdba00000,0x000000ecdbb00000)]
  0x0000024144123000 JavaThread "Unconstrained build operations Thread 16" [_thread_blocked, id=4660, stack(0x000000ecdbb00000,0x000000ecdbc00000)]
  0x0000024144124800 JavaThread "Unconstrained build operations Thread 17" [_thread_blocked, id=11980, stack(0x000000ecdbc00000,0x000000ecdbd00000)]
  0x000002414411f000 JavaThread "Unconstrained build operations Thread 18" [_thread_blocked, id=3116, stack(0x000000ecdbd00000,0x000000ecdbe00000)]
  0x0000024144129800 JavaThread "Unconstrained build operations Thread 19" [_thread_blocked, id=5864, stack(0x000000ecdbe00000,0x000000ecdbf00000)]
  0x0000024144125800 JavaThread "Unconstrained build operations Thread 20" [_thread_blocked, id=7092, stack(0x000000ecdbf00000,0x000000ecdc000000)]
  0x0000024144126000 JavaThread "Unconstrained build operations Thread 21" [_thread_blocked, id=14464, stack(0x000000ecdc000000,0x000000ecdc100000)]
  0x0000024144124000 JavaThread "Unconstrained build operations Thread 22" [_thread_blocked, id=8728, stack(0x000000ecdc100000,0x000000ecdc200000)]
  0x000002414412b000 JavaThread "Unconstrained build operations Thread 23" [_thread_blocked, id=12140, stack(0x000000ecdc200000,0x000000ecdc300000)]
  0x0000024144128800 JavaThread "Unconstrained build operations Thread 24" [_thread_blocked, id=3608, stack(0x000000ecdc300000,0x000000ecdc400000)]
  0x000002414412a800 JavaThread "Unconstrained build operations Thread 25" [_thread_blocked, id=13204, stack(0x000000ecdc400000,0x000000ecdc500000)]
  0x000002414412c000 JavaThread "Unconstrained build operations Thread 26" [_thread_blocked, id=11104, stack(0x000000ecdc500000,0x000000ecdc600000)]
  0x0000024144128000 JavaThread "Unconstrained build operations Thread 27" [_thread_blocked, id=8884, stack(0x000000ecdc600000,0x000000ecdc700000)]
  0x0000024144127000 JavaThread "Unconstrained build operations Thread 28" [_thread_blocked, id=6464, stack(0x000000ecdc700000,0x000000ecdc800000)]
  0x00000241461e4000 JavaThread "Unconstrained build operations Thread 29" [_thread_blocked, id=5648, stack(0x000000ecdc800000,0x000000ecdc900000)]
  0x00000241461e5800 JavaThread "Unconstrained build operations Thread 30" [_thread_blocked, id=2660, stack(0x000000ecdc900000,0x000000ecdca00000)]
  0x00000241461e8000 JavaThread "Unconstrained build operations Thread 31" [_thread_blocked, id=6628, stack(0x000000ecdca00000,0x000000ecdcb00000)]
  0x00000241461e6800 JavaThread "Unconstrained build operations Thread 32" [_thread_blocked, id=14964, stack(0x000000ecdcb00000,0x000000ecdcc00000)]
  0x00000241461e7000 JavaThread "Unconstrained build operations Thread 33" [_thread_blocked, id=13460, stack(0x000000ecdcc00000,0x000000ecdcd00000)]
  0x00000241461e2800 JavaThread "Unconstrained build operations Thread 34" [_thread_blocked, id=2988, stack(0x000000ecdcd00000,0x000000ecdce00000)]
  0x00000241461e9000 JavaThread "Unconstrained build operations Thread 35" [_thread_blocked, id=13236, stack(0x000000ecdce00000,0x000000ecdcf00000)]
  0x00000241461e5000 JavaThread "Unconstrained build operations Thread 36" [_thread_blocked, id=1396, stack(0x000000ecdcf00000,0x000000ecdd000000)]
  0x00000241461e3000 JavaThread "Unconstrained build operations Thread 37" [_thread_blocked, id=14920, stack(0x000000ecdd000000,0x000000ecdd100000)]
  0x00000241461e9800 JavaThread "Unconstrained build operations Thread 38" [_thread_blocked, id=308, stack(0x000000ecdd100000,0x000000ecdd200000)]
  0x00000241461ea800 JavaThread "Unconstrained build operations Thread 39" [_thread_blocked, id=10380, stack(0x000000ecdd200000,0x000000ecdd300000)]
  0x00000241461ee000 JavaThread "Unconstrained build operations Thread 40" [_thread_blocked, id=6604, stack(0x000000ecdd300000,0x000000ecdd400000)]
  0x00000241461f0000 JavaThread "Unconstrained build operations Thread 41" [_thread_blocked, id=1276, stack(0x000000ecdd400000,0x000000ecdd500000)]
  0x00000241461f1000 JavaThread "Unconstrained build operations Thread 42" [_thread_blocked, id=4052, stack(0x000000ecdd500000,0x000000ecdd600000)]
  0x00000241461ee800 JavaThread "Unconstrained build operations Thread 43" [_thread_blocked, id=8560, stack(0x000000ecdd600000,0x000000ecdd700000)]
  0x00000241461eb800 JavaThread "Unconstrained build operations Thread 44" [_thread_blocked, id=596, stack(0x000000ecdd700000,0x000000ecdd800000)]
  0x00000241461ef800 JavaThread "Unconstrained build operations Thread 45" [_thread_blocked, id=6696, stack(0x000000ecdd800000,0x000000ecdd900000)]
  0x00000241461ec000 JavaThread "Unconstrained build operations Thread 46" [_thread_blocked, id=13756, stack(0x000000ecdd900000,0x000000ecdda00000)]
  0x00000241461ed000 JavaThread "Unconstrained build operations Thread 47" [_thread_blocked, id=5368, stack(0x000000ecdda00000,0x000000ecddb00000)]
  0x0000024145fbd000 JavaThread "Unconstrained build operations Thread 48" [_thread_blocked, id=12724, stack(0x000000ecddb00000,0x000000ecddc00000)]
  0x0000024145fc2000 JavaThread "Unconstrained build operations Thread 49" [_thread_blocked, id=13748, stack(0x000000ecddc00000,0x000000ecddd00000)]
  0x0000024145fc2800 JavaThread "Unconstrained build operations Thread 50" [_thread_blocked, id=8096, stack(0x000000ecddd00000,0x000000ecdde00000)]
  0x0000024145fc1000 JavaThread "Unconstrained build operations Thread 51" [_thread_blocked, id=15656, stack(0x000000ecdde00000,0x000000ecddf00000)]
  0x0000024145fc3800 JavaThread "Unconstrained build operations Thread 52" [_thread_blocked, id=2132, stack(0x000000ecddf00000,0x000000ecde000000)]
  0x0000024145fbf800 JavaThread "Unconstrained build operations Thread 53" [_thread_blocked, id=10816, stack(0x000000ecde000000,0x000000ecde100000)]
  0x0000024145fbe000 JavaThread "Unconstrained build operations Thread 54" [_thread_blocked, id=16240, stack(0x000000ecde100000,0x000000ecde200000)]
  0x0000024145fc0800 JavaThread "Unconstrained build operations Thread 55" [_thread_blocked, id=6216, stack(0x000000ecde200000,0x000000ecde300000)]
  0x0000024145fbe800 JavaThread "Unconstrained build operations Thread 56" [_thread_blocked, id=1496, stack(0x000000ecde300000,0x000000ecde400000)]
  0x00000241446b0000 JavaThread "Unconstrained build operations Thread 57" [_thread_blocked, id=16356, stack(0x000000ecde400000,0x000000ecde500000)]
  0x00000241446ac800 JavaThread "Unconstrained build operations Thread 58" [_thread_blocked, id=13196, stack(0x000000ecde500000,0x000000ecde600000)]
  0x00000241446af000 JavaThread "Unconstrained build operations Thread 59" [_thread_blocked, id=6912, stack(0x000000ecde600000,0x000000ecde700000)]
  0x00000241446ad800 JavaThread "Unconstrained build operations Thread 60" [_thread_blocked, id=2000, stack(0x000000ecde700000,0x000000ecde800000)]
  0x00000241446ab000 JavaThread "Unconstrained build operations Thread 61" [_thread_blocked, id=5160, stack(0x000000ecde800000,0x000000ecde900000)]
  0x00000241446ae800 JavaThread "Unconstrained build operations Thread 62" [_thread_blocked, id=14840, stack(0x000000ecde900000,0x000000ecdea00000)]
  0x00000241446b1000 JavaThread "Unconstrained build operations Thread 63" [_thread_blocked, id=3056, stack(0x000000ecdea00000,0x000000ecdeb00000)]
  0x00000241446b1800 JavaThread "Unconstrained build operations Thread 64" [_thread_blocked, id=5484, stack(0x000000ecdeb00000,0x000000ecdec00000)]
  0x00000241446ac000 JavaThread "Unconstrained build operations Thread 65" [_thread_blocked, id=10896, stack(0x000000ecdec00000,0x000000ecded00000)]
  0x00000241446b8000 JavaThread "Unconstrained build operations Thread 66" [_thread_blocked, id=8876, stack(0x000000ecded00000,0x000000ecdee00000)]
  0x00000241446b7800 JavaThread "Unconstrained build operations Thread 67" [_thread_blocked, id=8760, stack(0x000000ecdee00000,0x000000ecdef00000)]
  0x00000241446b2800 JavaThread "Unconstrained build operations Thread 68" [_thread_blocked, id=16128, stack(0x000000ecdef00000,0x000000ecdf000000)]
  0x00000241446b6800 JavaThread "Unconstrained build operations Thread 69" [_thread_blocked, id=15492, stack(0x000000ecdf000000,0x000000ecdf100000)]
  0x00000241446b3000 JavaThread "Unconstrained build operations Thread 70" [_thread_blocked, id=2508, stack(0x000000ecdf100000,0x000000ecdf200000)]
  0x00000241446b4000 JavaThread "Unconstrained build operations Thread 71" [_thread_blocked, id=10812, stack(0x000000ecdf200000,0x000000ecdf300000)]
  0x00000241446b5800 JavaThread "Unconstrained build operations Thread 72" [_thread_blocked, id=1000, stack(0x000000ecdf300000,0x000000ecdf400000)]
  0x00000241446b9000 JavaThread "Unconstrained build operations Thread 73" [_thread_blocked, id=15156, stack(0x000000ecdf400000,0x000000ecdf500000)]
  0x00000241446b5000 JavaThread "Unconstrained build operations Thread 74" [_thread_blocked, id=15324, stack(0x000000ecdf500000,0x000000ecdf600000)]
  0x00000241446b9800 JavaThread "Unconstrained build operations Thread 75" [_thread_blocked, id=3092, stack(0x000000ecdf600000,0x000000ecdf700000)]
  0x0000024145eee000 JavaThread "Unconstrained build operations Thread 76" [_thread_blocked, id=2104, stack(0x000000ecdf700000,0x000000ecdf800000)]
  0x0000024145ee8800 JavaThread "Unconstrained build operations Thread 77" [_thread_blocked, id=15388, stack(0x000000ecdf800000,0x000000ecdf900000)]
  0x0000024145ee9800 JavaThread "Unconstrained build operations Thread 78" [_thread_blocked, id=9444, stack(0x000000ecdf900000,0x000000ecdfa00000)]
  0x0000024145eec800 JavaThread "Unconstrained build operations Thread 79" [_thread_blocked, id=1968, stack(0x000000ecdfa00000,0x000000ecdfb00000)]
  0x0000024145eeb000 JavaThread "Unconstrained build operations Thread 80" [_thread_blocked, id=14760, stack(0x000000ecdfb00000,0x000000ecdfc00000)]
  0x0000024145ef0000 JavaThread "jar transforms Thread 4" [_thread_blocked, id=15400, stack(0x000000ecdfc00000,0x000000ecdfd00000)]
  0x0000024145eef000 JavaThread "jar transforms Thread 5" [_thread_blocked, id=8792, stack(0x000000ecdfd00000,0x000000ecdfe00000)]
  0x0000024145eea000 JavaThread "jar transforms Thread 6" [_thread_blocked, id=14388, stack(0x000000ecdfe00000,0x000000ecdff00000)]
  0x0000024145ef0800 JavaThread "jar transforms Thread 7" [_thread_blocked, id=15140, stack(0x000000ecdff00000,0x000000ece0000000)]
  0x0000024145ef1800 JavaThread "jar transforms Thread 8" [_thread_blocked, id=13576, stack(0x000000ece0000000,0x000000ece0100000)]
  0x0000024145eeb800 JavaThread "Memory manager" [_thread_blocked, id=16144, stack(0x000000ece0100000,0x000000ece0200000)]

Other Threads:
=>0x000002413e2af000 VMThread "VM Thread" [stack: 0x000000ecd7d00000,0x000000ecd7e00000] [id=7840]
  0x000002413edce800 WatcherThread [stack: 0x000000ecd8700000,0x000000ecd8800000] [id=3412]
  0x0000024121d1c000 GCTaskThread "GC Thread#0" [stack: 0x000000ecd7800000,0x000000ecd7900000] [id=11048]
  0x000002413f541800 GCTaskThread "GC Thread#1" [stack: 0x000000ecd8a00000,0x000000ecd8b00000] [id=14848]
  0x000002413fb2a000 GCTaskThread "GC Thread#2" [stack: 0x000000ecd8b00000,0x000000ecd8c00000] [id=11196]
  0x0000024141511800 GCTaskThread "GC Thread#3" [stack: 0x000000ecd9500000,0x000000ecd9600000] [id=7052]
  0x0000024141bc9800 GCTaskThread "GC Thread#4" [stack: 0x000000ecd9600000,0x000000ecd9700000] [id=9800]
  0x0000024141413000 GCTaskThread "GC Thread#5" [stack: 0x000000ecd9700000,0x000000ecd9800000] [id=8784]
  0x0000024141083800 GCTaskThread "GC Thread#6" [stack: 0x000000ecd9800000,0x000000ecd9900000] [id=13972]
  0x0000024141084000 GCTaskThread "GC Thread#7" [stack: 0x000000ecd9900000,0x000000ecd9a00000] [id=5740]
  0x0000024123e67000 ConcurrentGCThread "G1 Main Marker" [stack: 0x000000ecd7900000,0x000000ecd7a00000] [id=8300]
  0x0000024123e68000 ConcurrentGCThread "G1 Conc#0" [stack: 0x000000ecd7a00000,0x000000ecd7b00000] [id=12592]
  0x0000024141598000 ConcurrentGCThread "G1 Conc#1" [stack: 0x000000ecd9d00000,0x000000ecd9e00000] [id=2620]
  0x0000024123ef8000 ConcurrentGCThread "G1 Refine#0" [stack: 0x000000ecd7b00000,0x000000ecd7c00000] [id=2008]
  0x000002413e100800 ConcurrentGCThread "G1 Young RemSet Sampling" [stack: 0x000000ecd7c00000,0x000000ecd7d00000] [id=5720]

Threads with active compile tasks:
C2 CompilerThread0   8492 6982       4       sun.reflect.generics.visitor.Reifier::visitClassTypeSignature (381 bytes)
C2 CompilerThread1   8492 6782 %     4       org.gradle.internal.instantiation.generator.AbstractClassGenerator::inspectType @ 107 (560 bytes)
C2 CompilerThread2   8492 6901       4       sun.reflect.generics.parser.SignatureParser::parsePackageNameAndSimpleClassTypeSignature (119 bytes)

VM state:at safepoint (normal execution)

VM Mutex/Monitor currently owned by a thread:  ([mutex/lock_event])
[0x0000024123e1f200] Threads_lock - owner thread: 0x000002413e2af000
[0x0000024123e1f290] Heap_lock - owner thread: 0x0000024140eee000

Heap address: 0x0000000080000000, size: 2048 MB, Compressed Oops mode: 32-bit
Narrow klass base: 0x0000000000000000, Narrow klass shift: 3
Compressed class space size: 1073741824 Address: 0x0000000100000000

Heap:
 garbage-first heap   total 187392K, used 58241K [0x0000000080000000, 0x0000000100000000)
  region size 1024K, 8 young (8192K), 8 survivors (8192K)
 Metaspace       used 72001K, capacity 73755K, committed 73884K, reserved 1114112K
  class space    used 9304K, capacity 9925K, committed 10008K, reserved 1048576K
Heap Regions: E=young(eden), S=young(survivor), O=old, HS=humongous(starts), HC=humongous(continues), CS=collection set, F=free, A=archive, TAMS=top-at-mark-start (previous, next)
|   0|0x0000000080000000, 0x0000000080100000, 0x0000000080100000|100%| O|  |TAMS 0x0000000080100000, 0x0000000080000000| Untracked 
|   1|0x0000000080100000, 0x0000000080200000, 0x0000000080200000|100%| O|  |TAMS 0x0000000080200000, 0x0000000080100000| Untracked 
|   2|0x0000000080200000, 0x0000000080300000, 0x0000000080300000|100%| O|  |TAMS 0x0000000080300000, 0x0000000080200000| Untracked 
|   3|0x0000000080300000, 0x0000000080400000, 0x0000000080400000|100%|HS|  |TAMS 0x0000000080400000, 0x0000000080300000| Complete 
|   4|0x0000000080400000, 0x0000000080500000, 0x0000000080500000|100%|HC|  |TAMS 0x0000000080500000, 0x0000000080400000| Complete 
|   5|0x0000000080500000, 0x0000000080600000, 0x0000000080600000|100%|HC|  |TAMS 0x0000000080600000, 0x0000000080500000| Complete 
|   6|0x0000000080600000, 0x0000000080700000, 0x0000000080700000|100%| O|  |TAMS 0x0000000080700000, 0x0000000080600000| Untracked 
|   7|0x0000000080700000, 0x0000000080800000, 0x0000000080800000|100%| O|  |TAMS 0x0000000080800000, 0x0000000080700000| Untracked 
|   8|0x0000000080800000, 0x0000000080900000, 0x0000000080900000|100%| O|  |TAMS 0x0000000080900000, 0x0000000080800000| Untracked 
|   9|0x0000000080900000, 0x0000000080a00000, 0x0000000080a00000|100%| O|  |TAMS 0x0000000080a00000, 0x0000000080900000| Untracked 
|  10|0x0000000080a00000, 0x0000000080b00000, 0x0000000080b00000|100%| O|  |TAMS 0x0000000080b00000, 0x0000000080a00000| Untracked 
|  11|0x0000000080b00000, 0x0000000080c00000, 0x0000000080c00000|100%| O|  |TAMS 0x0000000080c00000, 0x0000000080b00000| Untracked 
|  12|0x0000000080c00000, 0x0000000080d00000, 0x0000000080d00000|100%| O|  |TAMS 0x0000000080d00000, 0x0000000080c00000| Untracked 
|  13|0x0000000080d00000, 0x0000000080e00000, 0x0000000080e00000|100%| O|  |TAMS 0x0000000080e00000, 0x0000000080d00000| Untracked 
|  14|0x0000000080e00000, 0x0000000080f00000, 0x0000000080f00000|100%| O|  |TAMS 0x0000000080f00000, 0x0000000080e00000| Untracked 
|  15|0x0000000080f00000, 0x0000000081000000, 0x0000000081000000|100%| O|  |TAMS 0x0000000081000000, 0x0000000080f00000| Untracked 
|  16|0x0000000081000000, 0x0000000081100000, 0x0000000081100000|100%| O|  |TAMS 0x0000000081100000, 0x0000000081000000| Untracked 
|  17|0x0000000081100000, 0x0000000081200000, 0x0000000081200000|100%| O|  |TAMS 0x0000000081200000, 0x0000000081100000| Untracked 
|  18|0x0000000081200000, 0x0000000081300000, 0x0000000081300000|100%| O|  |TAMS 0x0000000081300000, 0x0000000081200000| Untracked 
|  19|0x0000000081300000, 0x0000000081400000, 0x0000000081400000|100%| O|  |TAMS 0x0000000081400000, 0x0000000081300000| Untracked 
|  20|0x0000000081400000, 0x0000000081500000, 0x0000000081500000|100%| O|  |TAMS 0x0000000081500000, 0x0000000081400000| Untracked 
|  21|0x0000000081500000, 0x0000000081600000, 0x0000000081600000|100%| O|  |TAMS 0x0000000081600000, 0x0000000081500000| Untracked 
|  22|0x0000000081600000, 0x0000000081700000, 0x0000000081700000|100%| O|  |TAMS 0x0000000081700000, 0x0000000081600000| Untracked 
|  23|0x0000000081700000, 0x0000000081800000, 0x0000000081800000|100%| O|  |TAMS 0x0000000081800000, 0x0000000081700000| Untracked 
|  24|0x0000000081800000, 0x0000000081900000, 0x0000000081900000|100%| O|  |TAMS 0x0000000081900000, 0x0000000081800000| Untracked 
|  25|0x0000000081900000, 0x0000000081a00000, 0x0000000081a00000|100%| O|  |TAMS 0x0000000081a00000, 0x0000000081900000| Untracked 
|  26|0x0000000081a00000, 0x0000000081b00000, 0x0000000081b00000|100%|HS|  |TAMS 0x0000000081b00000, 0x0000000081a00000| Complete 
|  27|0x0000000081b00000, 0x0000000081c00000, 0x0000000081c00000|100%|HS|  |TAMS 0x0000000081c00000, 0x0000000081b00000| Complete 
|  28|0x0000000081c00000, 0x0000000081d00000, 0x0000000081d00000|100%|HS|  |TAMS 0x0000000081d00000, 0x0000000081c00000| Complete 
|  29|0x0000000081d00000, 0x0000000081e00000, 0x0000000081e00000|100%|HC|  |TAMS 0x0000000081e00000, 0x0000000081d00000| Complete 
|  30|0x0000000081e00000, 0x0000000081f00000, 0x0000000081f00000|100%| O|  |TAMS 0x0000000081f00000, 0x0000000081e00000| Untracked 
|  31|0x0000000081f00000, 0x0000000082000000, 0x0000000082000000|100%| O|  |TAMS 0x0000000082000000, 0x0000000081f00000| Untracked 
|  32|0x0000000082000000, 0x0000000082100000, 0x0000000082100000|100%| O|  |TAMS 0x0000000082100000, 0x0000000082000000| Untracked 
|  33|0x0000000082100000, 0x0000000082200000, 0x0000000082200000|100%| O|  |TAMS 0x0000000082200000, 0x0000000082100000| Untracked 
|  34|0x0000000082200000, 0x0000000082300000, 0x0000000082300000|100%| O|  |TAMS 0x0000000082300000, 0x0000000082200000| Untracked 
|  35|0x0000000082300000, 0x0000000082400000, 0x0000000082400000|100%| O|  |TAMS 0x0000000082400000, 0x0000000082300000| Untracked 
|  36|0x0000000082400000, 0x0000000082500000, 0x0000000082500000|100%| O|  |TAMS 0x0000000082500000, 0x0000000082400000| Untracked 
|  37|0x0000000082500000, 0x0000000082600000, 0x0000000082600000|100%| O|  |TAMS 0x0000000082600000, 0x0000000082500000| Untracked 
|  38|0x0000000082600000, 0x0000000082700000, 0x0000000082700000|100%| O|  |TAMS 0x0000000082700000, 0x0000000082600000| Untracked 
|  39|0x0000000082700000, 0x0000000082800000, 0x0000000082800000|100%| O|  |TAMS 0x0000000082800000, 0x0000000082700000| Untracked 
|  40|0x0000000082800000, 0x0000000082900000, 0x0000000082900000|100%| O|  |TAMS 0x0000000082900000, 0x0000000082800000| Untracked 
|  41|0x0000000082900000, 0x0000000082a00000, 0x0000000082a00000|100%| O|  |TAMS 0x0000000082a00000, 0x0000000082900000| Untracked 
|  42|0x0000000082a00000, 0x0000000082b00000, 0x0000000082b00000|100%| O|  |TAMS 0x0000000082b00000, 0x0000000082a00000| Untracked 
|  43|0x0000000082b00000, 0x0000000082c00000, 0x0000000082c00000|100%| O|  |TAMS 0x0000000082b95e00, 0x0000000082b00000| Untracked 
|  44|0x0000000082c00000, 0x0000000082c00000, 0x0000000082d00000|  0%| F|  |TAMS 0x0000000082c00000, 0x0000000082c00000| Untracked 
|  45|0x0000000082d00000, 0x0000000082e00000, 0x0000000082e00000|100%| O|  |TAMS 0x0000000082d00000, 0x0000000082d00000| Untracked 
|  46|0x0000000082e00000, 0x0000000082f00000, 0x0000000082f00000|100%| O|  |TAMS 0x0000000082e00000, 0x0000000082e00000| Untracked 
|  47|0x0000000082f00000, 0x0000000083000000, 0x0000000083000000|100%| O|  |TAMS 0x0000000082f00000, 0x0000000082f00000| Untracked 
|  48|0x0000000083000000, 0x0000000083100000, 0x0000000083100000|100%| O|  |TAMS 0x0000000083000000, 0x0000000083000000| Untracked 
|  49|0x0000000083100000, 0x0000000083200000, 0x0000000083200000|100%| O|  |TAMS 0x0000000083100000, 0x0000000083100000| Untracked 
|  50|0x0000000083200000, 0x0000000083291000, 0x0000000083300000| 56%| O|  |TAMS 0x0000000083200000, 0x0000000083200000| Untracked 
|  51|0x0000000083300000, 0x0000000083300000, 0x0000000083400000|  0%| F|  |TAMS 0x0000000083300000, 0x0000000083300000| Untracked 
|  52|0x0000000083400000, 0x0000000083400000, 0x0000000083500000|  0%| F|  |TAMS 0x0000000083400000, 0x0000000083400000| Untracked 
|  53|0x0000000083500000, 0x0000000083500000, 0x0000000083600000|  0%| F|  |TAMS 0x0000000083500000, 0x0000000083500000| Untracked 
|  54|0x0000000083600000, 0x0000000083600000, 0x0000000083700000|  0%| F|  |TAMS 0x0000000083600000, 0x0000000083600000| Untracked 
|  55|0x0000000083700000, 0x0000000083700000, 0x0000000083800000|  0%| F|  |TAMS 0x0000000083700000, 0x0000000083700000| Untracked 
|  56|0x0000000083800000, 0x0000000083800000, 0x0000000083900000|  0%| F|  |TAMS 0x0000000083800000, 0x0000000083800000| Untracked 
|  57|0x0000000083900000, 0x0000000083900000, 0x0000000083a00000|  0%| F|  |TAMS 0x0000000083900000, 0x0000000083900000| Untracked 
|  58|0x0000000083a00000, 0x0000000083a00000, 0x0000000083b00000|  0%| F|  |TAMS 0x0000000083a00000, 0x0000000083a00000| Untracked 
|  59|0x0000000083b00000, 0x0000000083b00000, 0x0000000083c00000|  0%| F|  |TAMS 0x0000000083b00000, 0x0000000083b00000| Untracked 
|  60|0x0000000083c00000, 0x0000000083c00000, 0x0000000083d00000|  0%| F|  |TAMS 0x0000000083c00000, 0x0000000083c00000| Untracked 
|  61|0x0000000083d00000, 0x0000000083d00000, 0x0000000083e00000|  0%| F|  |TAMS 0x0000000083d00000, 0x0000000083d00000| Untracked 
|  62|0x0000000083e00000, 0x0000000083e00000, 0x0000000083f00000|  0%| F|  |TAMS 0x0000000083e00000, 0x0000000083e00000| Untracked 
|  63|0x0000000083f00000, 0x0000000083f00000, 0x0000000084000000|  0%| F|  |TAMS 0x0000000083f00000, 0x0000000083f00000| Untracked 
|  64|0x0000000084000000, 0x0000000084000000, 0x0000000084100000|  0%| F|  |TAMS 0x0000000084000000, 0x0000000084000000| Untracked 
|  65|0x0000000084100000, 0x0000000084100000, 0x0000000084200000|  0%| F|  |TAMS 0x0000000084100000, 0x0000000084100000| Untracked 
|  66|0x0000000084200000, 0x0000000084200000, 0x0000000084300000|  0%| F|  |TAMS 0x0000000084200000, 0x0000000084200000| Untracked 
|  67|0x0000000084300000, 0x0000000084300000, 0x0000000084400000|  0%| F|  |TAMS 0x0000000084300000, 0x0000000084300000| Untracked 
|  68|0x0000000084400000, 0x0000000084400000, 0x0000000084500000|  0%| F|  |TAMS 0x0000000084400000, 0x0000000084400000| Untracked 
|  69|0x0000000084500000, 0x0000000084500000, 0x0000000084600000|  0%| F|  |TAMS 0x0000000084500000, 0x0000000084500000| Untracked 
|  70|0x0000000084600000, 0x0000000084600000, 0x0000000084700000|  0%| F|  |TAMS 0x0000000084600000, 0x0000000084600000| Untracked 
|  71|0x0000000084700000, 0x0000000084700000, 0x0000000084800000|  0%| F|  |TAMS 0x0000000084700000, 0x0000000084700000| Untracked 
|  72|0x0000000084800000, 0x0000000084800000, 0x0000000084900000|  0%| F|  |TAMS 0x0000000084800000, 0x0000000084800000| Untracked 
|  73|0x0000000084900000, 0x0000000084900000, 0x0000000084a00000|  0%| F|  |TAMS 0x0000000084900000, 0x0000000084900000| Untracked 
|  74|0x0000000084a00000, 0x0000000084a00000, 0x0000000084b00000|  0%| F|  |TAMS 0x0000000084a00000, 0x0000000084a00000| Untracked 
|  75|0x0000000084b00000, 0x0000000084b00000, 0x0000000084c00000|  0%| F|  |TAMS 0x0000000084b00000, 0x0000000084b00000| Untracked 
|  76|0x0000000084c00000, 0x0000000084c00000, 0x0000000084d00000|  0%| F|  |TAMS 0x0000000084c00000, 0x0000000084c00000| Untracked 
|  77|0x0000000084d00000, 0x0000000084d00000, 0x0000000084e00000|  0%| F|  |TAMS 0x0000000084d00000, 0x0000000084d00000| Untracked 
|  78|0x0000000084e00000, 0x0000000084e00000, 0x0000000084f00000|  0%| F|  |TAMS 0x0000000084e00000, 0x0000000084e00000| Untracked 
|  79|0x0000000084f00000, 0x0000000084f00000, 0x0000000085000000|  0%| F|  |TAMS 0x0000000084f00000, 0x0000000084f00000| Untracked 
|  80|0x0000000085000000, 0x0000000085000000, 0x0000000085100000|  0%| F|  |TAMS 0x0000000085000000, 0x0000000085000000| Untracked 
|  81|0x0000000085100000, 0x0000000085100000, 0x0000000085200000|  0%| F|  |TAMS 0x0000000085100000, 0x0000000085100000| Untracked 
|  82|0x0000000085200000, 0x0000000085200000, 0x0000000085300000|  0%| F|  |TAMS 0x0000000085200000, 0x0000000085200000| Untracked 
|  83|0x0000000085300000, 0x0000000085300000, 0x0000000085400000|  0%| F|  |TAMS 0x0000000085300000, 0x0000000085300000| Untracked 
|  84|0x0000000085400000, 0x0000000085400000, 0x0000000085500000|  0%| F|  |TAMS 0x0000000085400000, 0x0000000085400000| Untracked 
|  85|0x0000000085500000, 0x000000008554f518, 0x0000000085600000| 30%| S|CS|TAMS 0x0000000085500000, 0x0000000085500000| Complete 
|  86|0x0000000085600000, 0x0000000085600000, 0x0000000085700000|  0%| F|  |TAMS 0x0000000085600000, 0x0000000085600000| Untracked 
|  87|0x0000000085700000, 0x0000000085700000, 0x0000000085800000|  0%| F|  |TAMS 0x0000000085700000, 0x0000000085700000| Untracked 
|  88|0x0000000085800000, 0x0000000085800000, 0x0000000085900000|  0%| F|  |TAMS 0x0000000085800000, 0x0000000085800000| Untracked 
|  89|0x0000000085900000, 0x0000000085a00000, 0x0000000085a00000|100%| S|CS|TAMS 0x0000000085900000, 0x0000000085900000| Complete 
|  90|0x0000000085a00000, 0x0000000085b00000, 0x0000000085b00000|100%| S|CS|TAMS 0x0000000085a00000, 0x0000000085a00000| Complete 
|  91|0x0000000085b00000, 0x0000000085c00000, 0x0000000085c00000|100%| S|CS|TAMS 0x0000000085b00000, 0x0000000085b00000| Complete 
|  92|0x0000000085c00000, 0x0000000085d00000, 0x0000000085d00000|100%| S|CS|TAMS 0x0000000085c00000, 0x0000000085c00000| Complete 
|  93|0x0000000085d00000, 0x0000000085e00000, 0x0000000085e00000|100%| S|CS|TAMS 0x0000000085d00000, 0x0000000085d00000| Complete 
|  94|0x0000000085e00000, 0x0000000085f00000, 0x0000000085f00000|100%| S|CS|TAMS 0x0000000085e00000, 0x0000000085e00000| Complete 
|  95|0x0000000085f00000, 0x0000000086000000, 0x0000000086000000|100%| S|CS|TAMS 0x0000000085f00000, 0x0000000085f00000| Complete 
|  96|0x0000000086000000, 0x0000000086000000, 0x0000000086100000|  0%| F|  |TAMS 0x0000000086000000, 0x0000000086000000| Untracked 
|  97|0x0000000086100000, 0x0000000086100000, 0x0000000086200000|  0%| F|  |TAMS 0x0000000086100000, 0x0000000086100000| Untracked 
|  98|0x0000000086200000, 0x0000000086200000, 0x0000000086300000|  0%| F|  |TAMS 0x0000000086200000, 0x0000000086200000| Untracked 
|  99|0x0000000086300000, 0x0000000086300000, 0x0000000086400000|  0%| F|  |TAMS 0x0000000086300000, 0x0000000086300000| Untracked 
| 100|0x0000000086400000, 0x0000000086400000, 0x0000000086500000|  0%| F|  |TAMS 0x0000000086400000, 0x0000000086400000| Untracked 
| 101|0x0000000086500000, 0x0000000086500000, 0x0000000086600000|  0%| F|  |TAMS 0x0000000086500000, 0x0000000086500000| Untracked 
| 102|0x0000000086600000, 0x0000000086600000, 0x0000000086700000|  0%| F|  |TAMS 0x0000000086600000, 0x0000000086600000| Untracked 
| 103|0x0000000086700000, 0x0000000086700000, 0x0000000086800000|  0%| F|  |TAMS 0x0000000086700000, 0x0000000086700000| Untracked 
| 104|0x0000000086800000, 0x0000000086800000, 0x0000000086900000|  0%| F|  |TAMS 0x0000000086800000, 0x0000000086800000| Untracked 
| 105|0x0000000086900000, 0x0000000086900000, 0x0000000086a00000|  0%| F|  |TAMS 0x0000000086900000, 0x0000000086900000| Untracked 
| 106|0x0000000086a00000, 0x0000000086a00000, 0x0000000086b00000|  0%| F|  |TAMS 0x0000000086a00000, 0x0000000086a00000| Untracked 
| 107|0x0000000086b00000, 0x0000000086b00000, 0x0000000086c00000|  0%| F|  |TAMS 0x0000000086b00000, 0x0000000086b00000| Untracked 
| 108|0x0000000086c00000, 0x0000000086c00000, 0x0000000086d00000|  0%| F|  |TAMS 0x0000000086c00000, 0x0000000086c00000| Untracked 
| 109|0x0000000086d00000, 0x0000000086d00000, 0x0000000086e00000|  0%| F|  |TAMS 0x0000000086d00000, 0x0000000086d00000| Untracked 
| 110|0x0000000086e00000, 0x0000000086e00000, 0x0000000086f00000|  0%| F|  |TAMS 0x0000000086e00000, 0x0000000086e00000| Untracked 
| 111|0x0000000086f00000, 0x0000000086f00000, 0x0000000087000000|  0%| F|  |TAMS 0x0000000086f00000, 0x0000000086f00000| Untracked 
| 112|0x0000000087000000, 0x0000000087000000, 0x0000000087100000|  0%| F|  |TAMS 0x0000000087000000, 0x0000000087000000| Untracked 
| 113|0x0000000087100000, 0x0000000087100000, 0x0000000087200000|  0%| F|  |TAMS 0x0000000087100000, 0x0000000087100000| Untracked 
| 114|0x0000000087200000, 0x0000000087200000, 0x0000000087300000|  0%| F|  |TAMS 0x0000000087200000, 0x0000000087200000| Untracked 
| 115|0x0000000087300000, 0x0000000087300000, 0x0000000087400000|  0%| F|  |TAMS 0x0000000087300000, 0x0000000087300000| Untracked 
| 116|0x0000000087400000, 0x0000000087400000, 0x0000000087500000|  0%| F|  |TAMS 0x0000000087400000, 0x0000000087400000| Untracked 
| 117|0x0000000087500000, 0x0000000087500000, 0x0000000087600000|  0%| F|  |TAMS 0x0000000087500000, 0x0000000087500000| Untracked 
| 118|0x0000000087600000, 0x0000000087600000, 0x0000000087700000|  0%| F|  |TAMS 0x0000000087600000, 0x0000000087600000| Untracked 
| 119|0x0000000087700000, 0x0000000087700000, 0x0000000087800000|  0%| F|  |TAMS 0x0000000087700000, 0x0000000087700000| Untracked 
| 120|0x0000000087800000, 0x0000000087800000, 0x0000000087900000|  0%| F|  |TAMS 0x0000000087800000, 0x0000000087800000| Untracked 
| 121|0x0000000087900000, 0x0000000087900000, 0x0000000087a00000|  0%| F|  |TAMS 0x0000000087900000, 0x0000000087900000| Untracked 
| 122|0x0000000087a00000, 0x0000000087a00000, 0x0000000087b00000|  0%| F|  |TAMS 0x0000000087a00000, 0x0000000087a00000| Untracked 
| 123|0x0000000087b00000, 0x0000000087b00000, 0x0000000087c00000|  0%| F|  |TAMS 0x0000000087b00000, 0x0000000087b00000| Untracked 
| 124|0x0000000087c00000, 0x0000000087c00000, 0x0000000087d00000|  0%| F|  |TAMS 0x0000000087c00000, 0x0000000087c00000| Untracked 
| 125|0x0000000087d00000, 0x0000000087d00000, 0x0000000087e00000|  0%| F|  |TAMS 0x0000000087d00000, 0x0000000087d00000| Untracked 
| 126|0x0000000087e00000, 0x0000000087e00000, 0x0000000087f00000|  0%| F|  |TAMS 0x0000000087e00000, 0x0000000087e00000| Untracked 
| 127|0x0000000087f00000, 0x0000000087f00000, 0x0000000088000000|  0%| F|  |TAMS 0x0000000087f00000, 0x0000000087f00000| Untracked 
| 128|0x0000000088000000, 0x0000000088000000, 0x0000000088100000|  0%| F|  |TAMS 0x0000000088000000, 0x0000000088000000| Untracked 
| 129|0x0000000088100000, 0x0000000088100000, 0x0000000088200000|  0%| F|  |TAMS 0x0000000088100000, 0x0000000088100000| Untracked 
| 130|0x0000000088200000, 0x0000000088200000, 0x0000000088300000|  0%| F|  |TAMS 0x0000000088200000, 0x0000000088200000| Untracked 
| 131|0x0000000088300000, 0x0000000088300000, 0x0000000088400000|  0%| F|  |TAMS 0x0000000088300000, 0x0000000088300000| Untracked 
| 132|0x0000000088400000, 0x0000000088400000, 0x0000000088500000|  0%| F|  |TAMS 0x0000000088400000, 0x0000000088400000| Untracked 
| 133|0x0000000088500000, 0x0000000088500000, 0x0000000088600000|  0%| F|  |TAMS 0x0000000088500000, 0x0000000088500000| Untracked 
| 134|0x0000000088600000, 0x0000000088600000, 0x0000000088700000|  0%| F|  |TAMS 0x0000000088600000, 0x0000000088600000| Untracked 
| 135|0x0000000088700000, 0x0000000088700000, 0x0000000088800000|  0%| F|  |TAMS 0x0000000088700000, 0x0000000088700000| Untracked 
| 136|0x0000000088800000, 0x0000000088800000, 0x0000000088900000|  0%| F|  |TAMS 0x0000000088800000, 0x0000000088800000| Untracked 
| 137|0x0000000088900000, 0x0000000088900000, 0x0000000088a00000|  0%| F|  |TAMS 0x0000000088900000, 0x0000000088900000| Untracked 
| 138|0x0000000088a00000, 0x0000000088a00000, 0x0000000088b00000|  0%| F|  |TAMS 0x0000000088a00000, 0x0000000088a00000| Untracked 
| 139|0x0000000088b00000, 0x0000000088b00000, 0x0000000088c00000|  0%| F|  |TAMS 0x0000000088b00000, 0x0000000088b00000| Untracked 
| 140|0x0000000088c00000, 0x0000000088c00000, 0x0000000088d00000|  0%| F|  |TAMS 0x0000000088c00000, 0x0000000088c00000| Untracked 
| 141|0x0000000088d00000, 0x0000000088d00000, 0x0000000088e00000|  0%| F|  |TAMS 0x0000000088d00000, 0x0000000088d00000| Untracked 
| 142|0x0000000088e00000, 0x0000000088e00000, 0x0000000088f00000|  0%| F|  |TAMS 0x0000000088e00000, 0x0000000088e00000| Untracked 
| 143|0x0000000088f00000, 0x0000000088f00000, 0x0000000089000000|  0%| F|  |TAMS 0x0000000088f00000, 0x0000000088f00000| Untracked 
| 144|0x0000000089000000, 0x0000000089000000, 0x0000000089100000|  0%| F|  |TAMS 0x0000000089000000, 0x0000000089000000| Untracked 
| 145|0x0000000089100000, 0x0000000089100000, 0x0000000089200000|  0%| F|  |TAMS 0x0000000089100000, 0x0000000089100000| Untracked 
| 146|0x0000000089200000, 0x0000000089200000, 0x0000000089300000|  0%| F|  |TAMS 0x0000000089200000, 0x0000000089200000| Untracked 
| 147|0x0000000089300000, 0x0000000089300000, 0x0000000089400000|  0%| F|  |TAMS 0x0000000089300000, 0x0000000089300000| Untracked 
| 148|0x0000000089400000, 0x0000000089400000, 0x0000000089500000|  0%| F|  |TAMS 0x0000000089400000, 0x0000000089400000| Untracked 
| 149|0x0000000089500000, 0x0000000089500000, 0x0000000089600000|  0%| F|  |TAMS 0x0000000089500000, 0x0000000089500000| Untracked 
| 150|0x0000000089600000, 0x0000000089600000, 0x0000000089700000|  0%| F|  |TAMS 0x0000000089600000, 0x0000000089600000| Untracked 
| 151|0x0000000089700000, 0x0000000089700000, 0x0000000089800000|  0%| F|  |TAMS 0x0000000089700000, 0x0000000089700000| Untracked 

Card table byte_map: [0x0000024137070000,0x0000024137470000] _byte_map_base: 0x0000024136c70000

Marking Bits (Prev, Next): (CMBitMap*) 0x0000024123e5e0f0, (CMBitMap*) 0x0000024123e5e0b8
 Prev Bits: [0x0000024139870000, 0x000002413b870000)
 Next Bits: [0x0000024137870000, 0x0000024139870000)

Polling page: 0x0000024121e20000

Metaspace:

Usage:
  Non-class:     62.33 MB capacity,    61.23 MB ( 98%) used,   949.53 KB (  1%) free+waste,   183.88 KB ( <1%) overhead. 
      Class:      9.69 MB capacity,     9.09 MB ( 94%) used,   534.78 KB (  5%) free+waste,    85.69 KB ( <1%) overhead. 
       Both:     72.03 MB capacity,    70.31 MB ( 98%) used,     1.45 MB (  2%) free+waste,   269.56 KB ( <1%) overhead. 

Virtual space:
  Non-class space:       64.00 MB reserved,      62.38 MB ( 97%) committed 
      Class space:        1.00 GB reserved,       9.77 MB ( <1%) committed 
             Both:        1.06 GB reserved,      72.15 MB (  7%) committed 

Chunk freelists:
   Non-Class:  46.00 KB
       Class:  0 bytes
        Both:  46.00 KB

MaxMetaspaceSize: 17179869184.00 GB
CompressedClassSpaceSize: 1.00 GB
Initial GC threshold: 20.80 MB
Current GC threshold: 98.80 MB
CDS: off

CodeHeap 'non-profiled nmethods': size=120000Kb used=4488Kb max_used=4488Kb free=115511Kb
 bounds [0x000002412f410000, 0x000002412f880000, 0x0000024136940000]
CodeHeap 'profiled nmethods': size=120000Kb used=14836Kb max_used=14836Kb free=105163Kb
 bounds [0x0000024127ee0000, 0x0000024128d60000, 0x000002412f410000]
CodeHeap 'non-nmethods': size=5760Kb used=2347Kb max_used=2403Kb free=3412Kb
 bounds [0x0000024127940000, 0x0000024127bb0000, 0x0000024127ee0000]
 total_blobs=7835 nmethods=6973 adapters=774
 compilation: enabled
              stopped_count=0, restarted_count=0
 full_count=0

Compilation events (20 events):
Event: 8.447 Thread 0x000002413e2df000 6989       3       java.util.HashMap::getNode (148 bytes)
Event: 8.448 Thread 0x000002413e2df000 nmethod 6989 0x0000024128d54790 code [0x0000024128d549e0, 0x0000024128d554a8]
Event: 8.448 Thread 0x000002413e2df000 6988       3       java.util.LinkedHashMap::get (33 bytes)
Event: 8.448 Thread 0x000002413e2df000 nmethod 6988 0x0000024128d55790 code [0x0000024128d55980, 0x0000024128d55da8]
Event: 8.448 Thread 0x000002413e2df000 6990       3       org.gradle.internal.reflect.MethodSet::add (50 bytes)
Event: 8.449 Thread 0x000002413e2df000 nmethod 6990 0x0000024128d55f10 code [0x0000024128d56140, 0x0000024128d569b8]
Event: 8.451 Thread 0x000002413e2df000 6992       3       org.gradle.api.internal.attributes.DefaultImmutableAttributes::<init> (214 bytes)
Event: 8.452 Thread 0x000002413e2df000 nmethod 6992 0x0000024128d56c90 code [0x0000024128d57040, 0x0000024128d58e18]
Event: 8.454 Thread 0x000002413e2df000 6994       3       java.util.HashMap::resize (356 bytes)
Event: 8.455 Thread 0x000002413e2df000 nmethod 6994 0x0000024128d59710 code [0x0000024128d599e0, 0x0000024128d5ad88]
Event: 8.457 Thread 0x000002413e2df000 6995       1       org.gradle.internal.ImmutableActionSet$SetWithManyActions::isEmpty (2 bytes)
Event: 8.458 Thread 0x000002413e2df000 nmethod 6995 0x000002412f872090 code [0x000002412f872240, 0x000002412f8722f8]
Event: 8.460 Thread 0x000002413e2df000 6998       3       org.gradle.internal.instantiation.generator.AbstractClassGenerator::visitFields (50 bytes)
Event: 8.461 Thread 0x000002413e2df000 nmethod 6998 0x0000024128d5b210 code [0x0000024128d5b440, 0x0000024128d5bb28]
Event: 8.461 Thread 0x000002413e2df000 6999       2       org.objectweb.asm.Type::getDescriptor (18 bytes)
Event: 8.462 Thread 0x000002413e2df000 nmethod 6999 0x0000024128d5bd90 code [0x0000024128d5bf80, 0x0000024128d5c278]
Event: 8.465 Thread 0x000002413e2df000 7000       3       org.gradle.api.internal.provider.Collectors$TypedCollector::isProvidedBy (32 bytes)
Event: 8.465 Thread 0x000002413e2df000 nmethod 7000 0x0000024128d5c410 code [0x0000024128d5c5e0, 0x0000024128d5ca48]
Event: 8.465 Thread 0x000002413e2df000 7001       3       org.gradle.api.internal.provider.Collectors$ElementFromProvider::isProvidedBy (9 bytes)
Event: 8.466 Thread 0x000002413e2df000 nmethod 7001 0x0000024128d5cb10 code [0x0000024128d5cce0, 0x0000024128d5cfc8]

GC Heap History (20 events):
Event: 2.612 GC heap after
{Heap after GC invocations=5 (full 0):
 garbage-first heap   total 129024K, used 18884K [0x0000000080000000, 0x0000000100000000)
  region size 1024K, 3 young (3072K), 3 survivors (3072K)
 Metaspace       used 26457K, capacity 27021K, committed 27132K, reserved 1073152K
  class space    used 3400K, capacity 3593K, committed 3660K, reserved 1048576K
}
Event: 3.206 GC heap before
{Heap before GC invocations=5 (full 0):
 garbage-first heap   total 129024K, used 77252K [0x0000000080000000, 0x0000000100000000)
  region size 1024K, 60 young (61440K), 3 survivors (3072K)
 Metaspace       used 34151K, capacity 34998K, committed 35196K, reserved 1079296K
  class space    used 4372K, capacity 4679K, committed 4812K, reserved 1048576K
}
Event: 3.211 GC heap after
{Heap after GC invocations=6 (full 0):
 garbage-first heap   total 129024K, used 21905K [0x0000000080000000, 0x0000000100000000)
  region size 1024K, 6 young (6144K), 6 survivors (6144K)
 Metaspace       used 34151K, capacity 34998K, committed 35196K, reserved 1079296K
  class space    used 4372K, capacity 4679K, committed 4812K, reserved 1048576K
}
Event: 3.273 GC heap before
{Heap before GC invocations=6 (full 0):
 garbage-first heap   total 129024K, used 23953K [0x0000000080000000, 0x0000000100000000)
  region size 1024K, 9 young (9216K), 6 survivors (6144K)
 Metaspace       used 35137K, capacity 35910K, committed 35964K, reserved 1081344K
  class space    used 4494K, capacity 4792K, committed 4812K, reserved 1048576K
}
Event: 3.284 GC heap after
{Heap after GC invocations=7 (full 0):
 garbage-first heap   total 129024K, used 22706K [0x0000000080000000, 0x0000000100000000)
  region size 1024K, 4 young (4096K), 4 survivors (4096K)
 Metaspace       used 35137K, capacity 35910K, committed 35964K, reserved 1081344K
  class space    used 4494K, capacity 4792K, committed 4812K, reserved 1048576K
}
Event: 3.837 GC heap before
{Heap before GC invocations=8 (full 0):
 garbage-first heap   total 129024K, used 73906K [0x0000000080000000, 0x0000000100000000)
  region size 1024K, 52 young (53248K), 4 survivors (4096K)
 Metaspace       used 39203K, capacity 40129K, committed 40316K, reserved 1085440K
  class space    used 4933K, capacity 5257K, committed 5324K, reserved 1048576K
}
Event: 3.846 GC heap after
{Heap after GC invocations=9 (full 0):
 garbage-first heap   total 129024K, used 26479K [0x0000000080000000, 0x0000000100000000)
  region size 1024K, 7 young (7168K), 7 survivors (7168K)
 Metaspace       used 39203K, capacity 40129K, committed 40316K, reserved 1085440K
  class space    used 4933K, capacity 5257K, committed 5324K, reserved 1048576K
}
Event: 4.377 GC heap before
{Heap before GC invocations=9 (full 0):
 garbage-first heap   total 129024K, used 78703K [0x0000000080000000, 0x0000000100000000)
  region size 1024K, 57 young (58368K), 7 survivors (7168K)
 Metaspace       used 43798K, capacity 44840K, committed 45052K, reserved 1089536K
  class space    used 5519K, capacity 5919K, committed 5964K, reserved 1048576K
}
Event: 4.385 GC heap after
{Heap after GC invocations=10 (full 0):
 garbage-first heap   total 155648K, used 29236K [0x0000000080000000, 0x0000000100000000)
  region size 1024K, 7 young (7168K), 7 survivors (7168K)
 Metaspace       used 43798K, capacity 44840K, committed 45052K, reserved 1089536K
  class space    used 5519K, capacity 5919K, committed 5964K, reserved 1048576K
}
Event: 5.113 GC heap before
{Heap before GC invocations=10 (full 0):
 garbage-first heap   total 155648K, used 91700K [0x0000000080000000, 0x0000000100000000)
  region size 1024K, 68 young (69632K), 7 survivors (7168K)
 Metaspace       used 47822K, capacity 49028K, committed 49276K, reserved 1091584K
  class space    used 6077K, capacity 6508K, committed 6604K, reserved 1048576K
}
Event: 5.121 GC heap after
{Heap after GC invocations=11 (full 0):
 garbage-first heap   total 155648K, used 31646K [0x0000000080000000, 0x0000000100000000)
  region size 1024K, 6 young (6144K), 6 survivors (6144K)
 Metaspace       used 47822K, capacity 49028K, committed 49276K, reserved 1091584K
  class space    used 6077K, capacity 6508K, committed 6604K, reserved 1048576K
}
Event: 5.897 GC heap before
{Heap before GC invocations=11 (full 0):
 garbage-first heap   total 155648K, used 100254K [0x0000000080000000, 0x0000000100000000)
  region size 1024K, 70 young (71680K), 6 survivors (6144K)
 Metaspace       used 52464K, capacity 53819K, committed 54012K, reserved 1095680K
  class space    used 6623K, capacity 7149K, committed 7244K, reserved 1048576K
}
Event: 5.904 GC heap after
{Heap after GC invocations=12 (full 0):
 garbage-first heap   total 155648K, used 44292K [0x0000000080000000, 0x0000000100000000)
  region size 1024K, 9 young (9216K), 9 survivors (9216K)
 Metaspace       used 52464K, capacity 53819K, committed 54012K, reserved 1095680K
  class space    used 6623K, capacity 7149K, committed 7244K, reserved 1048576K
}
Event: 6.455 GC heap before
{Heap before GC invocations=12 (full 0):
 garbage-first heap   total 155648K, used 84228K [0x0000000080000000, 0x0000000100000000)
  region size 1024K, 49 young (50176K), 9 survivors (9216K)
 Metaspace       used 58783K, capacity 60269K, committed 60368K, reserved 1101824K
  class space    used 7413K, capacity 7975K, committed 8012K, reserved 1048576K
}
Event: 6.468 GC heap after
{Heap after GC invocations=13 (full 0):
 garbage-first heap   total 155648K, used 46679K [0x0000000080000000, 0x0000000100000000)
  region size 1024K, 2 young (2048K), 2 survivors (2048K)
 Metaspace       used 58783K, capacity 60269K, committed 60368K, reserved 1101824K
  class space    used 7413K, capacity 7975K, committed 8012K, reserved 1048576K
}
Event: 7.141 GC heap before
{Heap before GC invocations=14 (full 0):
 garbage-first heap   total 155648K, used 100951K [0x0000000080000000, 0x0000000100000000)
  region size 1024K, 56 young (57344K), 2 survivors (2048K)
 Metaspace       used 63795K, capacity 65328K, committed 65692K, reserved 1105920K
  class space    used 8008K, capacity 8589K, committed 8728K, reserved 1048576K
}
Event: 7.146 GC heap after
{Heap after GC invocations=15 (full 0):
 garbage-first heap   total 155648K, used 51295K [0x0000000080000000, 0x0000000100000000)
  region size 1024K, 7 young (7168K), 7 survivors (7168K)
 Metaspace       used 63795K, capacity 65328K, committed 65692K, reserved 1105920K
  class space    used 8008K, capacity 8589K, committed 8728K, reserved 1048576K
}
Event: 7.599 GC heap before
{Heap before GC invocations=15 (full 0):
 garbage-first heap   total 155648K, used 106591K [0x0000000080000000, 0x0000000100000000)
  region size 1024K, 61 young (62464K), 7 survivors (7168K)
 Metaspace       used 65975K, capacity 67528K, committed 67740K, reserved 1107968K
  class space    used 8324K, capacity 8930K, committed 8984K, reserved 1048576K
}
Event: 7.607 GC heap after
{Heap after GC invocations=16 (full 0):
 garbage-first heap   total 155648K, used 55109K [0x0000000080000000, 0x0000000100000000)
  region size 1024K, 5 young (5120K), 5 survivors (5120K)
 Metaspace       used 65975K, capacity 67528K, committed 67740K, reserved 1107968K
  class space    used 8324K, capacity 8930K, committed 8984K, reserved 1048576K
}
Event: 8.470 GC heap before
{Heap before GC invocations=16 (full 0):
 garbage-first heap   total 155648K, used 110405K [0x0000000080000000, 0x0000000100000000)
  region size 1024K, 59 young (60416K), 5 survivors (5120K)
 Metaspace       used 72001K, capacity 73755K, committed 73884K, reserved 1114112K
  class space    used 9304K, capacity 9925K, committed 10008K, reserved 1048576K
}

Deoptimization events (20 events):
Event: 8.379 Thread 0x0000024140eee000 DEOPT PACKING pc=0x000002412f7e8ba4 sp=0x000000ecd91fac30
Event: 8.379 Thread 0x0000024140eee000 DEOPT UNPACKING pc=0x000002412798a1af sp=0x000000ecd91fabe0 mode 2
Event: 8.436 Thread 0x0000024140eee000 DEOPT PACKING pc=0x0000024128b14aa7 sp=0x000000ecd91f9140
Event: 8.436 Thread 0x0000024140eee000 DEOPT UNPACKING pc=0x000002412798a95e sp=0x000000ecd91f85f0 mode 0
Event: 8.446 Thread 0x0000024140eee000 Uncommon trap: trap_request=0xffffff4d fr.pc=0x000002412f486380 relative=0x0000000000000a00
Event: 8.446 Thread 0x0000024140eee000 Uncommon trap: reason=unstable_if action=reinterpret pc=0x000002412f486380 method=java.util.HashMap.resize()[Ljava/util/HashMap$Node; @ 203 c2
Event: 8.446 Thread 0x0000024140eee000 DEOPT PACKING pc=0x000002412f486380 sp=0x000000ecd91f8eb0
Event: 8.446 Thread 0x0000024140eee000 DEOPT UNPACKING pc=0x000002412798a1af sp=0x000000ecd91f8e60 mode 2
Event: 8.447 Thread 0x0000024140eee000 Uncommon trap: trap_request=0xffffff4d fr.pc=0x000002412f7b6034 relative=0x0000000000002a34
Event: 8.447 Thread 0x0000024140eee000 Uncommon trap: reason=unstable_if action=reinterpret pc=0x000002412f7b6034 method=java.util.HashMap.getNode(ILjava/lang/Object;)Ljava/util/HashMap$Node; @ 84 c2
Event: 8.447 Thread 0x0000024140eee000 DEOPT PACKING pc=0x000002412f7b6034 sp=0x000000ecd91f8f60
Event: 8.447 Thread 0x0000024140eee000 DEOPT UNPACKING pc=0x000002412798a1af sp=0x000000ecd91f8e48 mode 2
Event: 8.447 Thread 0x0000024140eee000 Uncommon trap: trap_request=0xffffff4d fr.pc=0x000002412f7c6314 relative=0x00000000000002d4
Event: 8.447 Thread 0x0000024140eee000 Uncommon trap: reason=unstable_if action=reinterpret pc=0x000002412f7c6314 method=java.util.HashMap.getNode(ILjava/lang/Object;)Ljava/util/HashMap$Node; @ 84 c2
Event: 8.447 Thread 0x0000024140eee000 DEOPT PACKING pc=0x000002412f7c6314 sp=0x000000ecd91f8f10
Event: 8.447 Thread 0x0000024140eee000 DEOPT UNPACKING pc=0x000002412798a1af sp=0x000000ecd91f8e30 mode 2
Event: 8.447 Thread 0x0000024140eee000 Uncommon trap: trap_request=0xffffff4d fr.pc=0x000002412f6dbff4 relative=0x00000000000001b4
Event: 8.447 Thread 0x0000024140eee000 Uncommon trap: reason=unstable_if action=reinterpret pc=0x000002412f6dbff4 method=java.util.HashMap.getNode(ILjava/lang/Object;)Ljava/util/HashMap$Node; @ 84 c2
Event: 8.447 Thread 0x0000024140eee000 DEOPT PACKING pc=0x000002412f6dbff4 sp=0x000000ecd91f8eb0
Event: 8.447 Thread 0x0000024140eee000 DEOPT UNPACKING pc=0x000002412798a1af sp=0x000000ecd91f8e38 mode 2

Classes redefined (0 events):
No events

Internal exceptions (20 events):
Event: 7.495 Thread 0x0000024140eee000 Exception <a 'java/lang/ClassNotFoundException'{0x0000000086b858b8}: com/android/build/gradle/internal/CompileOptionsCustomizer> (0x0000000086b858b8) thrown at [./src/hotspot/share/classfile/systemDictionary.cpp, line 231]
Event: 7.496 Thread 0x0000024140eee000 Exception <a 'java/lang/ClassNotFoundException'{0x0000000086bacf70}: com/android/build/gradle/internal/CompileOptions$AgpDecoratedCustomizer> (0x0000000086bacf70) thrown at [./src/hotspot/share/classfile/systemDictionary.cpp, line 231]
Event: 7.497 Thread 0x0000024140eee000 Exception <a 'java/lang/ClassNotFoundException'{0x0000000086bd7b90}: com/android/build/gradle/internal/CompileOptions$AgpDecorated_DecoratedCustomizer> (0x0000000086bd7b90) thrown at [./src/hotspot/share/classfile/systemDictionary.cpp, line 231]
Event: 7.503 Thread 0x0000024140eee000 Exception <a 'java/lang/ClassNotFoundException'{0x0000000086a7a688}: com/android/build/gradle/internal/dsl/ApplicationBuildFeaturesImpl_DecoratedBeanInfo> (0x0000000086a7a688) thrown at [./src/hotspot/share/classfile/systemDictionary.cpp, line 231]
Event: 7.503 Thread 0x0000024140eee000 Exception <a 'java/lang/ClassNotFoundException'{0x0000000086a96e20}: com/android/build/gradle/internal/dsl/ApplicationBuildFeaturesImplBeanInfo> (0x0000000086a96e20) thrown at [./src/hotspot/share/classfile/systemDictionary.cpp, line 231]
Event: 7.504 Thread 0x0000024140eee000 Exception <a 'java/lang/ClassNotFoundException'{0x0000000086ab1e08}: com/android/build/gradle/internal/dsl/BuildFeaturesImplBeanInfo> (0x0000000086ab1e08) thrown at [./src/hotspot/share/classfile/systemDictionary.cpp, line 231]
Event: 7.504 Thread 0x0000024140eee000 Exception <a 'java/lang/ClassNotFoundException'{0x0000000086accb80}: com/android/build/gradle/internal/dsl/BuildFeaturesImplCustomizer> (0x0000000086accb80) thrown at [./src/hotspot/share/classfile/systemDictionary.cpp, line 231]
Event: 7.505 Thread 0x0000024140eee000 Exception <a 'java/lang/ClassNotFoundException'{0x0000000086af4428}: com/android/build/gradle/internal/dsl/ApplicationBuildFeaturesImplCustomizer> (0x0000000086af4428) thrown at [./src/hotspot/share/classfile/systemDictionary.cpp, line 231]
Event: 7.505 Thread 0x0000024140eee000 Exception <a 'java/lang/ClassNotFoundException'{0x00000000869180e8}: com/android/build/gradle/internal/dsl/ApplicationBuildFeaturesImpl_DecoratedCustomizer> (0x00000000869180e8) thrown at [./src/hotspot/share/classfile/systemDictionary.cpp, line 231]
Event: 7.510 Thread 0x0000024140eee000 Exception <a 'java/lang/ClassNotFoundException'{0x00000000869ea258}: org/gradle/api/internal/artifacts/dsl/dependencies/DefaultDependencyHandler_DecoratedBeanInfo> (0x00000000869ea258) thrown at [./src/hotspot/share/classfile/systemDictionary.cpp, line 231]
Event: 7.511 Thread 0x0000024140eee000 Exception <a 'java/lang/ClassNotFoundException'{0x00000000868337c0}: org/gradle/api/internal/artifacts/dsl/dependencies/DefaultDependencyHandlerBeanInfo> (0x00000000868337c0) thrown at [./src/hotspot/share/classfile/systemDictionary.cpp, line 231]
Event: 7.512 Thread 0x0000024140eee000 Exception <a 'java/lang/ClassNotFoundException'{0x000000008687c280}: org/gradle/api/internal/artifacts/dsl/dependencies/DefaultDependencyHandlerCustomizer> (0x000000008687c280) thrown at [./src/hotspot/share/classfile/systemDictionary.cpp, line 231]
Event: 7.514 Thread 0x0000024140eee000 Exception <a 'java/lang/ClassNotFoundException'{0x00000000868ec2f8}: org/gradle/api/internal/artifacts/dsl/dependencies/DefaultDependencyHandler_DecoratedCustomizer> (0x00000000868ec2f8) thrown at [./src/hotspot/share/classfile/systemDictionary.cpp, line 231]
Event: 8.230 Thread 0x0000024140eee000 Exception <a 'java/lang/ClassNotFoundException'{0x000000008727a1f0}: com/android/build/gradle/internal/api/ApkVariantOutputImpl_DecoratedBeanInfo> (0x000000008727a1f0) thrown at [./src/hotspot/share/classfile/systemDictionary.cpp, line 231]
Event: 8.231 Thread 0x0000024140eee000 Exception <a 'java/lang/ClassNotFoundException'{0x0000000087294d48}: com/android/build/gradle/internal/api/ApkVariantOutputImplBeanInfo> (0x0000000087294d48) thrown at [./src/hotspot/share/classfile/systemDictionary.cpp, line 231]
Event: 8.231 Thread 0x0000024140eee000 Exception <a 'java/lang/ClassNotFoundException'{0x00000000872afdb8}: com/android/build/gradle/internal/api/BaseVariantOutputImplBeanInfo> (0x00000000872afdb8) thrown at [./src/hotspot/share/classfile/systemDictionary.cpp, line 231]
Event: 8.232 Thread 0x0000024140eee000 Exception <a 'java/lang/ClassNotFoundException'{0x00000000872cae90}: com/android/build/gradle/internal/api/BaseVariantOutputImplCustomizer> (0x00000000872cae90) thrown at [./src/hotspot/share/classfile/systemDictionary.cpp, line 231]
Event: 8.233 Thread 0x0000024140eee000 Exception <a 'java/lang/ClassNotFoundException'{0x00000000872f8600}: com/android/build/gradle/internal/api/ApkVariantOutputImplCustomizer> (0x00000000872f8600) thrown at [./src/hotspot/share/classfile/systemDictionary.cpp, line 231]
Event: 8.234 Thread 0x0000024140eee000 Exception <a 'java/lang/ClassNotFoundException'{0x0000000087122720}: com/android/build/gradle/internal/api/ApkVariantOutputImpl_DecoratedCustomizer> (0x0000000087122720) thrown at [./src/hotspot/share/classfile/systemDictionary.cpp, line 231]
Event: 8.253 Thread 0x0000024140eee000 Exception <a 'java/lang/NoClassDefFoundError'{0x00000000870cffe8}: org/jetbrains/kotlin/gradle/plugin/KotlinBasePluginWrapper> (0x00000000870cffe8) thrown at [./src/hotspot/share/classfile/systemDictionary.cpp, line 220]

Events (20 events):
Event: 8.468 loading class org/gradle/api/internal/tasks/TaskInputFilePropertyBuilderInternal done
Event: 8.468 loading class org/gradle/api/internal/tasks/TaskInputFilePropertyBuilderInternal
Event: 8.468 loading class org/gradle/api/internal/tasks/TaskInputFilePropertyBuilderInternal done
Event: 8.468 loading class org/gradle/api/internal/tasks/DefaultTaskInputs
Event: 8.468 loading class org/gradle/api/internal/tasks/DefaultTaskInputs done
Event: 8.468 loading class org/gradle/api/internal/tasks/StaticValue
Event: 8.468 loading class org/gradle/api/internal/tasks/StaticValue done
Event: 8.468 loading class org/gradle/api/internal/tasks/DefaultTaskInputFilePropertyRegistration
Event: 8.468 loading class org/gradle/api/internal/tasks/DefaultTaskInputFilePropertyRegistration done
Event: 8.469 loading class org/gradle/api/internal/tasks/TaskInputFilePropertyRegistration
Event: 8.469 loading class org/gradle/api/internal/tasks/TaskInputFilePropertyRegistration done
Event: 8.469 loading class org/gradle/api/internal/tasks/TaskPropertyRegistration
Event: 8.469 loading class org/gradle/api/internal/tasks/TaskPropertyRegistration done
Event: 8.469 loading class org/gradle/api/internal/tasks/AbstractTaskFilePropertyRegistration
Event: 8.469 loading class org/gradle/api/internal/tasks/AbstractTaskFilePropertyRegistration done
Event: 8.470 loading class org/gradle/api/tasks/TaskInputFilePropertyBuilder
Event: 8.470 loading class org/gradle/api/tasks/TaskInputFilePropertyBuilder done
Event: 8.470 loading class com/android/build/gradle/tasks/JavaCompileKt$recordAnnotationProcessors$1
Event: 8.470 loading class com/android/build/gradle/tasks/JavaCompileKt$recordAnnotationProcessors$1 done
Event: 8.470 Executing VM operation: G1CollectForAllocation


Dynamic libraries:
0x00007ff798210000 - 0x00007ff79821a000 	C:\Program Files\Android\Android Studio\jre\bin\java.exe
0x00007fffcb890000 - 0x00007fffcba88000 	C:\WINDOWS\SYSTEM32\ntdll.dll
0x00007fffc9a70000 - 0x00007fffc9b2f000 	C:\WINDOWS\System32\KERNEL32.DLL
0x00007fffc9590000 - 0x00007fffc9862000 	C:\WINDOWS\System32\KERNELBASE.dll
0x00007fffc9200000 - 0x00007fffc9300000 	C:\WINDOWS\System32\ucrtbase.dll
0x00007fff82a10000 - 0x00007fff82a27000 	C:\Program Files\Android\Android Studio\jre\bin\VCRUNTIME140.dll
0x00007fff90db0000 - 0x00007fff90dc9000 	C:\Program Files\Android\Android Studio\jre\bin\jli.dll
0x00007fffcb4d0000 - 0x00007fffcb66d000 	C:\WINDOWS\System32\USER32.dll
0x00007fffb8660000 - 0x00007fffb88fa000 	C:\WINDOWS\WinSxS\amd64_microsoft.windows.common-controls_6595b64144ccf1df_6.0.19041.1110_none_60b5254171f9507e\COMCTL32.dll
0x00007fffc8f90000 - 0x00007fffc8fb2000 	C:\WINDOWS\System32\win32u.dll
0x00007fffc99d0000 - 0x00007fffc9a6e000 	C:\WINDOWS\System32\msvcrt.dll
0x00007fffc98e0000 - 0x00007fffc990b000 	C:\WINDOWS\System32\GDI32.dll
0x00007fffc9480000 - 0x00007fffc958f000 	C:\WINDOWS\System32\gdi32full.dll
0x00007fffc93e0000 - 0x00007fffc947d000 	C:\WINDOWS\System32\msvcp_win.dll
0x00007fffcb3e0000 - 0x00007fffcb412000 	C:\WINDOWS\System32\IMM32.DLL
0x00007fff82970000 - 0x00007fff82a0d000 	C:\Program Files\Android\Android Studio\jre\bin\msvcp140.dll
0x00007fff4e2d0000 - 0x00007fff4edd2000 	C:\Program Files\Android\Android Studio\jre\bin\server\jvm.dll
0x00007fffca7f0000 - 0x00007fffca89e000 	C:\WINDOWS\System32\ADVAPI32.dll
0x00007fffcb060000 - 0x00007fffcb0fc000 	C:\WINDOWS\System32\sechost.dll
0x00007fffcb2b0000 - 0x00007fffcb3d5000 	C:\WINDOWS\System32\RPCRT4.dll
0x00007fffcade0000 - 0x00007fffcade8000 	C:\WINDOWS\System32\PSAPI.DLL
0x00007fffc2cf0000 - 0x00007fffc2cfa000 	C:\WINDOWS\SYSTEM32\VERSION.dll
0x00007fffc3790000 - 0x00007fffc3799000 	C:\WINDOWS\SYSTEM32\WSOCK32.dll
0x00007fffa9fa0000 - 0x00007fffa9fc7000 	C:\WINDOWS\SYSTEM32\WINMM.dll
0x00007fffca8a0000 - 0x00007fffca90b000 	C:\WINDOWS\System32\WS2_32.dll
0x00007fffc77e0000 - 0x00007fffc77f2000 	C:\WINDOWS\SYSTEM32\kernel.appcore.dll
0x00007fff52690000 - 0x00007fff526a1000 	C:\Program Files\Android\Android Studio\jre\bin\verify.dll
0x00007fffc74f0000 - 0x00007fffc76d4000 	C:\WINDOWS\SYSTEM32\DBGHELP.DLL
0x00007fffb75b0000 - 0x00007fffb75dc000 	C:\WINDOWS\SYSTEM32\dbgcore.DLL
0x00007fffc9010000 - 0x00007fffc9092000 	C:\WINDOWS\System32\bcryptPrimitives.dll
0x00007fff52660000 - 0x00007fff52689000 	C:\Program Files\Android\Android Studio\jre\bin\java.dll
0x00007fffc2800000 - 0x00007fffc280b000 	C:\Program Files\Android\Android Studio\jre\bin\jimage.dll
0x00007fff52010000 - 0x00007fff52028000 	C:\Program Files\Android\Android Studio\jre\bin\zip.dll
0x00007fffc9c20000 - 0x00007fffca363000 	C:\WINDOWS\System32\SHELL32.dll
0x00007fffc6d50000 - 0x00007fffc74e2000 	C:\WINDOWS\SYSTEM32\windows.storage.dll
0x00007fffca370000 - 0x00007fffca6c4000 	C:\WINDOWS\System32\combase.dll
0x00007fffc8980000 - 0x00007fffc89b0000 	C:\WINDOWS\SYSTEM32\Wldp.dll
0x00007fffcb420000 - 0x00007fffcb4cd000 	C:\WINDOWS\System32\SHCORE.dll
0x00007fffcae80000 - 0x00007fffcaed5000 	C:\WINDOWS\System32\shlwapi.dll
0x00007fffc8ed0000 - 0x00007fffc8eef000 	C:\WINDOWS\SYSTEM32\profapi.dll
0x00007fff51ff0000 - 0x00007fff5200a000 	C:\Program Files\Android\Android Studio\jre\bin\net.dll
0x00007fffbf550000 - 0x00007fffbf65c000 	C:\WINDOWS\SYSTEM32\WINHTTP.dll
0x00007fffc8670000 - 0x00007fffc86da000 	C:\WINDOWS\system32\mswsock.dll
0x00007fff4e2b0000 - 0x00007fff4e2c4000 	C:\Program Files\Android\Android Studio\jre\bin\nio.dll
0x00007fffc4810000 - 0x00007fffc4837000 	C:\Users\Asus\.gradle\native\e1d6ef7f7dcc3fd88c89a11ec53ec762bb8ba0a96d01ffa2cd45eb1d1d8dd5c5\windows-amd64\native-platform.dll
0x00007fffa9950000 - 0x00007fffa9a94000 	C:\Users\Asus\.gradle\native\5664cfc778a61ccfe75a443a1ab52a65af34e5dc3c78e0209fed803814484fcb\windows-amd64\native-platform-file-events.dll
0x00007fffbdcd0000 - 0x00007fffbdcda000 	C:\Program Files\Android\Android Studio\jre\bin\management.dll
0x00007fffb9700000 - 0x00007fffb970d000 	C:\Program Files\Android\Android Studio\jre\bin\management_ext.dll
0x00007fffc88d0000 - 0x00007fffc88e8000 	C:\WINDOWS\SYSTEM32\CRYPTSP.dll
0x00007fffc7f90000 - 0x00007fffc7fc4000 	C:\WINDOWS\system32\rsaenh.dll
0x00007fffc93b0000 - 0x00007fffc93d7000 	C:\WINDOWS\System32\bcrypt.dll
0x00007fffc8e50000 - 0x00007fffc8e7e000 	C:\WINDOWS\SYSTEM32\USERENV.dll
0x00007fffc88f0000 - 0x00007fffc88fc000 	C:\WINDOWS\SYSTEM32\CRYPTBASE.dll
0x00007fffc8360000 - 0x00007fffc839b000 	C:\WINDOWS\SYSTEM32\IPHLPAPI.DLL
0x00007fffc9b30000 - 0x00007fffc9b38000 	C:\WINDOWS\System32\NSI.dll
0x00007fffc1700000 - 0x00007fffc1717000 	C:\WINDOWS\SYSTEM32\dhcpcsvc6.DLL
0x00007fffc16e0000 - 0x00007fffc16fd000 	C:\WINDOWS\SYSTEM32\dhcpcsvc.DLL
0x00007fffc83a0000 - 0x00007fffc846a000 	C:\WINDOWS\SYSTEM32\DNSAPI.dll

dbghelp: loaded successfully - version: 4.0.5 - missing functions: none
symbol engine: initialized successfully - sym options: 0x614 - pdb path: .;C:\Program Files\Android\Android Studio\jre\bin;C:\WINDOWS\SYSTEM32;C:\WINDOWS\WinSxS\amd64_microsoft.windows.common-controls_6595b64144ccf1df_6.0.19041.1110_none_60b5254171f9507e;C:\Program Files\Android\Android Studio\jre\bin\server;C:\Users\Asus\.gradle\native\e1d6ef7f7dcc3fd88c89a11ec53ec762bb8ba0a96d01ffa2cd45eb1d1d8dd5c5\windows-amd64;C:\Users\Asus\.gradle\native\5664cfc778a61ccfe75a443a1ab52a65af34e5dc3c78e0209fed803814484fcb\windows-amd64

VM Arguments:
jvm_args: --add-opens=java.base/java.util=ALL-UNNAMED --add-opens=java.base/java.lang=ALL-UNNAMED --add-opens=java.base/java.lang.invoke=ALL-UNNAMED --add-opens=java.base/java.util=ALL-UNNAMED --add-opens=java.prefs/java.util.prefs=ALL-UNNAMED --add-opens=java.prefs/java.util.prefs=ALL-UNNAMED --add-opens=java.base/java.nio.charset=ALL-UNNAMED --add-opens=java.base/java.net=ALL-UNNAMED --add-opens=java.base/java.util.concurrent.atomic=ALL-UNNAMED -Xmx2048m -Dfile.encoding=UTF-8 -Duser.country=US -Duser.language=en -Duser.variant 
java_command: org.gradle.launcher.daemon.bootstrap.GradleDaemon 7.3.3
java_class_path (initial): C:\Users\Asus\.gradle\wrapper\dists\gradle-7.3.3-bin\6a41zxkdtcxs8rphpq6y0069z\gradle-7.3.3\lib\gradle-launcher-7.3.3.jar
Launcher Type: SUN_STANDARD

[Global flags]
     intx CICompilerCount                          = 4                                         {product} {ergonomic}
     uint ConcGCThreads                            = 2                                         {product} {ergonomic}
     uint G1ConcRefinementThreads                  = 8                                         {product} {ergonomic}
   size_t G1HeapRegionSize                         = 1048576                                   {product} {ergonomic}
    uintx GCDrainStackTargetSize                   = 64                                        {product} {ergonomic}
   size_t InitialHeapSize                          = 132120576                                 {product} {ergonomic}
   size_t MarkStackSize                            = 4194304                                   {product} {ergonomic}
   size_t MaxHeapSize                              = 2147483648                                {product} {command line}
   size_t MaxNewSize                               = 1287651328                                {product} {ergonomic}
   size_t MinHeapDeltaBytes                        = 1048576                                   {product} {ergonomic}
    uintx NonNMethodCodeHeapSize                   = 5836300                                {pd product} {ergonomic}
    uintx NonProfiledCodeHeapSize                  = 122910970                              {pd product} {ergonomic}
    uintx ProfiledCodeHeapSize                     = 122910970                              {pd product} {ergonomic}
    uintx ReservedCodeCacheSize                    = 251658240                              {pd product} {ergonomic}
     bool SegmentedCodeCache                       = true                                      {product} {ergonomic}
     bool UseCompressedClassPointers               = true                                 {lp64_product} {ergonomic}
     bool UseCompressedOops                        = true                                 {lp64_product} {ergonomic}
     bool UseG1GC                                  = true                                      {product} {ergonomic}
     bool UseLargePagesIndividualAllocation        = false                                  {pd product} {ergonomic}

Logging:
Log output configuration:
 #0: stdout all=warning uptime,level,tags
 #1: stderr all=off uptime,level,tags

Environment Variables:
PATH=C:\Program Files (x86)\Common Files\Intel\Shared Libraries\redist\intel64\compiler;C:\Program Files\Microsoft MPI\Bin\;C:\WINDOWS\system32;C:\WINDOWS;C:\WINDOWS\System32\Wbem;C:\WINDOWS\System32\WindowsPowerShell\v1.0\;C:\WINDOWS\System32\OpenSSH\;C:\Program Files\dotnet\;C:\Program Files\Microsoft SQL Server\130\Tools\Binn\;C:\Program Files (x86)\dotnet\;C:\Program Files\Microsoft SQL Server\Client SDK\ODBC\170\Tools\Binn\;C:\Program Files\Azure Data Studio\bin;C:\Program Files (x86)\Microsoft SQL Server\150\Tools\Binn\;C:\Program Files\Microsoft SQL Server\150\Tools\Binn\;C:\Program Files (x86)\Microsoft SQL Server\150\DTS\Binn\;C:\Program Files\Microsoft SQL Server\150\DTS\Binn\;C:\Program Files\Git\cmd;C:\Users\Asus\AppData\Local\Microsoft\WindowsApps;C:\Users\Asus\.dotnet\tools;C:\Program Files\Azure Data Studio\bin;C:\Users\Asus\AppData\Local\Programs\Microsoft VS Code\bin;C:\Users\Asus\AppData\Local\GitHubDesktop\bin
USERNAME=Asus
OS=Windows_NT
PROCESSOR_IDENTIFIER=Intel64 Family 6 Model 142 Stepping 12, GenuineIntel



---------------  S Y S T E M  ---------------

OS: Windows 10 , 64 bit Build 19041 (10.0.19041.2251)
OS uptime: 0 days 0:40 hours

CPU:total 8 (initial active 8) (4 cores per cpu, 2 threads per core) family 6 model 142 stepping 12 microcode 0xca, cmov, cx8, fxsr, mmx, sse, sse2, sse3, ssse3, sse4.1, sse4.2, popcnt, avx, avx2, aes, clmul, erms, 3dnowpref, lzcnt, ht, tsc, tscinvbit, bmi1, bmi2, adx, fma

Memory: 4k page, system-wide physical 8028M (470M free)
TotalPageFile size 12028M (AvailPageFile size 31M)
current process WorkingSet (physical memory assigned to process): 403M, peak: 404M
current process commit charge ("private bytes"): 442M, peak: 469M

vm_info: OpenJDK 64-Bit Server VM (11.0.13+0-b1751.21-8125866) for windows-amd64 JRE (11.0.13+0-b1751.21-8125866), built on Feb  2 2022 03:00:22 by "builder" with MS VC++ 14.0 (VS2015)

END.
