#
# There is insufficient memory for the Java Runtime Environment to continue.
# Native memory allocation (malloc) failed to allocate 957136 bytes for Chunk::new
# Possible reasons:
#   The system is out of physical RAM or swap space
#   The process is running with CompressedOops enabled, and the Java Heap may be blocking the growth of the native heap
# Possible solutions:
#   Reduce memory load on the system
#   Increase physical memory or swap space
#   Check if swap backing store is full
#   Decrease Java heap size (-Xmx/-Xms)
#   Decrease number of Java threads
#   Decrease Java thread stack sizes (-Xss)
#   Set larger code cache with -XX:ReservedCodeCacheSize=
#   JVM is running with Unscaled Compressed Oops mode in which the Java heap is
#     placed in the first 4GB address space. The Java Heap base address is the
#     maximum limit for the native heap growth. Please use -XX:HeapBaseMinAddress
#     to set the Java Heap base and to place the Java Heap above 4GB virtual address.
# This output file may be truncated or incomplete.
#
#  Out of Memory Error (./src/hotspot/share/memory/arena.cpp:197), pid=6492, tid=16144
#
# JRE version: OpenJDK Runtime Environment (11.0.13) (build 11.0.13+0-b1751.21-8125866)
# Java VM: OpenJDK 64-Bit Server VM (11.0.13+0-b1751.21-8125866, mixed mode, tiered, compressed oops, g1 gc, windows-amd64)
# No core dump will be written. Minidumps are not enabled by default on client versions of Windows
#

---------------  S U M M A R Y ------------

Command Line: --add-opens=java.base/java.util=ALL-UNNAMED --add-opens=java.base/java.lang=ALL-UNNAMED --add-opens=java.base/java.lang.invoke=ALL-UNNAMED --add-opens=java.base/java.util=ALL-UNNAMED --add-opens=java.prefs/java.util.prefs=ALL-UNNAMED --add-opens=java.prefs/java.util.prefs=ALL-UNNAMED --add-opens=java.base/java.nio.charset=ALL-UNNAMED --add-opens=java.base/java.net=ALL-UNNAMED --add-opens=java.base/java.util.concurrent.atomic=ALL-UNNAMED -Xmx2048m -Dfile.encoding=UTF-8 -Duser.country=US -Duser.language=en -Duser.variant org.gradle.launcher.daemon.bootstrap.GradleDaemon 7.3.3

Host: Intel(R) Core(TM) i5-10210U CPU @ 1.60GHz, 8 cores, 7G,  Windows 10 , 64 bit Build 19041 (10.0.19041.2251)
Time: Tue Nov 29 23:47:37 2022 SE Asia Standard Time elapsed time: 13.455580 seconds (0d 0h 0m 13s)

---------------  T H R E A D  ---------------

Current thread (0x000002a190c9c800):  JavaThread "C2 CompilerThread2" daemon [_thread_in_native, id=16144, stack(0x000000ed46200000,0x000000ed46300000)]


Current CompileTask:
C2:  13455 8646       4       org.gradle.cache.internal.btree.FreeListBlockStore::read (12 bytes)

Stack: [0x000000ed46200000,0x000000ed46300000]
Native frames: (J=compiled Java code, j=interpreted, Vv=VM code, C=native code)
V  [jvm.dll+0x6100fa]
V  [jvm.dll+0x747090]
V  [jvm.dll+0x7486ad]
V  [jvm.dll+0x748d83]
V  [jvm.dll+0x24ab48]
V  [jvm.dll+0xc04dc]
V  [jvm.dll+0xc0a0c]
V  [jvm.dll+0x35eb9d]
V  [jvm.dll+0x19d9bc]
V  [jvm.dll+0x2033be]
V  [jvm.dll+0x202437]
V  [jvm.dll+0x188e01]
V  [jvm.dll+0x21106b]
V  [jvm.dll+0x20f8c1]
V  [jvm.dll+0x70de0f]
V  [jvm.dll+0x706a75]
V  [jvm.dll+0x60ed66]
C  [ucrtbase.dll+0x21bb2]
C  [KERNEL32.DLL+0x174b4]
C  [ntdll.dll+0x526a1]


---------------  P R O C E S S  ---------------

Threads class SMR info:
_java_thread_list=0x000002a193be9740, length=133, elements={
0x000002a1efad0000, 0x000002a1fcf22000, 0x000002a1fcf27800, 0x000002a1fcf41800,
0x000002a1fcf42800, 0x000002a1fcf44000, 0x000002a1fcf49800, 0x000002a1fcf50800,
0x000002a1fcf5a800, 0x000002a1fda34000, 0x000002a1fe685000, 0x000002a1ff1f8000,
0x000002a1fda3c800, 0x000002a1fe0e1800, 0x000002a1ff2db000, 0x000002a1fec41800,
0x000002a18f4bd800, 0x000002a1fedc5800, 0x000002a18f29e800, 0x000002a1901c9000,
0x000002a190088800, 0x000002a19008f000, 0x000002a19008a000, 0x000002a1903fd800,
0x000002a19008c800, 0x000002a190089000, 0x000002a19008b000, 0x000002a19008e000,
0x000002a19008b800, 0x000002a19008d800, 0x000002a190a5a800, 0x000002a190a59800,
0x000002a190a57000, 0x000002a190a5c000, 0x000002a190a56800, 0x000002a190a5d000,
0x000002a190a5d800, 0x000002a190a60000, 0x000002a190a63800, 0x000002a190a64000,
0x000002a190a5f800, 0x000002a190a61000, 0x000002a190a5e800, 0x000002a190a65000,
0x000002a190a61800, 0x000002a190a62800, 0x000002a1927b2000, 0x000002a1927b3000,
0x000002a1927b3800, 0x000002a1927b4800, 0x000002a1927b6000, 0x000002a1927b1800,
0x000002a1927b8000, 0x000002a1927b7000, 0x000002a1927b8800, 0x000002a1927b5800,
0x000002a1927bc000, 0x000002a1927bf000, 0x000002a1927b9800, 0x000002a1927bd800,
0x000002a1927ba800, 0x000002a1927bb000, 0x000002a1927c0000, 0x000002a1927be800,
0x000002a1927bc800, 0x000002a1921d2000, 0x000002a1921cf800, 0x000002a1921d0800,
0x000002a1921d1800, 0x000002a1921d3000, 0x000002a1921cd000, 0x000002a1921d4000,
0x000002a1921ce000, 0x000002a1921d4800, 0x000002a1921cf000, 0x000002a1921d6000,
0x000002a1921db000, 0x000002a1921d7000, 0x000002a1921d8000, 0x000002a1921d8800,
0x000002a1921d5800, 0x000002a1921dc000, 0x000002a1921d9800, 0x000002a1921da800,
0x000002a19242f000, 0x000002a19242e800, 0x000002a19242c800, 0x000002a192430000,
0x000002a19242d800, 0x000002a19242a800, 0x000002a19242b000, 0x000002a192431000,
0x000002a192431800, 0x000002a19242c000, 0x000002a192436800, 0x000002a192435800,
0x000002a192437800, 0x000002a192432800, 0x000002a192438000, 0x000002a192435000,
0x000002a192433800, 0x000002a192439000, 0x000002a192434000, 0x000002a192a81000,
0x000002a192a82000, 0x000002a192a88000, 0x000002a192a88800, 0x000002a192a83000,
0x000002a192a86000, 0x000002a192a84800, 0x000002a192a85800, 0x000002a192a83800,
0x000002a192a89800, 0x000002a192a8a000, 0x000002a192a8c800, 0x000002a192a8b000,
0x000002a192a8c000, 0x000002a192a87000, 0x000002a192a8d800, 0x000002a192a8e800,
0x000002a192a8f000, 0x000002a192a90000, 0x000002a190c9c800, 0x000002a1921fb000,
0x000002a1921fa000, 0x000002a1921f8800, 0x000002a1921f7000, 0x000002a1921fc000,
0x000002a1921f6000, 0x000002a19385d000, 0x000002a19385b800, 0x000002a19385f000,
0x000002a193860800
}

Java Threads: ( => current thread )
  0x000002a1efad0000 JavaThread "main" [_thread_blocked, id=8328, stack(0x000000ed43a00000,0x000000ed43b00000)]
  0x000002a1fcf22000 JavaThread "Reference Handler" daemon [_thread_blocked, id=11356, stack(0x000000ed44100000,0x000000ed44200000)]
  0x000002a1fcf27800 JavaThread "Finalizer" daemon [_thread_blocked, id=19304, stack(0x000000ed44200000,0x000000ed44300000)]
  0x000002a1fcf41800 JavaThread "Signal Dispatcher" daemon [_thread_blocked, id=7888, stack(0x000000ed44300000,0x000000ed44400000)]
  0x000002a1fcf42800 JavaThread "Attach Listener" daemon [_thread_blocked, id=6532, stack(0x000000ed44400000,0x000000ed44500000)]
  0x000002a1fcf44000 JavaThread "Service Thread" daemon [_thread_blocked, id=18660, stack(0x000000ed44500000,0x000000ed44600000)]
  0x000002a1fcf49800 JavaThread "C2 CompilerThread0" daemon [_thread_in_native, id=560, stack(0x000000ed44600000,0x000000ed44700000)]
  0x000002a1fcf50800 JavaThread "C1 CompilerThread0" daemon [_thread_blocked, id=5604, stack(0x000000ed44700000,0x000000ed44800000)]
  0x000002a1fcf5a800 JavaThread "Sweeper thread" daemon [_thread_blocked, id=16104, stack(0x000000ed44800000,0x000000ed44900000)]
  0x000002a1fda34000 JavaThread "Common-Cleaner" daemon [_thread_blocked, id=5788, stack(0x000000ed44900000,0x000000ed44a00000)]
  0x000002a1fe685000 JavaThread "Daemon health stats" [_thread_blocked, id=4748, stack(0x000000ed44f00000,0x000000ed45000000)]
  0x000002a1ff1f8000 JavaThread "Incoming local TCP Connector on port 55545" [_thread_in_native, id=12640, stack(0x000000ed44b00000,0x000000ed44c00000)]
  0x000002a1fda3c800 JavaThread "Daemon periodic checks" [_thread_blocked, id=11536, stack(0x000000ed44c00000,0x000000ed44d00000)]
  0x000002a1fe0e1800 JavaThread "Daemon" [_thread_blocked, id=12572, stack(0x000000ed45000000,0x000000ed45100000)]
  0x000002a1ff2db000 JavaThread "Handler for socket connection from /127.0.0.1:55545 to /127.0.0.1:55546" [_thread_in_native, id=19316, stack(0x000000ed45100000,0x000000ed45200000)]
  0x000002a1fec41800 JavaThread "Cancel handler" [_thread_blocked, id=6728, stack(0x000000ed45200000,0x000000ed45300000)]
  0x000002a18f4bd800 JavaThread "Daemon worker" [_thread_blocked, id=10148, stack(0x000000ed45300000,0x000000ed45400000)]
  0x000002a1fedc5800 JavaThread "Asynchronous log dispatcher for DefaultDaemonConnection: socket connection from /127.0.0.1:55545 to /127.0.0.1:55546" [_thread_blocked, id=19436, stack(0x000000ed45400000,0x000000ed45500000)]
  0x000002a18f29e800 JavaThread "Stdin handler" [_thread_blocked, id=17632, stack(0x000000ed45500000,0x000000ed45600000)]
  0x000002a1901c9000 JavaThread "Daemon client event forwarder" [_thread_blocked, id=12100, stack(0x000000ed45600000,0x000000ed45700000)]
  0x000002a190088800 JavaThread "Cache worker for journal cache (C:\Users\Asus\.gradle\caches\journal-1)" [_thread_blocked, id=18088, stack(0x000000ed45c00000,0x000000ed45d00000)]
  0x000002a19008f000 JavaThread "File lock request listener" [_thread_in_native, id=19208, stack(0x000000ed45d00000,0x000000ed45e00000)]
  0x000002a19008a000 JavaThread "Cache worker for file hash cache (C:\Users\Asus\.gradle\caches\7.3.3\fileHashes)" [_thread_blocked, id=13252, stack(0x000000ed45e00000,0x000000ed45f00000)]
  0x000002a1903fd800 JavaThread "C2 CompilerThread1" daemon [_thread_in_native, id=7332, stack(0x000000ed46000000,0x000000ed46100000)]
  0x000002a19008c800 JavaThread "Cache worker for file hash cache (D:\Nerd\.gradle\7.3.3\fileHashes)" [_thread_blocked, id=9544, stack(0x000000ed46100000,0x000000ed46200000)]
  0x000002a190089000 JavaThread "File watcher server" daemon [_thread_in_native, id=13672, stack(0x000000ed46300000,0x000000ed46400000)]
  0x000002a19008b000 JavaThread "File watcher consumer" daemon [_thread_blocked, id=11324, stack(0x000000ed46400000,0x000000ed46500000)]
  0x000002a19008e000 JavaThread "Cache worker for checksums cache (D:\Nerd\.gradle\7.3.3\checksums)" [_thread_blocked, id=15392, stack(0x000000ed46500000,0x000000ed46600000)]
  0x000002a19008b800 JavaThread "Cache worker for cache directory md-supplier (C:\Users\Asus\.gradle\caches\7.3.3\md-supplier)" [_thread_blocked, id=17452, stack(0x000000ed46600000,0x000000ed46700000)]
  0x000002a19008d800 JavaThread "Cache worker for cache directory md-rule (C:\Users\Asus\.gradle\caches\7.3.3\md-rule)" [_thread_blocked, id=18468, stack(0x000000ed46700000,0x000000ed46800000)]
  0x000002a190a5a800 JavaThread "Cache worker for execution history cache (C:\Users\Asus\.gradle\caches\7.3.3\executionHistory)" [_thread_blocked, id=3128, stack(0x000000ed46800000,0x000000ed46900000)]
  0x000002a190a59800 JavaThread "jar transforms" [_thread_blocked, id=12028, stack(0x000000ed46900000,0x000000ed46a00000)]
  0x000002a190a57000 JavaThread "Cache worker for file content cache (C:\Users\Asus\.gradle\caches\7.3.3\fileContent)" [_thread_blocked, id=18044, stack(0x000000ed46a00000,0x000000ed46b00000)]
  0x000002a190a5c000 JavaThread "jar transforms Thread 2" [_thread_blocked, id=9680, stack(0x000000ed46b00000,0x000000ed46c00000)]
  0x000002a190a56800 JavaThread "Cache worker for dependencies-accessors (D:\Nerd\.gradle\7.3.3\dependencies-accessors)" [_thread_blocked, id=6724, stack(0x000000ed46c00000,0x000000ed46d00000)]
  0x000002a190a5d000 JavaThread "jar transforms Thread 3" [_thread_blocked, id=12372, stack(0x000000ed46d00000,0x000000ed46e00000)]
  0x000002a190a5d800 JavaThread "Cache worker for Build Output Cleanup Cache (D:\Nerd\.gradle\buildOutputCleanup)" [_thread_blocked, id=11604, stack(0x000000ed46e00000,0x000000ed46f00000)]
  0x000002a190a60000 JavaThread "Unconstrained build operations" [_thread_blocked, id=16816, stack(0x000000ed46f00000,0x000000ed47000000)]
  0x000002a190a63800 JavaThread "Unconstrained build operations Thread 2" [_thread_blocked, id=15852, stack(0x000000ed47000000,0x000000ed47100000)]
  0x000002a190a64000 JavaThread "Unconstrained build operations Thread 3" [_thread_blocked, id=4844, stack(0x000000ed47100000,0x000000ed47200000)]
  0x000002a190a5f800 JavaThread "Unconstrained build operations Thread 4" [_thread_blocked, id=13668, stack(0x000000ed47200000,0x000000ed47300000)]
  0x000002a190a61000 JavaThread "Unconstrained build operations Thread 5" [_thread_blocked, id=16972, stack(0x000000ed47300000,0x000000ed47400000)]
  0x000002a190a5e800 JavaThread "Unconstrained build operations Thread 6" [_thread_blocked, id=18868, stack(0x000000ed47400000,0x000000ed47500000)]
  0x000002a190a65000 JavaThread "Unconstrained build operations Thread 7" [_thread_blocked, id=18192, stack(0x000000ed47500000,0x000000ed47600000)]
  0x000002a190a61800 JavaThread "Unconstrained build operations Thread 8" [_thread_blocked, id=16672, stack(0x000000ed47600000,0x000000ed47700000)]
  0x000002a190a62800 JavaThread "Unconstrained build operations Thread 9" [_thread_blocked, id=12652, stack(0x000000ed47700000,0x000000ed47800000)]
  0x000002a1927b2000 JavaThread "Unconstrained build operations Thread 10" [_thread_blocked, id=11136, stack(0x000000ed47800000,0x000000ed47900000)]
  0x000002a1927b3000 JavaThread "Unconstrained build operations Thread 11" [_thread_blocked, id=8016, stack(0x000000ed47900000,0x000000ed47a00000)]
  0x000002a1927b3800 JavaThread "Unconstrained build operations Thread 12" [_thread_blocked, id=18576, stack(0x000000ed47a00000,0x000000ed47b00000)]
  0x000002a1927b4800 JavaThread "Unconstrained build operations Thread 13" [_thread_blocked, id=18856, stack(0x000000ed47b00000,0x000000ed47c00000)]
  0x000002a1927b6000 JavaThread "Unconstrained build operations Thread 14" [_thread_blocked, id=17844, stack(0x000000ed47c00000,0x000000ed47d00000)]
  0x000002a1927b1800 JavaThread "Unconstrained build operations Thread 15" [_thread_blocked, id=18548, stack(0x000000ed47d00000,0x000000ed47e00000)]
  0x000002a1927b8000 JavaThread "Unconstrained build operations Thread 16" [_thread_blocked, id=2176, stack(0x000000ed47e00000,0x000000ed47f00000)]
  0x000002a1927b7000 JavaThread "Unconstrained build operations Thread 17" [_thread_blocked, id=4340, stack(0x000000ed47f00000,0x000000ed48000000)]
  0x000002a1927b8800 JavaThread "Unconstrained build operations Thread 18" [_thread_blocked, id=8700, stack(0x000000ed48000000,0x000000ed48100000)]
  0x000002a1927b5800 JavaThread "Unconstrained build operations Thread 19" [_thread_blocked, id=16264, stack(0x000000ed48100000,0x000000ed48200000)]
  0x000002a1927bc000 JavaThread "Unconstrained build operations Thread 20" [_thread_blocked, id=17012, stack(0x000000ed48200000,0x000000ed48300000)]
  0x000002a1927bf000 JavaThread "Unconstrained build operations Thread 21" [_thread_blocked, id=8488, stack(0x000000ed48300000,0x000000ed48400000)]
  0x000002a1927b9800 JavaThread "Unconstrained build operations Thread 22" [_thread_blocked, id=13676, stack(0x000000ed48400000,0x000000ed48500000)]
  0x000002a1927bd800 JavaThread "Unconstrained build operations Thread 23" [_thread_blocked, id=7064, stack(0x000000ed48500000,0x000000ed48600000)]
  0x000002a1927ba800 JavaThread "Unconstrained build operations Thread 24" [_thread_blocked, id=10924, stack(0x000000ed48600000,0x000000ed48700000)]
  0x000002a1927bb000 JavaThread "Unconstrained build operations Thread 25" [_thread_blocked, id=15744, stack(0x000000ed48700000,0x000000ed48800000)]
  0x000002a1927c0000 JavaThread "Unconstrained build operations Thread 26" [_thread_blocked, id=17704, stack(0x000000ed48800000,0x000000ed48900000)]
  0x000002a1927be800 JavaThread "Unconstrained build operations Thread 27" [_thread_in_Java, id=2596, stack(0x000000ed48900000,0x000000ed48a00000)]
  0x000002a1927bc800 JavaThread "Unconstrained build operations Thread 28" [_thread_blocked, id=7288, stack(0x000000ed48a00000,0x000000ed48b00000)]
  0x000002a1921d2000 JavaThread "Unconstrained build operations Thread 29" [_thread_blocked, id=11296, stack(0x000000ed48b00000,0x000000ed48c00000)]
  0x000002a1921cf800 JavaThread "Unconstrained build operations Thread 30" [_thread_blocked, id=2732, stack(0x000000ed48c00000,0x000000ed48d00000)]
  0x000002a1921d0800 JavaThread "Unconstrained build operations Thread 31" [_thread_blocked, id=16444, stack(0x000000ed48d00000,0x000000ed48e00000)]
  0x000002a1921d1800 JavaThread "Unconstrained build operations Thread 32" [_thread_blocked, id=9252, stack(0x000000ed48e00000,0x000000ed48f00000)]
  0x000002a1921d3000 JavaThread "Unconstrained build operations Thread 33" [_thread_blocked, id=13956, stack(0x000000ed48f00000,0x000000ed49000000)]
  0x000002a1921cd000 JavaThread "Unconstrained build operations Thread 34" [_thread_blocked, id=18912, stack(0x000000ed49000000,0x000000ed49100000)]
  0x000002a1921d4000 JavaThread "Unconstrained build operations Thread 35" [_thread_blocked, id=11096, stack(0x000000ed49100000,0x000000ed49200000)]
  0x000002a1921ce000 JavaThread "Unconstrained build operations Thread 36" [_thread_blocked, id=15632, stack(0x000000ed49200000,0x000000ed49300000)]
  0x000002a1921d4800 JavaThread "Unconstrained build operations Thread 37" [_thread_blocked, id=9248, stack(0x000000ed49300000,0x000000ed49400000)]
  0x000002a1921cf000 JavaThread "Unconstrained build operations Thread 38" [_thread_blocked, id=13244, stack(0x000000ed49400000,0x000000ed49500000)]
  0x000002a1921d6000 JavaThread "Unconstrained build operations Thread 39" [_thread_blocked, id=19260, stack(0x000000ed49500000,0x000000ed49600000)]
  0x000002a1921db000 JavaThread "Unconstrained build operations Thread 40" [_thread_blocked, id=19300, stack(0x000000ed49600000,0x000000ed49700000)]
  0x000002a1921d7000 JavaThread "Unconstrained build operations Thread 41" [_thread_blocked, id=12408, stack(0x000000ed49700000,0x000000ed49800000)]
  0x000002a1921d8000 JavaThread "Unconstrained build operations Thread 42" [_thread_blocked, id=19104, stack(0x000000ed49800000,0x000000ed49900000)]
  0x000002a1921d8800 JavaThread "Unconstrained build operations Thread 43" [_thread_blocked, id=10620, stack(0x000000ed49900000,0x000000ed49a00000)]
  0x000002a1921d5800 JavaThread "Unconstrained build operations Thread 44" [_thread_blocked, id=6732, stack(0x000000ed49a00000,0x000000ed49b00000)]
  0x000002a1921dc000 JavaThread "Unconstrained build operations Thread 45" [_thread_blocked, id=16432, stack(0x000000ed49b00000,0x000000ed49c00000)]
  0x000002a1921d9800 JavaThread "Unconstrained build operations Thread 46" [_thread_blocked, id=19380, stack(0x000000ed49c00000,0x000000ed49d00000)]
  0x000002a1921da800 JavaThread "Unconstrained build operations Thread 47" [_thread_blocked, id=11276, stack(0x000000ed49d00000,0x000000ed49e00000)]
  0x000002a19242f000 JavaThread "Unconstrained build operations Thread 48" [_thread_blocked, id=18892, stack(0x000000ed49e00000,0x000000ed49f00000)]
  0x000002a19242e800 JavaThread "Unconstrained build operations Thread 49" [_thread_blocked, id=3052, stack(0x000000ed49f00000,0x000000ed4a000000)]
  0x000002a19242c800 JavaThread "Unconstrained build operations Thread 50" [_thread_blocked, id=10536, stack(0x000000ed4a000000,0x000000ed4a100000)]
  0x000002a192430000 JavaThread "Unconstrained build operations Thread 51" [_thread_blocked, id=4916, stack(0x000000ed4a100000,0x000000ed4a200000)]
  0x000002a19242d800 JavaThread "Unconstrained build operations Thread 52" [_thread_blocked, id=11124, stack(0x000000ed4a200000,0x000000ed4a300000)]
  0x000002a19242a800 JavaThread "Unconstrained build operations Thread 53" [_thread_blocked, id=14796, stack(0x000000ed4a300000,0x000000ed4a400000)]
  0x000002a19242b000 JavaThread "Unconstrained build operations Thread 54" [_thread_blocked, id=11668, stack(0x000000ed4a400000,0x000000ed4a500000)]
  0x000002a192431000 JavaThread "Unconstrained build operations Thread 55" [_thread_blocked, id=11288, stack(0x000000ed4a500000,0x000000ed4a600000)]
  0x000002a192431800 JavaThread "Unconstrained build operations Thread 56" [_thread_blocked, id=5748, stack(0x000000ed4a600000,0x000000ed4a700000)]
  0x000002a19242c000 JavaThread "Unconstrained build operations Thread 57" [_thread_blocked, id=15608, stack(0x000000ed4a700000,0x000000ed4a800000)]
  0x000002a192436800 JavaThread "Unconstrained build operations Thread 58" [_thread_blocked, id=18728, stack(0x000000ed4a800000,0x000000ed4a900000)]
  0x000002a192435800 JavaThread "Unconstrained build operations Thread 59" [_thread_blocked, id=15408, stack(0x000000ed4a900000,0x000000ed4aa00000)]
  0x000002a192437800 JavaThread "Unconstrained build operations Thread 60" [_thread_blocked, id=18644, stack(0x000000ed4aa00000,0x000000ed4ab00000)]
  0x000002a192432800 JavaThread "Unconstrained build operations Thread 61" [_thread_blocked, id=15756, stack(0x000000ed4ab00000,0x000000ed4ac00000)]
  0x000002a192438000 JavaThread "Unconstrained build operations Thread 62" [_thread_blocked, id=1200, stack(0x000000ed4ac00000,0x000000ed4ad00000)]
  0x000002a192435000 JavaThread "Unconstrained build operations Thread 63" [_thread_blocked, id=17852, stack(0x000000ed4ad00000,0x000000ed4ae00000)]
  0x000002a192433800 JavaThread "Unconstrained build operations Thread 64" [_thread_blocked, id=2000, stack(0x000000ed4ae00000,0x000000ed4af00000)]
  0x000002a192439000 JavaThread "Unconstrained build operations Thread 65" [_thread_blocked, id=14916, stack(0x000000ed4af00000,0x000000ed4b000000)]
  0x000002a192434000 JavaThread "Unconstrained build operations Thread 66" [_thread_blocked, id=14908, stack(0x000000ed4b000000,0x000000ed4b100000)]
  0x000002a192a81000 JavaThread "Unconstrained build operations Thread 67" [_thread_blocked, id=7200, stack(0x000000ed4b100000,0x000000ed4b200000)]
  0x000002a192a82000 JavaThread "Unconstrained build operations Thread 68" [_thread_blocked, id=4780, stack(0x000000ed4b200000,0x000000ed4b300000)]
  0x000002a192a88000 JavaThread "Unconstrained build operations Thread 69" [_thread_blocked, id=18580, stack(0x000000ed4b300000,0x000000ed4b400000)]
  0x000002a192a88800 JavaThread "Unconstrained build operations Thread 70" [_thread_blocked, id=14924, stack(0x000000ed4b400000,0x000000ed4b500000)]
  0x000002a192a83000 JavaThread "Unconstrained build operations Thread 71" [_thread_blocked, id=12124, stack(0x000000ed4b500000,0x000000ed4b600000)]
  0x000002a192a86000 JavaThread "Unconstrained build operations Thread 72" [_thread_blocked, id=15808, stack(0x000000ed4b600000,0x000000ed4b700000)]
  0x000002a192a84800 JavaThread "Unconstrained build operations Thread 73" [_thread_blocked, id=7408, stack(0x000000ed4b700000,0x000000ed4b800000)]
  0x000002a192a85800 JavaThread "Unconstrained build operations Thread 74" [_thread_blocked, id=18784, stack(0x000000ed4b800000,0x000000ed4b900000)]
  0x000002a192a83800 JavaThread "Unconstrained build operations Thread 75" [_thread_blocked, id=13056, stack(0x000000ed4b900000,0x000000ed4ba00000)]
  0x000002a192a89800 JavaThread "Unconstrained build operations Thread 76" [_thread_blocked, id=7428, stack(0x000000ed4ba00000,0x000000ed4bb00000)]
  0x000002a192a8a000 JavaThread "Unconstrained build operations Thread 77" [_thread_blocked, id=17520, stack(0x000000ed4bb00000,0x000000ed4bc00000)]
  0x000002a192a8c800 JavaThread "Unconstrained build operations Thread 78" [_thread_blocked, id=10692, stack(0x000000ed4bc00000,0x000000ed4bd00000)]
  0x000002a192a8b000 JavaThread "Unconstrained build operations Thread 79" [_thread_blocked, id=14756, stack(0x000000ed4bd00000,0x000000ed4be00000)]
  0x000002a192a8c000 JavaThread "Unconstrained build operations Thread 80" [_thread_blocked, id=11552, stack(0x000000ed4be00000,0x000000ed4bf00000)]
  0x000002a192a87000 JavaThread "jar transforms Thread 4" [_thread_blocked, id=12388, stack(0x000000ed4bf00000,0x000000ed4c000000)]
  0x000002a192a8d800 JavaThread "jar transforms Thread 5" [_thread_blocked, id=4816, stack(0x000000ed4c000000,0x000000ed4c100000)]
  0x000002a192a8e800 JavaThread "jar transforms Thread 6" [_thread_blocked, id=14972, stack(0x000000ed4c100000,0x000000ed4c200000)]
  0x000002a192a8f000 JavaThread "jar transforms Thread 7" [_thread_blocked, id=15284, stack(0x000000ed4c200000,0x000000ed4c300000)]
  0x000002a192a90000 JavaThread "jar transforms Thread 8" [_thread_blocked, id=2816, stack(0x000000ed4c300000,0x000000ed4c400000)]
=>0x000002a190c9c800 JavaThread "C2 CompilerThread2" daemon [_thread_in_native, id=16144, stack(0x000000ed46200000,0x000000ed46300000)]
  0x000002a1921fb000 JavaThread "Memory manager" [_thread_blocked, id=18612, stack(0x000000ed4c400000,0x000000ed4c500000)]
  0x000002a1921fa000 JavaThread "build event listener" [_thread_blocked, id=17144, stack(0x000000ed4c500000,0x000000ed4c600000)]
  0x000002a1921f8800 JavaThread "Execution worker for ':'" [_thread_blocked, id=14556, stack(0x000000ed4c600000,0x000000ed4c700000)]
  0x000002a1921f7000 JavaThread "Execution worker for ':' Thread 2" [_thread_blocked, id=3592, stack(0x000000ed4c700000,0x000000ed4c800000)]
  0x000002a1921fc000 JavaThread "Execution worker for ':' Thread 3" [_thread_blocked, id=15584, stack(0x000000ed4c800000,0x000000ed4c900000)]
  0x000002a1921f6000 JavaThread "Execution worker for ':' Thread 4" [_thread_blocked, id=11452, stack(0x000000ed4c900000,0x000000ed4ca00000)]
  0x000002a19385d000 JavaThread "Execution worker for ':' Thread 5" [_thread_blocked, id=12816, stack(0x000000ed4ca00000,0x000000ed4cb00000)]
  0x000002a19385b800 JavaThread "Execution worker for ':' Thread 6" [_thread_blocked, id=16644, stack(0x000000ed4cb00000,0x000000ed4cc00000)]
  0x000002a19385f000 JavaThread "Execution worker for ':' Thread 7" [_thread_blocked, id=17112, stack(0x000000ed4cc00000,0x000000ed4cd00000)]
  0x000002a193860800 JavaThread "Cache worker for execution history cache (D:\Nerd\.gradle\7.3.3\executionHistory)" [_thread_blocked, id=13276, stack(0x000000ed4cd00000,0x000000ed4ce00000)]

Other Threads:
  0x000002a1fcf20000 VMThread "VM Thread" [stack: 0x000000ed44000000,0x000000ed44100000] [id=14344]
  0x000002a1fda35000 WatcherThread [stack: 0x000000ed44a00000,0x000000ed44b00000] [id=2148]
  0x000002a1efae9000 GCTaskThread "GC Thread#0" [stack: 0x000000ed43b00000,0x000000ed43c00000] [id=4424]
  0x000002a1fdffe800 GCTaskThread "GC Thread#1" [stack: 0x000000ed44d00000,0x000000ed44e00000] [id=7628]
  0x000002a1fe4b4800 GCTaskThread "GC Thread#2" [stack: 0x000000ed44e00000,0x000000ed44f00000] [id=1960]
  0x000002a1feedf000 GCTaskThread "GC Thread#3" [stack: 0x000000ed45700000,0x000000ed45800000] [id=15364]
  0x000002a1ff29a800 GCTaskThread "GC Thread#4" [stack: 0x000000ed45800000,0x000000ed45900000] [id=12420]
  0x000002a1ff45e800 GCTaskThread "GC Thread#5" [stack: 0x000000ed45900000,0x000000ed45a00000] [id=18948]
  0x000002a18f250800 GCTaskThread "GC Thread#6" [stack: 0x000000ed45a00000,0x000000ed45b00000] [id=18712]
  0x000002a1fec90800 GCTaskThread "GC Thread#7" [stack: 0x000000ed45b00000,0x000000ed45c00000] [id=2016]
  0x000002a1efb1a000 ConcurrentGCThread "G1 Main Marker" [stack: 0x000000ed43c00000,0x000000ed43d00000] [id=14036]
  0x000002a1efb1b800 ConcurrentGCThread "G1 Conc#0" [stack: 0x000000ed43d00000,0x000000ed43e00000] [id=8476]
  0x000002a18f3a1800 ConcurrentGCThread "G1 Conc#1" [stack: 0x000000ed45f00000,0x000000ed46000000] [id=18540]
  0x000002a1efba9000 ConcurrentGCThread "G1 Refine#0" [stack: 0x000000ed43e00000,0x000000ed43f00000] [id=17900]
  0x000002a1fcd70800 ConcurrentGCThread "G1 Young RemSet Sampling" [stack: 0x000000ed43f00000,0x000000ed44000000] [id=4372]

Threads with active compile tasks:
C2 CompilerThread0  13495 8813       4       org.gradle.cache.internal.btree.CachingBlockStore::read (56 bytes)
C2 CompilerThread1  13495 8867       4       java.math.BigInteger::makePositive (259 bytes)
C2 CompilerThread2  13495 8646       4       org.gradle.cache.internal.btree.FreeListBlockStore::read (12 bytes)

VM state:not at safepoint (normal execution)

VM Mutex/Monitor currently owned by a thread: None

Heap address: 0x0000000080000000, size: 2048 MB, Compressed Oops mode: 32-bit
Narrow klass base: 0x0000000000000000, Narrow klass shift: 3
Compressed class space size: 1073741824 Address: 0x0000000100000000

Heap:
 garbage-first heap   total 187392K, used 127499K [0x0000000080000000, 0x0000000100000000)
  region size 1024K, 75 young (76800K), 8 survivors (8192K)
 Metaspace       used 81463K, capacity 83653K, committed 83964K, reserved 1122304K
  class space    used 10666K, capacity 11510K, committed 11596K, reserved 1048576K
Heap Regions: E=young(eden), S=young(survivor), O=old, HS=humongous(starts), HC=humongous(continues), CS=collection set, F=free, A=archive, TAMS=top-at-mark-start (previous, next)
|   0|0x0000000080000000, 0x0000000080100000, 0x0000000080100000|100%| O|  |TAMS 0x0000000080100000, 0x0000000080000000| Untracked 
|   1|0x0000000080100000, 0x0000000080200000, 0x0000000080200000|100%| O|  |TAMS 0x0000000080200000, 0x0000000080100000| Untracked 
|   2|0x0000000080200000, 0x0000000080300000, 0x0000000080300000|100%| O|  |TAMS 0x0000000080300000, 0x0000000080200000| Untracked 
|   3|0x0000000080300000, 0x0000000080400000, 0x0000000080400000|100%|HS|  |TAMS 0x0000000080400000, 0x0000000080300000| Complete 
|   4|0x0000000080400000, 0x0000000080500000, 0x0000000080500000|100%|HC|  |TAMS 0x0000000080500000, 0x0000000080400000| Complete 
|   5|0x0000000080500000, 0x0000000080600000, 0x0000000080600000|100%|HC|  |TAMS 0x0000000080600000, 0x0000000080500000| Complete 
|   6|0x0000000080600000, 0x0000000080700000, 0x0000000080700000|100%| O|  |TAMS 0x0000000080700000, 0x0000000080600000| Untracked 
|   7|0x0000000080700000, 0x0000000080800000, 0x0000000080800000|100%| O|  |TAMS 0x0000000080800000, 0x0000000080700000| Untracked 
|   8|0x0000000080800000, 0x0000000080900000, 0x0000000080900000|100%| O|  |TAMS 0x0000000080900000, 0x0000000080800000| Untracked 
|   9|0x0000000080900000, 0x0000000080a00000, 0x0000000080a00000|100%| O|  |TAMS 0x0000000080a00000, 0x0000000080900000| Untracked 
|  10|0x0000000080a00000, 0x0000000080b00000, 0x0000000080b00000|100%| O|  |TAMS 0x0000000080b00000, 0x0000000080a00000| Untracked 
|  11|0x0000000080b00000, 0x0000000080c00000, 0x0000000080c00000|100%| O|  |TAMS 0x0000000080c00000, 0x0000000080b00000| Untracked 
|  12|0x0000000080c00000, 0x0000000080d00000, 0x0000000080d00000|100%| O|  |TAMS 0x0000000080d00000, 0x0000000080c00000| Untracked 
|  13|0x0000000080d00000, 0x0000000080e00000, 0x0000000080e00000|100%| O|  |TAMS 0x0000000080e00000, 0x0000000080d00000| Untracked 
|  14|0x0000000080e00000, 0x0000000080f00000, 0x0000000080f00000|100%| O|  |TAMS 0x0000000080f00000, 0x0000000080e00000| Untracked 
|  15|0x0000000080f00000, 0x0000000081000000, 0x0000000081000000|100%| O|  |TAMS 0x0000000081000000, 0x0000000080f00000| Untracked 
|  16|0x0000000081000000, 0x0000000081100000, 0x0000000081100000|100%| O|  |TAMS 0x0000000081100000, 0x0000000081000000| Untracked 
|  17|0x0000000081100000, 0x0000000081200000, 0x0000000081200000|100%| O|  |TAMS 0x0000000081200000, 0x0000000081100000| Untracked 
|  18|0x0000000081200000, 0x0000000081300000, 0x0000000081300000|100%| O|  |TAMS 0x0000000081300000, 0x0000000081200000| Untracked 
|  19|0x0000000081300000, 0x0000000081400000, 0x0000000081400000|100%|HS|  |TAMS 0x0000000081400000, 0x0000000081300000| Complete 
|  20|0x0000000081400000, 0x0000000081500000, 0x0000000081500000|100%| O|  |TAMS 0x0000000081500000, 0x0000000081400000| Untracked 
|  21|0x0000000081500000, 0x0000000081600000, 0x0000000081600000|100%| O|  |TAMS 0x0000000081600000, 0x0000000081500000| Untracked 
|  22|0x0000000081600000, 0x0000000081700000, 0x0000000081700000|100%| O|  |TAMS 0x0000000081700000, 0x0000000081600000| Untracked 
|  23|0x0000000081700000, 0x0000000081800000, 0x0000000081800000|100%| O|  |TAMS 0x0000000081800000, 0x0000000081700000| Untracked 
|  24|0x0000000081800000, 0x0000000081900000, 0x0000000081900000|100%| O|  |TAMS 0x0000000081900000, 0x0000000081800000| Untracked 
|  25|0x0000000081900000, 0x0000000081a00000, 0x0000000081a00000|100%| O|  |TAMS 0x0000000081a00000, 0x0000000081900000| Untracked 
|  26|0x0000000081a00000, 0x0000000081b00000, 0x0000000081b00000|100%| O|  |TAMS 0x0000000081b00000, 0x0000000081a00000| Untracked 
|  27|0x0000000081b00000, 0x0000000081c00000, 0x0000000081c00000|100%|HS|  |TAMS 0x0000000081c00000, 0x0000000081b00000| Complete 
|  28|0x0000000081c00000, 0x0000000081d00000, 0x0000000081d00000|100%|HS|  |TAMS 0x0000000081d00000, 0x0000000081c00000| Complete 
|  29|0x0000000081d00000, 0x0000000081e00000, 0x0000000081e00000|100%|HC|  |TAMS 0x0000000081e00000, 0x0000000081d00000| Complete 
|  30|0x0000000081e00000, 0x0000000081f00000, 0x0000000081f00000|100%| O|  |TAMS 0x0000000081f00000, 0x0000000081e00000| Untracked 
|  31|0x0000000081f00000, 0x0000000082000000, 0x0000000082000000|100%| O|  |TAMS 0x0000000082000000, 0x0000000081f00000| Untracked 
|  32|0x0000000082000000, 0x0000000082100000, 0x0000000082100000|100%| O|  |TAMS 0x0000000082100000, 0x0000000082000000| Untracked 
|  33|0x0000000082100000, 0x0000000082200000, 0x0000000082200000|100%| O|  |TAMS 0x0000000082200000, 0x0000000082100000| Untracked 
|  34|0x0000000082200000, 0x0000000082300000, 0x0000000082300000|100%| O|  |TAMS 0x0000000082300000, 0x0000000082200000| Untracked 
|  35|0x0000000082300000, 0x0000000082400000, 0x0000000082400000|100%| O|  |TAMS 0x0000000082400000, 0x0000000082300000| Untracked 
|  36|0x0000000082400000, 0x0000000082500000, 0x0000000082500000|100%| O|  |TAMS 0x0000000082500000, 0x0000000082400000| Untracked 
|  37|0x0000000082500000, 0x0000000082600000, 0x0000000082600000|100%| O|  |TAMS 0x0000000082600000, 0x0000000082500000| Untracked 
|  38|0x0000000082600000, 0x0000000082700000, 0x0000000082700000|100%| O|  |TAMS 0x0000000082700000, 0x0000000082600000| Untracked 
|  39|0x0000000082700000, 0x0000000082800000, 0x0000000082800000|100%| O|  |TAMS 0x0000000082800000, 0x0000000082700000| Untracked 
|  40|0x0000000082800000, 0x0000000082900000, 0x0000000082900000|100%| O|  |TAMS 0x0000000082900000, 0x0000000082800000| Untracked 
|  41|0x0000000082900000, 0x0000000082a00000, 0x0000000082a00000|100%| O|  |TAMS 0x000000008292ae00, 0x0000000082900000| Untracked 
|  42|0x0000000082a00000, 0x0000000082b00000, 0x0000000082b00000|100%| O|  |TAMS 0x0000000082a00000, 0x0000000082a00000| Untracked 
|  43|0x0000000082b00000, 0x0000000082c00000, 0x0000000082c00000|100%| O|  |TAMS 0x0000000082b00000, 0x0000000082b00000| Untracked 
|  44|0x0000000082c00000, 0x0000000082d00000, 0x0000000082d00000|100%| O|  |TAMS 0x0000000082c00000, 0x0000000082c00000| Untracked 
|  45|0x0000000082d00000, 0x0000000082e00000, 0x0000000082e00000|100%| O|  |TAMS 0x0000000082d00000, 0x0000000082d00000| Untracked 
|  46|0x0000000082e00000, 0x0000000082f00000, 0x0000000082f00000|100%| O|  |TAMS 0x0000000082e00000, 0x0000000082e00000| Untracked 
|  47|0x0000000082f00000, 0x0000000083000000, 0x0000000083000000|100%| O|  |TAMS 0x0000000082f00000, 0x0000000082f00000| Untracked 
|  48|0x0000000083000000, 0x0000000083100000, 0x0000000083100000|100%| O|  |TAMS 0x0000000083000000, 0x0000000083000000| Untracked 
|  49|0x0000000083100000, 0x0000000083200000, 0x0000000083200000|100%| O|  |TAMS 0x0000000083100000, 0x0000000083100000| Untracked 
|  50|0x0000000083200000, 0x0000000083300000, 0x0000000083300000|100%| O|  |TAMS 0x0000000083200000, 0x0000000083200000| Untracked 
|  51|0x0000000083300000, 0x0000000083400000, 0x0000000083400000|100%| O|  |TAMS 0x0000000083300000, 0x0000000083300000| Untracked 
|  52|0x0000000083400000, 0x0000000083430c00, 0x0000000083500000| 19%| O|  |TAMS 0x0000000083400000, 0x0000000083400000| Untracked 
|  53|0x0000000083500000, 0x0000000083500000, 0x0000000083600000|  0%| F|  |TAMS 0x0000000083500000, 0x0000000083500000| Untracked 
|  54|0x0000000083600000, 0x0000000083600000, 0x0000000083700000|  0%| F|  |TAMS 0x0000000083600000, 0x0000000083600000| Untracked 
|  55|0x0000000083700000, 0x0000000083700000, 0x0000000083800000|  0%| F|  |TAMS 0x0000000083700000, 0x0000000083700000| Untracked 
|  56|0x0000000083800000, 0x0000000083800000, 0x0000000083900000|  0%| F|  |TAMS 0x0000000083800000, 0x0000000083800000| Untracked 
|  57|0x0000000083900000, 0x0000000083900000, 0x0000000083a00000|  0%| F|  |TAMS 0x0000000083900000, 0x0000000083900000| Untracked 
|  58|0x0000000083a00000, 0x0000000083a00000, 0x0000000083b00000|  0%| F|  |TAMS 0x0000000083a00000, 0x0000000083a00000| Untracked 
|  59|0x0000000083b00000, 0x0000000083b00000, 0x0000000083c00000|  0%| F|  |TAMS 0x0000000083b00000, 0x0000000083b00000| Untracked 
|  60|0x0000000083c00000, 0x0000000083c00000, 0x0000000083d00000|  0%| F|  |TAMS 0x0000000083c00000, 0x0000000083c00000| Untracked 
|  61|0x0000000083d00000, 0x0000000083d00000, 0x0000000083e00000|  0%| F|  |TAMS 0x0000000083d00000, 0x0000000083d00000| Untracked 
|  62|0x0000000083e00000, 0x0000000083e00000, 0x0000000083f00000|  0%| F|  |TAMS 0x0000000083e00000, 0x0000000083e00000| Untracked 
|  63|0x0000000083f00000, 0x0000000083f00000, 0x0000000084000000|  0%| F|  |TAMS 0x0000000083f00000, 0x0000000083f00000| Untracked 
|  64|0x0000000084000000, 0x0000000084000000, 0x0000000084100000|  0%| F|  |TAMS 0x0000000084000000, 0x0000000084000000| Untracked 
|  65|0x0000000084100000, 0x0000000084100000, 0x0000000084200000|  0%| F|  |TAMS 0x0000000084100000, 0x0000000084100000| Untracked 
|  66|0x0000000084200000, 0x0000000084200000, 0x0000000084300000|  0%| F|  |TAMS 0x0000000084200000, 0x0000000084200000| Untracked 
|  67|0x0000000084300000, 0x0000000084300000, 0x0000000084400000|  0%| F|  |TAMS 0x0000000084300000, 0x0000000084300000| Untracked 
|  68|0x0000000084400000, 0x0000000084400000, 0x0000000084500000|  0%| F|  |TAMS 0x0000000084400000, 0x0000000084400000| Untracked 
|  69|0x0000000084500000, 0x0000000084500000, 0x0000000084600000|  0%| F|  |TAMS 0x0000000084500000, 0x0000000084500000| Untracked 
|  70|0x0000000084600000, 0x0000000084600000, 0x0000000084700000|  0%| F|  |TAMS 0x0000000084600000, 0x0000000084600000| Untracked 
|  71|0x0000000084700000, 0x0000000084700000, 0x0000000084800000|  0%| F|  |TAMS 0x0000000084700000, 0x0000000084700000| Untracked 
|  72|0x0000000084800000, 0x0000000084800000, 0x0000000084900000|  0%| F|  |TAMS 0x0000000084800000, 0x0000000084800000| Untracked 
|  73|0x0000000084900000, 0x0000000084900000, 0x0000000084a00000|  0%| F|  |TAMS 0x0000000084900000, 0x0000000084900000| Untracked 
|  74|0x0000000084a00000, 0x0000000084a00000, 0x0000000084b00000|  0%| F|  |TAMS 0x0000000084a00000, 0x0000000084a00000| Untracked 
|  75|0x0000000084b00000, 0x0000000084b00000, 0x0000000084c00000|  0%| F|  |TAMS 0x0000000084b00000, 0x0000000084b00000| Untracked 
|  76|0x0000000084c00000, 0x0000000084c00000, 0x0000000084d00000|  0%| F|  |TAMS 0x0000000084c00000, 0x0000000084c00000| Untracked 
|  77|0x0000000084d00000, 0x0000000084d00000, 0x0000000084e00000|  0%| F|  |TAMS 0x0000000084d00000, 0x0000000084d00000| Untracked 
|  78|0x0000000084e00000, 0x0000000084e00000, 0x0000000084f00000|  0%| F|  |TAMS 0x0000000084e00000, 0x0000000084e00000| Untracked 
|  79|0x0000000084f00000, 0x0000000084f00000, 0x0000000085000000|  0%| F|  |TAMS 0x0000000084f00000, 0x0000000084f00000| Untracked 
|  80|0x0000000085000000, 0x0000000085000000, 0x0000000085100000|  0%| F|  |TAMS 0x0000000085000000, 0x0000000085000000| Untracked 
|  81|0x0000000085100000, 0x00000000851522d0, 0x0000000085200000| 32%| S|CS|TAMS 0x0000000085100000, 0x0000000085100000| Complete 
|  82|0x0000000085200000, 0x0000000085300000, 0x0000000085300000|100%| S|CS|TAMS 0x0000000085200000, 0x0000000085200000| Complete 
|  83|0x0000000085300000, 0x0000000085400000, 0x0000000085400000|100%| S|CS|TAMS 0x0000000085300000, 0x0000000085300000| Complete 
|  84|0x0000000085400000, 0x0000000085500000, 0x0000000085500000|100%| S|CS|TAMS 0x0000000085400000, 0x0000000085400000| Complete 
|  85|0x0000000085500000, 0x0000000085600000, 0x0000000085600000|100%| S|CS|TAMS 0x0000000085500000, 0x0000000085500000| Complete 
|  86|0x0000000085600000, 0x0000000085700000, 0x0000000085700000|100%| S|CS|TAMS 0x0000000085600000, 0x0000000085600000| Complete 
|  87|0x0000000085700000, 0x0000000085700000, 0x0000000085800000|  0%| F|  |TAMS 0x0000000085700000, 0x0000000085700000| Untracked 
|  88|0x0000000085800000, 0x0000000085800000, 0x0000000085900000|  0%| F|  |TAMS 0x0000000085800000, 0x0000000085800000| Untracked 
|  89|0x0000000085900000, 0x0000000085900000, 0x0000000085a00000|  0%| F|  |TAMS 0x0000000085900000, 0x0000000085900000| Untracked 
|  90|0x0000000085a00000, 0x0000000085a00000, 0x0000000085b00000|  0%| F|  |TAMS 0x0000000085a00000, 0x0000000085a00000| Untracked 
|  91|0x0000000085b00000, 0x0000000085b00000, 0x0000000085c00000|  0%| F|  |TAMS 0x0000000085b00000, 0x0000000085b00000| Untracked 
|  92|0x0000000085c00000, 0x0000000085c00000, 0x0000000085d00000|  0%| F|  |TAMS 0x0000000085c00000, 0x0000000085c00000| Untracked 
|  93|0x0000000085d00000, 0x0000000085d00000, 0x0000000085e00000|  0%| F|  |TAMS 0x0000000085d00000, 0x0000000085d00000| Untracked 
|  94|0x0000000085e00000, 0x0000000085e00000, 0x0000000085f00000|  0%| F|  |TAMS 0x0000000085e00000, 0x0000000085e00000| Untracked 
|  95|0x0000000085f00000, 0x0000000086000000, 0x0000000086000000|100%| S|CS|TAMS 0x0000000085f00000, 0x0000000085f00000| Complete 
|  96|0x0000000086000000, 0x0000000086100000, 0x0000000086100000|100%| S|CS|TAMS 0x0000000086000000, 0x0000000086000000| Complete 
|  97|0x0000000086100000, 0x0000000086100000, 0x0000000086200000|  0%| F|  |TAMS 0x0000000086100000, 0x0000000086100000| Untracked 
|  98|0x0000000086200000, 0x0000000086200000, 0x0000000086300000|  0%| F|  |TAMS 0x0000000086200000, 0x0000000086200000| Untracked 
|  99|0x0000000086300000, 0x0000000086300000, 0x0000000086400000|  0%| F|  |TAMS 0x0000000086300000, 0x0000000086300000| Untracked 
| 100|0x0000000086400000, 0x0000000086400000, 0x0000000086500000|  0%| F|  |TAMS 0x0000000086400000, 0x0000000086400000| Untracked 
| 101|0x0000000086500000, 0x0000000086500000, 0x0000000086600000|  0%| F|  |TAMS 0x0000000086500000, 0x0000000086500000| Untracked 
| 102|0x0000000086600000, 0x0000000086600000, 0x0000000086700000|  0%| F|  |TAMS 0x0000000086600000, 0x0000000086600000| Untracked 
| 103|0x0000000086700000, 0x0000000086700000, 0x0000000086800000|  0%| F|  |TAMS 0x0000000086700000, 0x0000000086700000| Untracked 
| 104|0x0000000086800000, 0x0000000086800000, 0x0000000086900000|  0%| F|  |TAMS 0x0000000086800000, 0x0000000086800000| Untracked 
| 105|0x0000000086900000, 0x0000000086900000, 0x0000000086a00000|  0%| F|  |TAMS 0x0000000086900000, 0x0000000086900000| Untracked 
| 106|0x0000000086a00000, 0x0000000086a00000, 0x0000000086b00000|  0%| F|  |TAMS 0x0000000086a00000, 0x0000000086a00000| Untracked 
| 107|0x0000000086b00000, 0x0000000086b00000, 0x0000000086c00000|  0%| F|  |TAMS 0x0000000086b00000, 0x0000000086b00000| Untracked 
| 108|0x0000000086c00000, 0x0000000086c00000, 0x0000000086d00000|  0%| F|  |TAMS 0x0000000086c00000, 0x0000000086c00000| Untracked 
| 109|0x0000000086d00000, 0x0000000086d00000, 0x0000000086e00000|  0%| F|  |TAMS 0x0000000086d00000, 0x0000000086d00000| Untracked 
| 110|0x0000000086e00000, 0x0000000086e00000, 0x0000000086f00000|  0%| F|  |TAMS 0x0000000086e00000, 0x0000000086e00000| Untracked 
| 111|0x0000000086f00000, 0x0000000086f00000, 0x0000000087000000|  0%| F|  |TAMS 0x0000000086f00000, 0x0000000086f00000| Untracked 
| 112|0x0000000087000000, 0x0000000087000000, 0x0000000087100000|  0%| F|  |TAMS 0x0000000087000000, 0x0000000087000000| Untracked 
| 113|0x0000000087100000, 0x0000000087100000, 0x0000000087200000|  0%| F|  |TAMS 0x0000000087100000, 0x0000000087100000| Untracked 
| 114|0x0000000087200000, 0x0000000087200000, 0x0000000087300000|  0%| F|  |TAMS 0x0000000087200000, 0x0000000087200000| Untracked 
| 115|0x0000000087300000, 0x0000000087300000, 0x0000000087400000|  0%| F|  |TAMS 0x0000000087300000, 0x0000000087300000| Untracked 
| 116|0x0000000087400000, 0x00000000874412e8, 0x0000000087500000| 25%| E|  |TAMS 0x0000000087400000, 0x0000000087400000| Complete 
| 117|0x0000000087500000, 0x0000000087600000, 0x0000000087600000|100%| E|CS|TAMS 0x0000000087500000, 0x0000000087500000| Complete 
| 118|0x0000000087600000, 0x0000000087700000, 0x0000000087700000|100%| E|CS|TAMS 0x0000000087600000, 0x0000000087600000| Complete 
| 119|0x0000000087700000, 0x0000000087800000, 0x0000000087800000|100%| E|CS|TAMS 0x0000000087700000, 0x0000000087700000| Complete 
| 120|0x0000000087800000, 0x0000000087900000, 0x0000000087900000|100%| E|CS|TAMS 0x0000000087800000, 0x0000000087800000| Complete 
| 121|0x0000000087900000, 0x0000000087a00000, 0x0000000087a00000|100%| E|CS|TAMS 0x0000000087900000, 0x0000000087900000| Complete 
| 122|0x0000000087a00000, 0x0000000087b00000, 0x0000000087b00000|100%| E|CS|TAMS 0x0000000087a00000, 0x0000000087a00000| Complete 
| 123|0x0000000087b00000, 0x0000000087c00000, 0x0000000087c00000|100%| E|CS|TAMS 0x0000000087b00000, 0x0000000087b00000| Complete 
| 124|0x0000000087c00000, 0x0000000087d00000, 0x0000000087d00000|100%| E|CS|TAMS 0x0000000087c00000, 0x0000000087c00000| Complete 
| 125|0x0000000087d00000, 0x0000000087e00000, 0x0000000087e00000|100%| E|CS|TAMS 0x0000000087d00000, 0x0000000087d00000| Complete 
| 126|0x0000000087e00000, 0x0000000087f00000, 0x0000000087f00000|100%| E|CS|TAMS 0x0000000087e00000, 0x0000000087e00000| Complete 
| 127|0x0000000087f00000, 0x0000000088000000, 0x0000000088000000|100%| E|CS|TAMS 0x0000000087f00000, 0x0000000087f00000| Complete 
| 128|0x0000000088000000, 0x0000000088100000, 0x0000000088100000|100%| E|CS|TAMS 0x0000000088000000, 0x0000000088000000| Complete 
| 129|0x0000000088100000, 0x0000000088200000, 0x0000000088200000|100%| E|  |TAMS 0x0000000088100000, 0x0000000088100000| Complete 
| 130|0x0000000088200000, 0x0000000088300000, 0x0000000088300000|100%| E|CS|TAMS 0x0000000088200000, 0x0000000088200000| Complete 
| 131|0x0000000088300000, 0x0000000088400000, 0x0000000088400000|100%| E|CS|TAMS 0x0000000088300000, 0x0000000088300000| Complete 
| 132|0x0000000088400000, 0x0000000088500000, 0x0000000088500000|100%| E|CS|TAMS 0x0000000088400000, 0x0000000088400000| Complete 
| 133|0x0000000088500000, 0x0000000088600000, 0x0000000088600000|100%| E|CS|TAMS 0x0000000088500000, 0x0000000088500000| Complete 
| 134|0x0000000088600000, 0x0000000088700000, 0x0000000088700000|100%| E|CS|TAMS 0x0000000088600000, 0x0000000088600000| Complete 
| 135|0x0000000088700000, 0x0000000088800000, 0x0000000088800000|100%| E|CS|TAMS 0x0000000088700000, 0x0000000088700000| Complete 
| 136|0x0000000088800000, 0x0000000088900000, 0x0000000088900000|100%| E|CS|TAMS 0x0000000088800000, 0x0000000088800000| Complete 
| 137|0x0000000088900000, 0x0000000088a00000, 0x0000000088a00000|100%| E|CS|TAMS 0x0000000088900000, 0x0000000088900000| Complete 
| 138|0x0000000088a00000, 0x0000000088b00000, 0x0000000088b00000|100%| E|CS|TAMS 0x0000000088a00000, 0x0000000088a00000| Complete 
| 139|0x0000000088b00000, 0x0000000088c00000, 0x0000000088c00000|100%| E|CS|TAMS 0x0000000088b00000, 0x0000000088b00000| Complete 
| 140|0x0000000088c00000, 0x0000000088d00000, 0x0000000088d00000|100%| E|CS|TAMS 0x0000000088c00000, 0x0000000088c00000| Complete 
| 141|0x0000000088d00000, 0x0000000088e00000, 0x0000000088e00000|100%| E|CS|TAMS 0x0000000088d00000, 0x0000000088d00000| Complete 
| 142|0x0000000088e00000, 0x0000000088f00000, 0x0000000088f00000|100%| E|CS|TAMS 0x0000000088e00000, 0x0000000088e00000| Complete 
| 143|0x0000000088f00000, 0x0000000089000000, 0x0000000089000000|100%| E|CS|TAMS 0x0000000088f00000, 0x0000000088f00000| Complete 
| 144|0x0000000089000000, 0x0000000089100000, 0x0000000089100000|100%| E|CS|TAMS 0x0000000089000000, 0x0000000089000000| Complete 
| 145|0x0000000089100000, 0x0000000089200000, 0x0000000089200000|100%| E|CS|TAMS 0x0000000089100000, 0x0000000089100000| Complete 
| 146|0x0000000089200000, 0x0000000089300000, 0x0000000089300000|100%| E|CS|TAMS 0x0000000089200000, 0x0000000089200000| Complete 
| 147|0x0000000089300000, 0x0000000089400000, 0x0000000089400000|100%| E|CS|TAMS 0x0000000089300000, 0x0000000089300000| Complete 
| 148|0x0000000089400000, 0x0000000089500000, 0x0000000089500000|100%| E|CS|TAMS 0x0000000089400000, 0x0000000089400000| Complete 
| 149|0x0000000089500000, 0x0000000089600000, 0x0000000089600000|100%| E|CS|TAMS 0x0000000089500000, 0x0000000089500000| Complete 
| 150|0x0000000089600000, 0x0000000089700000, 0x0000000089700000|100%| E|CS|TAMS 0x0000000089600000, 0x0000000089600000| Complete 
| 151|0x0000000089700000, 0x0000000089800000, 0x0000000089800000|100%| E|CS|TAMS 0x0000000089700000, 0x0000000089700000| Complete 
| 152|0x0000000089800000, 0x0000000089900000, 0x0000000089900000|100%| E|CS|TAMS 0x0000000089800000, 0x0000000089800000| Complete 
| 153|0x0000000089900000, 0x0000000089a00000, 0x0000000089a00000|100%| E|CS|TAMS 0x0000000089900000, 0x0000000089900000| Complete 
| 154|0x0000000089a00000, 0x0000000089b00000, 0x0000000089b00000|100%| E|CS|TAMS 0x0000000089a00000, 0x0000000089a00000| Complete 
| 155|0x0000000089b00000, 0x0000000089c00000, 0x0000000089c00000|100%| E|CS|TAMS 0x0000000089b00000, 0x0000000089b00000| Complete 
| 156|0x0000000089c00000, 0x0000000089d00000, 0x0000000089d00000|100%| E|CS|TAMS 0x0000000089c00000, 0x0000000089c00000| Complete 
| 157|0x0000000089d00000, 0x0000000089e00000, 0x0000000089e00000|100%| E|CS|TAMS 0x0000000089d00000, 0x0000000089d00000| Complete 
| 158|0x0000000089e00000, 0x0000000089f00000, 0x0000000089f00000|100%| E|CS|TAMS 0x0000000089e00000, 0x0000000089e00000| Complete 
| 159|0x0000000089f00000, 0x000000008a000000, 0x000000008a000000|100%| E|CS|TAMS 0x0000000089f00000, 0x0000000089f00000| Complete 
| 160|0x000000008a000000, 0x000000008a100000, 0x000000008a100000|100%| E|CS|TAMS 0x000000008a000000, 0x000000008a000000| Complete 
| 161|0x000000008a100000, 0x000000008a200000, 0x000000008a200000|100%| E|CS|TAMS 0x000000008a100000, 0x000000008a100000| Complete 
| 162|0x000000008a200000, 0x000000008a300000, 0x000000008a300000|100%| E|CS|TAMS 0x000000008a200000, 0x000000008a200000| Complete 
| 163|0x000000008a300000, 0x000000008a400000, 0x000000008a400000|100%| E|CS|TAMS 0x000000008a300000, 0x000000008a300000| Complete 
| 164|0x000000008a400000, 0x000000008a500000, 0x000000008a500000|100%| E|CS|TAMS 0x000000008a400000, 0x000000008a400000| Complete 
| 165|0x000000008a500000, 0x000000008a600000, 0x000000008a600000|100%| E|CS|TAMS 0x000000008a500000, 0x000000008a500000| Complete 
| 166|0x000000008a600000, 0x000000008a700000, 0x000000008a700000|100%| E|CS|TAMS 0x000000008a600000, 0x000000008a600000| Complete 
| 167|0x000000008a700000, 0x000000008a800000, 0x000000008a800000|100%| E|CS|TAMS 0x000000008a700000, 0x000000008a700000| Complete 
| 168|0x000000008a800000, 0x000000008a900000, 0x000000008a900000|100%| E|CS|TAMS 0x000000008a800000, 0x000000008a800000| Complete 
| 169|0x000000008a900000, 0x000000008aa00000, 0x000000008aa00000|100%| E|CS|TAMS 0x000000008a900000, 0x000000008a900000| Complete 
| 170|0x000000008aa00000, 0x000000008ab00000, 0x000000008ab00000|100%| E|CS|TAMS 0x000000008aa00000, 0x000000008aa00000| Complete 
| 171|0x000000008ab00000, 0x000000008ac00000, 0x000000008ac00000|100%| E|CS|TAMS 0x000000008ab00000, 0x000000008ab00000| Complete 
| 172|0x000000008ac00000, 0x000000008ad00000, 0x000000008ad00000|100%| E|CS|TAMS 0x000000008ac00000, 0x000000008ac00000| Complete 
| 173|0x000000008ad00000, 0x000000008ae00000, 0x000000008ae00000|100%| E|CS|TAMS 0x000000008ad00000, 0x000000008ad00000| Complete 
| 174|0x000000008ae00000, 0x000000008af00000, 0x000000008af00000|100%| E|CS|TAMS 0x000000008ae00000, 0x000000008ae00000| Complete 
| 175|0x000000008af00000, 0x000000008b000000, 0x000000008b000000|100%| E|CS|TAMS 0x000000008af00000, 0x000000008af00000| Complete 
| 176|0x000000008b000000, 0x000000008b100000, 0x000000008b100000|100%| E|CS|TAMS 0x000000008b000000, 0x000000008b000000| Complete 
| 177|0x000000008b100000, 0x000000008b200000, 0x000000008b200000|100%| E|CS|TAMS 0x000000008b100000, 0x000000008b100000| Complete 
| 178|0x000000008b200000, 0x000000008b300000, 0x000000008b300000|100%| E|CS|TAMS 0x000000008b200000, 0x000000008b200000| Complete 
| 179|0x000000008b300000, 0x000000008b400000, 0x000000008b400000|100%| E|CS|TAMS 0x000000008b300000, 0x000000008b300000| Complete 
| 180|0x000000008b400000, 0x000000008b500000, 0x000000008b500000|100%| E|CS|TAMS 0x000000008b400000, 0x000000008b400000| Complete 
| 181|0x000000008b500000, 0x000000008b600000, 0x000000008b600000|100%| E|CS|TAMS 0x000000008b500000, 0x000000008b500000| Complete 
| 182|0x000000008b600000, 0x000000008b700000, 0x000000008b700000|100%| E|CS|TAMS 0x000000008b600000, 0x000000008b600000| Complete 

Card table byte_map: [0x000002a1f5c40000,0x000002a1f6040000] _byte_map_base: 0x000002a1f5840000

Marking Bits (Prev, Next): (CMBitMap*) 0x000002a1efb11478, (CMBitMap*) 0x000002a1efb114b0
 Prev Bits: [0x000002a1f6440000, 0x000002a1f8440000)
 Next Bits: [0x000002a1f8440000, 0x000002a1fa440000)

Polling page: 0x000002a1efbb0000

Metaspace:

Usage:
  Non-class:     70.45 MB capacity,    69.14 MB ( 98%) used,     1.07 MB (  2%) free+waste,   246.50 KB ( <1%) overhead. 
      Class:     11.24 MB capacity,    10.42 MB ( 93%) used,   728.21 KB (  6%) free+waste,   115.00 KB ( <1%) overhead. 
       Both:     81.69 MB capacity,    79.55 MB ( 97%) used,     1.78 MB (  2%) free+waste,   361.50 KB ( <1%) overhead. 

Virtual space:
  Non-class space:       72.00 MB reserved,      70.67 MB ( 98%) committed 
      Class space:        1.00 GB reserved,      11.32 MB (  1%) committed 
             Both:        1.07 GB reserved,      82.00 MB (  7%) committed 

Chunk freelists:
   Non-Class:  33.00 KB
       Class:  0 bytes
        Both:  33.00 KB

MaxMetaspaceSize: 17179869184.00 GB
CompressedClassSpaceSize: 1.00 GB
Initial GC threshold: 20.80 MB
Current GC threshold: 107.50 MB
CDS: off

CodeHeap 'non-profiled nmethods': size=120000Kb used=5345Kb max_used=5345Kb free=114654Kb
 bounds [0x000002a187ad0000, 0x000002a188010000, 0x000002a18f000000]
CodeHeap 'profiled nmethods': size=120000Kb used=18949Kb max_used=18949Kb free=101050Kb
 bounds [0x000002a1805a0000, 0x000002a181830000, 0x000002a187ad0000]
CodeHeap 'non-nmethods': size=5760Kb used=2358Kb max_used=2401Kb free=3401Kb
 bounds [0x000002a180000000, 0x000002a180270000, 0x000002a1805a0000]
 total_blobs=9694 nmethods=8818 adapters=788
 compilation: enabled
              stopped_count=0, restarted_count=0
 full_count=0

Compilation events (20 events):
Event: 13.382 Thread 0x000002a1fcf50800 8854       3       org.gradle.internal.snapshot.impl.DirectorySnapshotter$PathVisitor::doPreVisitDirectory (100 bytes)
Event: 13.384 Thread 0x000002a1fcf50800 nmethod 8854 0x000002a181814d90 code [0x000002a1818150c0, 0x000002a181816468]
Event: 13.393 Thread 0x000002a1903fd800 nmethod 8843 0x000002a188002510 code [0x000002a1880026c0, 0x000002a188003078]
Event: 13.393 Thread 0x000002a1903fd800 8849       4       java.lang.invoke.DirectMethodHandle$Holder::invokeStatic (20 bytes)
Event: 13.394 Thread 0x000002a1903fd800 nmethod 8849 0x000002a188003410 code [0x000002a1880035c0, 0x000002a188003688]
Event: 13.401 Thread 0x000002a1fcf50800 8855       3       org.gradle.internal.snapshot.impl.DirectorySnapshotter$PathVisitor::doPostVisitDirectory (60 bytes)
Event: 13.403 Thread 0x000002a1fcf50800 nmethod 8855 0x000002a181816b10 code [0x000002a181816e40, 0x000002a181818238]
Event: 13.403 Thread 0x000002a1fcf50800 8856       3       org.gradle.internal.snapshot.MerkleDirectorySnapshotBuilder::leaveDirectory (29 bytes)
Event: 13.404 Thread 0x000002a1fcf50800 nmethod 8856 0x000002a181818890 code [0x000002a181818a80, 0x000002a181818e08]
Event: 13.404 Thread 0x000002a1fcf50800 8857       3       org.gradle.internal.execution.history.impl.DefaultPreviousExecutionStateSerializer::readValueSnapshot (14 bytes)
Event: 13.404 Thread 0x000002a1fcf50800 nmethod 8857 0x000002a181818f90 code [0x000002a181819160, 0x000002a181819428]
Event: 13.404 Thread 0x000002a1fcf50800 8858       3       org.gradle.internal.snapshot.impl.SnapshotSerializer::read (6 bytes)
Event: 13.404 Thread 0x000002a1fcf50800 nmethod 8858 0x000002a181819510 code [0x000002a1818196c0, 0x000002a181819808]
Event: 13.405 Thread 0x000002a1903fd800 8859       4       sun.security.provider.ByteArrayAccess::i2bLittle (204 bytes)
Event: 13.413 Thread 0x000002a1903fd800 nmethod 8859 0x000002a188003790 code [0x000002a188003940, 0x000002a188003c38]
Event: 13.416 Thread 0x000002a1903fd800 8860       4       java.math.BigInteger::getInt (63 bytes)
Event: 13.419 Thread 0x000002a1fcf50800 8862       3       org.gradle.internal.hash.Hashing$MessageDigestHasher::<init> (25 bytes)
Event: 13.419 Thread 0x000002a1903fd800 nmethod 8860 0x000002a188003e10 code [0x000002a188003fc0, 0x000002a188004168]
Event: 13.419 Thread 0x000002a1903fd800 8861       4       com.google.common.cache.LocalCache::getIfPresent (49 bytes)
Event: 13.419 Thread 0x000002a1fcf50800 nmethod 8862 0x000002a181819890 code [0x000002a181819a80, 0x000002a181819f38]

GC Heap History (20 events):
Event: 3.995 GC heap before
{Heap before GC invocations=6 (full 0):
 garbage-first heap   total 129024K, used 23011K [0x0000000080000000, 0x0000000100000000)
  region size 1024K, 9 young (9216K), 7 survivors (7168K)
 Metaspace       used 35127K, capacity 35910K, committed 35964K, reserved 1081344K
  class space    used 4501K, capacity 4792K, committed 4812K, reserved 1048576K
}
Event: 4.005 GC heap after
{Heap after GC invocations=7 (full 0):
 garbage-first heap   total 129024K, used 22341K [0x0000000080000000, 0x0000000100000000)
  region size 1024K, 4 young (4096K), 4 survivors (4096K)
 Metaspace       used 35127K, capacity 35910K, committed 35964K, reserved 1081344K
  class space    used 4501K, capacity 4792K, committed 4812K, reserved 1048576K
}
Event: 4.665 GC heap before
{Heap before GC invocations=8 (full 0):
 garbage-first heap   total 129024K, used 86853K [0x0000000080000000, 0x0000000100000000)
  region size 1024K, 65 young (66560K), 4 survivors (4096K)
 Metaspace       used 39789K, capacity 40730K, committed 40956K, reserved 1085440K
  class space    used 5031K, capacity 5370K, committed 5452K, reserved 1048576K
}
Event: 4.672 GC heap after
{Heap after GC invocations=9 (full 0):
 garbage-first heap   total 129024K, used 27297K [0x0000000080000000, 0x0000000100000000)
  region size 1024K, 9 young (9216K), 9 survivors (9216K)
 Metaspace       used 39789K, capacity 40730K, committed 40956K, reserved 1085440K
  class space    used 5031K, capacity 5370K, committed 5452K, reserved 1048576K
}
Event: 5.364 GC heap before
{Heap before GC invocations=9 (full 0):
 garbage-first heap   total 129024K, used 88737K [0x0000000080000000, 0x0000000100000000)
  region size 1024K, 69 young (70656K), 9 survivors (9216K)
 Metaspace       used 45499K, capacity 46580K, committed 46844K, reserved 1089536K
  class space    used 5781K, capacity 6182K, committed 6220K, reserved 1048576K
}
Event: 5.375 GC heap after
{Heap after GC invocations=10 (full 0):
 garbage-first heap   total 155648K, used 29476K [0x0000000080000000, 0x0000000100000000)
  region size 1024K, 3 young (3072K), 3 survivors (3072K)
 Metaspace       used 45499K, capacity 46580K, committed 46844K, reserved 1089536K
  class space    used 5781K, capacity 6182K, committed 6220K, reserved 1048576K
}
Event: 6.356 GC heap before
{Heap before GC invocations=10 (full 0):
 garbage-first heap   total 155648K, used 109348K [0x0000000080000000, 0x0000000100000000)
  region size 1024K, 77 young (78848K), 3 survivors (3072K)
 Metaspace       used 48654K, capacity 49836K, committed 50172K, reserved 1093632K
  class space    used 6165K, capacity 6622K, committed 6732K, reserved 1048576K
}
Event: 6.362 GC heap after
{Heap after GC invocations=11 (full 0):
 garbage-first heap   total 155648K, used 42701K [0x0000000080000000, 0x0000000100000000)
  region size 1024K, 10 young (10240K), 10 survivors (10240K)
 Metaspace       used 48654K, capacity 49836K, committed 50172K, reserved 1093632K
  class space    used 6165K, capacity 6622K, committed 6732K, reserved 1048576K
}
Event: 7.534 GC heap before
{Heap before GC invocations=11 (full 0):
 garbage-first heap   total 155648K, used 111309K [0x0000000080000000, 0x0000000100000000)
  region size 1024K, 77 young (78848K), 10 survivors (10240K)
 Metaspace       used 57794K, capacity 59210K, committed 59260K, reserved 1101824K
  class space    used 7299K, capacity 7856K, committed 7884K, reserved 1048576K
}
Event: 7.541 GC heap after
{Heap after GC invocations=12 (full 0):
 garbage-first heap   total 155648K, used 45050K [0x0000000080000000, 0x0000000100000000)
  region size 1024K, 3 young (3072K), 3 survivors (3072K)
 Metaspace       used 57794K, capacity 59210K, committed 59260K, reserved 1101824K
  class space    used 7299K, capacity 7856K, committed 7884K, reserved 1048576K
}
Event: 7.663 GC heap before
{Heap before GC invocations=12 (full 0):
 garbage-first heap   total 155648K, used 48122K [0x0000000080000000, 0x0000000100000000)
  region size 1024K, 7 young (7168K), 3 survivors (3072K)
 Metaspace       used 58981K, capacity 60483K, committed 60580K, reserved 1101824K
  class space    used 7448K, capacity 7982K, committed 8012K, reserved 1048576K
}
Event: 7.670 GC heap after
{Heap after GC invocations=13 (full 0):
 garbage-first heap   total 155648K, used 45190K [0x0000000080000000, 0x0000000100000000)
  region size 1024K, 3 young (3072K), 3 survivors (3072K)
 Metaspace       used 58981K, capacity 60483K, committed 60580K, reserved 1101824K
  class space    used 7448K, capacity 7982K, committed 8012K, reserved 1048576K
}
Event: 8.544 GC heap before
{Heap before GC invocations=14 (full 0):
 garbage-first heap   total 155648K, used 99462K [0x0000000080000000, 0x0000000100000000)
  region size 1024K, 57 young (58368K), 3 survivors (3072K)
 Metaspace       used 63966K, capacity 65498K, committed 65660K, reserved 1105920K
  class space    used 8044K, capacity 8624K, committed 8652K, reserved 1048576K
}
Event: 8.555 GC heap after
{Heap after GC invocations=15 (full 0):
 garbage-first heap   total 155648K, used 49748K [0x0000000080000000, 0x0000000100000000)
  region size 1024K, 8 young (8192K), 8 survivors (8192K)
 Metaspace       used 63966K, capacity 65498K, committed 65660K, reserved 1105920K
  class space    used 8044K, capacity 8624K, committed 8652K, reserved 1048576K
}
Event: 9.258 GC heap before
{Heap before GC invocations=16 (full 0):
 garbage-first heap   total 155648K, used 105044K [0x0000000080000000, 0x0000000100000000)
  region size 1024K, 62 young (63488K), 8 survivors (8192K)
 Metaspace       used 66225K, capacity 67826K, committed 68092K, reserved 1107968K
  class space    used 8360K, capacity 8964K, committed 9036K, reserved 1048576K
}
Event: 9.269 GC heap after
{Heap after GC invocations=17 (full 0):
 garbage-first heap   total 155648K, used 53825K [0x0000000080000000, 0x0000000100000000)
  region size 1024K, 5 young (5120K), 5 survivors (5120K)
 Metaspace       used 66225K, capacity 67826K, committed 68092K, reserved 1107968K
  class space    used 8360K, capacity 8964K, committed 9036K, reserved 1048576K
}
Event: 10.251 GC heap before
{Heap before GC invocations=17 (full 0):
 garbage-first heap   total 155648K, used 109121K [0x0000000080000000, 0x0000000100000000)
  region size 1024K, 59 young (60416K), 5 survivors (5120K)
 Metaspace       used 72086K, capacity 73805K, committed 73980K, reserved 1114112K
  class space    used 9316K, capacity 9962K, committed 10060K, reserved 1048576K
}
Event: 10.265 GC heap after
{Heap after GC invocations=18 (full 0):
 garbage-first heap   total 155648K, used 57486K [0x0000000080000000, 0x0000000100000000)
  region size 1024K, 8 young (8192K), 8 survivors (8192K)
 Metaspace       used 72086K, capacity 73805K, committed 73980K, reserved 1114112K
  class space    used 9316K, capacity 9962K, committed 10060K, reserved 1048576K
}
Event: 11.699 GC heap before
{Heap before GC invocations=18 (full 0):
 garbage-first heap   total 155648K, used 113806K [0x0000000080000000, 0x0000000100000000)
  region size 1024K, 63 young (64512K), 8 survivors (8192K)
 Metaspace       used 78064K, capacity 79844K, committed 80124K, reserved 1118208K
  class space    used 10109K, capacity 10797K, committed 10828K, reserved 1048576K
}
Event: 11.713 GC heap after
{Heap after GC invocations=19 (full 0):
 garbage-first heap   total 187392K, used 60939K [0x0000000080000000, 0x0000000100000000)
  region size 1024K, 8 young (8192K), 8 survivors (8192K)
 Metaspace       used 78064K, capacity 79844K, committed 80124K, reserved 1118208K
  class space    used 10109K, capacity 10797K, committed 10828K, reserved 1048576K
}

Deoptimization events (20 events):
Event: 13.317 Thread 0x000002a192436800 Uncommon trap: trap_request=0xffffffd6 fr.pc=0x000002a187ffac68 relative=0x00000000000007a8
Event: 13.317 Thread 0x000002a192436800 Uncommon trap: reason=array_check action=maybe_recompile pc=0x000002a187ffac68 method=java.util.TimSort.binarySort([Ljava/lang/Object;IIILjava/util/Comparator;)V @ 193 c2
Event: 13.317 Thread 0x000002a192436800 DEOPT PACKING pc=0x000002a187ffac68 sp=0x000000ed4a8fda20
Event: 13.317 Thread 0x000002a192436800 DEOPT UNPACKING pc=0x000002a18004a1af sp=0x000000ed4a8fd9c8 mode 2
Event: 13.317 Thread 0x000002a192436800 Uncommon trap: trap_request=0xffffffd6 fr.pc=0x000002a187ffac68 relative=0x00000000000007a8
Event: 13.317 Thread 0x000002a192436800 Uncommon trap: reason=array_check action=maybe_recompile pc=0x000002a187ffac68 method=java.util.TimSort.binarySort([Ljava/lang/Object;IIILjava/util/Comparator;)V @ 193 c2
Event: 13.317 Thread 0x000002a192436800 DEOPT PACKING pc=0x000002a187ffac68 sp=0x000000ed4a8fd5a0
Event: 13.317 Thread 0x000002a192436800 DEOPT UNPACKING pc=0x000002a18004a1af sp=0x000000ed4a8fd548 mode 2
Event: 13.317 Thread 0x000002a192a82000 Uncommon trap: trap_request=0xffffffd6 fr.pc=0x000002a187ffac68 relative=0x00000000000007a8
Event: 13.317 Thread 0x000002a192a82000 Uncommon trap: reason=array_check action=maybe_recompile pc=0x000002a187ffac68 method=java.util.TimSort.binarySort([Ljava/lang/Object;IIILjava/util/Comparator;)V @ 193 c2
Event: 13.317 Thread 0x000002a192a82000 DEOPT PACKING pc=0x000002a187ffac68 sp=0x000000ed4b2fdc90
Event: 13.317 Thread 0x000002a192a82000 DEOPT UNPACKING pc=0x000002a18004a1af sp=0x000000ed4b2fdc38 mode 2
Event: 13.366 Thread 0x000002a190a60000 Uncommon trap: trap_request=0xffffff4d fr.pc=0x000002a188000070 relative=0x0000000000000510
Event: 13.366 Thread 0x000002a190a60000 Uncommon trap: reason=unstable_if action=reinterpret pc=0x000002a188000070 method=org.gradle.internal.snapshot.PathUtil.equalChars(CCLorg/gradle/internal/snapshot/CaseSensitivity;)Z @ 11 c2
Event: 13.366 Thread 0x000002a190a60000 DEOPT PACKING pc=0x000002a188000070 sp=0x000000ed46ffc730
Event: 13.366 Thread 0x000002a190a60000 DEOPT UNPACKING pc=0x000002a18004a1af sp=0x000000ed46ffc650 mode 2
Event: 13.402 Thread 0x000002a192439000 Uncommon trap: trap_request=0xffffffd6 fr.pc=0x000002a188002db0 relative=0x00000000000006f0
Event: 13.402 Thread 0x000002a192439000 Uncommon trap: reason=array_check action=maybe_recompile pc=0x000002a188002db0 method=java.util.TimSort.binarySort([Ljava/lang/Object;IIILjava/util/Comparator;)V @ 215 c2
Event: 13.403 Thread 0x000002a192439000 DEOPT PACKING pc=0x000002a188002db0 sp=0x000000ed4affd4d0
Event: 13.403 Thread 0x000002a192439000 DEOPT UNPACKING pc=0x000002a18004a1af sp=0x000000ed4affd478 mode 2

Classes redefined (0 events):
No events

Internal exceptions (20 events):
Event: 12.192 Thread 0x000002a19385f000 Exception <a 'java/lang/IncompatibleClassChangeError'{0x000000008a69fd80}: Found class java.lang.Object, but interface was expected> (0x000000008a69fd80) thrown at [./src/hotspot/share/interpreter/linkResolver.cpp, line 839]
Event: 12.193 Thread 0x000002a1921fa000 Exception <a 'java/lang/NoSuchMethodError'{0x000000008a6e34e8}: <clinit>> (0x000000008a6e34e8) thrown at [./src/hotspot/share/prims/jni.cpp, line 1366]
Event: 12.200 Thread 0x000002a1921fa000 Exception <a 'java/lang/NoSuchMethodError'{0x000000008a6f81c0}: <clinit>> (0x000000008a6f81c0) thrown at [./src/hotspot/share/prims/jni.cpp, line 1366]
Event: 12.204 Thread 0x000002a1921fa000 Exception <a 'java/lang/NoSuchMethodError'{0x000000008a576960}: <clinit>> (0x000000008a576960) thrown at [./src/hotspot/share/prims/jni.cpp, line 1366]
Event: 12.207 Thread 0x000002a1921fa000 Exception <a 'java/lang/NoSuchMethodError'{0x000000008a580b10}: 'void java.lang.invoke.DirectMethodHandle$Holder.invokeSpecial(java.lang.Object, java.lang.Object, java.lang.Object, int)'> (0x000000008a580b10) thrown at [./src/hotspot/share/interpreter/linkResolver.cpp, line 773]
Event: 12.233 Thread 0x000002a1901c9000 Exception <a 'java/lang/NoSuchMethodError'{0x000000008a492520}: <clinit>> (0x000000008a492520) thrown at [./src/hotspot/share/prims/jni.cpp, line 1366]
Event: 12.234 Thread 0x000002a19385f000 Exception <a 'java/lang/NoSuchMethodError'{0x000000008a4726d8}: 'java.lang.Object java.lang.invoke.DirectMethodHandle$Holder.invokeInterface(java.lang.Object, java.lang.Object, int)'> (0x000000008a4726d8) thrown at [./src/hotspot/share/interpreter/linkResolver.cpp, line 773]
Event: 12.238 Thread 0x000002a19385f000 Exception <a 'java/lang/NoSuchMethodError'{0x000000008a4848f8}: 'void java.lang.invoke.DirectMethodHandle$Holder.invokeStatic(java.lang.Object, java.lang.Object, java.lang.Object, int)'> (0x000000008a4848f8) thrown at [./src/hotspot/share/interpreter/linkResolver.cpp, line 773]
Event: 12.292 Thread 0x000002a19385f000 Implicit null exception at 0x000002a187e77777 to 0x000002a187e77900
Event: 12.307 Thread 0x000002a19385f000 Exception <a 'java/lang/IncompatibleClassChangeError'{0x000000008a2cda70}: Found class java.lang.Object, but interface was expected> (0x000000008a2cda70) thrown at [./src/hotspot/share/interpreter/linkResolver.cpp, line 839]
Event: 12.704 Thread 0x000002a19385f000 Exception <a 'java/lang/NoSuchMethodError'{0x000000008997b4f8}: 'void java.lang.invoke.DirectMethodHandle$Holder.invokeStatic(java.lang.Object, java.lang.Object, java.lang.Object, java.lang.Object, int, java.lang.Object, java.lang.Object)'> (0x000000008997b4f8) thrown at [./src/hotspot/share/interpreter/linkResolver.cpp, line 773]
Event: 12.758 Thread 0x000002a192a88800 Exception <a 'java/lang/NoSuchMethodError'{0x0000000089764890}: 'java.lang.Object java.lang.invoke.DirectMethodHandle$Holder.invokeSpecialIFC(java.lang.Object, java.lang.Object, java.lang.Object)'> (0x0000000089764890) thrown at [./src/hotspot/share/interpreter/linkResolver.cpp, line 773]
Event: 12.758 Thread 0x000002a192430000 Exception <a 'java/lang/NoSuchMethodError'{0x00000000895283b0}: 'java.lang.Object java.lang.invoke.DirectMethodHandle$Holder.invokeSpecialIFC(java.lang.Object, java.lang.Object, java.lang.Object)'> (0x00000000895283b0) thrown at [./src/hotspot/share/interpreter/linkResolver.cpp, line 773]
Event: 12.758 Thread 0x000002a192432800 Exception <a 'java/lang/NoSuchMethodError'{0x00000000897a5408}: 'java.lang.Object java.lang.invoke.DirectMethodHandle$Holder.invokeSpecialIFC(java.lang.Object, java.lang.Object, java.lang.Object)'> (0x00000000897a5408) thrown at [./src/hotspot/share/interpreter/linkResolver.cpp, line 773]
Event: 12.758 Thread 0x000002a1921dc000 Exception <a 'java/lang/NoSuchMethodError'{0x00000000898c8b58}: 'java.lang.Object java.lang.invoke.DirectMethodHandle$Holder.invokeSpecialIFC(java.lang.Object, java.lang.Object, java.lang.Object)'> (0x00000000898c8b58) thrown at [./src/hotspot/share/interpreter/linkResolver.cpp, line 773]
Event: 12.758 Thread 0x000002a19242d800 Exception <a 'java/lang/NoSuchMethodError'{0x00000000898ec4c8}: 'java.lang.Object java.lang.invoke.DirectMethodHandle$Holder.invokeSpecialIFC(java.lang.Object, java.lang.Object, java.lang.Object)'> (0x00000000898ec4c8) thrown at [./src/hotspot/share/interpreter/linkResolver.cpp, line 773]
Event: 12.759 Thread 0x000002a190a62800 Exception <a 'java/lang/NoSuchMethodError'{0x00000000898fc538}: 'java.lang.Object java.lang.invoke.DirectMethodHandle$Holder.invokeSpecialIFC(java.lang.Object, java.lang.Object, java.lang.Object)'> (0x00000000898fc538) thrown at [./src/hotspot/share/interpreter/linkResolver.cpp, line 773]
Event: 12.759 Thread 0x000002a1921d5800 Exception <a 'java/lang/NoSuchMethodError'{0x000000008977cc18}: 'java.lang.Object java.lang.invoke.DirectMethodHandle$Holder.invokeSpecialIFC(java.lang.Object, java.lang.Object, java.lang.Object)'> (0x000000008977cc18) thrown at [./src/hotspot/share/interpreter/linkResolver.cpp, line 773]
Event: 12.759 Thread 0x000002a19385f000 Exception <a 'java/lang/NoSuchMethodError'{0x00000000892826c0}: 'java.lang.Object java.lang.invoke.DirectMethodHandle$Holder.invokeSpecialIFC(java.lang.Object, java.lang.Object, java.lang.Object)'> (0x00000000892826c0) thrown at [./src/hotspot/share/interpreter/linkResolver.cpp, line 773]
Event: 12.840 Thread 0x000002a192432800 Exception <a 'java/lang/NoSuchMethodError'{0x0000000088ea91e0}: 'int java.lang.invoke.DirectMethodHandle$Holder.invokeStaticInit(java.lang.Object, java.lang.Object, java.lang.Object, java.lang.Object, java.lang.Object)'> (0x0000000088ea91e0) thrown at [./src/hotspot/share/interpreter/linkResolver.cpp, line 773]

Events (20 events):
Event: 13.210 Executing VM operation: RevokeBias done
Event: 13.216 Executing VM operation: RevokeBias
Event: 13.216 Executing VM operation: RevokeBias done
Event: 13.230 Executing VM operation: BulkRevokeBias
Event: 13.233 Executing VM operation: BulkRevokeBias done
Event: 13.249 Executing VM operation: RevokeBias
Event: 13.250 Executing VM operation: RevokeBias done
Event: 13.255 Executing VM operation: RevokeBias
Event: 13.255 Executing VM operation: RevokeBias done
Event: 13.267 Executing VM operation: RevokeBias
Event: 13.268 Executing VM operation: RevokeBias done
Event: 13.316 Executing VM operation: RevokeBias
Event: 13.316 Executing VM operation: RevokeBias done
Event: 13.317 Executing VM operation: RevokeBias
Event: 13.317 Executing VM operation: RevokeBias done
Event: 13.324 Executing VM operation: RevokeBias
Event: 13.325 Executing VM operation: RevokeBias done
Event: 13.347 Executing VM operation: RevokeBias
Event: 13.348 Executing VM operation: RevokeBias done
Event: 13.437 Loaded shared library C:\Program Files\Android\Android Studio\jre\bin\nio.dll


Dynamic libraries:
0x00007ff6bf150000 - 0x00007ff6bf15a000 	C:\Program Files\Android\Android Studio\jre\bin\java.exe
0x00007ffcc9390000 - 0x00007ffcc9588000 	C:\WINDOWS\SYSTEM32\ntdll.dll
0x00007ffcc7890000 - 0x00007ffcc794f000 	C:\WINDOWS\System32\KERNEL32.DLL
0x00007ffcc6e30000 - 0x00007ffcc7102000 	C:\WINDOWS\System32\KERNELBASE.dll
0x00007ffcc6ce0000 - 0x00007ffcc6de0000 	C:\WINDOWS\System32\ucrtbase.dll
0x00007ffcbd160000 - 0x00007ffcbd177000 	C:\Program Files\Android\Android Studio\jre\bin\VCRUNTIME140.dll
0x00007ffcbf4a0000 - 0x00007ffcbf4b9000 	C:\Program Files\Android\Android Studio\jre\bin\jli.dll
0x00007ffcc8e70000 - 0x00007ffcc900d000 	C:\WINDOWS\System32\USER32.dll
0x00007ffcb3320000 - 0x00007ffcb35ba000 	C:\WINDOWS\WinSxS\amd64_microsoft.windows.common-controls_6595b64144ccf1df_6.0.19041.1110_none_60b5254171f9507e\COMCTL32.dll
0x00007ffcc7220000 - 0x00007ffcc7242000 	C:\WINDOWS\System32\win32u.dll
0x00007ffcc8e30000 - 0x00007ffcc8e5b000 	C:\WINDOWS\System32\GDI32.dll
0x00007ffcc7a60000 - 0x00007ffcc7afe000 	C:\WINDOWS\System32\msvcrt.dll
0x00007ffcc7110000 - 0x00007ffcc721f000 	C:\WINDOWS\System32\gdi32full.dll
0x00007ffcc6a90000 - 0x00007ffcc6b2d000 	C:\WINDOWS\System32\msvcp_win.dll
0x00007ffcc8980000 - 0x00007ffcc89b2000 	C:\WINDOWS\System32\IMM32.DLL
0x00007ffc862b0000 - 0x00007ffc8634d000 	C:\Program Files\Android\Android Studio\jre\bin\msvcp140.dll
0x00007ffc778e0000 - 0x00007ffc783e2000 	C:\Program Files\Android\Android Studio\jre\bin\server\jvm.dll
0x00007ffcc88d0000 - 0x00007ffcc897e000 	C:\WINDOWS\System32\ADVAPI32.dll
0x00007ffcc8830000 - 0x00007ffcc88cc000 	C:\WINDOWS\System32\sechost.dll
0x00007ffcc91c0000 - 0x00007ffcc92e5000 	C:\WINDOWS\System32\RPCRT4.dll
0x00007ffcc73e0000 - 0x00007ffcc73e8000 	C:\WINDOWS\System32\PSAPI.DLL
0x00007ffcbf400000 - 0x00007ffcbf409000 	C:\WINDOWS\SYSTEM32\WSOCK32.dll
0x00007ffca8490000 - 0x00007ffca84b7000 	C:\WINDOWS\SYSTEM32\WINMM.dll
0x00007ffcbd750000 - 0x00007ffcbd75a000 	C:\WINDOWS\SYSTEM32\VERSION.dll
0x00007ffcc7b00000 - 0x00007ffcc7b6b000 	C:\WINDOWS\System32\WS2_32.dll
0x00007ffcc52e0000 - 0x00007ffcc52f2000 	C:\WINDOWS\SYSTEM32\kernel.appcore.dll
0x00007ffcbe780000 - 0x00007ffcbe791000 	C:\Program Files\Android\Android Studio\jre\bin\verify.dll
0x00007ffcc5000000 - 0x00007ffcc51e4000 	C:\WINDOWS\SYSTEM32\DBGHELP.DLL
0x00007ffcb1d00000 - 0x00007ffcb1d2c000 	C:\WINDOWS\SYSTEM32\dbgcore.DLL
0x00007ffcc6be0000 - 0x00007ffcc6c62000 	C:\WINDOWS\System32\bcryptPrimitives.dll
0x00007ffcbe4a0000 - 0x00007ffcbe4c9000 	C:\Program Files\Android\Android Studio\jre\bin\java.dll
0x00007ffcbf3b0000 - 0x00007ffcbf3bb000 	C:\Program Files\Android\Android Studio\jre\bin\jimage.dll
0x00007ffcbe6c0000 - 0x00007ffcbe6d8000 	C:\Program Files\Android\Android Studio\jre\bin\zip.dll
0x00007ffcc7ca0000 - 0x00007ffcc83e3000 	C:\WINDOWS\System32\SHELL32.dll
0x00007ffcc4790000 - 0x00007ffcc4f22000 	C:\WINDOWS\SYSTEM32\windows.storage.dll
0x00007ffcc7530000 - 0x00007ffcc7884000 	C:\WINDOWS\System32\combase.dll
0x00007ffcc6480000 - 0x00007ffcc64b0000 	C:\WINDOWS\SYSTEM32\Wldp.dll
0x00007ffcc8780000 - 0x00007ffcc882d000 	C:\WINDOWS\System32\SHCORE.dll
0x00007ffcc7450000 - 0x00007ffcc74a5000 	C:\WINDOWS\System32\shlwapi.dll
0x00007ffcc69d0000 - 0x00007ffcc69ef000 	C:\WINDOWS\SYSTEM32\profapi.dll
0x00007ffcbe570000 - 0x00007ffcbe58a000 	C:\Program Files\Android\Android Studio\jre\bin\net.dll
0x00007ffcba0a0000 - 0x00007ffcba1ac000 	C:\WINDOWS\SYSTEM32\WINHTTP.dll
0x00007ffcc61e0000 - 0x00007ffcc624a000 	C:\WINDOWS\system32\mswsock.dll
0x00007ffcbd140000 - 0x00007ffcbd154000 	C:\Program Files\Android\Android Studio\jre\bin\nio.dll
0x00007ffcbc9d0000 - 0x00007ffcbc9f7000 	C:\Users\Asus\.gradle\native\e1d6ef7f7dcc3fd88c89a11ec53ec762bb8ba0a96d01ffa2cd45eb1d1d8dd5c5\windows-amd64\native-platform.dll
0x00007ffc82960000 - 0x00007ffc82aa4000 	C:\Users\Asus\.gradle\native\5664cfc778a61ccfe75a443a1ab52a65af34e5dc3c78e0209fed803814484fcb\windows-amd64\native-platform-file-events.dll
0x00007ffcbf2c0000 - 0x00007ffcbf2ca000 	C:\Program Files\Android\Android Studio\jre\bin\management.dll
0x00007ffcbed40000 - 0x00007ffcbed4d000 	C:\Program Files\Android\Android Studio\jre\bin\management_ext.dll
0x00007ffcc63d0000 - 0x00007ffcc63e8000 	C:\WINDOWS\SYSTEM32\CRYPTSP.dll
0x00007ffcc5a90000 - 0x00007ffcc5ac4000 	C:\WINDOWS\system32\rsaenh.dll
0x00007ffcc7250000 - 0x00007ffcc7277000 	C:\WINDOWS\System32\bcrypt.dll
0x00007ffcc6950000 - 0x00007ffcc697e000 	C:\WINDOWS\SYSTEM32\USERENV.dll
0x00007ffcc63f0000 - 0x00007ffcc63fc000 	C:\WINDOWS\SYSTEM32\CRYPTBASE.dll
0x00007ffcc5ed0000 - 0x00007ffcc5f0b000 	C:\WINDOWS\SYSTEM32\IPHLPAPI.DLL
0x00007ffcc8e60000 - 0x00007ffcc8e68000 	C:\WINDOWS\System32\NSI.dll
0x00007ffcbc010000 - 0x00007ffcbc027000 	C:\WINDOWS\SYSTEM32\dhcpcsvc6.DLL
0x00007ffcbbff0000 - 0x00007ffcbc00d000 	C:\WINDOWS\SYSTEM32\dhcpcsvc.DLL
0x00007ffcc5f10000 - 0x00007ffcc5fda000 	C:\WINDOWS\SYSTEM32\DNSAPI.dll

dbghelp: loaded successfully - version: 4.0.5 - missing functions: none
symbol engine: initialized successfully - sym options: 0x614 - pdb path: .;C:\Program Files\Android\Android Studio\jre\bin;C:\WINDOWS\SYSTEM32;C:\WINDOWS\WinSxS\amd64_microsoft.windows.common-controls_6595b64144ccf1df_6.0.19041.1110_none_60b5254171f9507e;C:\Program Files\Android\Android Studio\jre\bin\server;C:\Users\Asus\.gradle\native\e1d6ef7f7dcc3fd88c89a11ec53ec762bb8ba0a96d01ffa2cd45eb1d1d8dd5c5\windows-amd64;C:\Users\Asus\.gradle\native\5664cfc778a61ccfe75a443a1ab52a65af34e5dc3c78e0209fed803814484fcb\windows-amd64

VM Arguments:
jvm_args: --add-opens=java.base/java.util=ALL-UNNAMED --add-opens=java.base/java.lang=ALL-UNNAMED --add-opens=java.base/java.lang.invoke=ALL-UNNAMED --add-opens=java.base/java.util=ALL-UNNAMED --add-opens=java.prefs/java.util.prefs=ALL-UNNAMED --add-opens=java.prefs/java.util.prefs=ALL-UNNAMED --add-opens=java.base/java.nio.charset=ALL-UNNAMED --add-opens=java.base/java.net=ALL-UNNAMED --add-opens=java.base/java.util.concurrent.atomic=ALL-UNNAMED -Xmx2048m -Dfile.encoding=UTF-8 -Duser.country=US -Duser.language=en -Duser.variant 
java_command: org.gradle.launcher.daemon.bootstrap.GradleDaemon 7.3.3
java_class_path (initial): C:\Users\Asus\.gradle\wrapper\dists\gradle-7.3.3-bin\6a41zxkdtcxs8rphpq6y0069z\gradle-7.3.3\lib\gradle-launcher-7.3.3.jar
Launcher Type: SUN_STANDARD

[Global flags]
     intx CICompilerCount                          = 4                                         {product} {ergonomic}
     uint ConcGCThreads                            = 2                                         {product} {ergonomic}
     uint G1ConcRefinementThreads                  = 8                                         {product} {ergonomic}
   size_t G1HeapRegionSize                         = 1048576                                   {product} {ergonomic}
    uintx GCDrainStackTargetSize                   = 64                                        {product} {ergonomic}
   size_t InitialHeapSize                          = 132120576                                 {product} {ergonomic}
   size_t MarkStackSize                            = 4194304                                   {product} {ergonomic}
   size_t MaxHeapSize                              = 2147483648                                {product} {command line}
   size_t MaxNewSize                               = 1287651328                                {product} {ergonomic}
   size_t MinHeapDeltaBytes                        = 1048576                                   {product} {ergonomic}
    uintx NonNMethodCodeHeapSize                   = 5836300                                {pd product} {ergonomic}
    uintx NonProfiledCodeHeapSize                  = 122910970                              {pd product} {ergonomic}
    uintx ProfiledCodeHeapSize                     = 122910970                              {pd product} {ergonomic}
    uintx ReservedCodeCacheSize                    = 251658240                              {pd product} {ergonomic}
     bool SegmentedCodeCache                       = true                                      {product} {ergonomic}
     bool UseCompressedClassPointers               = true                                 {lp64_product} {ergonomic}
     bool UseCompressedOops                        = true                                 {lp64_product} {ergonomic}
     bool UseG1GC                                  = true                                      {product} {ergonomic}
     bool UseLargePagesIndividualAllocation        = false                                  {pd product} {ergonomic}

Logging:
Log output configuration:
 #0: stdout all=warning uptime,level,tags
 #1: stderr all=off uptime,level,tags

Environment Variables:
PATH=C:\Program Files (x86)\Common Files\Intel\Shared Libraries\redist\intel64\compiler;C:\Program Files\Microsoft MPI\Bin\;C:\WINDOWS\system32;C:\WINDOWS;C:\WINDOWS\System32\Wbem;C:\WINDOWS\System32\WindowsPowerShell\v1.0\;C:\WINDOWS\System32\OpenSSH\;C:\Program Files\dotnet\;C:\Program Files\Microsoft SQL Server\130\Tools\Binn\;C:\Program Files (x86)\dotnet\;C:\Program Files\Microsoft SQL Server\Client SDK\ODBC\170\Tools\Binn\;C:\Program Files\Azure Data Studio\bin;C:\Program Files (x86)\Microsoft SQL Server\150\Tools\Binn\;C:\Program Files\Microsoft SQL Server\150\Tools\Binn\;C:\Program Files (x86)\Microsoft SQL Server\150\DTS\Binn\;C:\Program Files\Microsoft SQL Server\150\DTS\Binn\;C:\Program Files\Git\cmd;C:\Users\Asus\AppData\Local\Microsoft\WindowsApps;C:\Users\Asus\.dotnet\tools;C:\Program Files\Azure Data Studio\bin;C:\Users\Asus\AppData\Local\Programs\Microsoft VS Code\bin;C:\Users\Asus\AppData\Local\GitHubDesktop\bin
USERNAME=Asus
OS=Windows_NT
PROCESSOR_IDENTIFIER=Intel64 Family 6 Model 142 Stepping 12, GenuineIntel



---------------  S Y S T E M  ---------------

OS: Windows 10 , 64 bit Build 19041 (10.0.19041.2251)
OS uptime: 1 days 9:02 hours

CPU:total 8 (initial active 8) (4 cores per cpu, 2 threads per core) family 6 model 142 stepping 12 microcode 0xca, cmov, cx8, fxsr, mmx, sse, sse2, sse3, ssse3, sse4.1, sse4.2, popcnt, avx, avx2, aes, clmul, erms, 3dnowpref, lzcnt, ht, tsc, tscinvbit, bmi1, bmi2, adx, fma

Memory: 4k page, system-wide physical 8028M (541M free)
TotalPageFile size 12028M (AvailPageFile size 0M)
current process WorkingSet (physical memory assigned to process): 440M, peak: 440M
current process commit charge ("private bytes"): 479M, peak: 480M

vm_info: OpenJDK 64-Bit Server VM (11.0.13+0-b1751.21-8125866) for windows-amd64 JRE (11.0.13+0-b1751.21-8125866), built on Feb  2 2022 03:00:22 by "builder" with MS VC++ 14.0 (VS2015)

END.
